# JRE version: Java(TM) SE Runtime Environment (8.0_51-b16) (build 1.8.0_51-b16)
# Java VM: Java HotSpot(TM) 64-Bit Server VM (25.51-b03 mixed mode windows-amd64 compressed oops)
Heap:
 PSYoungGen      total 1303040K, used 1156186K [0x0000000742000000, 0x0000000792f80000, 0x00000007c0000000)
  eden space 1284608K, 89% used [0x0000000742000000,0x0000000788346828,0x0000000790680000)
  from space 18432K, 32% used [0x0000000790680000,0x0000000790c501e0,0x0000000791880000)
  to   space 17920K, 0% used [0x0000000791e00000,0x0000000791e00000,0x0000000792f80000)
 ParOldGen       total 1756160K, used 1661496K [0x0000000646000000, 0x00000006b1300000, 0x0000000742000000)
  object space 1756160K, 94% used [0x0000000646000000,0x00000006ab68e120,0x00000006b1300000)
 Metaspace       used 264122K, capacity 300449K, committed 300484K, reserved 1294336K
  class space    used 45208K, capacity 55012K, committed 55040K, reserved 1048576K
GC Heap History (10 events):
Event: 706.384 GC heap before
{Heap before GC invocations=175 (full 8):
 PSYoungGen      total 1292288K, used 1280480K [0x0000000742000000, 0x0000000792200000, 0x00000007c0000000)
  eden space 1272832K, 100% used [0x0000000742000000,0x000000078fb00000,0x000000078fb00000)
  from space 19456K, 39% used [0x0000000790f00000,0x00000007916781e0,0x0000000792200000)
  to   space 19968K, 0% used [0x000000078fb00000,0x000000078fb00000,0x0000000790e80000)
 ParOldGen       total 1756160K, used 1660080K [0x0000000646000000, 0x00000006b1300000, 0x0000000742000000)
  object space 1756160K, 94% used [0x0000000646000000,0x00000006ab52c120,0x00000006b1300000)
 Metaspace       used 264068K, capacity 300389K, committed 300484K, reserved 1294336K
  class space    used 45198K, capacity 55000K, committed 55040K, reserved 1048576K
Event: 706.397 GC heap after
Heap after GC invocations=175 (full 8):
 PSYoungGen      total 1292800K, used 8160K [0x0000000742000000, 0x0000000792680000, 0x00000007c0000000)
  eden space 1272832K, 0% used [0x0000000742000000,0x0000000742000000,0x000000078fb00000)
  from space 19968K, 40% used [0x000000078fb00000,0x00000007902f81e0,0x0000000790e80000)
  to   space 19456K, 0% used [0x0000000791380000,0x0000000791380000,0x0000000792680000)
 ParOldGen       total 1756160K, used 1660280K [0x0000000646000000, 0x00000006b1300000, 0x0000000742000000)
  object space 1756160K, 94% used [0x0000000646000000,0x00000006ab55e120,0x00000006b1300000)
 Metaspace       used 264068K, capacity 300389K, committed 300484K, reserved 1294336K
  class space    used 45198K, capacity 55000K, committed 55040K, reserved 1048576K
}
Event: 711.680 GC heap before
{Heap before GC invocations=176 (full 8):
 PSYoungGen      total 1292800K, used 1280992K [0x0000000742000000, 0x0000000792680000, 0x00000007c0000000)
  eden space 1272832K, 100% used [0x0000000742000000,0x000000078fb00000,0x000000078fb00000)
  from space 19968K, 40% used [0x000000078fb00000,0x00000007902f81e0,0x0000000790e80000)
  to   space 19456K, 0% used [0x0000000791380000,0x0000000791380000,0x0000000792680000)
 ParOldGen       total 1756160K, used 1660280K [0x0000000646000000, 0x00000006b1300000, 0x0000000742000000)
  object space 1756160K, 94% used [0x0000000646000000,0x00000006ab55e120,0x00000006b1300000)
 Metaspace       used 264071K, capacity 300389K, committed 300484K, reserved 1294336K
  class space    used 45198K, capacity 55000K, committed 55040K, reserved 1048576K
Event: 711.692 GC heap after
Heap after GC invocations=176 (full 8):
 PSYoungGen      total 1296896K, used 7328K [0x0000000742000000, 0x0000000792580000, 0x00000007c0000000)
  eden space 1278464K, 0% used [0x0000000742000000,0x0000000742000000,0x0000000790080000)
  from space 18432K, 39% used [0x0000000791380000,0x0000000791aa81e0,0x0000000792580000)
  to   space 18944K, 0% used [0x0000000790080000,0x0000000790080000,0x0000000791300000)
 ParOldGen       total 1756160K, used 1660600K [0x0000000646000000, 0x00000006b1300000, 0x0000000742000000)
  object space 1756160K, 94% used [0x0000000646000000,0x00000006ab5ae120,0x00000006b1300000)
 Metaspace       used 264071K, capacity 300389K, committed 300484K, reserved 1294336K
  class space    used 45198K, capacity 55000K, committed 55040K, reserved 1048576K
}
Event: 716.368 GC heap before
{Heap before GC invocations=177 (full 8):
 PSYoungGen      total 1296896K, used 1285792K [0x0000000742000000, 0x0000000792580000, 0x00000007c0000000)
  eden space 1278464K, 100% used [0x0000000742000000,0x0000000790080000,0x0000000790080000)
  from space 18432K, 39% used [0x0000000791380000,0x0000000791aa81e0,0x0000000792580000)
  to   space 18944K, 0% used [0x0000000790080000,0x0000000790080000,0x0000000791300000)
 ParOldGen       total 1756160K, used 1660600K [0x0000000646000000, 0x00000006b1300000, 0x0000000742000000)
  object space 1756160K, 94% used [0x0000000646000000,0x00000006ab5ae120,0x00000006b1300000)
 Metaspace       used 264078K, capacity 300393K, committed 300484K, reserved 1294336K
  class space    used 45198K, capacity 55000K, committed 55040K, reserved 1048576K
Event: 716.381 GC heap after
Heap after GC invocations=177 (full 8):
 PSYoungGen      total 1297408K, used 6304K [0x0000000742000000, 0x0000000792a80000, 0x00000007c0000000)
  eden space 1278464K, 0% used [0x0000000742000000,0x0000000742000000,0x0000000790080000)
  from space 18944K, 33% used [0x0000000790080000,0x00000007906a81e0,0x0000000791300000)
  to   space 18432K, 0% used [0x0000000791880000,0x0000000791880000,0x0000000792a80000)
 ParOldGen       total 1756160K, used 1660904K [0x0000000646000000, 0x00000006b1300000, 0x0000000742000000)
  object space 1756160K, 94% used [0x0000000646000000,0x00000006ab5fa120,0x00000006b1300000)
 Metaspace       used 264078K, capacity 300393K, committed 300484K, reserved 1294336K
  class space    used 45198K, capacity 55000K, committed 55040K, reserved 1048576K
}
Event: 721.829 GC heap before
{Heap before GC invocations=178 (full 8):
 PSYoungGen      total 1297408K, used 1284768K [0x0000000742000000, 0x0000000792a80000, 0x00000007c0000000)
  eden space 1278464K, 100% used [0x0000000742000000,0x0000000790080000,0x0000000790080000)
  from space 18944K, 33% used [0x0000000790080000,0x00000007906a81e0,0x0000000791300000)
  to   space 18432K, 0% used [0x0000000791880000,0x0000000791880000,0x0000000792a80000)
 ParOldGen       total 1756160K, used 1660904K [0x0000000646000000, 0x00000006b1300000, 0x0000000742000000)
  object space 1756160K, 94% used [0x0000000646000000,0x00000006ab5fa120,0x00000006b1300000)
 Metaspace       used 264087K, capacity 300405K, committed 300484K, reserved 1294336K
  class space    used 45198K, capacity 55000K, committed 55040K, reserved 1048576K
Event: 721.842 GC heap after
Heap after GC invocations=178 (full 8):
 PSYoungGen      total 1303040K, used 6048K [0x0000000742000000, 0x0000000792a80000, 0x00000007c0000000)
  eden space 1284608K, 0% used [0x0000000742000000,0x0000000742000000,0x0000000790680000)
  from space 18432K, 32% used [0x0000000791880000,0x0000000791e681e0,0x0000000792a80000)
  to   space 18432K, 0% used [0x0000000790680000,0x0000000790680000,0x0000000791880000)
 ParOldGen       total 1756160K, used 1661168K [0x0000000646000000, 0x00000006b1300000, 0x0000000742000000)
  object space 1756160K, 94% used [0x0000000646000000,0x00000006ab63c120,0x00000006b1300000)
 Metaspace       used 264087K, capacity 300405K, committed 300484K, reserved 1294336K
  class space    used 45198K, capacity 55000K, committed 55040K, reserved 1048576K
}
Event: 727.243 GC heap before
{Heap before GC invocations=179 (full 8):
 PSYoungGen      total 1303040K, used 1290656K [0x0000000742000000, 0x0000000792a80000, 0x00000007c0000000)
  eden space 1284608K, 100% used [0x0000000742000000,0x0000000790680000,0x0000000790680000)
  from space 18432K, 32% used [0x0000000791880000,0x0000000791e681e0,0x0000000792a80000)
  to   space 18432K, 0% used [0x0000000790680000,0x0000000790680000,0x0000000791880000)
 ParOldGen       total 1756160K, used 1661168K [0x0000000646000000, 0x00000006b1300000, 0x0000000742000000)
  object space 1756160K, 94% used [0x0000000646000000,0x00000006ab63c120,0x00000006b1300000)
 Metaspace       used 264087K, capacity 300405K, committed 300484K, reserved 1294336K
  class space    used 45198K, capacity 55000K, committed 55040K, reserved 1048576K
Event: 727.256 GC heap after
Heap after GC invocations=179 (full 8):
 PSYoungGen      total 1303040K, used 5952K [0x0000000742000000, 0x0000000792f80000, 0x00000007c0000000)
  eden space 1284608K, 0% used [0x0000000742000000,0x0000000742000000,0x0000000790680000)
  from space 18432K, 32% used [0x0000000790680000,0x0000000790c501e0,0x0000000791880000)
  to   space 17920K, 0% used [0x0000000791e00000,0x0000000791e00000,0x0000000792f80000)
 ParOldGen       total 1756160K, used 1661496K [0x0000000646000000, 0x00000006b1300000, 0x0000000742000000)
  object space 1756160K, 94% used [0x0000000646000000,0x00000006ab68e120,0x00000006b1300000)
 Metaspace       used 264087K, capacity 300405K, committed 300484K, reserved 1294336K
  class space    used 45198K, capacity 55000K, committed 55040K, reserved 1048576K
}

