# JRE version: Java(TM) SE Runtime Environment (8.0_51-b16) (build 1.8.0_51-b16)
# Java VM: Java HotSpot(TM) 64-Bit Server VM (25.51-b03 mixed mode windows-amd64 compressed oops)
Heap:
 PSYoungGen      total 1593344K, used 1360120K [0x0000000756000000, 0x00000007bf600000, 0x00000007c0000000)
  eden space 1459200K, 86% used [0x0000000756000000,0x00000007a2fb2d08,0x00000007af100000)
  from space 134144K, 73% used [0x00000007b7300000,0x00000007bd38b450,0x00000007bf600000)
  to   space 133120K, 0% used [0x00000007af100000,0x00000007af100000,0x00000007b7300000)
 ParOldGen       total 2736640K, used 2433814K [0x0000000682000000, 0x0000000729080000, 0x0000000756000000)
  object space 2736640K, 88% used [0x0000000682000000,0x00000007168c5b48,0x0000000729080000)
 Metaspace       used 277876K, capacity 322104K, committed 322328K, reserved 1312768K
  class space    used 47517K, capacity 58607K, committed 58648K, reserved 1048576K
GC Heap History (10 events):
Event: 317.273 GC heap before
{Heap before GC invocations=199 (full 11):
 PSYoungGen      total 1568768K, used 1511651K [0x0000000756000000, 0x00000007bf600000, 0x00000007c0000000)
  eden space 1411072K, 100% used [0x0000000756000000,0x00000007ac200000,0x00000007ac200000)
  from space 157696K, 63% used [0x00000007ac200000,0x00000007b2438fb0,0x00000007b5c00000)
  to   space 152064K, 0% used [0x00000007b6180000,0x00000007b6180000,0x00000007bf600000)
 ParOldGen       total 2736640K, used 2416913K [0x0000000682000000, 0x0000000729080000, 0x0000000756000000)
  object space 2736640K, 88% used [0x0000000682000000,0x0000000715844488,0x0000000729080000)
 Metaspace       used 277749K, capacity 321852K, committed 322072K, reserved 1312768K
  class space    used 47503K, capacity 58589K, committed 58648K, reserved 1048576K
Event: 317.299 GC heap after
Heap after GC invocations=199 (full 11):
 PSYoungGen      total 1574400K, used 95107K [0x0000000756000000, 0x00000007bf180000, 0x00000007c0000000)
  eden space 1426944K, 0% used [0x0000000756000000,0x0000000756000000,0x00000007ad180000)
  from space 147456K, 64% used [0x00000007b6180000,0x00000007bbe60fb0,0x00000007bf180000)
  to   space 147456K, 0% used [0x00000007ad180000,0x00000007ad180000,0x00000007b6180000)
 ParOldGen       total 2736640K, used 2423687K [0x0000000682000000, 0x0000000729080000, 0x0000000756000000)
  object space 2736640K, 88% used [0x0000000682000000,0x0000000715ee1de8,0x0000000729080000)
 Metaspace       used 277749K, capacity 321852K, committed 322072K, reserved 1312768K
  class space    used 47503K, capacity 58589K, committed 58648K, reserved 1048576K
}
Event: 320.722 GC heap before
{Heap before GC invocations=200 (full 11):
 PSYoungGen      total 1574400K, used 1522051K [0x0000000756000000, 0x00000007bf180000, 0x00000007c0000000)
  eden space 1426944K, 100% used [0x0000000756000000,0x00000007ad180000,0x00000007ad180000)
  from space 147456K, 64% used [0x00000007b6180000,0x00000007bbe60fb0,0x00000007bf180000)
  to   space 147456K, 0% used [0x00000007ad180000,0x00000007ad180000,0x00000007b6180000)
 ParOldGen       total 2736640K, used 2423689K [0x0000000682000000, 0x0000000729080000, 0x0000000756000000)
  object space 2736640K, 88% used [0x0000000682000000,0x0000000715ee25f8,0x0000000729080000)
 Metaspace       used 277763K, capacity 321872K, committed 322072K, reserved 1312768K
  class space    used 47504K, capacity 58591K, committed 58648K, reserved 1048576K
Event: 320.748 GC heap after
Heap after GC invocations=200 (full 11):
 PSYoungGen      total 1574400K, used 102355K [0x0000000756000000, 0x00000007bf900000, 0x00000007c0000000)
  eden space 1426944K, 0% used [0x0000000756000000,0x0000000756000000,0x00000007ad180000)
  from space 147456K, 69% used [0x00000007ad180000,0x00000007b3574f98,0x00000007b6180000)
  to   space 143872K, 0% used [0x00000007b6c80000,0x00000007b6c80000,0x00000007bf900000)
 ParOldGen       total 2736640K, used 2424900K [0x0000000682000000, 0x0000000729080000, 0x0000000756000000)
  object space 2736640K, 88% used [0x0000000682000000,0x00000007160112f8,0x0000000729080000)
 Metaspace       used 277763K, capacity 321872K, committed 322072K, reserved 1312768K
  class space    used 47504K, capacity 58591K, committed 58648K, reserved 1048576K
}
Event: 323.965 GC heap before
{Heap before GC invocations=201 (full 11):
 PSYoungGen      total 1574400K, used 1529299K [0x0000000756000000, 0x00000007bf900000, 0x00000007c0000000)
  eden space 1426944K, 100% used [0x0000000756000000,0x00000007ad180000,0x00000007ad180000)
  from space 147456K, 69% used [0x00000007ad180000,0x00000007b3574f98,0x00000007b6180000)
  to   space 143872K, 0% used [0x00000007b6c80000,0x00000007b6c80000,0x00000007bf900000)
 ParOldGen       total 2736640K, used 2424902K [0x0000000682000000, 0x0000000729080000, 0x0000000756000000)
  object space 2736640K, 88% used [0x0000000682000000,0x0000000716011958,0x0000000729080000)
 Metaspace       used 277805K, capacity 321980K, committed 322072K, reserved 1312768K
  class space    used 47506K, capacity 58593K, committed 58648K, reserved 1048576K
Event: 323.992 GC heap after
Heap after GC invocations=201 (full 11):
 PSYoungGen      total 1585664K, used 96621K [0x0000000756000000, 0x00000007bf580000, 0x00000007c0000000)
  eden space 1445376K, 0% used [0x0000000756000000,0x0000000756000000,0x00000007ae380000)
  from space 140288K, 68% used [0x00000007b6c80000,0x00000007bcadb720,0x00000007bf580000)
  to   space 140288K, 0% used [0x00000007ae380000,0x00000007ae380000,0x00000007b6c80000)
 ParOldGen       total 2736640K, used 2426249K [0x0000000682000000, 0x0000000729080000, 0x0000000756000000)
  object space 2736640K, 88% used [0x0000000682000000,0x0000000716162780,0x0000000729080000)
 Metaspace       used 277805K, capacity 321980K, committed 322072K, reserved 1312768K
  class space    used 47506K, capacity 58593K, committed 58648K, reserved 1048576K
}
Event: 326.432 GC heap before
{Heap before GC invocations=202 (full 11):
 PSYoungGen      total 1585664K, used 1541997K [0x0000000756000000, 0x00000007bf580000, 0x00000007c0000000)
  eden space 1445376K, 100% used [0x0000000756000000,0x00000007ae380000,0x00000007ae380000)
  from space 140288K, 68% used [0x00000007b6c80000,0x00000007bcadb720,0x00000007bf580000)
  to   space 140288K, 0% used [0x00000007ae380000,0x00000007ae380000,0x00000007b6c80000)
 ParOldGen       total 2736640K, used 2426249K [0x0000000682000000, 0x0000000729080000, 0x0000000756000000)
  object space 2736640K, 88% used [0x0000000682000000,0x0000000716162780,0x0000000729080000)
 Metaspace       used 277816K, capacity 321988K, committed 322072K, reserved 1312768K
  class space    used 47506K, capacity 58593K, committed 58648K, reserved 1048576K
Event: 326.459 GC heap after
Heap after GC invocations=202 (full 11):
 PSYoungGen      total 1585664K, used 100445K [0x0000000756000000, 0x00000007bf800000, 0x00000007c0000000)
  eden space 1445376K, 0% used [0x0000000756000000,0x0000000756000000,0x00000007ae380000)
  from space 140288K, 71% used [0x00000007ae380000,0x00000007b4597708,0x00000007b6c80000)
  to   space 136192K, 0% used [0x00000007b7300000,0x00000007b7300000,0x00000007bf800000)
 ParOldGen       total 2736640K, used 2426633K [0x0000000682000000, 0x0000000729080000, 0x0000000756000000)
  object space 2736640K, 88% used [0x0000000682000000,0x00000007161c27e0,0x0000000729080000)
 Metaspace       used 277816K, capacity 321988K, committed 322072K, reserved 1312768K
  class space    used 47506K, capacity 58593K, committed 58648K, reserved 1048576K
}
Event: 329.263 GC heap before
{Heap before GC invocations=203 (full 11):
 PSYoungGen      total 1585664K, used 1545821K [0x0000000756000000, 0x00000007bf800000, 0x00000007c0000000)
  eden space 1445376K, 100% used [0x0000000756000000,0x00000007ae380000,0x00000007ae380000)
  from space 140288K, 71% used [0x00000007ae380000,0x00000007b4597708,0x00000007b6c80000)
  to   space 136192K, 0% used [0x00000007b7300000,0x00000007b7300000,0x00000007bf800000)
 ParOldGen       total 2736640K, used 2426633K [0x0000000682000000, 0x0000000729080000, 0x0000000756000000)
  object space 2736640K, 88% used [0x0000000682000000,0x00000007161c27e0,0x0000000729080000)
 Metaspace       used 277867K, capacity 322080K, committed 322328K, reserved 1312768K
  class space    used 47514K, capacity 58603K, committed 58648K, reserved 1048576K
Event: 329.293 GC heap after
Heap after GC invocations=203 (full 11):
 PSYoungGen      total 1593344K, used 98861K [0x0000000756000000, 0x00000007bf600000, 0x00000007c0000000)
  eden space 1459200K, 0% used [0x0000000756000000,0x0000000756000000,0x00000007af100000)
  from space 134144K, 73% used [0x00000007b7300000,0x00000007bd38b450,0x00000007bf600000)
  to   space 133120K, 0% used [0x00000007af100000,0x00000007af100000,0x00000007b7300000)
 ParOldGen       total 2736640K, used 2433814K [0x0000000682000000, 0x0000000729080000, 0x0000000756000000)
  object space 2736640K, 88% used [0x0000000682000000,0x00000007168c5b48,0x0000000729080000)
 Metaspace       used 277867K, capacity 322080K, committed 322328K, reserved 1312768K
  class space    used 47514K, capacity 58603K, committed 58648K, reserved 1048576K
}

