# JRE version: Java(TM) SE Runtime Environment (8.0_51-b16) (build 1.8.0_51-b16)
# Java VM: Java HotSpot(TM) 64-Bit Server VM (25.51-b03 mixed mode windows-amd64 compressed oops)
Heap:
 PSYoungGen      total 1418240K, used 390130K [0x0000000756000000, 0x00000007b8300000, 0x00000007c0000000)
  eden space 1244160K, 23% used [0x0000000756000000,0x000000076782f0c0,0x00000007a1f00000)
  from space 174080K, 59% used [0x00000007ad900000,0x00000007b3dcdad8,0x00000007b8300000)
  to   space 182272K, 0% used [0x00000007a1f00000,0x00000007a1f00000,0x00000007ad100000)
 ParOldGen       total 3034624K, used 2741329K [0x0000000682000000, 0x000000073b380000, 0x0000000756000000)
  object space 3034624K, 90% used [0x0000000682000000,0x00000007295145d0,0x000000073b380000)
 Metaspace       used 287637K, capacity 333295K, committed 333600K, reserved 1323008K
  class space    used 48752K, capacity 60071K, committed 60192K, reserved 1048576K
GC Heap History (10 events):
Event: 367.273 GC heap before
{Heap before GC invocations=191 (full 9):
 PSYoungGen      total 1417728K, used 1333532K [0x0000000756000000, 0x00000007bb780000, 0x00000007c0000000)
  eden space 1192448K, 100% used [0x0000000756000000,0x000000079ec80000,0x000000079ec80000)
  from space 225280K, 62% used [0x000000079ec80000,0x00000007a7647088,0x00000007ac880000)
  to   space 226816K, 0% used [0x00000007ada00000,0x00000007ada00000,0x00000007bb780000)
 ParOldGen       total 3034624K, used 2691109K [0x0000000682000000, 0x000000073b380000, 0x0000000756000000)
  object space 3034624K, 88% used [0x0000000682000000,0x00000007264097f0,0x000000073b380000)
 Metaspace       used 287295K, capacity 332745K, committed 332960K, reserved 1323008K
  class space    used 48694K, capacity 59994K, committed 60064K, reserved 1048576K
Event: 367.306 GC heap after
Heap after GC invocations=191 (full 9):
 PSYoungGen      total 1412096K, used 105663K [0x0000000756000000, 0x00000007ba100000, 0x00000007c0000000)
  eden space 1208320K, 0% used [0x0000000756000000,0x0000000756000000,0x000000079fc00000)
  from space 203776K, 51% used [0x00000007ada00000,0x00000007b412ff18,0x00000007ba100000)
  to   space 215552K, 0% used [0x000000079fc00000,0x000000079fc00000,0x00000007ace80000)
 ParOldGen       total 3034624K, used 2724951K [0x0000000682000000, 0x000000073b380000, 0x0000000756000000)
  object space 3034624K, 89% used [0x0000000682000000,0x0000000728515ed0,0x000000073b380000)
 Metaspace       used 287295K, capacity 332745K, committed 332960K, reserved 1323008K
  class space    used 48694K, capacity 59994K, committed 60064K, reserved 1048576K
}
Event: 369.530 GC heap before
{Heap before GC invocations=192 (full 9):
 PSYoungGen      total 1412096K, used 1313983K [0x0000000756000000, 0x00000007ba100000, 0x00000007c0000000)
  eden space 1208320K, 100% used [0x0000000756000000,0x000000079fc00000,0x000000079fc00000)
  from space 203776K, 51% used [0x00000007ada00000,0x00000007b412ff18,0x00000007ba100000)
  to   space 215552K, 0% used [0x000000079fc00000,0x000000079fc00000,0x00000007ace80000)
 ParOldGen       total 3034624K, used 2724951K [0x0000000682000000, 0x000000073b380000, 0x0000000756000000)
  object space 3034624K, 89% used [0x0000000682000000,0x0000000728515ed0,0x000000073b380000)
 Metaspace       used 287311K, capacity 332825K, committed 332960K, reserved 1323008K
  class space    used 48694K, capacity 59994K, committed 60064K, reserved 1048576K
Event: 369.556 GC heap after
Heap after GC invocations=192 (full 9):
 PSYoungGen      total 1423872K, used 104927K [0x0000000756000000, 0x00000007b9c80000, 0x00000007c0000000)
  eden space 1208320K, 0% used [0x0000000756000000,0x0000000756000000,0x000000079fc00000)
  from space 215552K, 48% used [0x000000079fc00000,0x00000007a6277ee8,0x00000007ace80000)
  to   space 204800K, 0% used [0x00000007ad480000,0x00000007ad480000,0x00000007b9c80000)
 ParOldGen       total 3034624K, used 2726409K [0x0000000682000000, 0x000000073b380000, 0x0000000756000000)
  object space 3034624K, 89% used [0x0000000682000000,0x0000000728682418,0x000000073b380000)
 Metaspace       used 287311K, capacity 332825K, committed 332960K, reserved 1323008K
  class space    used 48694K, capacity 59994K, committed 60064K, reserved 1048576K
}
Event: 372.099 GC heap before
{Heap before GC invocations=193 (full 9):
 PSYoungGen      total 1423872K, used 1313247K [0x0000000756000000, 0x00000007b9c80000, 0x00000007c0000000)
  eden space 1208320K, 100% used [0x0000000756000000,0x000000079fc00000,0x000000079fc00000)
  from space 215552K, 48% used [0x000000079fc00000,0x00000007a6277ee8,0x00000007ace80000)
  to   space 204800K, 0% used [0x00000007ad480000,0x00000007ad480000,0x00000007b9c80000)
 ParOldGen       total 3034624K, used 2726409K [0x0000000682000000, 0x000000073b380000, 0x0000000756000000)
  object space 3034624K, 89% used [0x0000000682000000,0x0000000728682418,0x000000073b380000)
 Metaspace       used 287329K, capacity 332825K, committed 332960K, reserved 1323008K
  class space    used 48694K, capacity 59994K, committed 60064K, reserved 1048576K
Event: 372.131 GC heap after
Heap after GC invocations=193 (full 9):
 PSYoungGen      total 1416704K, used 95651K [0x0000000756000000, 0x00000007b8e80000, 0x00000007c0000000)
  eden space 1226240K, 0% used [0x0000000756000000,0x0000000756000000,0x00000007a0d80000)
  from space 190464K, 50% used [0x00000007ad480000,0x00000007b31e8e70,0x00000007b8e80000)
  to   space 197120K, 0% used [0x00000007a0d80000,0x00000007a0d80000,0x00000007ace00000)
 ParOldGen       total 3034624K, used 2736349K [0x0000000682000000, 0x000000073b380000, 0x0000000756000000)
  object space 3034624K, 90% used [0x0000000682000000,0x00000007290374a8,0x000000073b380000)
 Metaspace       used 287329K, capacity 332825K, committed 332960K, reserved 1323008K
  class space    used 48694K, capacity 59994K, committed 60064K, reserved 1048576K
}
Event: 374.841 GC heap before
{Heap before GC invocations=194 (full 9):
 PSYoungGen      total 1416704K, used 1321891K [0x0000000756000000, 0x00000007b8e80000, 0x00000007c0000000)
  eden space 1226240K, 100% used [0x0000000756000000,0x00000007a0d80000,0x00000007a0d80000)
  from space 190464K, 50% used [0x00000007ad480000,0x00000007b31e8e70,0x00000007b8e80000)
  to   space 197120K, 0% used [0x00000007a0d80000,0x00000007a0d80000,0x00000007ace00000)
 ParOldGen       total 3034624K, used 2736349K [0x0000000682000000, 0x000000073b380000, 0x0000000756000000)
  object space 3034624K, 90% used [0x0000000682000000,0x00000007290374a8,0x000000073b380000)
 Metaspace       used 287363K, capacity 332829K, committed 332960K, reserved 1323008K
  class space    used 48694K, capacity 59994K, committed 60064K, reserved 1048576K
Event: 374.868 GC heap after
Heap after GC invocations=194 (full 9):
 PSYoungGen      total 1423360K, used 91775K [0x0000000756000000, 0x00000007b9300000, 0x00000007c0000000)
  eden space 1226240K, 0% used [0x0000000756000000,0x0000000756000000,0x00000007a0d80000)
  from space 197120K, 46% used [0x00000007a0d80000,0x00000007a671fec0,0x00000007ace00000)
  to   space 190464K, 0% used [0x00000007ad900000,0x00000007ad900000,0x00000007b9300000)
 ParOldGen       total 3034624K, used 2740717K [0x0000000682000000, 0x000000073b380000, 0x0000000756000000)
  object space 3034624K, 90% used [0x0000000682000000,0x000000072947b588,0x000000073b380000)
 Metaspace       used 287363K, capacity 332829K, committed 332960K, reserved 1323008K
  class space    used 48694K, capacity 59994K, committed 60064K, reserved 1048576K
}
Event: 377.839 GC heap before
{Heap before GC invocations=195 (full 9):
 PSYoungGen      total 1423360K, used 1318015K [0x0000000756000000, 0x00000007b9300000, 0x00000007c0000000)
  eden space 1226240K, 100% used [0x0000000756000000,0x00000007a0d80000,0x00000007a0d80000)
  from space 197120K, 46% used [0x00000007a0d80000,0x00000007a671fec0,0x00000007ace00000)
  to   space 190464K, 0% used [0x00000007ad900000,0x00000007ad900000,0x00000007b9300000)
 ParOldGen       total 3034624K, used 2740717K [0x0000000682000000, 0x000000073b380000, 0x0000000756000000)
  object space 3034624K, 90% used [0x0000000682000000,0x000000072947b588,0x000000073b380000)
 Metaspace       used 287622K, capacity 333283K, committed 333600K, reserved 1323008K
  class space    used 48752K, capacity 60071K, committed 60192K, reserved 1048576K
Event: 377.873 GC heap after
Heap after GC invocations=195 (full 9):
 PSYoungGen      total 1418240K, used 103222K [0x0000000756000000, 0x00000007b8300000, 0x00000007c0000000)
  eden space 1244160K, 0% used [0x0000000756000000,0x0000000756000000,0x00000007a1f00000)
  from space 174080K, 59% used [0x00000007ad900000,0x00000007b3dcdad8,0x00000007b8300000)
  to   space 182272K, 0% used [0x00000007a1f00000,0x00000007a1f00000,0x00000007ad100000)
 ParOldGen       total 3034624K, used 2741329K [0x0000000682000000, 0x000000073b380000, 0x0000000756000000)
  object space 3034624K, 90% used [0x0000000682000000,0x00000007295145d0,0x000000073b380000)
 Metaspace       used 287622K, capacity 333283K, committed 333600K, reserved 1323008K
  class space    used 48752K, capacity 60071K, committed 60192K, reserved 1048576K
}

