# JRE version: Java(TM) SE Runtime Environment (8.0_51-b16) (build 1.8.0_51-b16)
# Java VM: Java HotSpot(TM) 64-Bit Server VM (25.51-b03 mixed mode windows-amd64 compressed oops)
Heap:
 PSYoungGen      total 1438720K, used 573379K [0x0000000756000000, 0x00000007b7f80000, 0x00000007c0000000)
  eden space 1282560K, 36% used [0x0000000756000000,0x0000000772f5fba8,0x00000007a4480000)
  from space 156160K, 63% used [0x00000007a4480000,0x00000007aa511078,0x00000007add00000)
  to   space 154624K, 0% used [0x00000007ae880000,0x00000007ae880000,0x00000007b7f80000)
 ParOldGen       total 3236864K, used 2500660K [0x0000000682000000, 0x0000000747900000, 0x0000000756000000)
  object space 3236864K, 77% used [0x0000000682000000,0x000000071aa0d3a0,0x0000000747900000)
 Metaspace       used 287486K, capacity 333366K, committed 333508K, reserved 1323008K
  class space    used 48772K, capacity 60136K, committed 60160K, reserved 1048576K
GC Heap History (10 events):
Event: 315.239 GC heap before
{Heap before GC invocations=230 (full 10):
 PSYoungGen      total 1429504K, used 1352768K [0x0000000756000000, 0x00000007b8480000, 0x00000007c0000000)
  eden space 1255936K, 100% used [0x0000000756000000,0x00000007a2a80000,0x00000007a2a80000)
  from space 173568K, 55% used [0x00000007adb00000,0x00000007b39903f8,0x00000007b8480000)
  to   space 177152K, 0% used [0x00000007a2a80000,0x00000007a2a80000,0x00000007ad780000)
 ParOldGen       total 3236864K, used 2492439K [0x0000000682000000, 0x0000000747900000, 0x0000000756000000)
  object space 3236864K, 77% used [0x0000000682000000,0x000000071a205dc0,0x0000000747900000)
 Metaspace       used 287175K, capacity 332870K, committed 333252K, reserved 1323008K
  class space    used 48715K, capacity 60028K, committed 60160K, reserved 1048576K
Event: 315.264 GC heap after
Heap after GC invocations=230 (full 10):
 PSYoungGen      total 1433088K, used 94076K [0x0000000756000000, 0x00000007b8a00000, 0x00000007c0000000)
  eden space 1255936K, 0% used [0x0000000756000000,0x0000000756000000,0x00000007a2a80000)
  from space 177152K, 53% used [0x00000007a2a80000,0x00000007a865f3e8,0x00000007ad780000)
  to   space 173056K, 0% used [0x00000007ae100000,0x00000007ae100000,0x00000007b8a00000)
 ParOldGen       total 3236864K, used 2495126K [0x0000000682000000, 0x0000000747900000, 0x0000000756000000)
  object space 3236864K, 77% used [0x0000000682000000,0x000000071a4a58a0,0x0000000747900000)
 Metaspace       used 287175K, capacity 332870K, committed 333252K, reserved 1323008K
  class space    used 48715K, capacity 60028K, committed 60160K, reserved 1048576K
}
Event: 318.088 GC heap before
{Heap before GC invocations=231 (full 10):
 PSYoungGen      total 1433088K, used 1350012K [0x0000000756000000, 0x00000007b8a00000, 0x00000007c0000000)
  eden space 1255936K, 100% used [0x0000000756000000,0x00000007a2a80000,0x00000007a2a80000)
  from space 177152K, 53% used [0x00000007a2a80000,0x00000007a865f3e8,0x00000007ad780000)
  to   space 173056K, 0% used [0x00000007ae100000,0x00000007ae100000,0x00000007b8a00000)
 ParOldGen       total 3236864K, used 2495126K [0x0000000682000000, 0x0000000747900000, 0x0000000756000000)
  object space 3236864K, 77% used [0x0000000682000000,0x000000071a4a58a0,0x0000000747900000)
 Metaspace       used 287175K, capacity 332870K, committed 333252K, reserved 1323008K
  class space    used 48715K, capacity 60028K, committed 60160K, reserved 1048576K
Event: 318.113 GC heap after
Heap after GC invocations=231 (full 10):
 PSYoungGen      total 1430528K, used 89196K [0x0000000756000000, 0x00000007b7e00000, 0x00000007c0000000)
  eden space 1269760K, 0% used [0x0000000756000000,0x0000000756000000,0x00000007a3800000)
  from space 160768K, 55% used [0x00000007ae100000,0x00000007b381b3d0,0x00000007b7e00000)
  to   space 166912K, 0% used [0x00000007a3800000,0x00000007a3800000,0x00000007adb00000)
 ParOldGen       total 3236864K, used 2500204K [0x0000000682000000, 0x0000000747900000, 0x0000000756000000)
  object space 3236864K, 77% used [0x0000000682000000,0x000000071a99b3a0,0x0000000747900000)
 Metaspace       used 287175K, capacity 332870K, committed 333252K, reserved 1323008K
  class space    used 48715K, capacity 60028K, committed 60160K, reserved 1048576K
}
Event: 321.048 GC heap before
{Heap before GC invocations=232 (full 10):
 PSYoungGen      total 1430528K, used 1358956K [0x0000000756000000, 0x00000007b7e00000, 0x00000007c0000000)
  eden space 1269760K, 100% used [0x0000000756000000,0x00000007a3800000,0x00000007a3800000)
  from space 160768K, 55% used [0x00000007ae100000,0x00000007b381b3d0,0x00000007b7e00000)
  to   space 166912K, 0% used [0x00000007a3800000,0x00000007a3800000,0x00000007adb00000)
 ParOldGen       total 3236864K, used 2500204K [0x0000000682000000, 0x0000000747900000, 0x0000000756000000)
  object space 3236864K, 77% used [0x0000000682000000,0x000000071a99b3a0,0x0000000747900000)
 Metaspace       used 287187K, capacity 332870K, committed 333252K, reserved 1323008K
  class space    used 48715K, capacity 60028K, committed 60160K, reserved 1048576K
Event: 321.073 GC heap after
Heap after GC invocations=232 (full 10):
 PSYoungGen      total 1436672K, used 89180K [0x0000000756000000, 0x00000007b8080000, 0x00000007c0000000)
  eden space 1269760K, 0% used [0x0000000756000000,0x0000000756000000,0x00000007a3800000)
  from space 166912K, 53% used [0x00000007a3800000,0x00000007a8f173e8,0x00000007adb00000)
  to   space 161280K, 0% used [0x00000007ae300000,0x00000007ae300000,0x00000007b8080000)
 ParOldGen       total 3236864K, used 2500356K [0x0000000682000000, 0x0000000747900000, 0x0000000756000000)
  object space 3236864K, 77% used [0x0000000682000000,0x000000071a9c13a0,0x0000000747900000)
 Metaspace       used 287187K, capacity 332870K, committed 333252K, reserved 1323008K
  class space    used 48715K, capacity 60028K, committed 60160K, reserved 1048576K
}
Event: 324.355 GC heap before
{Heap before GC invocations=233 (full 10):
 PSYoungGen      total 1436672K, used 1358940K [0x0000000756000000, 0x00000007b8080000, 0x00000007c0000000)
  eden space 1269760K, 100% used [0x0000000756000000,0x00000007a3800000,0x00000007a3800000)
  from space 166912K, 53% used [0x00000007a3800000,0x00000007a8f173e8,0x00000007adb00000)
  to   space 161280K, 0% used [0x00000007ae300000,0x00000007ae300000,0x00000007b8080000)
 ParOldGen       total 3236864K, used 2500356K [0x0000000682000000, 0x0000000747900000, 0x0000000756000000)
  object space 3236864K, 77% used [0x0000000682000000,0x000000071a9c13a0,0x0000000747900000)
 Metaspace       used 287196K, capacity 332870K, committed 333252K, reserved 1323008K
  class space    used 48715K, capacity 60028K, committed 60160K, reserved 1048576K
Event: 324.377 GC heap after
Heap after GC invocations=233 (full 10):
 PSYoungGen      total 1432576K, used 89248K [0x0000000756000000, 0x00000007b7580000, 0x00000007c0000000)
  eden space 1282560K, 0% used [0x0000000756000000,0x0000000756000000,0x00000007a4480000)
  from space 150016K, 59% used [0x00000007ae300000,0x00000007b3a283f8,0x00000007b7580000)
  to   space 156160K, 0% used [0x00000007a4480000,0x00000007a4480000,0x00000007add00000)
 ParOldGen       total 3236864K, used 2500524K [0x0000000682000000, 0x0000000747900000, 0x0000000756000000)
  object space 3236864K, 77% used [0x0000000682000000,0x000000071a9eb3a0,0x0000000747900000)
 Metaspace       used 287196K, capacity 332870K, committed 333252K, reserved 1323008K
  class space    used 48715K, capacity 60028K, committed 60160K, reserved 1048576K
}
Event: 327.547 GC heap before
{Heap before GC invocations=234 (full 10):
 PSYoungGen      total 1432576K, used 1371808K [0x0000000756000000, 0x00000007b7580000, 0x00000007c0000000)
  eden space 1282560K, 100% used [0x0000000756000000,0x00000007a4480000,0x00000007a4480000)
  from space 150016K, 59% used [0x00000007ae300000,0x00000007b3a283f8,0x00000007b7580000)
  to   space 156160K, 0% used [0x00000007a4480000,0x00000007a4480000,0x00000007add00000)
 ParOldGen       total 3236864K, used 2500524K [0x0000000682000000, 0x0000000747900000, 0x0000000756000000)
  object space 3236864K, 77% used [0x0000000682000000,0x000000071a9eb3a0,0x0000000747900000)
 Metaspace       used 287471K, capacity 333354K, committed 333508K, reserved 1323008K
  class space    used 48772K, capacity 60136K, committed 60160K, reserved 1048576K
Event: 327.574 GC heap after
Heap after GC invocations=234 (full 10):
 PSYoungGen      total 1438720K, used 98884K [0x0000000756000000, 0x00000007b7f80000, 0x00000007c0000000)
  eden space 1282560K, 0% used [0x0000000756000000,0x0000000756000000,0x00000007a4480000)
  from space 156160K, 63% used [0x00000007a4480000,0x00000007aa511078,0x00000007add00000)
  to   space 154624K, 0% used [0x00000007ae880000,0x00000007ae880000,0x00000007b7f80000)
 ParOldGen       total 3236864K, used 2500660K [0x0000000682000000, 0x0000000747900000, 0x0000000756000000)
  object space 3236864K, 77% used [0x0000000682000000,0x000000071aa0d3a0,0x0000000747900000)
 Metaspace       used 287471K, capacity 333354K, committed 333508K, reserved 1323008K
  class space    used 48772K, capacity 60136K, committed 60160K, reserved 1048576K
}

