# JRE version: Java(TM) SE Runtime Environment (8.0_51-b16) (build 1.8.0_51-b16)
# Java VM: Java HotSpot(TM) 64-Bit Server VM (25.51-b03 mixed mode windows-amd64 compressed oops)
Heap:
 PSYoungGen      total 1594880K, used 746525K [0x0000000740b00000, 0x00000007c0000000, 0x00000007c0000000)
  eden space 1108992K, 35% used [0x0000000740b00000,0x0000000758bd7750,0x0000000784600000)
  from space 485888K, 72% used [0x00000007a2580000,0x00000007b7db0000,0x00000007c0000000)
  to   space 488448K, 0% used [0x0000000784600000,0x0000000784600000,0x00000007a2300000)
 ParOldGen       total 3399680K, used 2849666K [0x0000000642000000, 0x0000000711800000, 0x0000000740b00000)
  object space 3399680K, 83% used [0x0000000642000000,0x00000006efee0a98,0x0000000711800000)
 Metaspace       used 262347K, capacity 298520K, committed 298744K, reserved 1294336K
  class space    used 44418K, capacity 54038K, committed 54068K, reserved 1048576K
GC Heap History (10 events):
Event: 2827.793 GC heap before
{Heap before GC invocations=485 (full 9):
 PSYoungGen      total 1619968K, used 1619456K [0x0000000740b00000, 0x00000007c0000000, 0x00000007c0000000)
  eden space 1261568K, 100% used [0x0000000740b00000,0x000000078db00000,0x000000078db00000)
  from space 358400K, 99% used [0x000000078db00000,0x00000007a3880010,0x00000007a3900000)
  to   space 436224K, 0% used [0x00000007a5600000,0x00000007a5600000,0x00000007c0000000)
 ParOldGen       total 3399680K, used 2735330K [0x0000000642000000, 0x0000000711800000, 0x0000000740b00000)
  object space 3399680K, 80% used [0x0000000642000000,0x00000006e8f38a88,0x0000000711800000)
 Metaspace       used 262314K, capacity 298476K, committed 298744K, reserved 1294336K
  class space    used 44408K, capacity 54026K, committed 54068K, reserved 1048576K
Event: 2827.941 GC heap after
Heap after GC invocations=485 (full 9):
 PSYoungGen      total 1611776K, used 359168K [0x0000000740b00000, 0x00000007c0000000, 0x00000007c0000000)
  eden space 1175552K, 0% used [0x0000000740b00000,0x0000000740b00000,0x0000000788700000)
  from space 436224K, 82% used [0x00000007a5600000,0x00000007bb4c0000,0x00000007c0000000)
  to   space 455168K, 0% used [0x0000000788700000,0x0000000788700000,0x00000007a4380000)
 ParOldGen       total 3399680K, used 2757202K [0x0000000642000000, 0x0000000711800000, 0x0000000740b00000)
  object space 3399680K, 81% used [0x0000000642000000,0x00000006ea494a98,0x0000000711800000)
 Metaspace       used 262314K, capacity 298476K, committed 298744K, reserved 1294336K
  class space    used 44408K, capacity 54026K, committed 54068K, reserved 1048576K
}
Event: 2833.045 GC heap before
{Heap before GC invocations=486 (full 9):
 PSYoungGen      total 1611776K, used 1534720K [0x0000000740b00000, 0x00000007c0000000, 0x00000007c0000000)
  eden space 1175552K, 100% used [0x0000000740b00000,0x0000000788700000,0x0000000788700000)
  from space 436224K, 82% used [0x00000007a5600000,0x00000007bb4c0000,0x00000007c0000000)
  to   space 455168K, 0% used [0x0000000788700000,0x0000000788700000,0x00000007a4380000)
 ParOldGen       total 3399680K, used 2757202K [0x0000000642000000, 0x0000000711800000, 0x0000000740b00000)
  object space 3399680K, 81% used [0x0000000642000000,0x00000006ea494a98,0x0000000711800000)
 Metaspace       used 262314K, capacity 298476K, committed 298744K, reserved 1294336K
  class space    used 44408K, capacity 54026K, committed 54068K, reserved 1048576K
Event: 2833.189 GC heap after
Heap after GC invocations=486 (full 9):
 PSYoungGen      total 1533440K, used 357888K [0x0000000740b00000, 0x00000007c0000000, 0x00000007c0000000)
  eden space 1175552K, 0% used [0x0000000740b00000,0x0000000740b00000,0x0000000788700000)
  from space 357888K, 100% used [0x0000000788700000,0x000000079e480000,0x000000079e480000)
  to   space 469504K, 0% used [0x00000007a3580000,0x00000007a3580000,0x00000007c0000000)
 ParOldGen       total 3399680K, used 2780514K [0x0000000642000000, 0x0000000711800000, 0x0000000740b00000)
  object space 3399680K, 81% used [0x0000000642000000,0x00000006ebb58a98,0x0000000711800000)
 Metaspace       used 262314K, capacity 298476K, committed 298744K, reserved 1294336K
  class space    used 44408K, capacity 54026K, committed 54068K, reserved 1048576K
}
Event: 2838.228 GC heap before
{Heap before GC invocations=487 (full 9):
 PSYoungGen      total 1533440K, used 1533440K [0x0000000740b00000, 0x00000007c0000000, 0x00000007c0000000)
  eden space 1175552K, 100% used [0x0000000740b00000,0x0000000788700000,0x0000000788700000)
  from space 357888K, 100% used [0x0000000788700000,0x000000079e480000,0x000000079e480000)
  to   space 469504K, 0% used [0x00000007a3580000,0x00000007a3580000,0x00000007c0000000)
 ParOldGen       total 3399680K, used 2780514K [0x0000000642000000, 0x0000000711800000, 0x0000000740b00000)
  object space 3399680K, 81% used [0x0000000642000000,0x00000006ebb58a98,0x0000000711800000)
 Metaspace       used 262314K, capacity 298476K, committed 298744K, reserved 1294336K
  class space    used 44408K, capacity 54026K, committed 54068K, reserved 1048576K
Event: 2838.371 GC heap after
Heap after GC invocations=487 (full 9):
 PSYoungGen      total 1595904K, used 358080K [0x0000000740b00000, 0x00000007c0000000, 0x00000007c0000000)
  eden space 1126400K, 0% used [0x0000000740b00000,0x0000000740b00000,0x0000000785700000)
  from space 469504K, 76% used [0x00000007a3580000,0x00000007b9330000,0x00000007c0000000)
  to   space 479744K, 0% used [0x0000000785700000,0x0000000785700000,0x00000007a2b80000)
 ParOldGen       total 3399680K, used 2802338K [0x0000000642000000, 0x0000000711800000, 0x0000000740b00000)
  object space 3399680K, 82% used [0x0000000642000000,0x00000006ed0a8a98,0x0000000711800000)
 Metaspace       used 262314K, capacity 298476K, committed 298744K, reserved 1294336K
  class space    used 44408K, capacity 54026K, committed 54068K, reserved 1048576K
}
Event: 2843.318 GC heap before
{Heap before GC invocations=488 (full 9):
 PSYoungGen      total 1595904K, used 1484480K [0x0000000740b00000, 0x00000007c0000000, 0x00000007c0000000)
  eden space 1126400K, 100% used [0x0000000740b00000,0x0000000785700000,0x0000000785700000)
  from space 469504K, 76% used [0x00000007a3580000,0x00000007b9330000,0x00000007c0000000)
  to   space 479744K, 0% used [0x0000000785700000,0x0000000785700000,0x00000007a2b80000)
 ParOldGen       total 3399680K, used 2802338K [0x0000000642000000, 0x0000000711800000, 0x0000000740b00000)
  object space 3399680K, 82% used [0x0000000642000000,0x00000006ed0a8a98,0x0000000711800000)
 Metaspace       used 262314K, capacity 298476K, committed 298744K, reserved 1294336K
  class space    used 44408K, capacity 54026K, committed 54068K, reserved 1048576K
Event: 2843.478 GC heap after
Heap after GC invocations=488 (full 9):
 PSYoungGen      total 1481728K, used 355200K [0x0000000740b00000, 0x00000007c0000000, 0x00000007c0000000)
  eden space 1126400K, 0% used [0x0000000740b00000,0x0000000740b00000,0x0000000785700000)
  from space 355328K, 99% used [0x0000000785700000,0x000000079b1e0000,0x000000079b200000)
  to   space 485888K, 0% used [0x00000007a2580000,0x00000007a2580000,0x00000007c0000000)
 ParOldGen       total 3399680K, used 2826186K [0x0000000642000000, 0x0000000711800000, 0x0000000740b00000)
  object space 3399680K, 83% used [0x0000000642000000,0x00000006ee7f2a98,0x0000000711800000)
 Metaspace       used 262314K, capacity 298476K, committed 298744K, reserved 1294336K
  class space    used 44408K, capacity 54026K, committed 54068K, reserved 1048576K
}
Event: 2848.385 GC heap before
{Heap before GC invocations=489 (full 9):
 PSYoungGen      total 1481728K, used 1481600K [0x0000000740b00000, 0x00000007c0000000, 0x00000007c0000000)
  eden space 1126400K, 100% used [0x0000000740b00000,0x0000000785700000,0x0000000785700000)
  from space 355328K, 99% used [0x0000000785700000,0x000000079b1e0000,0x000000079b200000)
  to   space 485888K, 0% used [0x00000007a2580000,0x00000007a2580000,0x00000007c0000000)
 ParOldGen       total 3399680K, used 2826186K [0x0000000642000000, 0x0000000711800000, 0x0000000740b00000)
  object space 3399680K, 83% used [0x0000000642000000,0x00000006ee7f2a98,0x0000000711800000)
 Metaspace       used 262314K, capacity 298476K, committed 298744K, reserved 1294336K
  class space    used 44408K, capacity 54026K, committed 54068K, reserved 1048576K
Event: 2848.528 GC heap after
Heap after GC invocations=489 (full 9):
 PSYoungGen      total 1594880K, used 352448K [0x0000000740b00000, 0x00000007c0000000, 0x00000007c0000000)
  eden space 1108992K, 0% used [0x0000000740b00000,0x0000000740b00000,0x0000000784600000)
  from space 485888K, 72% used [0x00000007a2580000,0x00000007b7db0000,0x00000007c0000000)
  to   space 488448K, 0% used [0x0000000784600000,0x0000000784600000,0x00000007a2300000)
 ParOldGen       total 3399680K, used 2849666K [0x0000000642000000, 0x0000000711800000, 0x0000000740b00000)
  object space 3399680K, 83% used [0x0000000642000000,0x00000006efee0a98,0x0000000711800000)
 Metaspace       used 262314K, capacity 298476K, committed 298744K, reserved 1294336K
  class space    used 44408K, capacity 54026K, committed 54068K, reserved 1048576K
}

