# JRE version: Java(TM) SE Runtime Environment (8.0_51-b16) (build 1.8.0_51-b16)
# Java VM: Java HotSpot(TM) 64-Bit Server VM (25.51-b03 mixed mode windows-amd64 compressed oops)
Heap:
 PSYoungGen      total 2057728K, used 1899372K [0x0000000742000000, 0x00000007c0000000, 0x00000007c0000000)
  eden space 2051072K, 92% used [0x0000000742000000,0x00000007b59db168,0x00000007bf300000)
  from space 6656K, 76% used [0x00000007bf980000,0x00000007bfe80018,0x00000007c0000000)
  to   space 6656K, 0% used [0x00000007bf300000,0x00000007bf300000,0x00000007bf980000)
 ParOldGen       total 4128768K, used 3828259K [0x0000000646000000, 0x0000000742000000, 0x0000000742000000)
  object space 4128768K, 92% used [0x0000000646000000,0x000000072fa88fc0,0x0000000742000000)
 Metaspace       used 259304K, capacity 294504K, committed 294600K, reserved 1290240K
  class space    used 44347K, capacity 53927K, committed 54016K, reserved 1048576K
GC Heap History (10 events):
Event: 4415.186 GC heap before
{Heap before GC invocations=796 (full 10):
 PSYoungGen      total 2059776K, used 2058720K [0x0000000742000000, 0x00000007c0000000, 0x00000007c0000000)
  eden space 2055168K, 100% used [0x0000000742000000,0x00000007bf700000,0x00000007bf700000)
  from space 4608K, 77% used [0x00000007bf700000,0x00000007bfa78000,0x00000007bfb80000)
  to   space 4608K, 0% used [0x00000007bfb80000,0x00000007bfb80000,0x00000007c0000000)
 ParOldGen       total 4128768K, used 3823691K [0x0000000646000000, 0x0000000742000000, 0x0000000742000000)
  object space 4128768K, 92% used [0x0000000646000000,0x000000072f612fa8,0x0000000742000000)
 Metaspace       used 259267K, capacity 294452K, committed 294600K, reserved 1290240K
  class space    used 44337K, capacity 53913K, committed 54016K, reserved 1048576K
Event: 4415.201 GC heap after
Heap after GC invocations=796 (full 10):
 PSYoungGen      total 2059776K, used 3456K [0x0000000742000000, 0x00000007c0000000, 0x00000007c0000000)
  eden space 2055168K, 0% used [0x0000000742000000,0x0000000742000000,0x00000007bf700000)
  from space 4608K, 75% used [0x00000007bfb80000,0x00000007bfee0000,0x00000007c0000000)
  to   space 4608K, 0% used [0x00000007bf700000,0x00000007bf700000,0x00000007bfb80000)
 ParOldGen       total 4128768K, used 3823827K [0x0000000646000000, 0x0000000742000000, 0x0000000742000000)
  object space 4128768K, 92% used [0x0000000646000000,0x000000072f634fa8,0x0000000742000000)
 Metaspace       used 259267K, capacity 294452K, committed 294600K, reserved 1290240K
  class space    used 44337K, capacity 53913K, committed 54016K, reserved 1048576K
}
Event: 4421.718 GC heap before
{Heap before GC invocations=797 (full 10):
 PSYoungGen      total 2059776K, used 2058624K [0x0000000742000000, 0x00000007c0000000, 0x00000007c0000000)
  eden space 2055168K, 100% used [0x0000000742000000,0x00000007bf700000,0x00000007bf700000)
  from space 4608K, 75% used [0x00000007bfb80000,0x00000007bfee0000,0x00000007c0000000)
  to   space 4608K, 0% used [0x00000007bf700000,0x00000007bf700000,0x00000007bfb80000)
 ParOldGen       total 4128768K, used 3823827K [0x0000000646000000, 0x0000000742000000, 0x0000000742000000)
  object space 4128768K, 92% used [0x0000000646000000,0x000000072f634fa8,0x0000000742000000)
 Metaspace       used 259267K, capacity 294452K, committed 294600K, reserved 1290240K
  class space    used 44337K, capacity 53913K, committed 54016K, reserved 1048576K
Event: 4421.732 GC heap after
Heap after GC invocations=797 (full 10):
 PSYoungGen      total 2059776K, used 3808K [0x0000000742000000, 0x00000007c0000000, 0x00000007c0000000)
  eden space 2055168K, 0% used [0x0000000742000000,0x0000000742000000,0x00000007bf700000)
  from space 4608K, 82% used [0x00000007bf700000,0x00000007bfab8000,0x00000007bfb80000)
  to   space 4608K, 0% used [0x00000007bfb80000,0x00000007bfb80000,0x00000007c0000000)
 ParOldGen       total 4128768K, used 3823939K [0x0000000646000000, 0x0000000742000000, 0x0000000742000000)
  object space 4128768K, 92% used [0x0000000646000000,0x000000072f650fa8,0x0000000742000000)
 Metaspace       used 259267K, capacity 294452K, committed 294600K, reserved 1290240K
  class space    used 44337K, capacity 53913K, committed 54016K, reserved 1048576K
}
Event: 4427.033 GC heap before
{Heap before GC invocations=798 (full 10):
 PSYoungGen      total 2059776K, used 2058976K [0x0000000742000000, 0x00000007c0000000, 0x00000007c0000000)
  eden space 2055168K, 100% used [0x0000000742000000,0x00000007bf700000,0x00000007bf700000)
  from space 4608K, 82% used [0x00000007bf700000,0x00000007bfab8000,0x00000007bfb80000)
  to   space 4608K, 0% used [0x00000007bfb80000,0x00000007bfb80000,0x00000007c0000000)
 ParOldGen       total 4128768K, used 3823939K [0x0000000646000000, 0x0000000742000000, 0x0000000742000000)
  object space 4128768K, 92% used [0x0000000646000000,0x000000072f650fa8,0x0000000742000000)
 Metaspace       used 259267K, capacity 294452K, committed 294600K, reserved 1290240K
  class space    used 44337K, capacity 53913K, committed 54016K, reserved 1048576K
Event: 4427.054 GC heap after
Heap after GC invocations=798 (full 10):
 PSYoungGen      total 2056704K, used 4576K [0x0000000742000000, 0x00000007c0000000, 0x00000007c0000000)
  eden space 2052096K, 0% used [0x0000000742000000,0x0000000742000000,0x00000007bf400000)
  from space 4608K, 99% used [0x00000007bfb80000,0x00000007bfff8018,0x00000007c0000000)
  to   space 6144K, 0% used [0x00000007bf400000,0x00000007bf400000,0x00000007bfa00000)
 ParOldGen       total 4128768K, used 3828163K [0x0000000646000000, 0x0000000742000000, 0x0000000742000000)
  object space 4128768K, 92% used [0x0000000646000000,0x000000072fa70fc0,0x0000000742000000)
 Metaspace       used 259267K, capacity 294452K, committed 294600K, reserved 1290240K
  class space    used 44337K, capacity 53913K, committed 54016K, reserved 1048576K
}
Event: 4434.532 GC heap before
{Heap before GC invocations=799 (full 10):
 PSYoungGen      total 2056704K, used 2056672K [0x0000000742000000, 0x00000007c0000000, 0x00000007c0000000)
  eden space 2052096K, 100% used [0x0000000742000000,0x00000007bf400000,0x00000007bf400000)
  from space 4608K, 99% used [0x00000007bfb80000,0x00000007bfff8018,0x00000007c0000000)
  to   space 6144K, 0% used [0x00000007bf400000,0x00000007bf400000,0x00000007bfa00000)
 ParOldGen       total 4128768K, used 3828163K [0x0000000646000000, 0x0000000742000000, 0x0000000742000000)
  object space 4128768K, 92% used [0x0000000646000000,0x000000072fa70fc0,0x0000000742000000)
 Metaspace       used 259267K, capacity 294452K, committed 294600K, reserved 1290240K
  class space    used 44337K, capacity 53913K, committed 54016K, reserved 1048576K
Event: 4434.550 GC heap after
Heap after GC invocations=799 (full 10):
 PSYoungGen      total 2057216K, used 4896K [0x0000000742000000, 0x00000007c0000000, 0x00000007c0000000)
  eden space 2052096K, 0% used [0x0000000742000000,0x0000000742000000,0x00000007bf400000)
  from space 5120K, 95% used [0x00000007bf400000,0x00000007bf8c8018,0x00000007bf900000)
  to   space 6656K, 0% used [0x00000007bf980000,0x00000007bf980000,0x00000007c0000000)
 ParOldGen       total 4128768K, used 3828259K [0x0000000646000000, 0x0000000742000000, 0x0000000742000000)
  object space 4128768K, 92% used [0x0000000646000000,0x000000072fa88fc0,0x0000000742000000)
 Metaspace       used 259267K, capacity 294452K, committed 294600K, reserved 1290240K
  class space    used 44337K, capacity 53913K, committed 54016K, reserved 1048576K
}
Event: 4443.369 GC heap before
{Heap before GC invocations=800 (full 10):
 PSYoungGen      total 2057216K, used 2056992K [0x0000000742000000, 0x00000007c0000000, 0x00000007c0000000)
  eden space 2052096K, 100% used [0x0000000742000000,0x00000007bf400000,0x00000007bf400000)
  from space 5120K, 95% used [0x00000007bf400000,0x00000007bf8c8018,0x00000007bf900000)
  to   space 6656K, 0% used [0x00000007bf980000,0x00000007bf980000,0x00000007c0000000)
 ParOldGen       total 4128768K, used 3828259K [0x0000000646000000, 0x0000000742000000, 0x0000000742000000)
  object space 4128768K, 92% used [0x0000000646000000,0x000000072fa88fc0,0x0000000742000000)
 Metaspace       used 259270K, capacity 294460K, committed 294600K, reserved 1290240K
  class space    used 44338K, capacity 53915K, committed 54016K, reserved 1048576K
Event: 4443.391 GC heap after
Heap after GC invocations=800 (full 10):
 PSYoungGen      total 2057728K, used 5120K [0x0000000742000000, 0x00000007c0000000, 0x00000007c0000000)
  eden space 2051072K, 0% used [0x0000000742000000,0x0000000742000000,0x00000007bf300000)
  from space 6656K, 76% used [0x00000007bf980000,0x00000007bfe80018,0x00000007c0000000)
  to   space 6656K, 0% used [0x00000007bf300000,0x00000007bf300000,0x00000007bf980000)
 ParOldGen       total 4128768K, used 3828259K [0x0000000646000000, 0x0000000742000000, 0x0000000742000000)
  object space 4128768K, 92% used [0x0000000646000000,0x000000072fa88fc0,0x0000000742000000)
 Metaspace       used 259270K, capacity 294460K, committed 294600K, reserved 1290240K
  class space    used 44338K, capacity 53915K, committed 54016K, reserved 1048576K
}

