# JRE version: Java(TM) SE Runtime Environment (8.0_51-b16) (build 1.8.0_51-b16)
# Java VM: Java HotSpot(TM) 64-Bit Server VM (25.51-b03 mixed mode windows-amd64 compressed oops)
Heap:
 PSYoungGen      total 1293312K, used 812966K [0x0000000742000000, 0x0000000795080000, 0x00000007c0000000)
  eden space 1230336K, 63% used [0x0000000742000000,0x0000000771f26048,0x000000078d180000)
  from space 62976K, 43% used [0x000000078d180000,0x000000078ec43918,0x0000000790f00000)
  to   space 61440K, 0% used [0x0000000791480000,0x0000000791480000,0x0000000795080000)
 ParOldGen       total 3606528K, used 2974195K [0x0000000646000000, 0x0000000722200000, 0x0000000742000000)
  object space 3606528K, 82% used [0x0000000646000000,0x00000006fb87cdd8,0x0000000722200000)
 Metaspace       used 282976K, capacity 327970K, committed 328140K, reserved 1318912K
  class space    used 48131K, capacity 59332K, committed 59392K, reserved 1048576K
GC Heap History (10 events):
Event: 694.130 GC heap before
{Heap before GC invocations=269 (full 12):
 PSYoungGen      total 1292800K, used 1232921K [0x0000000742000000, 0x0000000796300000, 0x00000007c0000000)
  eden space 1216512K, 100% used [0x0000000742000000,0x000000078c400000,0x000000078c400000)
  from space 76288K, 21% used [0x0000000791880000,0x0000000792886630,0x0000000796300000)
  to   space 81408K, 0% used [0x000000078c400000,0x000000078c400000,0x0000000791380000)
 ParOldGen       total 3606528K, used 2973891K [0x0000000646000000, 0x0000000722200000, 0x0000000742000000)
  object space 3606528K, 82% used [0x0000000646000000,0x00000006fb830dd8,0x0000000722200000)
 Metaspace       used 282789K, capacity 327712K, committed 327884K, reserved 1318912K
  class space    used 48106K, capacity 59297K, committed 59392K, reserved 1048576K
Event: 694.146 GC heap after
Heap after GC invocations=269 (full 12):
 PSYoungGen      total 1297920K, used 18201K [0x0000000742000000, 0x0000000796000000, 0x00000007c0000000)
  eden space 1216512K, 0% used [0x0000000742000000,0x0000000742000000,0x000000078c400000)
  from space 81408K, 22% used [0x000000078c400000,0x000000078d5c6680,0x0000000791380000)
  to   space 76288K, 0% used [0x0000000791580000,0x0000000791580000,0x0000000796000000)
 ParOldGen       total 3606528K, used 2973947K [0x0000000646000000, 0x0000000722200000, 0x0000000742000000)
  object space 3606528K, 82% used [0x0000000646000000,0x00000006fb83edd8,0x0000000722200000)
 Metaspace       used 282789K, capacity 327712K, committed 327884K, reserved 1318912K
  class space    used 48106K, capacity 59297K, committed 59392K, reserved 1048576K
}
Event: 698.498 GC heap before
{Heap before GC invocations=270 (full 12):
 PSYoungGen      total 1297920K, used 1234713K [0x0000000742000000, 0x0000000796000000, 0x00000007c0000000)
  eden space 1216512K, 100% used [0x0000000742000000,0x000000078c400000,0x000000078c400000)
  from space 81408K, 22% used [0x000000078c400000,0x000000078d5c6680,0x0000000791380000)
  to   space 76288K, 0% used [0x0000000791580000,0x0000000791580000,0x0000000796000000)
 ParOldGen       total 3606528K, used 2973947K [0x0000000646000000, 0x0000000722200000, 0x0000000742000000)
  object space 3606528K, 82% used [0x0000000646000000,0x00000006fb83edd8,0x0000000722200000)
 Metaspace       used 282799K, capacity 327724K, committed 327884K, reserved 1318912K
  class space    used 48106K, capacity 59297K, committed 59392K, reserved 1048576K
Event: 698.514 GC heap after
Heap after GC invocations=270 (full 12):
 PSYoungGen      total 1290752K, used 17481K [0x0000000742000000, 0x0000000795700000, 0x00000007c0000000)
  eden space 1223680K, 0% used [0x0000000742000000,0x0000000742000000,0x000000078cb00000)
  from space 67072K, 26% used [0x0000000791580000,0x0000000792692658,0x0000000795700000)
  to   space 71680K, 0% used [0x000000078cb00000,0x000000078cb00000,0x0000000791100000)
 ParOldGen       total 3606528K, used 2973987K [0x0000000646000000, 0x0000000722200000, 0x0000000742000000)
  object space 3606528K, 82% used [0x0000000646000000,0x00000006fb848dd8,0x0000000722200000)
 Metaspace       used 282799K, capacity 327724K, committed 327884K, reserved 1318912K
  class space    used 48106K, capacity 59297K, committed 59392K, reserved 1048576K
}
Event: 703.588 GC heap before
{Heap before GC invocations=271 (full 12):
 PSYoungGen      total 1290752K, used 1241161K [0x0000000742000000, 0x0000000795700000, 0x00000007c0000000)
  eden space 1223680K, 100% used [0x0000000742000000,0x000000078cb00000,0x000000078cb00000)
  from space 67072K, 26% used [0x0000000791580000,0x0000000792692658,0x0000000795700000)
  to   space 71680K, 0% used [0x000000078cb00000,0x000000078cb00000,0x0000000791100000)
 ParOldGen       total 3606528K, used 2973987K [0x0000000646000000, 0x0000000722200000, 0x0000000742000000)
  object space 3606528K, 82% used [0x0000000646000000,0x00000006fb848dd8,0x0000000722200000)
 Metaspace       used 282804K, capacity 327724K, committed 327884K, reserved 1318912K
  class space    used 48106K, capacity 59297K, committed 59392K, reserved 1048576K
Event: 703.604 GC heap after
Heap after GC invocations=271 (full 12):
 PSYoungGen      total 1295360K, used 17401K [0x0000000742000000, 0x0000000795500000, 0x00000007c0000000)
  eden space 1223680K, 0% used [0x0000000742000000,0x0000000742000000,0x000000078cb00000)
  from space 71680K, 24% used [0x000000078cb00000,0x000000078dbfe630,0x0000000791100000)
  to   space 67072K, 0% used [0x0000000791380000,0x0000000791380000,0x0000000795500000)
 ParOldGen       total 3606528K, used 2974035K [0x0000000646000000, 0x0000000722200000, 0x0000000742000000)
  object space 3606528K, 82% used [0x0000000646000000,0x00000006fb854dd8,0x0000000722200000)
 Metaspace       used 282804K, capacity 327724K, committed 327884K, reserved 1318912K
  class space    used 48106K, capacity 59297K, committed 59392K, reserved 1048576K
}
Event: 708.932 GC heap before
{Heap before GC invocations=272 (full 12):
 PSYoungGen      total 1295360K, used 1241081K [0x0000000742000000, 0x0000000795500000, 0x00000007c0000000)
  eden space 1223680K, 100% used [0x0000000742000000,0x000000078cb00000,0x000000078cb00000)
  from space 71680K, 24% used [0x000000078cb00000,0x000000078dbfe630,0x0000000791100000)
  to   space 67072K, 0% used [0x0000000791380000,0x0000000791380000,0x0000000795500000)
 ParOldGen       total 3606528K, used 2974035K [0x0000000646000000, 0x0000000722200000, 0x0000000742000000)
  object space 3606528K, 82% used [0x0000000646000000,0x00000006fb854dd8,0x0000000722200000)
 Metaspace       used 282804K, capacity 327724K, committed 327884K, reserved 1318912K
  class space    used 48106K, capacity 59297K, committed 59392K, reserved 1048576K
Event: 708.947 GC heap after
Heap after GC invocations=272 (full 12):
 PSYoungGen      total 1288704K, used 17513K [0x0000000742000000, 0x0000000794c80000, 0x00000007c0000000)
  eden space 1230336K, 0% used [0x0000000742000000,0x0000000742000000,0x000000078d180000)
  from space 58368K, 30% used [0x0000000791380000,0x000000079249a620,0x0000000794c80000)
  to   space 62976K, 0% used [0x000000078d180000,0x000000078d180000,0x0000000790f00000)
 ParOldGen       total 3606528K, used 2974099K [0x0000000646000000, 0x0000000722200000, 0x0000000742000000)
  object space 3606528K, 82% used [0x0000000646000000,0x00000006fb864dd8,0x0000000722200000)
 Metaspace       used 282804K, capacity 327724K, committed 327884K, reserved 1318912K
  class space    used 48106K, capacity 59297K, committed 59392K, reserved 1048576K
}
Event: 712.735 GC heap before
{Heap before GC invocations=273 (full 12):
 PSYoungGen      total 1288704K, used 1247849K [0x0000000742000000, 0x0000000794c80000, 0x00000007c0000000)
  eden space 1230336K, 100% used [0x0000000742000000,0x000000078d180000,0x000000078d180000)
  from space 58368K, 30% used [0x0000000791380000,0x000000079249a620,0x0000000794c80000)
  to   space 62976K, 0% used [0x000000078d180000,0x000000078d180000,0x0000000790f00000)
 ParOldGen       total 3606528K, used 2974099K [0x0000000646000000, 0x0000000722200000, 0x0000000742000000)
  object space 3606528K, 82% used [0x0000000646000000,0x00000006fb864dd8,0x0000000722200000)
 Metaspace       used 282848K, capacity 327816K, committed 328140K, reserved 1318912K
  class space    used 48106K, capacity 59297K, committed 59392K, reserved 1048576K
Event: 712.751 GC heap after
Heap after GC invocations=273 (full 12):
 PSYoungGen      total 1293312K, used 27406K [0x0000000742000000, 0x0000000795080000, 0x00000007c0000000)
  eden space 1230336K, 0% used [0x0000000742000000,0x0000000742000000,0x000000078d180000)
  from space 62976K, 43% used [0x000000078d180000,0x000000078ec43918,0x0000000790f00000)
  to   space 61440K, 0% used [0x0000000791480000,0x0000000791480000,0x0000000795080000)
 ParOldGen       total 3606528K, used 2974195K [0x0000000646000000, 0x0000000722200000, 0x0000000742000000)
  object space 3606528K, 82% used [0x0000000646000000,0x00000006fb87cdd8,0x0000000722200000)
 Metaspace       used 282848K, capacity 327816K, committed 328140K, reserved 1318912K
  class space    used 48106K, capacity 59297K, committed 59392K, reserved 1048576K
}

