# JRE version: Java(TM) SE Runtime Environment (8.0_51-b16) (build 1.8.0_51-b16)
# Java VM: Java HotSpot(TM) 64-Bit Server VM (25.51-b03 mixed mode windows-amd64 compressed oops)
Heap:
 PSYoungGen      total 1158144K, used 190573K [0x0000000756000000, 0x00000007c0000000, 0x00000007c0000000)
  eden space 579584K, 32% used [0x0000000756000000,0x0000000761a1b5b8,0x0000000779600000)
  from space 578560K, 0% used [0x000000079cb00000,0x000000079cb00000,0x00000007c0000000)
  to   space 578560K, 0% used [0x0000000779600000,0x0000000779600000,0x000000079cb00000)
 ParOldGen       total 3473408K, used 3473120K [0x0000000682000000, 0x0000000756000000, 0x0000000756000000)
  object space 3473408K, 99% used [0x0000000682000000,0x0000000755fb8228,0x0000000756000000)
 Metaspace       used 289855K, capacity 336124K, committed 336384K, reserved 1325056K
  class space    used 48972K, capacity 60333K, committed 60416K, reserved 1048576K
GC Heap History (10 events):
Event: 627.956 GC heap before
{Heap before GC invocations=334 (full 49):
 PSYoungGen      total 1158144K, used 579584K [0x0000000756000000, 0x00000007c0000000, 0x00000007c0000000)
  eden space 579584K, 100% used [0x0000000756000000,0x0000000779600000,0x0000000779600000)
  from space 578560K, 0% used [0x000000079cb00000,0x000000079cb00000,0x00000007c0000000)
  to   space 578560K, 0% used [0x0000000779600000,0x0000000779600000,0x000000079cb00000)
 ParOldGen       total 3473408K, used 3473080K [0x0000000682000000, 0x0000000756000000, 0x0000000756000000)
  object space 3473408K, 99% used [0x0000000682000000,0x0000000755fae2c0,0x0000000756000000)
 Metaspace       used 289742K, capacity 335918K, committed 336128K, reserved 1325056K
  class space    used 48955K, capacity 60310K, committed 60416K, reserved 1048576K
Event: 634.531 GC heap after
Heap after GC invocations=334 (full 49):
 PSYoungGen      total 1158144K, used 87464K [0x0000000756000000, 0x00000007c0000000, 0x00000007c0000000)
  eden space 579584K, 15% used [0x0000000756000000,0x000000075b56a138,0x0000000779600000)
  from space 578560K, 0% used [0x000000079cb00000,0x000000079cb00000,0x00000007c0000000)
  to   space 578560K, 0% used [0x0000000779600000,0x0000000779600000,0x000000079cb00000)
 ParOldGen       total 3473408K, used 3473366K [0x0000000682000000, 0x0000000756000000, 0x0000000756000000)
  object space 3473408K, 99% used [0x0000000682000000,0x0000000755ff58c0,0x0000000756000000)
 Metaspace       used 289742K, capacity 335918K, committed 336128K, reserved 1325056K
  class space    used 48955K, capacity 60310K, committed 60416K, reserved 1048576K
}
Event: 635.382 GC heap before
{Heap before GC invocations=335 (full 50):
 PSYoungGen      total 1158144K, used 579584K [0x0000000756000000, 0x00000007c0000000, 0x00000007c0000000)
  eden space 579584K, 100% used [0x0000000756000000,0x0000000779600000,0x0000000779600000)
  from space 578560K, 0% used [0x000000079cb00000,0x000000079cb00000,0x00000007c0000000)
  to   space 578560K, 0% used [0x0000000779600000,0x0000000779600000,0x000000079cb00000)
 ParOldGen       total 3473408K, used 3473408K [0x0000000682000000, 0x0000000756000000, 0x0000000756000000)
  object space 3473408K, 100% used [0x0000000682000000,0x0000000756000000,0x0000000756000000)
 Metaspace       used 289758K, capacity 336020K, committed 336128K, reserved 1325056K
  class space    used 48956K, capacity 60311K, committed 60416K, reserved 1048576K
Event: 642.656 GC heap after
Heap after GC invocations=335 (full 50):
 PSYoungGen      total 1158144K, used 87426K [0x0000000756000000, 0x00000007c0000000, 0x00000007c0000000)
  eden space 579584K, 15% used [0x0000000756000000,0x000000075b560be0,0x0000000779600000)
  from space 578560K, 0% used [0x000000079cb00000,0x000000079cb00000,0x00000007c0000000)
  to   space 578560K, 0% used [0x0000000779600000,0x0000000779600000,0x000000079cb00000)
 ParOldGen       total 3473408K, used 3472955K [0x0000000682000000, 0x0000000756000000, 0x0000000756000000)
  object space 3473408K, 99% used [0x0000000682000000,0x0000000755f8ec60,0x0000000756000000)
 Metaspace       used 289758K, capacity 336020K, committed 336128K, reserved 1325056K
  class space    used 48956K, capacity 60311K, committed 60416K, reserved 1048576K
}
Event: 643.474 GC heap before
{Heap before GC invocations=336 (full 51):
 PSYoungGen      total 1158144K, used 579584K [0x0000000756000000, 0x00000007c0000000, 0x00000007c0000000)
  eden space 579584K, 100% used [0x0000000756000000,0x0000000779600000,0x0000000779600000)
  from space 578560K, 0% used [0x000000079cb00000,0x000000079cb00000,0x00000007c0000000)
  to   space 578560K, 0% used [0x0000000779600000,0x0000000779600000,0x000000079cb00000)
 ParOldGen       total 3473408K, used 3472956K [0x0000000682000000, 0x0000000756000000, 0x0000000756000000)
  object space 3473408K, 99% used [0x0000000682000000,0x0000000755f8f2b8,0x0000000756000000)
 Metaspace       used 289805K, capacity 336080K, committed 336384K, reserved 1325056K
  class space    used 48962K, capacity 60321K, committed 60416K, reserved 1048576K
Event: 650.515 GC heap after
Heap after GC invocations=336 (full 51):
 PSYoungGen      total 1158144K, used 81353K [0x0000000756000000, 0x00000007c0000000, 0x00000007c0000000)
  eden space 579584K, 14% used [0x0000000756000000,0x000000075af726c0,0x0000000779600000)
  from space 578560K, 0% used [0x000000079cb00000,0x000000079cb00000,0x00000007c0000000)
  to   space 578560K, 0% used [0x0000000779600000,0x0000000779600000,0x000000079cb00000)
 ParOldGen       total 3473408K, used 3473019K [0x0000000682000000, 0x0000000756000000, 0x0000000756000000)
  object space 3473408K, 99% used [0x0000000682000000,0x0000000755f9ef10,0x0000000756000000)
 Metaspace       used 289805K, capacity 336080K, committed 336384K, reserved 1325056K
  class space    used 48962K, capacity 60321K, committed 60416K, reserved 1048576K
}
Event: 651.436 GC heap before
{Heap before GC invocations=337 (full 52):
 PSYoungGen      total 1158144K, used 579584K [0x0000000756000000, 0x00000007c0000000, 0x00000007c0000000)
  eden space 579584K, 100% used [0x0000000756000000,0x0000000779600000,0x0000000779600000)
  from space 578560K, 0% used [0x000000079cb00000,0x000000079cb00000,0x00000007c0000000)
  to   space 578560K, 0% used [0x0000000779600000,0x0000000779600000,0x000000079cb00000)
 ParOldGen       total 3473408K, used 3473019K [0x0000000682000000, 0x0000000756000000, 0x0000000756000000)
  object space 3473408K, 99% used [0x0000000682000000,0x0000000755f9ef10,0x0000000756000000)
 Metaspace       used 289809K, capacity 336080K, committed 336384K, reserved 1325056K
  class space    used 48962K, capacity 60321K, committed 60416K, reserved 1048576K
Event: 658.605 GC heap after
Heap after GC invocations=337 (full 52):
 PSYoungGen      total 1158144K, used 83914K [0x0000000756000000, 0x00000007c0000000, 0x00000007c0000000)
  eden space 579584K, 14% used [0x0000000756000000,0x000000075b1f2af8,0x0000000779600000)
  from space 578560K, 0% used [0x000000079cb00000,0x000000079cb00000,0x00000007c0000000)
  to   space 578560K, 0% used [0x0000000779600000,0x0000000779600000,0x000000079cb00000)
 ParOldGen       total 3473408K, used 3473282K [0x0000000682000000, 0x0000000756000000, 0x0000000756000000)
  object space 3473408K, 99% used [0x0000000682000000,0x0000000755fe0ae8,0x0000000756000000)
 Metaspace       used 289809K, capacity 336080K, committed 336384K, reserved 1325056K
  class space    used 48962K, capacity 60321K, committed 60416K, reserved 1048576K
}
Event: 659.732 GC heap before
{Heap before GC invocations=338 (full 53):
 PSYoungGen      total 1158144K, used 579584K [0x0000000756000000, 0x00000007c0000000, 0x00000007c0000000)
  eden space 579584K, 100% used [0x0000000756000000,0x0000000779600000,0x0000000779600000)
  from space 578560K, 0% used [0x000000079cb00000,0x000000079cb00000,0x00000007c0000000)
  to   space 578560K, 0% used [0x0000000779600000,0x0000000779600000,0x000000079cb00000)
 ParOldGen       total 3473408K, used 3473282K [0x0000000682000000, 0x0000000756000000, 0x0000000756000000)
  object space 3473408K, 99% used [0x0000000682000000,0x0000000755fe0ae8,0x0000000756000000)
 Metaspace       used 289809K, capacity 336080K, committed 336384K, reserved 1325056K
  class space    used 48962K, capacity 60321K, committed 60416K, reserved 1048576K
Event: 666.596 GC heap after
Heap after GC invocations=338 (full 53):
 PSYoungGen      total 1158144K, used 113794K [0x0000000756000000, 0x00000007c0000000, 0x00000007c0000000)
  eden space 579584K, 19% used [0x0000000756000000,0x000000075cf20a40,0x0000000779600000)
  from space 578560K, 0% used [0x000000079cb00000,0x000000079cb00000,0x00000007c0000000)
  to   space 578560K, 0% used [0x0000000779600000,0x0000000779600000,0x000000079cb00000)
 ParOldGen       total 3473408K, used 3473120K [0x0000000682000000, 0x0000000756000000, 0x0000000756000000)
  object space 3473408K, 99% used [0x0000000682000000,0x0000000755fb8228,0x0000000756000000)
 Metaspace       used 289809K, capacity 336080K, committed 336384K, reserved 1325056K
  class space    used 48962K, capacity 60321K, committed 60416K, reserved 1048576K
}

