# JRE version: Java(TM) SE Runtime Environment (8.0_51-b16) (build 1.8.0_51-b16)
# Java VM: Java HotSpot(TM) 64-Bit Server VM (25.51-b03 mixed mode windows-amd64 compressed oops)
Heap:
 PSYoungGen      total 1405952K, used 905873K [0x0000000756000000, 0x00000007b0d00000, 0x00000007c0000000)
  eden space 1342976K, 66% used [0x0000000756000000,0x000000078c902758,0x00000007a7f80000)
  from space 62976K, 18% used [0x00000007a7f80000,0x00000007a8b21cd0,0x00000007abd00000)
  to   space 66048K, 0% used [0x00000007acc80000,0x00000007acc80000,0x00000007b0d00000)
 ParOldGen       total 2974720K, used 2316347K [0x0000000682000000, 0x0000000737900000, 0x0000000756000000)
  object space 2974720K, 77% used [0x0000000682000000,0x000000070f60ef18,0x0000000737900000)
 Metaspace       used 286463K, capacity 331671K, committed 331744K, reserved 1320960K
  class space    used 48613K, capacity 59833K, committed 59872K, reserved 1048576K
GC Heap History (10 events):
Event: 359.888 GC heap before
{Heap before GC invocations=203 (full 9):
 PSYoungGen      total 1392640K, used 1367604K [0x0000000756000000, 0x00000007afc80000, 0x00000007c0000000)
  eden space 1322496K, 100% used [0x0000000756000000,0x00000007a6b80000,0x00000007a6b80000)
  from space 70144K, 64% used [0x00000007a6b80000,0x00000007a978d2b0,0x00000007ab000000)
  to   space 69120K, 0% used [0x00000007ab900000,0x00000007ab900000,0x00000007afc80000)
 ParOldGen       total 2822656K, used 2810942K [0x0000000682000000, 0x000000072e480000, 0x0000000756000000)
  object space 2822656K, 99% used [0x0000000682000000,0x000000072d90f958,0x000000072e480000)
 Metaspace       used 286217K, capacity 331265K, committed 331488K, reserved 1320960K
  class space    used 48558K, capacity 59758K, committed 59872K, reserved 1048576K
Event: 359.909 GC heap after
Heap after GC invocations=203 (full 9):
 PSYoungGen      total 1396736K, used 43460K [0x0000000756000000, 0x00000007af800000, 0x00000007c0000000)
  eden space 1332224K, 0% used [0x0000000756000000,0x0000000756000000,0x00000007a7500000)
  from space 64512K, 67% used [0x00000007ab900000,0x00000007ae371288,0x00000007af800000)
  to   space 67072K, 0% used [0x00000007a7500000,0x00000007a7500000,0x00000007ab680000)
 ParOldGen       total 2822656K, used 2813058K [0x0000000682000000, 0x000000072e480000, 0x0000000756000000)
  object space 2822656K, 99% used [0x0000000682000000,0x000000072db20bf8,0x000000072e480000)
 Metaspace       used 286217K, capacity 331265K, committed 331488K, reserved 1320960K
  class space    used 48558K, capacity 59758K, committed 59872K, reserved 1048576K
}
Event: 364.232 GC heap before
{Heap before GC invocations=204 (full 9):
 PSYoungGen      total 1396736K, used 1375684K [0x0000000756000000, 0x00000007af800000, 0x00000007c0000000)
  eden space 1332224K, 100% used [0x0000000756000000,0x00000007a7500000,0x00000007a7500000)
  from space 64512K, 67% used [0x00000007ab900000,0x00000007ae371288,0x00000007af800000)
  to   space 67072K, 0% used [0x00000007a7500000,0x00000007a7500000,0x00000007ab680000)
 ParOldGen       total 2822656K, used 2813058K [0x0000000682000000, 0x000000072e480000, 0x0000000756000000)
  object space 2822656K, 99% used [0x0000000682000000,0x000000072db20bf8,0x000000072e480000)
 Metaspace       used 286222K, capacity 331265K, committed 331488K, reserved 1320960K
  class space    used 48558K, capacity 59758K, committed 59872K, reserved 1048576K
Event: 364.252 GC heap after
Heap after GC invocations=204 (full 9):
 PSYoungGen      total 1399296K, used 41620K [0x0000000756000000, 0x00000007afc80000, 0x00000007c0000000)
  eden space 1332224K, 0% used [0x0000000756000000,0x0000000756000000,0x00000007a7500000)
  from space 67072K, 62% used [0x00000007a7500000,0x00000007a9da5270,0x00000007ab680000)
  to   space 64512K, 0% used [0x00000007abd80000,0x00000007abd80000,0x00000007afc80000)
 ParOldGen       total 2822656K, used 2815106K [0x0000000682000000, 0x000000072e480000, 0x0000000756000000)
  object space 2822656K, 99% used [0x0000000682000000,0x000000072dd209c8,0x000000072e480000)
 Metaspace       used 286222K, capacity 331265K, committed 331488K, reserved 1320960K
  class space    used 48558K, capacity 59758K, committed 59872K, reserved 1048576K
}
Event: 367.208 GC heap before
{Heap before GC invocations=205 (full 9):
 PSYoungGen      total 1399296K, used 1373844K [0x0000000756000000, 0x00000007afc80000, 0x00000007c0000000)
  eden space 1332224K, 100% used [0x0000000756000000,0x00000007a7500000,0x00000007a7500000)
  from space 67072K, 62% used [0x00000007a7500000,0x00000007a9da5270,0x00000007ab680000)
  to   space 64512K, 0% used [0x00000007abd80000,0x00000007abd80000,0x00000007afc80000)
 ParOldGen       total 2822656K, used 2815106K [0x0000000682000000, 0x000000072e480000, 0x0000000756000000)
  object space 2822656K, 99% used [0x0000000682000000,0x000000072dd209c8,0x000000072e480000)
 Metaspace       used 286225K, capacity 331265K, committed 331488K, reserved 1320960K
  class space    used 48558K, capacity 59758K, committed 59872K, reserved 1048576K
Event: 367.227 GC heap after
Heap after GC invocations=205 (full 9):
 PSYoungGen      total 1405440K, used 37076K [0x0000000756000000, 0x00000007afa80000, 0x00000007c0000000)
  eden space 1342976K, 0% used [0x0000000756000000,0x0000000756000000,0x00000007a7f80000)
  from space 62464K, 59% used [0x00000007abd80000,0x00000007ae1b5290,0x00000007afa80000)
  to   space 62976K, 0% used [0x00000007a7f80000,0x00000007a7f80000,0x00000007abd00000)
 ParOldGen       total 2822656K, used 2819890K [0x0000000682000000, 0x000000072e480000, 0x0000000756000000)
  object space 2822656K, 99% used [0x0000000682000000,0x000000072e1ccae0,0x000000072e480000)
 Metaspace       used 286225K, capacity 331265K, committed 331488K, reserved 1320960K
  class space    used 48558K, capacity 59758K, committed 59872K, reserved 1048576K
}
Event: 367.227 GC heap before
{Heap before GC invocations=206 (full 10):
 PSYoungGen      total 1405440K, used 37076K [0x0000000756000000, 0x00000007afa80000, 0x00000007c0000000)
  eden space 1342976K, 0% used [0x0000000756000000,0x0000000756000000,0x00000007a7f80000)
  from space 62464K, 59% used [0x00000007abd80000,0x00000007ae1b5290,0x00000007afa80000)
  to   space 62976K, 0% used [0x00000007a7f80000,0x00000007a7f80000,0x00000007abd00000)
 ParOldGen       total 2822656K, used 2819890K [0x0000000682000000, 0x000000072e480000, 0x0000000756000000)
  object space 2822656K, 99% used [0x0000000682000000,0x000000072e1ccae0,0x000000072e480000)
 Metaspace       used 286225K, capacity 331265K, committed 331488K, reserved 1320960K
  class space    used 48558K, capacity 59758K, committed 59872K, reserved 1048576K
Event: 368.801 GC heap after
Heap after GC invocations=206 (full 10):
 PSYoungGen      total 1405440K, used 0K [0x0000000756000000, 0x00000007afa80000, 0x00000007c0000000)
  eden space 1342976K, 0% used [0x0000000756000000,0x0000000756000000,0x00000007a7f80000)
  from space 62464K, 0% used [0x00000007abd80000,0x00000007abd80000,0x00000007afa80000)
  to   space 62976K, 0% used [0x00000007a7f80000,0x00000007a7f80000,0x00000007abd00000)
 ParOldGen       total 2974720K, used 2316339K [0x0000000682000000, 0x0000000737900000, 0x0000000756000000)
  object space 2974720K, 77% used [0x0000000682000000,0x000000070f60cf18,0x0000000737900000)
 Metaspace       used 286221K, capacity 331259K, committed 331488K, reserved 1320960K
  class space    used 48556K, capacity 59755K, committed 59872K, reserved 1048576K
}
Event: 371.345 GC heap before
{Heap before GC invocations=207 (full 10):
 PSYoungGen      total 1405440K, used 1342976K [0x0000000756000000, 0x00000007afa80000, 0x00000007c0000000)
  eden space 1342976K, 100% used [0x0000000756000000,0x00000007a7f80000,0x00000007a7f80000)
  from space 62464K, 0% used [0x00000007abd80000,0x00000007abd80000,0x00000007afa80000)
  to   space 62976K, 0% used [0x00000007a7f80000,0x00000007a7f80000,0x00000007abd00000)
 ParOldGen       total 2974720K, used 2316339K [0x0000000682000000, 0x0000000737900000, 0x0000000756000000)
  object space 2974720K, 77% used [0x0000000682000000,0x000000070f60cf18,0x0000000737900000)
 Metaspace       used 286448K, capacity 331659K, committed 331744K, reserved 1320960K
  class space    used 48613K, capacity 59833K, committed 59872K, reserved 1048576K
Event: 371.360 GC heap after
Heap after GC invocations=207 (full 10):
 PSYoungGen      total 1405952K, used 11911K [0x0000000756000000, 0x00000007b0d00000, 0x00000007c0000000)
  eden space 1342976K, 0% used [0x0000000756000000,0x0000000756000000,0x00000007a7f80000)
  from space 62976K, 18% used [0x00000007a7f80000,0x00000007a8b21cd0,0x00000007abd00000)
  to   space 66048K, 0% used [0x00000007acc80000,0x00000007acc80000,0x00000007b0d00000)
 ParOldGen       total 2974720K, used 2316347K [0x0000000682000000, 0x0000000737900000, 0x0000000756000000)
  object space 2974720K, 77% used [0x0000000682000000,0x000000070f60ef18,0x0000000737900000)
 Metaspace       used 286448K, capacity 331659K, committed 331744K, reserved 1320960K
  class space    used 48613K, capacity 59833K, committed 59872K, reserved 1048576K
}

