# JRE version: Java(TM) SE Runtime Environment (8.0_51-b16) (build 1.8.0_51-b16)
# Java VM: Java HotSpot(TM) 64-Bit Server VM (25.51-b03 mixed mode windows-amd64 compressed oops)
Heap:
 PSYoungGen      total 1717248K, used 952812K [0x0000000756b00000, 0x00000007c0000000, 0x00000007c0000000)
  eden space 1710080K, 55% used [0x0000000756b00000,0x0000000790a6b348,0x00000007bf100000)
  from space 7168K, 43% used [0x00000007bf100000,0x00000007bf410000,0x00000007bf800000)
  to   space 7168K, 0% used [0x00000007bf900000,0x00000007bf900000,0x00000007c0000000)
 ParOldGen       total 2191872K, used 1738423K [0x0000000684000000, 0x0000000709c80000, 0x0000000756b00000)
  object space 2191872K, 79% used [0x0000000684000000,0x00000006ee1adf70,0x0000000709c80000)
 Metaspace       used 259083K, capacity 294277K, committed 294356K, reserved 1290240K
  class space    used 44410K, capacity 54014K, committed 54016K, reserved 1048576K
GC Heap History (10 events):
Event: 1092.910 GC heap before
{Heap before GC invocations=329 (full 8):
 PSYoungGen      total 1716224K, used 1711968K [0x0000000756b00000, 0x00000007bfe80000, 0x00000007c0000000)
  eden space 1708544K, 100% used [0x0000000756b00000,0x00000007bef80000,0x00000007bef80000)
  from space 7680K, 44% used [0x00000007bf700000,0x00000007bfa58000,0x00000007bfe80000)
  to   space 7680K, 0% used [0x00000007bef80000,0x00000007bef80000,0x00000007bf700000)
 ParOldGen       total 2191872K, used 1737727K [0x0000000684000000, 0x0000000709c80000, 0x0000000756b00000)
  object space 2191872K, 79% used [0x0000000684000000,0x00000006ee0fff70,0x0000000709c80000)
 Metaspace       used 258896K, capacity 293929K, committed 294100K, reserved 1290240K
  class space    used 44375K, capacity 53970K, committed 54016K, reserved 1048576K
Event: 1092.920 GC heap after
Heap after GC invocations=329 (full 8):
 PSYoungGen      total 1716224K, used 4928K [0x0000000756b00000, 0x00000007c0000000, 0x00000007c0000000)
  eden space 1708544K, 0% used [0x0000000756b00000,0x0000000756b00000,0x00000007bef80000)
  from space 7680K, 64% used [0x00000007bef80000,0x00000007bf450000,0x00000007bf700000)
  to   space 7680K, 0% used [0x00000007bf880000,0x00000007bf880000,0x00000007c0000000)
 ParOldGen       total 2191872K, used 1737847K [0x0000000684000000, 0x0000000709c80000, 0x0000000756b00000)
  object space 2191872K, 79% used [0x0000000684000000,0x00000006ee11df70,0x0000000709c80000)
 Metaspace       used 258896K, capacity 293929K, committed 294100K, reserved 1290240K
  class space    used 44375K, capacity 53970K, committed 54016K, reserved 1048576K
}
Event: 1097.448 GC heap before
{Heap before GC invocations=330 (full 8):
 PSYoungGen      total 1716224K, used 1713472K [0x0000000756b00000, 0x00000007c0000000, 0x00000007c0000000)
  eden space 1708544K, 100% used [0x0000000756b00000,0x00000007bef80000,0x00000007bef80000)
  from space 7680K, 64% used [0x00000007bef80000,0x00000007bf450000,0x00000007bf700000)
  to   space 7680K, 0% used [0x00000007bf880000,0x00000007bf880000,0x00000007c0000000)
 ParOldGen       total 2191872K, used 1737847K [0x0000000684000000, 0x0000000709c80000, 0x0000000756b00000)
  object space 2191872K, 79% used [0x0000000684000000,0x00000006ee11df70,0x0000000709c80000)
 Metaspace       used 258897K, capacity 293997K, committed 294100K, reserved 1290240K
  class space    used 44375K, capacity 53970K, committed 54016K, reserved 1048576K
Event: 1097.458 GC heap after
Heap after GC invocations=330 (full 8):
 PSYoungGen      total 1717760K, used 3296K [0x0000000756b00000, 0x00000007c0000000, 0x00000007c0000000)
  eden space 1710080K, 0% used [0x0000000756b00000,0x0000000756b00000,0x00000007bf100000)
  from space 7680K, 42% used [0x00000007bf880000,0x00000007bfbb8000,0x00000007c0000000)
  to   space 7680K, 0% used [0x00000007bf100000,0x00000007bf100000,0x00000007bf880000)
 ParOldGen       total 2191872K, used 1738015K [0x0000000684000000, 0x0000000709c80000, 0x0000000756b00000)
  object space 2191872K, 79% used [0x0000000684000000,0x00000006ee147f70,0x0000000709c80000)
 Metaspace       used 258897K, capacity 293997K, committed 294100K, reserved 1290240K
  class space    used 44375K, capacity 53970K, committed 54016K, reserved 1048576K
}
Event: 1102.036 GC heap before
{Heap before GC invocations=331 (full 8):
 PSYoungGen      total 1717760K, used 1713376K [0x0000000756b00000, 0x00000007c0000000, 0x00000007c0000000)
  eden space 1710080K, 100% used [0x0000000756b00000,0x00000007bf100000,0x00000007bf100000)
  from space 7680K, 42% used [0x00000007bf880000,0x00000007bfbb8000,0x00000007c0000000)
  to   space 7680K, 0% used [0x00000007bf100000,0x00000007bf100000,0x00000007bf880000)
 ParOldGen       total 2191872K, used 1738015K [0x0000000684000000, 0x0000000709c80000, 0x0000000756b00000)
  object space 2191872K, 79% used [0x0000000684000000,0x00000006ee147f70,0x0000000709c80000)
 Metaspace       used 258900K, capacity 293997K, committed 294100K, reserved 1290240K
  class space    used 44375K, capacity 53970K, committed 54016K, reserved 1048576K
Event: 1102.046 GC heap after
Heap after GC invocations=331 (full 8):
 PSYoungGen      total 1717760K, used 3200K [0x0000000756b00000, 0x00000007c0000000, 0x00000007c0000000)
  eden space 1710080K, 0% used [0x0000000756b00000,0x0000000756b00000,0x00000007bf100000)
  from space 7680K, 41% used [0x00000007bf100000,0x00000007bf420000,0x00000007bf880000)
  to   space 7680K, 0% used [0x00000007bf880000,0x00000007bf880000,0x00000007c0000000)
 ParOldGen       total 2191872K, used 1738175K [0x0000000684000000, 0x0000000709c80000, 0x0000000756b00000)
  object space 2191872K, 79% used [0x0000000684000000,0x00000006ee16ff70,0x0000000709c80000)
 Metaspace       used 258900K, capacity 293997K, committed 294100K, reserved 1290240K
  class space    used 44375K, capacity 53970K, committed 54016K, reserved 1048576K
}
Event: 1106.885 GC heap before
{Heap before GC invocations=332 (full 8):
 PSYoungGen      total 1717760K, used 1713280K [0x0000000756b00000, 0x00000007c0000000, 0x00000007c0000000)
  eden space 1710080K, 100% used [0x0000000756b00000,0x00000007bf100000,0x00000007bf100000)
  from space 7680K, 41% used [0x00000007bf100000,0x00000007bf420000,0x00000007bf880000)
  to   space 7680K, 0% used [0x00000007bf880000,0x00000007bf880000,0x00000007c0000000)
 ParOldGen       total 2191872K, used 1738175K [0x0000000684000000, 0x0000000709c80000, 0x0000000756b00000)
  object space 2191872K, 79% used [0x0000000684000000,0x00000006ee16ff70,0x0000000709c80000)
 Metaspace       used 258901K, capacity 293997K, committed 294100K, reserved 1290240K
  class space    used 44375K, capacity 53970K, committed 54016K, reserved 1048576K
Event: 1106.895 GC heap after
Heap after GC invocations=332 (full 8):
 PSYoungGen      total 1716736K, used 3200K [0x0000000756b00000, 0x00000007bff00000, 0x00000007c0000000)
  eden space 1710080K, 0% used [0x0000000756b00000,0x0000000756b00000,0x00000007bf100000)
  from space 6656K, 48% used [0x00000007bf880000,0x00000007bfba0000,0x00000007bff00000)
  to   space 7168K, 0% used [0x00000007bf100000,0x00000007bf100000,0x00000007bf800000)
 ParOldGen       total 2191872K, used 1738287K [0x0000000684000000, 0x0000000709c80000, 0x0000000756b00000)
  object space 2191872K, 79% used [0x0000000684000000,0x00000006ee18bf70,0x0000000709c80000)
 Metaspace       used 258901K, capacity 293997K, committed 294100K, reserved 1290240K
  class space    used 44375K, capacity 53970K, committed 54016K, reserved 1048576K
}
Event: 1111.615 GC heap before
{Heap before GC invocations=333 (full 8):
 PSYoungGen      total 1716736K, used 1713280K [0x0000000756b00000, 0x00000007bff00000, 0x00000007c0000000)
  eden space 1710080K, 100% used [0x0000000756b00000,0x00000007bf100000,0x00000007bf100000)
  from space 6656K, 48% used [0x00000007bf880000,0x00000007bfba0000,0x00000007bff00000)
  to   space 7168K, 0% used [0x00000007bf100000,0x00000007bf100000,0x00000007bf800000)
 ParOldGen       total 2191872K, used 1738287K [0x0000000684000000, 0x0000000709c80000, 0x0000000756b00000)
  object space 2191872K, 79% used [0x0000000684000000,0x00000006ee18bf70,0x0000000709c80000)
 Metaspace       used 258901K, capacity 293997K, committed 294100K, reserved 1290240K
  class space    used 44375K, capacity 53970K, committed 54016K, reserved 1048576K
Event: 1111.626 GC heap after
Heap after GC invocations=333 (full 8):
 PSYoungGen      total 1717248K, used 3136K [0x0000000756b00000, 0x00000007c0000000, 0x00000007c0000000)
  eden space 1710080K, 0% used [0x0000000756b00000,0x0000000756b00000,0x00000007bf100000)
  from space 7168K, 43% used [0x00000007bf100000,0x00000007bf410000,0x00000007bf800000)
  to   space 7168K, 0% used [0x00000007bf900000,0x00000007bf900000,0x00000007c0000000)
 ParOldGen       total 2191872K, used 1738423K [0x0000000684000000, 0x0000000709c80000, 0x0000000756b00000)
  object space 2191872K, 79% used [0x0000000684000000,0x00000006ee1adf70,0x0000000709c80000)
 Metaspace       used 258901K, capacity 293997K, committed 294100K, reserved 1290240K
  class space    used 44375K, capacity 53970K, committed 54016K, reserved 1048576K
}

