# JRE version: Java(TM) SE Runtime Environment (8.0_51-b16) (build 1.8.0_51-b16)
# Java VM: Java HotSpot(TM) 64-Bit Server VM (25.51-b03 mixed mode windows-amd64 compressed oops)
Heap:
 PSYoungGen      total 1960448K, used 895411K [0x0000000740b00000, 0x00000007c0000000, 0x00000007c0000000)
  eden space 1837056K, 48% used [0x0000000740b00000,0x000000077756ce48,0x00000007b0d00000)
  from space 123392K, 0% used [0x00000007b8780000,0x00000007b8780000,0x00000007c0000000)
  to   space 124416K, 0% used [0x00000007b0d00000,0x00000007b0d00000,0x00000007b8680000)
 ParOldGen       total 4172800K, used 4172792K [0x0000000642000000, 0x0000000740b00000, 0x0000000740b00000)
  object space 4172800K, 99% used [0x0000000642000000,0x0000000740afe200,0x0000000740b00000)
 Metaspace       used 260563K, capacity 296080K, committed 297772K, reserved 1292288K
  class space    used 44185K, capacity 53584K, committed 54060K, reserved 1048576K
GC Heap History (10 events):
Event: 4128.334 GC heap before
{Heap before GC invocations=671 (full 11):
 PSYoungGen      total 1960448K, used 49088K [0x0000000740b00000, 0x00000007c0000000, 0x00000007c0000000)
  eden space 1837056K, 0% used [0x0000000740b00000,0x0000000740b00000,0x00000007b0d00000)
  from space 123392K, 39% used [0x00000007b8780000,0x00000007bb770000,0x00000007c0000000)
  to   space 124416K, 0% used [0x00000007b0d00000,0x00000007b0d00000,0x00000007b8680000)
 ParOldGen       total 4172800K, used 4167156K [0x0000000642000000, 0x0000000740b00000, 0x0000000740b00000)
  object space 4172800K, 99% used [0x0000000642000000,0x000000074057d158,0x0000000740b00000)
 Metaspace       used 261268K, capacity 297438K, committed 297516K, reserved 1292288K
  class space    used 44412K, capacity 54014K, committed 54060K, reserved 1048576K
Event: 4136.817 GC heap after
Heap after GC invocations=671 (full 11):
 PSYoungGen      total 1960448K, used 0K [0x0000000740b00000, 0x00000007c0000000, 0x00000007c0000000)
  eden space 1837056K, 0% used [0x0000000740b00000,0x0000000740b00000,0x00000007b0d00000)
  from space 123392K, 0% used [0x00000007b8780000,0x00000007b8780000,0x00000007c0000000)
  to   space 124416K, 0% used [0x00000007b0d00000,0x00000007b0d00000,0x00000007b8680000)
 ParOldGen       total 4172800K, used 4164789K [0x0000000642000000, 0x0000000740b00000, 0x0000000740b00000)
  object space 4172800K, 99% used [0x0000000642000000,0x000000074032d690,0x0000000740b00000)
 Metaspace       used 260385K, capacity 295890K, committed 297516K, reserved 1292288K
  class space    used 44175K, capacity 53571K, committed 54060K, reserved 1048576K
}
Event: 4143.847 GC heap before
{Heap before GC invocations=672 (full 12):
 PSYoungGen      total 1960448K, used 1837056K [0x0000000740b00000, 0x00000007c0000000, 0x00000007c0000000)
  eden space 1837056K, 100% used [0x0000000740b00000,0x00000007b0d00000,0x00000007b0d00000)
  from space 123392K, 0% used [0x00000007b8780000,0x00000007b8780000,0x00000007c0000000)
  to   space 124416K, 0% used [0x00000007b0d00000,0x00000007b0d00000,0x00000007b8680000)
 ParOldGen       total 4172800K, used 4164789K [0x0000000642000000, 0x0000000740b00000, 0x0000000740b00000)
  object space 4172800K, 99% used [0x0000000642000000,0x000000074032d690,0x0000000740b00000)
 Metaspace       used 260385K, capacity 295890K, committed 297516K, reserved 1292288K
  class space    used 44175K, capacity 53571K, committed 54060K, reserved 1048576K
Event: 4150.895 GC heap after
Heap after GC invocations=672 (full 12):
 PSYoungGen      total 1960448K, used 0K [0x0000000740b00000, 0x00000007c0000000, 0x00000007c0000000)
  eden space 1837056K, 0% used [0x0000000740b00000,0x0000000740b00000,0x00000007b0d00000)
  from space 123392K, 0% used [0x00000007b8780000,0x00000007b8780000,0x00000007c0000000)
  to   space 124416K, 0% used [0x00000007b0d00000,0x00000007b0d00000,0x00000007b8680000)
 ParOldGen       total 4172800K, used 4164503K [0x0000000642000000, 0x0000000740b00000, 0x0000000740b00000)
  object space 4172800K, 99% used [0x0000000642000000,0x00000007402e5db8,0x0000000740b00000)
 Metaspace       used 260385K, capacity 295890K, committed 297516K, reserved 1292288K
  class space    used 44175K, capacity 53571K, committed 54060K, reserved 1048576K
}
Event: 4157.418 GC heap before
{Heap before GC invocations=673 (full 13):
 PSYoungGen      total 1960448K, used 1837056K [0x0000000740b00000, 0x00000007c0000000, 0x00000007c0000000)
  eden space 1837056K, 100% used [0x0000000740b00000,0x00000007b0d00000,0x00000007b0d00000)
  from space 123392K, 0% used [0x00000007b8780000,0x00000007b8780000,0x00000007c0000000)
  to   space 124416K, 0% used [0x00000007b0d00000,0x00000007b0d00000,0x00000007b8680000)
 ParOldGen       total 4172800K, used 4164503K [0x0000000642000000, 0x0000000740b00000, 0x0000000740b00000)
  object space 4172800K, 99% used [0x0000000642000000,0x00000007402e5db8,0x0000000740b00000)
 Metaspace       used 260385K, capacity 295890K, committed 297516K, reserved 1292288K
  class space    used 44175K, capacity 53571K, committed 54060K, reserved 1048576K
Event: 4164.338 GC heap after
Heap after GC invocations=673 (full 13):
 PSYoungGen      total 1960448K, used 0K [0x0000000740b00000, 0x00000007c0000000, 0x00000007c0000000)
  eden space 1837056K, 0% used [0x0000000740b00000,0x0000000740b00000,0x00000007b0d00000)
  from space 123392K, 0% used [0x00000007b8780000,0x00000007b8780000,0x00000007c0000000)
  to   space 124416K, 0% used [0x00000007b0d00000,0x00000007b0d00000,0x00000007b8680000)
 ParOldGen       total 4172800K, used 4164733K [0x0000000642000000, 0x0000000740b00000, 0x0000000740b00000)
  object space 4172800K, 99% used [0x0000000642000000,0x000000074031f470,0x0000000740b00000)
 Metaspace       used 260385K, capacity 295890K, committed 297516K, reserved 1292288K
  class space    used 44175K, capacity 53571K, committed 54060K, reserved 1048576K
}
Event: 4170.353 GC heap before
{Heap before GC invocations=674 (full 14):
 PSYoungGen      total 1960448K, used 1837056K [0x0000000740b00000, 0x00000007c0000000, 0x00000007c0000000)
  eden space 1837056K, 100% used [0x0000000740b00000,0x00000007b0d00000,0x00000007b0d00000)
  from space 123392K, 0% used [0x00000007b8780000,0x00000007b8780000,0x00000007c0000000)
  to   space 124416K, 0% used [0x00000007b0d00000,0x00000007b0d00000,0x00000007b8680000)
 ParOldGen       total 4172800K, used 4164733K [0x0000000642000000, 0x0000000740b00000, 0x0000000740b00000)
  object space 4172800K, 99% used [0x0000000642000000,0x000000074031f470,0x0000000740b00000)
 Metaspace       used 260529K, capacity 296034K, committed 297772K, reserved 1292288K
  class space    used 44175K, capacity 53571K, committed 54060K, reserved 1048576K
Event: 4177.648 GC heap after
Heap after GC invocations=674 (full 14):
 PSYoungGen      total 1960448K, used 0K [0x0000000740b00000, 0x00000007c0000000, 0x00000007c0000000)
  eden space 1837056K, 0% used [0x0000000740b00000,0x0000000740b00000,0x00000007b0d00000)
  from space 123392K, 0% used [0x00000007b8780000,0x00000007b8780000,0x00000007c0000000)
  to   space 124416K, 0% used [0x00000007b0d00000,0x00000007b0d00000,0x00000007b8680000)
 ParOldGen       total 4172800K, used 4172410K [0x0000000642000000, 0x0000000740b00000, 0x0000000740b00000)
  object space 4172800K, 99% used [0x0000000642000000,0x0000000740a9ea58,0x0000000740b00000)
 Metaspace       used 260529K, capacity 296034K, committed 297772K, reserved 1292288K
  class space    used 44175K, capacity 53571K, committed 54060K, reserved 1048576K
}
Event: 4185.165 GC heap before
{Heap before GC invocations=675 (full 15):
 PSYoungGen      total 1960448K, used 1837056K [0x0000000740b00000, 0x00000007c0000000, 0x00000007c0000000)
  eden space 1837056K, 100% used [0x0000000740b00000,0x00000007b0d00000,0x00000007b0d00000)
  from space 123392K, 0% used [0x00000007b8780000,0x00000007b8780000,0x00000007c0000000)
  to   space 124416K, 0% used [0x00000007b0d00000,0x00000007b0d00000,0x00000007b8680000)
 ParOldGen       total 4172800K, used 4172410K [0x0000000642000000, 0x0000000740b00000, 0x0000000740b00000)
  object space 4172800K, 99% used [0x0000000642000000,0x0000000740a9ea58,0x0000000740b00000)
 Metaspace       used 260531K, capacity 296034K, committed 297772K, reserved 1292288K
  class space    used 44175K, capacity 53571K, committed 54060K, reserved 1048576K
Event: 4196.612 GC heap after
Heap after GC invocations=675 (full 15):
 PSYoungGen      total 1960448K, used 7585K [0x0000000740b00000, 0x00000007c0000000, 0x00000007c0000000)
  eden space 1837056K, 0% used [0x0000000740b00000,0x0000000741268638,0x00000007b0d00000)
  from space 123392K, 0% used [0x00000007b8780000,0x00000007b8780000,0x00000007c0000000)
  to   space 124416K, 0% used [0x00000007b0d00000,0x00000007b0d00000,0x00000007b8680000)
 ParOldGen       total 4172800K, used 4172792K [0x0000000642000000, 0x0000000740b00000, 0x0000000740b00000)
  object space 4172800K, 99% used [0x0000000642000000,0x0000000740afe200,0x0000000740b00000)
 Metaspace       used 260531K, capacity 296034K, committed 297772K, reserved 1292288K
  class space    used 44175K, capacity 53571K, committed 54060K, reserved 1048576K
}

