# JRE version: Java(TM) SE Runtime Environment (8.0_51-b16) (build 1.8.0_51-b16)
# Java VM: Java HotSpot(TM) 64-Bit Server VM (25.51-b03 mixed mode windows-amd64 compressed oops)
Heap:
 PSYoungGen      total 1668096K, used 1180119K [0x0000000757580000, 0x00000007bfd00000, 0x00000007c0000000)
  eden space 1626624K, 70% used [0x0000000757580000,0x000000079dbc5cc0,0x00000007baa00000)
  from space 41472K, 64% used [0x00000007baa00000,0x00000007bc430000,0x00000007bd280000)
  to   space 40448K, 0% used [0x00000007bd580000,0x00000007bd580000,0x00000007bfd00000)
 ParOldGen       total 2070016K, used 2023894K [0x0000000686000000, 0x0000000704580000, 0x0000000757580000)
  object space 2070016K, 97% used [0x0000000686000000,0x0000000701875b18,0x0000000704580000)
 Metaspace       used 252461K, capacity 286768K, committed 287020K, reserved 1284096K
  class space    used 43188K, capacity 52518K, committed 52524K, reserved 1048576K
GC Heap History (10 events):
Event: 1262.108 GC heap before
{Heap before GC invocations=356 (full 7):
 PSYoungGen      total 1661952K, used 1642112K [0x0000000757580000, 0x00000007c0000000, 0x00000007c0000000)
  eden space 1613312K, 100% used [0x0000000757580000,0x00000007b9d00000,0x00000007b9d00000)
  from space 48640K, 59% used [0x00000007bcb00000,0x00000007be720010,0x00000007bfa80000)
  to   space 47104K, 0% used [0x00000007b9d00000,0x00000007b9d00000,0x00000007bcb00000)
 ParOldGen       total 2070016K, used 2014646K [0x0000000686000000, 0x0000000704580000, 0x0000000757580000)
  object space 2070016K, 97% used [0x0000000686000000,0x0000000700f6db18,0x0000000704580000)
 Metaspace       used 252291K, capacity 286498K, committed 286764K, reserved 1284096K
  class space    used 43159K, capacity 52475K, committed 52524K, reserved 1048576K
Event: 1262.131 GC heap after
Heap after GC invocations=356 (full 7):
 PSYoungGen      total 1660416K, used 29344K [0x0000000757580000, 0x00000007bfb80000, 0x00000007c0000000)
  eden space 1613312K, 0% used [0x0000000757580000,0x0000000757580000,0x00000007b9d00000)
  from space 47104K, 62% used [0x00000007b9d00000,0x00000007bb9a8010,0x00000007bcb00000)
  to   space 45568K, 0% used [0x00000007bcf00000,0x00000007bcf00000,0x00000007bfb80000)
 ParOldGen       total 2070016K, used 2015702K [0x0000000686000000, 0x0000000704580000, 0x0000000757580000)
  object space 2070016K, 97% used [0x0000000686000000,0x0000000701075b18,0x0000000704580000)
 Metaspace       used 252291K, capacity 286498K, committed 286764K, reserved 1284096K
  class space    used 43159K, capacity 52475K, committed 52524K, reserved 1048576K
}
Event: 1267.181 GC heap before
{Heap before GC invocations=357 (full 7):
 PSYoungGen      total 1660416K, used 1642656K [0x0000000757580000, 0x00000007bfb80000, 0x00000007c0000000)
  eden space 1613312K, 100% used [0x0000000757580000,0x00000007b9d00000,0x00000007b9d00000)
  from space 47104K, 62% used [0x00000007b9d00000,0x00000007bb9a8010,0x00000007bcb00000)
  to   space 45568K, 0% used [0x00000007bcf00000,0x00000007bcf00000,0x00000007bfb80000)
 ParOldGen       total 2070016K, used 2015702K [0x0000000686000000, 0x0000000704580000, 0x0000000757580000)
  object space 2070016K, 97% used [0x0000000686000000,0x0000000701075b18,0x0000000704580000)
 Metaspace       used 252291K, capacity 286498K, committed 286764K, reserved 1284096K
  class space    used 43159K, capacity 52475K, committed 52524K, reserved 1048576K
Event: 1267.197 GC heap after
Heap after GC invocations=357 (full 7):
 PSYoungGen      total 1666048K, used 28640K [0x0000000757580000, 0x00000007bfb80000, 0x00000007c0000000)
  eden space 1620480K, 0% used [0x0000000757580000,0x0000000757580000,0x00000007ba400000)
  from space 45568K, 62% used [0x00000007bcf00000,0x00000007beaf8010,0x00000007bfb80000)
  to   space 44032K, 0% used [0x00000007ba400000,0x00000007ba400000,0x00000007bcf00000)
 ParOldGen       total 2070016K, used 2017558K [0x0000000686000000, 0x0000000704580000, 0x0000000757580000)
  object space 2070016K, 97% used [0x0000000686000000,0x0000000701245b18,0x0000000704580000)
 Metaspace       used 252291K, capacity 286498K, committed 286764K, reserved 1284096K
  class space    used 43159K, capacity 52475K, committed 52524K, reserved 1048576K
}
Event: 1272.132 GC heap before
{Heap before GC invocations=358 (full 7):
 PSYoungGen      total 1666048K, used 1649120K [0x0000000757580000, 0x00000007bfb80000, 0x00000007c0000000)
  eden space 1620480K, 100% used [0x0000000757580000,0x00000007ba400000,0x00000007ba400000)
  from space 45568K, 62% used [0x00000007bcf00000,0x00000007beaf8010,0x00000007bfb80000)
  to   space 44032K, 0% used [0x00000007ba400000,0x00000007ba400000,0x00000007bcf00000)
 ParOldGen       total 2070016K, used 2017558K [0x0000000686000000, 0x0000000704580000, 0x0000000757580000)
  object space 2070016K, 97% used [0x0000000686000000,0x0000000701245b18,0x0000000704580000)
 Metaspace       used 252291K, capacity 286498K, committed 286764K, reserved 1284096K
  class space    used 43159K, capacity 52475K, committed 52524K, reserved 1048576K
Event: 1272.148 GC heap after
Heap after GC invocations=358 (full 7):
 PSYoungGen      total 1664512K, used 28544K [0x0000000757580000, 0x00000007bfc80000, 0x00000007c0000000)
  eden space 1620480K, 0% used [0x0000000757580000,0x0000000757580000,0x00000007ba400000)
  from space 44032K, 64% used [0x00000007ba400000,0x00000007bbfe0000,0x00000007bcf00000)
  to   space 43008K, 0% used [0x00000007bd280000,0x00000007bd280000,0x00000007bfc80000)
 ParOldGen       total 2070016K, used 2019918K [0x0000000686000000, 0x0000000704580000, 0x0000000757580000)
  object space 2070016K, 97% used [0x0000000686000000,0x0000000701493b18,0x0000000704580000)
 Metaspace       used 252291K, capacity 286498K, committed 286764K, reserved 1284096K
  class space    used 43159K, capacity 52475K, committed 52524K, reserved 1048576K
}
Event: 1276.502 GC heap before
{Heap before GC invocations=359 (full 7):
 PSYoungGen      total 1664512K, used 1649024K [0x0000000757580000, 0x00000007bfc80000, 0x00000007c0000000)
  eden space 1620480K, 100% used [0x0000000757580000,0x00000007ba400000,0x00000007ba400000)
  from space 44032K, 64% used [0x00000007ba400000,0x00000007bbfe0000,0x00000007bcf00000)
  to   space 43008K, 0% used [0x00000007bd280000,0x00000007bd280000,0x00000007bfc80000)
 ParOldGen       total 2070016K, used 2019918K [0x0000000686000000, 0x0000000704580000, 0x0000000757580000)
  object space 2070016K, 97% used [0x0000000686000000,0x0000000701493b18,0x0000000704580000)
 Metaspace       used 252293K, capacity 286498K, committed 286764K, reserved 1284096K
  class space    used 43159K, capacity 52475K, committed 52524K, reserved 1048576K
Event: 1276.518 GC heap after
Heap after GC invocations=359 (full 7):
 PSYoungGen      total 1669120K, used 27552K [0x0000000757580000, 0x00000007bfc00000, 0x00000007c0000000)
  eden space 1626624K, 0% used [0x0000000757580000,0x0000000757580000,0x00000007baa00000)
  from space 42496K, 64% used [0x00000007bd280000,0x00000007bed68000,0x00000007bfc00000)
  to   space 41472K, 0% used [0x00000007baa00000,0x00000007baa00000,0x00000007bd280000)
 ParOldGen       total 2070016K, used 2021886K [0x0000000686000000, 0x0000000704580000, 0x0000000757580000)
  object space 2070016K, 97% used [0x0000000686000000,0x000000070167fb18,0x0000000704580000)
 Metaspace       used 252293K, capacity 286498K, committed 286764K, reserved 1284096K
  class space    used 43159K, capacity 52475K, committed 52524K, reserved 1048576K
}
Event: 1281.252 GC heap before
{Heap before GC invocations=360 (full 7):
 PSYoungGen      total 1669120K, used 1654176K [0x0000000757580000, 0x00000007bfc00000, 0x00000007c0000000)
  eden space 1626624K, 100% used [0x0000000757580000,0x00000007baa00000,0x00000007baa00000)
  from space 42496K, 64% used [0x00000007bd280000,0x00000007bed68000,0x00000007bfc00000)
  to   space 41472K, 0% used [0x00000007baa00000,0x00000007baa00000,0x00000007bd280000)
 ParOldGen       total 2070016K, used 2021886K [0x0000000686000000, 0x0000000704580000, 0x0000000757580000)
  object space 2070016K, 97% used [0x0000000686000000,0x000000070167fb18,0x0000000704580000)
 Metaspace       used 252297K, capacity 286498K, committed 286764K, reserved 1284096K
  class space    used 43159K, capacity 52475K, committed 52524K, reserved 1048576K
Event: 1281.269 GC heap after
Heap after GC invocations=360 (full 7):
 PSYoungGen      total 1668096K, used 26816K [0x0000000757580000, 0x00000007bfd00000, 0x00000007c0000000)
  eden space 1626624K, 0% used [0x0000000757580000,0x0000000757580000,0x00000007baa00000)
  from space 41472K, 64% used [0x00000007baa00000,0x00000007bc430000,0x00000007bd280000)
  to   space 40448K, 0% used [0x00000007bd580000,0x00000007bd580000,0x00000007bfd00000)
 ParOldGen       total 2070016K, used 2023894K [0x0000000686000000, 0x0000000704580000, 0x0000000757580000)
  object space 2070016K, 97% used [0x0000000686000000,0x0000000701875b18,0x0000000704580000)
 Metaspace       used 252297K, capacity 286498K, committed 286764K, reserved 1284096K
  class space    used 43159K, capacity 52475K, committed 52524K, reserved 1048576K
}

