# JRE version: Java(TM) SE Runtime Environment (8.0_51-b16) (build 1.8.0_51-b16)
# Java VM: Java HotSpot(TM) 64-Bit Server VM (25.51-b03 mixed mode windows-amd64 compressed oops)
Heap:
 PSYoungGen      total 1076736K, used 30033K [0x0000000742000000, 0x00000007afc80000, 0x00000007c0000000)
  eden space 1068032K, 2% used [0x0000000742000000,0x000000074352c4f0,0x0000000783300000)
  from space 8704K, 95% used [0x0000000783300000,0x0000000783b28150,0x0000000783b80000)
  to   space 363008K, 0% used [0x0000000799a00000,0x0000000799a00000,0x00000007afc80000)
 ParOldGen       total 1874944K, used 1600051K [0x0000000646000000, 0x00000006b8700000, 0x0000000742000000)
  object space 1874944K, 85% used [0x0000000646000000,0x00000006a7a8ce10,0x00000006b8700000)
 Metaspace       used 262364K, capacity 298091K, committed 298112K, reserved 1292288K
  class space    used 44974K, capacity 54649K, committed 54656K, reserved 1048576K
GC Heap History (10 events):
Event: 228.328 GC heap before
{Heap before GC invocations=100 (full 7):
 PSYoungGen      total 1490432K, used 1064426K [0x0000000742000000, 0x00000007b9000000, 0x00000007c0000000)
  eden space 1057792K, 100% used [0x0000000742000000,0x0000000782900000,0x0000000782900000)
  from space 432640K, 1% used [0x000000079e980000,0x000000079effaa48,0x00000007b9000000)
  to   space 445952K, 0% used [0x0000000782900000,0x0000000782900000,0x000000079dc80000)
 ParOldGen       total 1874944K, used 1599299K [0x0000000646000000, 0x00000006b8700000, 0x0000000742000000)
  object space 1874944K, 85% used [0x0000000646000000,0x00000006a79d0e10,0x00000006b8700000)
 Metaspace       used 262264K, capacity 298049K, committed 298112K, reserved 1292288K
  class space    used 44965K, capacity 54638K, committed 54656K, reserved 1048576K
Event: 228.342 GC heap after
Heap after GC invocations=100 (full 7):
 PSYoungGen      total 1065472K, used 7640K [0x0000000742000000, 0x00000007b7a00000, 0x00000007c0000000)
  eden space 1057792K, 0% used [0x0000000742000000,0x0000000742000000,0x0000000782900000)
  from space 7680K, 99% used [0x0000000782900000,0x0000000783076238,0x0000000783080000)
  to   space 431616K, 0% used [0x000000079d480000,0x000000079d480000,0x00000007b7a00000)
 ParOldGen       total 1874944K, used 1599443K [0x0000000646000000, 0x00000006b8700000, 0x0000000742000000)
  object space 1874944K, 85% used [0x0000000646000000,0x00000006a79f4e10,0x00000006b8700000)
 Metaspace       used 262264K, capacity 298049K, committed 298112K, reserved 1292288K
  class space    used 44965K, capacity 54638K, committed 54656K, reserved 1048576K
}
Event: 237.061 GC heap before
{Heap before GC invocations=101 (full 7):
 PSYoungGen      total 1065472K, used 1065432K [0x0000000742000000, 0x00000007b7a00000, 0x00000007c0000000)
  eden space 1057792K, 100% used [0x0000000742000000,0x0000000782900000,0x0000000782900000)
  from space 7680K, 99% used [0x0000000782900000,0x0000000783076238,0x0000000783080000)
  to   space 431616K, 0% used [0x000000079d480000,0x000000079d480000,0x00000007b7a00000)
 ParOldGen       total 1874944K, used 1599443K [0x0000000646000000, 0x00000006b8700000, 0x0000000742000000)
  object space 1874944K, 85% used [0x0000000646000000,0x00000006a79f4e10,0x00000006b8700000)
 Metaspace       used 262281K, capacity 298049K, committed 298112K, reserved 1292288K
  class space    used 44965K, capacity 54638K, committed 54656K, reserved 1048576K
Event: 237.076 GC heap after
Heap after GC invocations=101 (full 7):
 PSYoungGen      total 1462784K, used 7786K [0x0000000742000000, 0x00000007b5a80000, 0x00000007c0000000)
  eden space 1063424K, 0% used [0x0000000742000000,0x0000000742000000,0x0000000782e80000)
  from space 399360K, 1% used [0x000000079d480000,0x000000079dc1aa78,0x00000007b5a80000)
  to   space 415744K, 0% used [0x0000000782e80000,0x0000000782e80000,0x000000079c480000)
 ParOldGen       total 1874944K, used 1599595K [0x0000000646000000, 0x00000006b8700000, 0x0000000742000000)
  object space 1874944K, 85% used [0x0000000646000000,0x00000006a7a1ae10,0x00000006b8700000)
 Metaspace       used 262281K, capacity 298049K, committed 298112K, reserved 1292288K
  class space    used 44965K, capacity 54638K, committed 54656K, reserved 1048576K
}
Event: 245.796 GC heap before
{Heap before GC invocations=102 (full 7):
 PSYoungGen      total 1462784K, used 1071210K [0x0000000742000000, 0x00000007b5a80000, 0x00000007c0000000)
  eden space 1063424K, 100% used [0x0000000742000000,0x0000000782e80000,0x0000000782e80000)
  from space 399360K, 1% used [0x000000079d480000,0x000000079dc1aa78,0x00000007b5a80000)
  to   space 415744K, 0% used [0x0000000782e80000,0x0000000782e80000,0x000000079c480000)
 ParOldGen       total 1874944K, used 1599595K [0x0000000646000000, 0x00000006b8700000, 0x0000000742000000)
  object space 1874944K, 85% used [0x0000000646000000,0x00000006a7a1ae10,0x00000006b8700000)
 Metaspace       used 262299K, capacity 298049K, committed 298112K, reserved 1292288K
  class space    used 44965K, capacity 54638K, committed 54656K, reserved 1048576K
Event: 245.811 GC heap after
Heap after GC invocations=102 (full 7):
 PSYoungGen      total 1071616K, used 8074K [0x0000000742000000, 0x00000007b3e80000, 0x00000007c0000000)
  eden space 1063424K, 0% used [0x0000000742000000,0x0000000742000000,0x0000000782e80000)
  from space 8192K, 98% used [0x0000000782e80000,0x0000000783662ad8,0x0000000783680000)
  to   space 398848K, 0% used [0x000000079b900000,0x000000079b900000,0x00000007b3e80000)
 ParOldGen       total 1874944K, used 1599731K [0x0000000646000000, 0x00000006b8700000, 0x0000000742000000)
  object space 1874944K, 85% used [0x0000000646000000,0x00000006a7a3ce10,0x00000006b8700000)
 Metaspace       used 262299K, capacity 298049K, committed 298112K, reserved 1292288K
  class space    used 44965K, capacity 54638K, committed 54656K, reserved 1048576K
}
Event: 254.414 GC heap before
{Heap before GC invocations=103 (full 7):
 PSYoungGen      total 1071616K, used 1071498K [0x0000000742000000, 0x00000007b3e80000, 0x00000007c0000000)
  eden space 1063424K, 100% used [0x0000000742000000,0x0000000782e80000,0x0000000782e80000)
  from space 8192K, 98% used [0x0000000782e80000,0x0000000783662ad8,0x0000000783680000)
  to   space 398848K, 0% used [0x000000079b900000,0x000000079b900000,0x00000007b3e80000)
 ParOldGen       total 1874944K, used 1599731K [0x0000000646000000, 0x00000006b8700000, 0x0000000742000000)
  object space 1874944K, 85% used [0x0000000646000000,0x00000006a7a3ce10,0x00000006b8700000)
 Metaspace       used 262302K, capacity 298049K, committed 298112K, reserved 1292288K
  class space    used 44965K, capacity 54638K, committed 54656K, reserved 1048576K
Event: 254.428 GC heap after
Heap after GC invocations=103 (full 7):
 PSYoungGen      total 1430528K, used 8128K [0x0000000742000000, 0x00000007b1b00000, 0x00000007c0000000)
  eden space 1068032K, 0% used [0x0000000742000000,0x0000000742000000,0x0000000783300000)
  from space 362496K, 2% used [0x000000079b900000,0x000000079c0f0120,0x00000007b1b00000)
  to   space 380928K, 0% used [0x0000000783300000,0x0000000783300000,0x000000079a700000)
 ParOldGen       total 1874944K, used 1599907K [0x0000000646000000, 0x00000006b8700000, 0x0000000742000000)
  object space 1874944K, 85% used [0x0000000646000000,0x00000006a7a68e10,0x00000006b8700000)
 Metaspace       used 262302K, capacity 298049K, committed 298112K, reserved 1292288K
  class space    used 44965K, capacity 54638K, committed 54656K, reserved 1048576K
}
Event: 263.180 GC heap before
{Heap before GC invocations=104 (full 7):
 PSYoungGen      total 1430528K, used 1076160K [0x0000000742000000, 0x00000007b1b00000, 0x00000007c0000000)
  eden space 1068032K, 100% used [0x0000000742000000,0x0000000783300000,0x0000000783300000)
  from space 362496K, 2% used [0x000000079b900000,0x000000079c0f0120,0x00000007b1b00000)
  to   space 380928K, 0% used [0x0000000783300000,0x0000000783300000,0x000000079a700000)
 ParOldGen       total 1874944K, used 1599907K [0x0000000646000000, 0x00000006b8700000, 0x0000000742000000)
  object space 1874944K, 85% used [0x0000000646000000,0x00000006a7a68e10,0x00000006b8700000)
 Metaspace       used 262333K, capacity 298053K, committed 298112K, reserved 1292288K
  class space    used 44965K, capacity 54638K, committed 54656K, reserved 1048576K
Event: 263.194 GC heap after
Heap after GC invocations=104 (full 7):
 PSYoungGen      total 1076736K, used 8352K [0x0000000742000000, 0x00000007afc80000, 0x00000007c0000000)
  eden space 1068032K, 0% used [0x0000000742000000,0x0000000742000000,0x0000000783300000)
  from space 8704K, 95% used [0x0000000783300000,0x0000000783b28150,0x0000000783b80000)
  to   space 363008K, 0% used [0x0000000799a00000,0x0000000799a00000,0x00000007afc80000)
 ParOldGen       total 1874944K, used 1600051K [0x0000000646000000, 0x00000006b8700000, 0x0000000742000000)
  object space 1874944K, 85% used [0x0000000646000000,0x00000006a7a8ce10,0x00000006b8700000)
 Metaspace       used 262333K, capacity 298053K, committed 298112K, reserved 1292288K
  class space    used 44965K, capacity 54638K, committed 54656K, reserved 1048576K
}

