# JRE version: Java(TM) SE Runtime Environment (8.0_51-b16) (build 1.8.0_51-b16)
# Java VM: Java HotSpot(TM) 64-Bit Server VM (25.51-b03 mixed mode windows-amd64 compressed oops)
Heap:
 PSYoungGen      total 1277952K, used 402785K [0x0000000756000000, 0x00000007a7000000, 0x00000007c0000000)
  eden space 1249280K, 30% used [0x0000000756000000,0x000000076d44e9a0,0x00000007a2400000)
  from space 28672K, 75% used [0x00000007a2400000,0x00000007a3909c50,0x00000007a4000000)
  to   space 30720K, 0% used [0x00000007a5200000,0x00000007a5200000,0x00000007a7000000)
 ParOldGen       total 2823168K, used 2216651K [0x0000000682000000, 0x000000072e500000, 0x0000000756000000)
  object space 2823168K, 78% used [0x0000000682000000,0x00000007094b2dd0,0x000000072e500000)
 Metaspace       used 275851K, capacity 318668K, committed 318976K, reserved 1310720K
  class space    used 47120K, capacity 58059K, committed 58112K, reserved 1048576K
GC Heap History (10 events):
Event: 267.942 GC heap before
{Heap before GC invocations=182 (full 9):
 PSYoungGen      total 1252864K, used 1228640K [0x0000000756000000, 0x00000007a4c00000, 0x00000007c0000000)
  eden space 1219584K, 100% used [0x0000000756000000,0x00000007a0700000,0x00000007a0700000)
  from space 33280K, 27% used [0x00000007a2b80000,0x00000007a34581d8,0x00000007a4c00000)
  to   space 35328K, 0% used [0x00000007a0700000,0x00000007a0700000,0x00000007a2980000)
 ParOldGen       total 2823168K, used 2214442K [0x0000000682000000, 0x000000072e500000, 0x0000000756000000)
  object space 2823168K, 78% used [0x0000000682000000,0x000000070928aad0,0x000000072e500000)
 Metaspace       used 275442K, capacity 318008K, committed 318080K, reserved 1308672K
  class space    used 47057K, capacity 57947K, committed 57984K, reserved 1048576K
Event: 267.955 GC heap after
Heap after GC invocations=182 (full 9):
 PSYoungGen      total 1254912K, used 8912K [0x0000000756000000, 0x00000007a5700000, 0x00000007c0000000)
  eden space 1219584K, 0% used [0x0000000756000000,0x0000000756000000,0x00000007a0700000)
  from space 35328K, 25% used [0x00000007a0700000,0x00000007a0fb41f0,0x00000007a2980000)
  to   space 33792K, 0% used [0x00000007a3600000,0x00000007a3600000,0x00000007a5700000)
 ParOldGen       total 2823168K, used 2214890K [0x0000000682000000, 0x000000072e500000, 0x0000000756000000)
  object space 2823168K, 78% used [0x0000000682000000,0x00000007092faba8,0x000000072e500000)
 Metaspace       used 275442K, capacity 318008K, committed 318080K, reserved 1308672K
  class space    used 47057K, capacity 57947K, committed 57984K, reserved 1048576K
}
Event: 270.532 GC heap before
{Heap before GC invocations=183 (full 9):
 PSYoungGen      total 1254912K, used 1228496K [0x0000000756000000, 0x00000007a5700000, 0x00000007c0000000)
  eden space 1219584K, 100% used [0x0000000756000000,0x00000007a0700000,0x00000007a0700000)
  from space 35328K, 25% used [0x00000007a0700000,0x00000007a0fb41f0,0x00000007a2980000)
  to   space 33792K, 0% used [0x00000007a3600000,0x00000007a3600000,0x00000007a5700000)
 ParOldGen       total 2823168K, used 2214890K [0x0000000682000000, 0x000000072e500000, 0x0000000756000000)
  object space 2823168K, 78% used [0x0000000682000000,0x00000007092faba8,0x000000072e500000)
 Metaspace       used 275466K, capacity 318016K, committed 318080K, reserved 1308672K
  class space    used 47059K, capacity 57951K, committed 57984K, reserved 1048576K
Event: 270.552 GC heap after
Heap after GC invocations=183 (full 9):
 PSYoungGen      total 1265664K, used 9216K [0x0000000756000000, 0x00000007a5400000, 0x00000007c0000000)
  eden space 1234944K, 0% used [0x0000000756000000,0x0000000756000000,0x00000007a1600000)
  from space 30720K, 30% used [0x00000007a3600000,0x00000007a3f001d0,0x00000007a5400000)
  to   space 31744K, 0% used [0x00000007a1600000,0x00000007a1600000,0x00000007a3500000)
 ParOldGen       total 2823168K, used 2215147K [0x0000000682000000, 0x000000072e500000, 0x0000000756000000)
  object space 2823168K, 78% used [0x0000000682000000,0x000000070933ac08,0x000000072e500000)
 Metaspace       used 275466K, capacity 318016K, committed 318080K, reserved 1308672K
  class space    used 47059K, capacity 57951K, committed 57984K, reserved 1048576K
}
Event: 273.284 GC heap before
{Heap before GC invocations=184 (full 9):
 PSYoungGen      total 1265664K, used 1244160K [0x0000000756000000, 0x00000007a5400000, 0x00000007c0000000)
  eden space 1234944K, 100% used [0x0000000756000000,0x00000007a1600000,0x00000007a1600000)
  from space 30720K, 30% used [0x00000007a3600000,0x00000007a3f001d0,0x00000007a5400000)
  to   space 31744K, 0% used [0x00000007a1600000,0x00000007a1600000,0x00000007a3500000)
 ParOldGen       total 2823168K, used 2215147K [0x0000000682000000, 0x000000072e500000, 0x0000000756000000)
  object space 2823168K, 78% used [0x0000000682000000,0x000000070933ac08,0x000000072e500000)
 Metaspace       used 275503K, capacity 318148K, committed 318336K, reserved 1310720K
  class space    used 47059K, capacity 57951K, committed 57984K, reserved 1048576K
Event: 273.299 GC heap after
Heap after GC invocations=184 (full 9):
 PSYoungGen      total 1266688K, used 8800K [0x0000000756000000, 0x00000007a5f80000, 0x00000007c0000000)
  eden space 1234944K, 0% used [0x0000000756000000,0x0000000756000000,0x00000007a1600000)
  from space 31744K, 27% used [0x00000007a1600000,0x00000007a1e98200,0x00000007a3500000)
  to   space 30208K, 0% used [0x00000007a4200000,0x00000007a4200000,0x00000007a5f80000)
 ParOldGen       total 2823168K, used 2215483K [0x0000000682000000, 0x000000072e500000, 0x0000000756000000)
  object space 2823168K, 78% used [0x0000000682000000,0x000000070938ec08,0x000000072e500000)
 Metaspace       used 275503K, capacity 318148K, committed 318336K, reserved 1310720K
  class space    used 47059K, capacity 57951K, committed 57984K, reserved 1048576K
}
Event: 276.025 GC heap before
{Heap before GC invocations=185 (full 9):
 PSYoungGen      total 1266688K, used 1243744K [0x0000000756000000, 0x00000007a5f80000, 0x00000007c0000000)
  eden space 1234944K, 100% used [0x0000000756000000,0x00000007a1600000,0x00000007a1600000)
  from space 31744K, 27% used [0x00000007a1600000,0x00000007a1e98200,0x00000007a3500000)
  to   space 30208K, 0% used [0x00000007a4200000,0x00000007a4200000,0x00000007a5f80000)
 ParOldGen       total 2823168K, used 2215483K [0x0000000682000000, 0x000000072e500000, 0x0000000756000000)
  object space 2823168K, 78% used [0x0000000682000000,0x000000070938ec08,0x000000072e500000)
 Metaspace       used 275533K, capacity 318164K, committed 318336K, reserved 1310720K
  class space    used 47059K, capacity 57951K, committed 57984K, reserved 1048576K
Event: 276.039 GC heap after
Heap after GC invocations=185 (full 9):
 PSYoungGen      total 1275904K, used 9920K [0x0000000756000000, 0x00000007a5c00000, 0x00000007c0000000)
  eden space 1249280K, 0% used [0x0000000756000000,0x0000000756000000,0x00000007a2400000)
  from space 26624K, 37% used [0x00000007a4200000,0x00000007a4bb01a0,0x00000007a5c00000)
  to   space 28672K, 0% used [0x00000007a2400000,0x00000007a2400000,0x00000007a4000000)
 ParOldGen       total 2823168K, used 2216075K [0x0000000682000000, 0x000000072e500000, 0x0000000756000000)
  object space 2823168K, 78% used [0x0000000682000000,0x0000000709422cb0,0x000000072e500000)
 Metaspace       used 275533K, capacity 318164K, committed 318336K, reserved 1310720K
  class space    used 47059K, capacity 57951K, committed 57984K, reserved 1048576K
}
Event: 278.601 GC heap before
{Heap before GC invocations=186 (full 9):
 PSYoungGen      total 1275904K, used 1259200K [0x0000000756000000, 0x00000007a5c00000, 0x00000007c0000000)
  eden space 1249280K, 100% used [0x0000000756000000,0x00000007a2400000,0x00000007a2400000)
  from space 26624K, 37% used [0x00000007a4200000,0x00000007a4bb01a0,0x00000007a5c00000)
  to   space 28672K, 0% used [0x00000007a2400000,0x00000007a2400000,0x00000007a4000000)
 ParOldGen       total 2823168K, used 2216075K [0x0000000682000000, 0x000000072e500000, 0x0000000756000000)
  object space 2823168K, 78% used [0x0000000682000000,0x0000000709422cb0,0x000000072e500000)
 Metaspace       used 275836K, capacity 318656K, committed 318720K, reserved 1310720K
  class space    used 47120K, capacity 58059K, committed 58112K, reserved 1048576K
Event: 278.623 GC heap after
Heap after GC invocations=186 (full 9):
 PSYoungGen      total 1277952K, used 21543K [0x0000000756000000, 0x00000007a7000000, 0x00000007c0000000)
  eden space 1249280K, 0% used [0x0000000756000000,0x0000000756000000,0x00000007a2400000)
  from space 28672K, 75% used [0x00000007a2400000,0x00000007a3909c50,0x00000007a4000000)
  to   space 30720K, 0% used [0x00000007a5200000,0x00000007a5200000,0x00000007a7000000)
 ParOldGen       total 2823168K, used 2216651K [0x0000000682000000, 0x000000072e500000, 0x0000000756000000)
  object space 2823168K, 78% used [0x0000000682000000,0x00000007094b2dd0,0x000000072e500000)
 Metaspace       used 275836K, capacity 318656K, committed 318720K, reserved 1310720K
  class space    used 47120K, capacity 58059K, committed 58112K, reserved 1048576K
}

