# JRE version: Java(TM) SE Runtime Environment (8.0_51-b16) (build 1.8.0_51-b16)
# Java VM: Java HotSpot(TM) 64-Bit Server VM (25.51-b03 mixed mode windows-amd64 compressed oops)
Heap:
 PSYoungGen      total 1668608K, used 117414K [0x0000000756000000, 0x00000007bfc00000, 0x00000007c0000000)
  eden space 1605632K, 5% used [0x0000000756000000,0x000000075af60bc0,0x00000007b8000000)
  from space 62976K, 57% used [0x00000007b8000000,0x00000007ba348c48,0x00000007bbd80000)
  to   space 61440K, 0% used [0x00000007bc000000,0x00000007bc000000,0x00000007bfc00000)
 ParOldGen       total 3473408K, used 2767175K [0x0000000682000000, 0x0000000756000000, 0x0000000756000000)
  object space 3473408K, 79% used [0x0000000682000000,0x000000072ae51db8,0x0000000756000000)
 Metaspace       used 281949K, capacity 326864K, committed 327152K, reserved 1316864K
  class space    used 47713K, capacity 58861K, committed 58928K, reserved 1048576K
GC Heap History (10 events):
Event: 1266.942 GC heap before
{Heap before GC invocations=545 (full 12):
 PSYoungGen      total 1665536K, used 1621454K [0x0000000756000000, 0x00000007bfe00000, 0x00000007c0000000)
  eden space 1596928K, 100% used [0x0000000756000000,0x00000007b7780000,0x00000007b7780000)
  from space 68608K, 35% used [0x00000007bba00000,0x00000007bd1f3a98,0x00000007bfd00000)
  to   space 68096K, 0% used [0x00000007b7780000,0x00000007b7780000,0x00000007bba00000)
 ParOldGen       total 3473408K, used 2761563K [0x0000000682000000, 0x0000000756000000, 0x0000000756000000)
  object space 3473408K, 79% used [0x0000000682000000,0x000000072a8d6cc8,0x0000000756000000)
 Metaspace       used 281659K, capacity 326392K, committed 326640K, reserved 1316864K
  class space    used 47657K, capacity 58759K, committed 58928K, reserved 1048576K
Event: 1266.957 GC heap after
Heap after GC invocations=545 (full 12):
 PSYoungGen      total 1665024K, used 23870K [0x0000000756000000, 0x00000007bfc80000, 0x00000007c0000000)
  eden space 1596928K, 0% used [0x0000000756000000,0x0000000756000000,0x00000007b7780000)
  from space 68096K, 35% used [0x00000007b7780000,0x00000007b8ecfab8,0x00000007bba00000)
  to   space 66560K, 0% used [0x00000007bbb80000,0x00000007bbb80000,0x00000007bfc80000)
 ParOldGen       total 3473408K, used 2762699K [0x0000000682000000, 0x0000000756000000, 0x0000000756000000)
  object space 3473408K, 79% used [0x0000000682000000,0x000000072a9f2d40,0x0000000756000000)
 Metaspace       used 281659K, capacity 326392K, committed 326640K, reserved 1316864K
  class space    used 47657K, capacity 58759K, committed 58928K, reserved 1048576K
}
Event: 1270.255 GC heap before
{Heap before GC invocations=546 (full 12):
 PSYoungGen      total 1665024K, used 1620798K [0x0000000756000000, 0x00000007bfc80000, 0x00000007c0000000)
  eden space 1596928K, 100% used [0x0000000756000000,0x00000007b7780000,0x00000007b7780000)
  from space 68096K, 35% used [0x00000007b7780000,0x00000007b8ecfab8,0x00000007bba00000)
  to   space 66560K, 0% used [0x00000007bbb80000,0x00000007bbb80000,0x00000007bfc80000)
 ParOldGen       total 3473408K, used 2762699K [0x0000000682000000, 0x0000000756000000, 0x0000000756000000)
  object space 3473408K, 79% used [0x0000000682000000,0x000000072a9f2d40,0x0000000756000000)
 Metaspace       used 281660K, capacity 326392K, committed 326640K, reserved 1316864K
  class space    used 47657K, capacity 58759K, committed 58928K, reserved 1048576K
Event: 1270.270 GC heap after
Heap after GC invocations=546 (full 12):
 PSYoungGen      total 1667584K, used 23358K [0x0000000756000000, 0x00000007bfc80000, 0x00000007c0000000)
  eden space 1601024K, 0% used [0x0000000756000000,0x0000000756000000,0x00000007b7b80000)
  from space 66560K, 35% used [0x00000007bbb80000,0x00000007bd24fae8,0x00000007bfc80000)
  to   space 65536K, 0% used [0x00000007b7b80000,0x00000007b7b80000,0x00000007bbb80000)
 ParOldGen       total 3473408K, used 2763675K [0x0000000682000000, 0x0000000756000000, 0x0000000756000000)
  object space 3473408K, 79% used [0x0000000682000000,0x000000072aae6d40,0x0000000756000000)
 Metaspace       used 281660K, capacity 326392K, committed 326640K, reserved 1316864K
  class space    used 47657K, capacity 58759K, committed 58928K, reserved 1048576K
}
Event: 1273.521 GC heap before
{Heap before GC invocations=547 (full 12):
 PSYoungGen      total 1667584K, used 1624382K [0x0000000756000000, 0x00000007bfc80000, 0x00000007c0000000)
  eden space 1601024K, 100% used [0x0000000756000000,0x00000007b7b80000,0x00000007b7b80000)
  from space 66560K, 35% used [0x00000007bbb80000,0x00000007bd24fae8,0x00000007bfc80000)
  to   space 65536K, 0% used [0x00000007b7b80000,0x00000007b7b80000,0x00000007bbb80000)
 ParOldGen       total 3473408K, used 2763675K [0x0000000682000000, 0x0000000756000000, 0x0000000756000000)
  object space 3473408K, 79% used [0x0000000682000000,0x000000072aae6d40,0x0000000756000000)
 Metaspace       used 281660K, capacity 326392K, committed 326640K, reserved 1316864K
  class space    used 47657K, capacity 58759K, committed 58928K, reserved 1048576K
Event: 1273.536 GC heap after
Heap after GC invocations=547 (full 12):
 PSYoungGen      total 1666560K, used 22350K [0x0000000756000000, 0x00000007bfc00000, 0x00000007c0000000)
  eden space 1601024K, 0% used [0x0000000756000000,0x0000000756000000,0x00000007b7b80000)
  from space 65536K, 34% used [0x00000007b7b80000,0x00000007b9153ad0,0x00000007bbb80000)
  to   space 64000K, 0% used [0x00000007bbd80000,0x00000007bbd80000,0x00000007bfc00000)
 ParOldGen       total 3473408K, used 2764875K [0x0000000682000000, 0x0000000756000000, 0x0000000756000000)
  object space 3473408K, 79% used [0x0000000682000000,0x000000072ac12d88,0x0000000756000000)
 Metaspace       used 281660K, capacity 326392K, committed 326640K, reserved 1316864K
  class space    used 47657K, capacity 58759K, committed 58928K, reserved 1048576K
}
Event: 1276.744 GC heap before
{Heap before GC invocations=548 (full 12):
 PSYoungGen      total 1666560K, used 1623374K [0x0000000756000000, 0x00000007bfc00000, 0x00000007c0000000)
  eden space 1601024K, 100% used [0x0000000756000000,0x00000007b7b80000,0x00000007b7b80000)
  from space 65536K, 34% used [0x00000007b7b80000,0x00000007b9153ad0,0x00000007bbb80000)
  to   space 64000K, 0% used [0x00000007bbd80000,0x00000007bbd80000,0x00000007bfc00000)
 ParOldGen       total 3473408K, used 2764875K [0x0000000682000000, 0x0000000756000000, 0x0000000756000000)
  object space 3473408K, 79% used [0x0000000682000000,0x000000072ac12d88,0x0000000756000000)
 Metaspace       used 281662K, capacity 326392K, committed 326640K, reserved 1316864K
  class space    used 47657K, capacity 58759K, committed 58928K, reserved 1048576K
Event: 1276.759 GC heap after
Heap after GC invocations=548 (full 12):
 PSYoungGen      total 1669632K, used 21182K [0x0000000756000000, 0x00000007bfc80000, 0x00000007c0000000)
  eden space 1605632K, 0% used [0x0000000756000000,0x0000000756000000,0x00000007b8000000)
  from space 64000K, 33% used [0x00000007bbd80000,0x00000007bd22fab8,0x00000007bfc00000)
  to   space 62976K, 0% used [0x00000007b8000000,0x00000007b8000000,0x00000007bbd80000)
 ParOldGen       total 3473408K, used 2766059K [0x0000000682000000, 0x0000000756000000, 0x0000000756000000)
  object space 3473408K, 79% used [0x0000000682000000,0x000000072ad3ad88,0x0000000756000000)
 Metaspace       used 281662K, capacity 326392K, committed 326640K, reserved 1316864K
  class space    used 47657K, capacity 58759K, committed 58928K, reserved 1048576K
}
Event: 1279.609 GC heap before
{Heap before GC invocations=549 (full 12):
 PSYoungGen      total 1669632K, used 1626814K [0x0000000756000000, 0x00000007bfc80000, 0x00000007c0000000)
  eden space 1605632K, 100% used [0x0000000756000000,0x00000007b8000000,0x00000007b8000000)
  from space 64000K, 33% used [0x00000007bbd80000,0x00000007bd22fab8,0x00000007bfc00000)
  to   space 62976K, 0% used [0x00000007b8000000,0x00000007b8000000,0x00000007bbd80000)
 ParOldGen       total 3473408K, used 2766059K [0x0000000682000000, 0x0000000756000000, 0x0000000756000000)
  object space 3473408K, 79% used [0x0000000682000000,0x000000072ad3ad88,0x0000000756000000)
 Metaspace       used 281948K, capacity 326864K, committed 327152K, reserved 1316864K
  class space    used 47713K, capacity 58861K, committed 58928K, reserved 1048576K
Event: 1279.643 GC heap after
Heap after GC invocations=549 (full 12):
 PSYoungGen      total 1668608K, used 36131K [0x0000000756000000, 0x00000007bfc00000, 0x00000007c0000000)
  eden space 1605632K, 0% used [0x0000000756000000,0x0000000756000000,0x00000007b8000000)
  from space 62976K, 57% used [0x00000007b8000000,0x00000007ba348c48,0x00000007bbd80000)
  to   space 61440K, 0% used [0x00000007bc000000,0x00000007bc000000,0x00000007bfc00000)
 ParOldGen       total 3473408K, used 2767175K [0x0000000682000000, 0x0000000756000000, 0x0000000756000000)
  object space 3473408K, 79% used [0x0000000682000000,0x000000072ae51db8,0x0000000756000000)
 Metaspace       used 281948K, capacity 326864K, committed 327152K, reserved 1316864K
  class space    used 47713K, capacity 58861K, committed 58928K, reserved 1048576K
}

