# JRE version: Java(TM) SE Runtime Environment (8.0_51-b16) (build 1.8.0_51-b16)
# Java VM: Java HotSpot(TM) 64-Bit Server VM (25.51-b03 mixed mode windows-amd64 compressed oops)
Heap:
 PSYoungGen      total 1208320K, used 115163K [0x0000000742000000, 0x000000079cc80000, 0x00000007c0000000)
  eden space 960000K, 9% used [0x0000000742000000,0x0000000747485a08,0x000000077c980000)
  from space 248320K, 11% used [0x000000078da00000,0x000000078f5f12f0,0x000000079cc80000)
  to   space 263680K, 0% used [0x000000077c980000,0x000000077c980000,0x000000078cb00000)
 ParOldGen       total 4128768K, used 3267594K [0x0000000646000000, 0x0000000742000000, 0x0000000742000000)
  object space 4128768K, 79% used [0x0000000646000000,0x000000070d702938,0x0000000742000000)
 Metaspace       used 283838K, capacity 328048K, committed 328704K, reserved 1318912K
  class space    used 48076K, capacity 59106K, committed 59392K, reserved 1048576K
GC Heap History (10 events):
Event: 3371.094 GC heap before
{Heap before GC invocations=564 (full 10):
 PSYoungGen      total 951808K, used 951447K [0x0000000742000000, 0x00000007a5300000, 0x00000007c0000000)
  eden space 925184K, 100% used [0x0000000742000000,0x000000077a780000,0x000000077a780000)
  from space 26624K, 98% used [0x000000077a780000,0x000000077c125ce8,0x000000077c180000)
  to   space 343040K, 0% used [0x0000000790400000,0x0000000790400000,0x00000007a5300000)
 ParOldGen       total 4128768K, used 3264473K [0x0000000646000000, 0x0000000742000000, 0x0000000742000000)
  object space 4128768K, 79% used [0x0000000646000000,0x000000070d3f6710,0x0000000742000000)
 Metaspace       used 283574K, capacity 327502K, committed 328192K, reserved 1318912K
  class space    used 48037K, capacity 59017K, committed 59392K, reserved 1048576K
Event: 3371.112 GC heap after
Heap after GC invocations=564 (full 10):
 PSYoungGen      total 1247232K, used 24455K [0x0000000742000000, 0x00000007a3280000, 0x00000007c0000000)
  eden space 937472K, 0% used [0x0000000742000000,0x0000000742000000,0x000000077b380000)
  from space 309760K, 7% used [0x0000000790400000,0x0000000791be1cd0,0x00000007a3280000)
  to   space 327168K, 0% used [0x000000077b380000,0x000000077b380000,0x000000078f300000)
 ParOldGen       total 4128768K, used 3265625K [0x0000000646000000, 0x0000000742000000, 0x0000000742000000)
  object space 4128768K, 79% used [0x0000000646000000,0x000000070d516728,0x0000000742000000)
 Metaspace       used 283574K, capacity 327502K, committed 328192K, reserved 1318912K
  class space    used 48037K, capacity 59017K, committed 59392K, reserved 1048576K
}
Event: 3373.808 GC heap before
{Heap before GC invocations=565 (full 10):
 PSYoungGen      total 1247232K, used 961927K [0x0000000742000000, 0x00000007a3280000, 0x00000007c0000000)
  eden space 937472K, 100% used [0x0000000742000000,0x000000077b380000,0x000000077b380000)
  from space 309760K, 7% used [0x0000000790400000,0x0000000791be1cd0,0x00000007a3280000)
  to   space 327168K, 0% used [0x000000077b380000,0x000000077b380000,0x000000078f300000)
 ParOldGen       total 4128768K, used 3265625K [0x0000000646000000, 0x0000000742000000, 0x0000000742000000)
  object space 4128768K, 79% used [0x0000000646000000,0x000000070d516728,0x0000000742000000)
 Metaspace       used 283613K, capacity 327586K, committed 328448K, reserved 1318912K
  class space    used 48037K, capacity 59017K, committed 59392K, reserved 1048576K
Event: 3373.824 GC heap after
Heap after GC invocations=565 (full 10):
 PSYoungGen      total 961536K, used 23687K [0x0000000742000000, 0x00000007a1e00000, 0x00000007c0000000)
  eden space 937472K, 0% used [0x0000000742000000,0x0000000742000000,0x000000077b380000)
  from space 24064K, 98% used [0x000000077b380000,0x000000077caa1d00,0x000000077cb00000)
  to   space 310784K, 0% used [0x000000078ee80000,0x000000078ee80000,0x00000007a1e00000)
 ParOldGen       total 4128768K, used 3266457K [0x0000000646000000, 0x0000000742000000, 0x0000000742000000)
  object space 4128768K, 79% used [0x0000000646000000,0x000000070d5e67e8,0x0000000742000000)
 Metaspace       used 283613K, capacity 327586K, committed 328448K, reserved 1318912K
  class space    used 48037K, capacity 59017K, committed 59392K, reserved 1048576K
}
Event: 3376.853 GC heap before
{Heap before GC invocations=566 (full 10):
 PSYoungGen      total 961536K, used 961159K [0x0000000742000000, 0x00000007a1e00000, 0x00000007c0000000)
  eden space 937472K, 100% used [0x0000000742000000,0x000000077b380000,0x000000077b380000)
  from space 24064K, 98% used [0x000000077b380000,0x000000077caa1d00,0x000000077cb00000)
  to   space 310784K, 0% used [0x000000078ee80000,0x000000078ee80000,0x00000007a1e00000)
 ParOldGen       total 4128768K, used 3266457K [0x0000000646000000, 0x0000000742000000, 0x0000000742000000)
  object space 4128768K, 79% used [0x0000000646000000,0x000000070d5e67e8,0x0000000742000000)
 Metaspace       used 283631K, capacity 327654K, committed 328448K, reserved 1318912K
  class space    used 48037K, capacity 59017K, committed 59392K, reserved 1048576K
Event: 3376.870 GC heap after
Heap after GC invocations=566 (full 10):
 PSYoungGen      total 1227264K, used 24039K [0x0000000742000000, 0x000000079fe80000, 0x00000007c0000000)
  eden space 948736K, 0% used [0x0000000742000000,0x0000000742000000,0x000000077be80000)
  from space 278528K, 8% used [0x000000078ee80000,0x00000007905f9ca0,0x000000079fe80000)
  to   space 294912K, 0% used [0x000000077be80000,0x000000077be80000,0x000000078de80000)
 ParOldGen       total 4128768K, used 3266942K [0x0000000646000000, 0x0000000742000000, 0x0000000742000000)
  object space 4128768K, 79% used [0x0000000646000000,0x000000070d65f818,0x0000000742000000)
 Metaspace       used 283631K, capacity 327654K, committed 328448K, reserved 1318912K
  class space    used 48037K, capacity 59017K, committed 59392K, reserved 1048576K
}
Event: 3379.912 GC heap before
{Heap before GC invocations=567 (full 10):
 PSYoungGen      total 1227264K, used 972775K [0x0000000742000000, 0x000000079fe80000, 0x00000007c0000000)
  eden space 948736K, 100% used [0x0000000742000000,0x000000077be80000,0x000000077be80000)
  from space 278528K, 8% used [0x000000078ee80000,0x00000007905f9ca0,0x000000079fe80000)
  to   space 294912K, 0% used [0x000000077be80000,0x000000077be80000,0x000000078de80000)
 ParOldGen       total 4128768K, used 3266942K [0x0000000646000000, 0x0000000742000000, 0x0000000742000000)
  object space 4128768K, 79% used [0x0000000646000000,0x000000070d65f818,0x0000000742000000)
 Metaspace       used 283641K, capacity 327658K, committed 328448K, reserved 1318912K
  class space    used 48037K, capacity 59017K, committed 59392K, reserved 1048576K
Event: 3379.927 GC heap after
Heap after GC invocations=567 (full 10):
 PSYoungGen      total 972800K, used 23756K [0x0000000742000000, 0x000000079eb00000, 0x00000007c0000000)
  eden space 948736K, 0% used [0x0000000742000000,0x0000000742000000,0x000000077be80000)
  from space 24064K, 98% used [0x000000077be80000,0x000000077d5b3270,0x000000077d600000)
  to   space 279552K, 0% used [0x000000078da00000,0x000000078da00000,0x000000079eb00000)
 ParOldGen       total 4128768K, used 3267382K [0x0000000646000000, 0x0000000742000000, 0x0000000742000000)
  object space 4128768K, 79% used [0x0000000646000000,0x000000070d6cd8f0,0x0000000742000000)
 Metaspace       used 283641K, capacity 327658K, committed 328448K, reserved 1318912K
  class space    used 48037K, capacity 59017K, committed 59392K, reserved 1048576K
}
Event: 3382.913 GC heap before
{Heap before GC invocations=568 (full 10):
 PSYoungGen      total 972800K, used 972492K [0x0000000742000000, 0x000000079eb00000, 0x00000007c0000000)
  eden space 948736K, 100% used [0x0000000742000000,0x000000077be80000,0x000000077be80000)
  from space 24064K, 98% used [0x000000077be80000,0x000000077d5b3270,0x000000077d600000)
  to   space 279552K, 0% used [0x000000078da00000,0x000000078da00000,0x000000079eb00000)
 ParOldGen       total 4128768K, used 3267382K [0x0000000646000000, 0x0000000742000000, 0x0000000742000000)
  object space 4128768K, 79% used [0x0000000646000000,0x000000070d6cd8f0,0x0000000742000000)
 Metaspace       used 283817K, capacity 328018K, committed 328704K, reserved 1318912K
  class space    used 48074K, capacity 59103K, committed 59392K, reserved 1048576K
Event: 3382.933 GC heap after
Heap after GC invocations=568 (full 10):
 PSYoungGen      total 1208320K, used 28612K [0x0000000742000000, 0x000000079cc80000, 0x00000007c0000000)
  eden space 960000K, 0% used [0x0000000742000000,0x0000000742000000,0x000000077c980000)
  from space 248320K, 11% used [0x000000078da00000,0x000000078f5f12f0,0x000000079cc80000)
  to   space 263680K, 0% used [0x000000077c980000,0x000000077c980000,0x000000078cb00000)
 ParOldGen       total 4128768K, used 3267594K [0x0000000646000000, 0x0000000742000000, 0x0000000742000000)
  object space 4128768K, 79% used [0x0000000646000000,0x000000070d702938,0x0000000742000000)
 Metaspace       used 283817K, capacity 328018K, committed 328704K, reserved 1318912K
  class space    used 48074K, capacity 59103K, committed 59392K, reserved 1048576K
}

