# JRE version: Java(TM) SE Runtime Environment (8.0_51-b16) (build 1.8.0_51-b16)
# Java VM: Java HotSpot(TM) 64-Bit Server VM (25.51-b03 mixed mode windows-amd64 compressed oops)
Heap:
 PSYoungGen      total 1361408K, used 658229K [0x0000000756000000, 0x00000007ab100000, 0x00000007c0000000)
  eden space 1331200K, 49% used [0x0000000756000000,0x000000077e2cd6e8,0x00000007a7400000)
  from space 30208K, 0% used [0x00000007a9380000,0x00000007a9380000,0x00000007ab100000)
  to   space 31232K, 0% used [0x00000007a7400000,0x00000007a7400000,0x00000007a9280000)
 ParOldGen       total 2348544K, used 1692934K [0x0000000682000000, 0x0000000711580000, 0x0000000756000000)
  object space 2348544K, 72% used [0x0000000682000000,0x00000006e9541a88,0x0000000711580000)
 Metaspace       used 260857K, capacity 296779K, committed 296960K, reserved 1292288K
  class space    used 44570K, capacity 54235K, committed 54272K, reserved 1048576K
GC Heap History (10 events):
Event: 597.273 GC heap before
{Heap before GC invocations=180 (full 7):
 PSYoungGen      total 1345536K, used 1327877K [0x0000000756000000, 0x00000007aa080000, 0x00000007c0000000)
  eden space 1316352K, 100% used [0x0000000756000000,0x00000007a6580000,0x00000007a6580000)
  from space 29184K, 39% used [0x00000007a8280000,0x00000007a8dc17d0,0x00000007a9f00000)
  to   space 29696K, 0% used [0x00000007a6580000,0x00000007a6580000,0x00000007a8280000)
 ParOldGen       total 1923584K, used 1716110K [0x0000000682000000, 0x00000006f7680000, 0x0000000756000000)
  object space 1923584K, 89% used [0x0000000682000000,0x00000006eabe3968,0x00000006f7680000)
 Metaspace       used 260688K, capacity 296497K, committed 296704K, reserved 1292288K
  class space    used 44533K, capacity 54192K, committed 54272K, reserved 1048576K
Event: 597.307 GC heap after
Heap after GC invocations=180 (full 7):
 PSYoungGen      total 1346048K, used 24990K [0x0000000756000000, 0x00000007aab00000, 0x00000007c0000000)
  eden space 1316352K, 0% used [0x0000000756000000,0x0000000756000000,0x00000007a6580000)
  from space 29696K, 84% used [0x00000007a6580000,0x00000007a7de7b40,0x00000007a8280000)
  to   space 31232K, 0% used [0x00000007a8c80000,0x00000007a8c80000,0x00000007aab00000)
 ParOldGen       total 1923584K, used 1716813K [0x0000000682000000, 0x00000006f7680000, 0x0000000756000000)
  object space 1923584K, 89% used [0x0000000682000000,0x00000006eac93548,0x00000006f7680000)
 Metaspace       used 260688K, capacity 296497K, committed 296704K, reserved 1292288K
  class space    used 44533K, capacity 54192K, committed 54272K, reserved 1048576K
}
Event: 611.944 GC heap before
{Heap before GC invocations=181 (full 7):
 PSYoungGen      total 1346048K, used 1341342K [0x0000000756000000, 0x00000007aab00000, 0x00000007c0000000)
  eden space 1316352K, 100% used [0x0000000756000000,0x00000007a6580000,0x00000007a6580000)
  from space 29696K, 84% used [0x00000007a6580000,0x00000007a7de7b40,0x00000007a8280000)
  to   space 31232K, 0% used [0x00000007a8c80000,0x00000007a8c80000,0x00000007aab00000)
 ParOldGen       total 1923584K, used 1716813K [0x0000000682000000, 0x00000006f7680000, 0x0000000756000000)
  object space 1923584K, 89% used [0x0000000682000000,0x00000006eac93548,0x00000006f7680000)
 Metaspace       used 260689K, capacity 296497K, committed 296704K, reserved 1292288K
  class space    used 44533K, capacity 54192K, committed 54272K, reserved 1048576K
Event: 611.969 GC heap after
Heap after GC invocations=181 (full 7):
 PSYoungGen      total 1355264K, used 23120K [0x0000000756000000, 0x00000007aaa80000, 0x00000007c0000000)
  eden space 1324544K, 0% used [0x0000000756000000,0x0000000756000000,0x00000007a6d80000)
  from space 30720K, 75% used [0x00000007a8c80000,0x00000007aa314250,0x00000007aaa80000)
  to   space 31232K, 0% used [0x00000007a6d80000,0x00000007a6d80000,0x00000007a8c00000)
 ParOldGen       total 1923584K, used 1718373K [0x0000000682000000, 0x00000006f7680000, 0x0000000756000000)
  object space 1923584K, 89% used [0x0000000682000000,0x00000006eae19548,0x00000006f7680000)
 Metaspace       used 260689K, capacity 296497K, committed 296704K, reserved 1292288K
  class space    used 44533K, capacity 54192K, committed 54272K, reserved 1048576K
}
Event: 626.471 GC heap before
{Heap before GC invocations=182 (full 7):
 PSYoungGen      total 1355264K, used 1347664K [0x0000000756000000, 0x00000007aaa80000, 0x00000007c0000000)
  eden space 1324544K, 100% used [0x0000000756000000,0x00000007a6d80000,0x00000007a6d80000)
  from space 30720K, 75% used [0x00000007a8c80000,0x00000007aa314250,0x00000007aaa80000)
  to   space 31232K, 0% used [0x00000007a6d80000,0x00000007a6d80000,0x00000007a8c00000)
 ParOldGen       total 1923584K, used 1718373K [0x0000000682000000, 0x00000006f7680000, 0x0000000756000000)
  object space 1923584K, 89% used [0x0000000682000000,0x00000006eae19548,0x00000006f7680000)
 Metaspace       used 260694K, capacity 296497K, committed 296704K, reserved 1292288K
  class space    used 44533K, capacity 54192K, committed 54272K, reserved 1048576K
Event: 626.499 GC heap after
Heap after GC invocations=182 (full 7):
 PSYoungGen      total 1355776K, used 21934K [0x0000000756000000, 0x00000007ab200000, 0x00000007c0000000)
  eden space 1324544K, 0% used [0x0000000756000000,0x0000000756000000,0x00000007a6d80000)
  from space 31232K, 70% used [0x00000007a6d80000,0x00000007a82ebbc8,0x00000007a8c00000)
  to   space 31232K, 0% used [0x00000007a9380000,0x00000007a9380000,0x00000007ab200000)
 ParOldGen       total 1923584K, used 1719669K [0x0000000682000000, 0x00000006f7680000, 0x0000000756000000)
  object space 1923584K, 89% used [0x0000000682000000,0x00000006eaf5d548,0x00000006f7680000)
 Metaspace       used 260694K, capacity 296497K, committed 296704K, reserved 1292288K
  class space    used 44533K, capacity 54192K, committed 54272K, reserved 1048576K
}
Event: 639.858 GC heap before
{Heap before GC invocations=183 (full 7):
 PSYoungGen      total 1355776K, used 1346478K [0x0000000756000000, 0x00000007ab200000, 0x00000007c0000000)
  eden space 1324544K, 100% used [0x0000000756000000,0x00000007a6d80000,0x00000007a6d80000)
  from space 31232K, 70% used [0x00000007a6d80000,0x00000007a82ebbc8,0x00000007a8c00000)
  to   space 31232K, 0% used [0x00000007a9380000,0x00000007a9380000,0x00000007ab200000)
 ParOldGen       total 1923584K, used 1719669K [0x0000000682000000, 0x00000006f7680000, 0x0000000756000000)
  object space 1923584K, 89% used [0x0000000682000000,0x00000006eaf5d548,0x00000006f7680000)
 Metaspace       used 260694K, capacity 296497K, committed 296704K, reserved 1292288K
  class space    used 44533K, capacity 54192K, committed 54272K, reserved 1048576K
Event: 639.874 GC heap after
Heap after GC invocations=183 (full 7):
 PSYoungGen      total 1361408K, used 22784K [0x0000000756000000, 0x00000007ab100000, 0x00000007c0000000)
  eden space 1331200K, 0% used [0x0000000756000000,0x0000000756000000,0x00000007a7400000)
  from space 30208K, 75% used [0x00000007a9380000,0x00000007aa9c01c0,0x00000007ab100000)
  to   space 31232K, 0% used [0x00000007a7400000,0x00000007a7400000,0x00000007a9280000)
 ParOldGen       total 1923584K, used 1719797K [0x0000000682000000, 0x00000006f7680000, 0x0000000756000000)
  object space 1923584K, 89% used [0x0000000682000000,0x00000006eaf7d548,0x00000006f7680000)
 Metaspace       used 260694K, capacity 296497K, committed 296704K, reserved 1292288K
  class space    used 44533K, capacity 54192K, committed 54272K, reserved 1048576K
}
Event: 1610.478 GC heap before
{Heap before GC invocations=184 (full 8):
 PSYoungGen      total 1361408K, used 1353984K [0x0000000756000000, 0x00000007ab100000, 0x00000007c0000000)
  eden space 1331200K, 100% used [0x0000000756000000,0x00000007a7400000,0x00000007a7400000)
  from space 30208K, 75% used [0x00000007a9380000,0x00000007aa9c01c0,0x00000007ab100000)
  to   space 31232K, 0% used [0x00000007a7400000,0x00000007a7400000,0x00000007a9280000)
 ParOldGen       total 2723840K, used 2723591K [0x0000000682000000, 0x0000000728400000, 0x0000000756000000)
  object space 2723840K, 99% used [0x0000000682000000,0x00000007283c1c88,0x0000000728400000)
 Metaspace       used 260695K, capacity 296497K, committed 296704K, reserved 1292288K
  class space    used 44533K, capacity 54192K, committed 54272K, reserved 1048576K
Event: 1611.896 GC heap after
Heap after GC invocations=184 (full 8):
 PSYoungGen      total 1361408K, used 0K [0x0000000756000000, 0x00000007ab100000, 0x00000007c0000000)
  eden space 1331200K, 0% used [0x0000000756000000,0x0000000756000000,0x00000007a7400000)
  from space 30208K, 0% used [0x00000007a9380000,0x00000007a9380000,0x00000007ab100000)
  to   space 31232K, 0% used [0x00000007a7400000,0x00000007a7400000,0x00000007a9280000)
 ParOldGen       total 2348544K, used 1692934K [0x0000000682000000, 0x0000000711580000, 0x0000000756000000)
  object space 2348544K, 72% used [0x0000000682000000,0x00000006e9541a88,0x0000000711580000)
 Metaspace       used 260691K, capacity 296487K, committed 296704K, reserved 1292288K
  class space    used 44532K, capacity 54189K, committed 54272K, reserved 1048576K
}

