# JRE version: Java(TM) SE Runtime Environment (8.0_51-b16) (build 1.8.0_51-b16)
# Java VM: Java HotSpot(TM) 64-Bit Server VM (25.51-b03 mixed mode windows-amd64 compressed oops)
Heap:
 PSYoungGen      total 1566720K, used 1235691K [0x0000000742000000, 0x00000007ba400000, 0x00000007c0000000)
  eden space 1188864K, 98% used [0x0000000742000000,0x00000007896c51a8,0x000000078a900000)
  from space 377856K, 17% used [0x00000007a3300000,0x00000007a72f5c08,0x00000007ba400000)
  to   space 390656K, 0% used [0x000000078a900000,0x000000078a900000,0x00000007a2680000)
 ParOldGen       total 2059264K, used 1601622K [0x0000000646000000, 0x00000006c3b00000, 0x0000000742000000)
  object space 2059264K, 77% used [0x0000000646000000,0x00000006a7c15af8,0x00000006c3b00000)
 Metaspace       used 262440K, capacity 298368K, committed 298496K, reserved 1292288K
  class space    used 44991K, capacity 54667K, committed 54784K, reserved 1048576K
GC Heap History (10 events):
Event: 165.582 GC heap before
{Heap before GC invocations=87 (full 7):
 PSYoungGen      total 1583104K, used 1249478K [0x0000000742000000, 0x00000007bdd00000, 0x00000007c0000000)
  eden space 1137152K, 100% used [0x0000000742000000,0x0000000787680000,0x0000000787680000)
  from space 445952K, 25% used [0x0000000787680000,0x000000078e431928,0x00000007a2a00000)
  to   space 435200K, 0% used [0x00000007a3400000,0x00000007a3400000,0x00000007bdd00000)
 ParOldGen       total 2059264K, used 1536014K [0x0000000646000000, 0x00000006c3b00000, 0x0000000742000000)
  object space 2059264K, 74% used [0x0000000646000000,0x00000006a3c039f8,0x00000006c3b00000)
 Metaspace       used 262203K, capacity 298078K, committed 298112K, reserved 1292288K
  class space    used 44976K, capacity 54646K, committed 54656K, reserved 1048576K
Event: 165.618 GC heap after
Heap after GC invocations=87 (full 7):
 PSYoungGen      total 1567744K, used 110801K [0x0000000742000000, 0x00000007bc500000, 0x00000007c0000000)
  eden space 1157120K, 0% used [0x0000000742000000,0x0000000742000000,0x0000000788a00000)
  from space 410624K, 26% used [0x00000007a3400000,0x00000007aa034500,0x00000007bc500000)
  to   space 423424K, 0% used [0x0000000788a00000,0x0000000788a00000,0x00000007a2780000)
 ParOldGen       total 2059264K, used 1541894K [0x0000000646000000, 0x00000006c3b00000, 0x0000000742000000)
  object space 2059264K, 74% used [0x0000000646000000,0x00000006a41c19f8,0x00000006c3b00000)
 Metaspace       used 262203K, capacity 298078K, committed 298112K, reserved 1292288K
  class space    used 44976K, capacity 54646K, committed 54656K, reserved 1048576K
}
Event: 170.719 GC heap before
{Heap before GC invocations=88 (full 7):
 PSYoungGen      total 1567744K, used 1267921K [0x0000000742000000, 0x00000007bc500000, 0x00000007c0000000)
  eden space 1157120K, 100% used [0x0000000742000000,0x0000000788a00000,0x0000000788a00000)
  from space 410624K, 26% used [0x00000007a3400000,0x00000007aa034500,0x00000007bc500000)
  to   space 423424K, 0% used [0x0000000788a00000,0x0000000788a00000,0x00000007a2780000)
 ParOldGen       total 2059264K, used 1541894K [0x0000000646000000, 0x00000006c3b00000, 0x0000000742000000)
  object space 2059264K, 74% used [0x0000000646000000,0x00000006a41c19f8,0x00000006c3b00000)
 Metaspace       used 262251K, capacity 298178K, committed 298368K, reserved 1292288K
  class space    used 44976K, capacity 54646K, committed 54656K, reserved 1048576K
Event: 170.755 GC heap after
Heap after GC invocations=88 (full 7):
 PSYoungGen      total 1580544K, used 75431K [0x0000000742000000, 0x00000007bcc00000, 0x00000007c0000000)
  eden space 1157120K, 0% used [0x0000000742000000,0x0000000742000000,0x0000000788a00000)
  from space 423424K, 17% used [0x0000000788a00000,0x000000078d3a9c58,0x00000007a2780000)
  to   space 417280K, 0% used [0x00000007a3480000,0x00000007a3480000,0x00000007bcc00000)
 ParOldGen       total 2059264K, used 1580480K [0x0000000646000000, 0x00000006c3b00000, 0x0000000742000000)
  object space 2059264K, 76% used [0x0000000646000000,0x00000006a6770318,0x00000006c3b00000)
 Metaspace       used 262251K, capacity 298178K, committed 298368K, reserved 1292288K
  class space    used 44976K, capacity 54646K, committed 54656K, reserved 1048576K
}
Event: 176.919 GC heap before
{Heap before GC invocations=89 (full 7):
 PSYoungGen      total 1580544K, used 1232551K [0x0000000742000000, 0x00000007bcc00000, 0x00000007c0000000)
  eden space 1157120K, 100% used [0x0000000742000000,0x0000000788a00000,0x0000000788a00000)
  from space 423424K, 17% used [0x0000000788a00000,0x000000078d3a9c58,0x00000007a2780000)
  to   space 417280K, 0% used [0x00000007a3480000,0x00000007a3480000,0x00000007bcc00000)
 ParOldGen       total 2059264K, used 1580480K [0x0000000646000000, 0x00000006c3b00000, 0x0000000742000000)
  object space 2059264K, 76% used [0x0000000646000000,0x00000006a6770318,0x00000006c3b00000)
 Metaspace       used 262278K, capacity 298186K, committed 298368K, reserved 1292288K
  class space    used 44976K, capacity 54646K, committed 54656K, reserved 1048576K
Event: 176.947 GC heap after
Heap after GC invocations=89 (full 7):
 PSYoungGen      total 1576448K, used 62647K [0x0000000742000000, 0x00000007bbd00000, 0x00000007c0000000)
  eden space 1174528K, 0% used [0x0000000742000000,0x0000000742000000,0x0000000789b00000)
  from space 401920K, 15% used [0x00000007a3480000,0x00000007a71adc08,0x00000007bbd00000)
  to   space 410624K, 0% used [0x0000000789b00000,0x0000000789b00000,0x00000007a2c00000)
 ParOldGen       total 2059264K, used 1596022K [0x0000000646000000, 0x00000006c3b00000, 0x0000000742000000)
  object space 2059264K, 77% used [0x0000000646000000,0x00000006a769daf8,0x00000006c3b00000)
 Metaspace       used 262278K, capacity 298186K, committed 298368K, reserved 1292288K
  class space    used 44976K, capacity 54646K, committed 54656K, reserved 1048576K
}
Event: 183.838 GC heap before
{Heap before GC invocations=90 (full 7):
 PSYoungGen      total 1576448K, used 1237175K [0x0000000742000000, 0x00000007bbd00000, 0x00000007c0000000)
  eden space 1174528K, 100% used [0x0000000742000000,0x0000000789b00000,0x0000000789b00000)
  from space 401920K, 15% used [0x00000007a3480000,0x00000007a71adc08,0x00000007bbd00000)
  to   space 410624K, 0% used [0x0000000789b00000,0x0000000789b00000,0x00000007a2c00000)
 ParOldGen       total 2059264K, used 1596022K [0x0000000646000000, 0x00000006c3b00000, 0x0000000742000000)
  object space 2059264K, 77% used [0x0000000646000000,0x00000006a769daf8,0x00000006c3b00000)
 Metaspace       used 262295K, capacity 298186K, committed 298368K, reserved 1292288K
  class space    used 44976K, capacity 54646K, committed 54656K, reserved 1048576K
Event: 183.867 GC heap after
Heap after GC invocations=90 (full 7):
 PSYoungGen      total 1585152K, used 63671K [0x0000000742000000, 0x00000007bbb80000, 0x00000007c0000000)
  eden space 1174528K, 0% used [0x0000000742000000,0x0000000742000000,0x0000000789b00000)
  from space 410624K, 15% used [0x0000000789b00000,0x000000078d92dc08,0x00000007a2c00000)
  to   space 401920K, 0% used [0x00000007a3300000,0x00000007a3300000,0x00000007bbb80000)
 ParOldGen       total 2059264K, used 1598134K [0x0000000646000000, 0x00000006c3b00000, 0x0000000742000000)
  object space 2059264K, 77% used [0x0000000646000000,0x00000006a78adaf8,0x00000006c3b00000)
 Metaspace       used 262295K, capacity 298186K, committed 298368K, reserved 1292288K
  class space    used 44976K, capacity 54646K, committed 54656K, reserved 1048576K
}
Event: 192.715 GC heap before
{Heap before GC invocations=91 (full 7):
 PSYoungGen      total 1585152K, used 1238199K [0x0000000742000000, 0x00000007bbb80000, 0x00000007c0000000)
  eden space 1174528K, 100% used [0x0000000742000000,0x0000000789b00000,0x0000000789b00000)
  from space 410624K, 15% used [0x0000000789b00000,0x000000078d92dc08,0x00000007a2c00000)
  to   space 401920K, 0% used [0x00000007a3300000,0x00000007a3300000,0x00000007bbb80000)
 ParOldGen       total 2059264K, used 1598134K [0x0000000646000000, 0x00000006c3b00000, 0x0000000742000000)
  object space 2059264K, 77% used [0x0000000646000000,0x00000006a78adaf8,0x00000006c3b00000)
 Metaspace       used 262356K, capacity 298266K, committed 298368K, reserved 1292288K
  class space    used 44976K, capacity 54646K, committed 54656K, reserved 1048576K
Event: 192.743 GC heap after
Heap after GC invocations=91 (full 7):
 PSYoungGen      total 1566720K, used 65495K [0x0000000742000000, 0x00000007ba400000, 0x00000007c0000000)
  eden space 1188864K, 0% used [0x0000000742000000,0x0000000742000000,0x000000078a900000)
  from space 377856K, 17% used [0x00000007a3300000,0x00000007a72f5c08,0x00000007ba400000)
  to   space 390656K, 0% used [0x000000078a900000,0x000000078a900000,0x00000007a2680000)
 ParOldGen       total 2059264K, used 1601622K [0x0000000646000000, 0x00000006c3b00000, 0x0000000742000000)
  object space 2059264K, 77% used [0x0000000646000000,0x00000006a7c15af8,0x00000006c3b00000)
 Metaspace       used 262356K, capacity 298266K, committed 298368K, reserved 1292288K
  class space    used 44976K, capacity 54646K, committed 54656K, reserved 1048576K
}

