# JRE version: Java(TM) SE Runtime Environment (8.0_51-b16) (build 1.8.0_51-b16)
# Java VM: Java HotSpot(TM) 64-Bit Server VM (25.51-b03 mixed mode windows-amd64 compressed oops)
Heap:
 PSYoungGen      total 1368064K, used 169659K [0x0000000742000000, 0x0000000798100000, 0x00000007c0000000)
  eden space 1331712K, 11% used [0x0000000742000000,0x000000074b802b48,0x0000000793480000)
  from space 36352K, 38% used [0x0000000793480000,0x000000079422c280,0x0000000795800000)
  to   space 35328K, 0% used [0x0000000795e80000,0x0000000795e80000,0x0000000798100000)
 ParOldGen       total 1937408K, used 1649080K [0x0000000646000000, 0x00000006bc400000, 0x0000000742000000)
  object space 1937408K, 85% used [0x0000000646000000,0x00000006aaa6e018,0x00000006bc400000)
 Metaspace       used 258108K, capacity 293152K, committed 293260K, reserved 1288192K
  class space    used 44267K, capacity 53815K, committed 53900K, reserved 1048576K
GC Heap History (10 events):
Event: 1061.214 GC heap before
{Heap before GC invocations=204 (full 7):
 PSYoungGen      total 1356800K, used 1333328K [0x0000000742000000, 0x0000000797800000, 0x00000007c0000000)
  eden space 1316864K, 100% used [0x0000000742000000,0x0000000792600000,0x0000000792600000)
  from space 39936K, 41% used [0x0000000795100000,0x0000000796114270,0x0000000797800000)
  to   space 41984K, 0% used [0x0000000792600000,0x0000000792600000,0x0000000794f00000)
 ParOldGen       total 1937408K, used 1647167K [0x0000000646000000, 0x00000006bc400000, 0x0000000742000000)
  object space 1937408K, 85% used [0x0000000646000000,0x00000006aa88fde0,0x00000006bc400000)
 Metaspace       used 258069K, capacity 293104K, committed 293260K, reserved 1288192K
  class space    used 44257K, capacity 53803K, committed 53900K, reserved 1048576K
Event: 1061.228 GC heap after
Heap after GC invocations=204 (full 7):
 PSYoungGen      total 1358848K, used 14608K [0x0000000742000000, 0x0000000797c80000, 0x00000007c0000000)
  eden space 1316864K, 0% used [0x0000000742000000,0x0000000742000000,0x0000000792600000)
  from space 41984K, 34% used [0x0000000792600000,0x0000000793444270,0x0000000794f00000)
  to   space 40448K, 0% used [0x0000000795500000,0x0000000795500000,0x0000000797c80000)
 ParOldGen       total 1937408K, used 1647643K [0x0000000646000000, 0x00000006bc400000, 0x0000000742000000)
  object space 1937408K, 85% used [0x0000000646000000,0x00000006aa906cc0,0x00000006bc400000)
 Metaspace       used 258069K, capacity 293104K, committed 293260K, reserved 1288192K
  class space    used 44257K, capacity 53803K, committed 53900K, reserved 1048576K
}
Event: 1066.830 GC heap before
{Heap before GC invocations=205 (full 7):
 PSYoungGen      total 1358848K, used 1331472K [0x0000000742000000, 0x0000000797c80000, 0x00000007c0000000)
  eden space 1316864K, 100% used [0x0000000742000000,0x0000000792600000,0x0000000792600000)
  from space 41984K, 34% used [0x0000000792600000,0x0000000793444270,0x0000000794f00000)
  to   space 40448K, 0% used [0x0000000795500000,0x0000000795500000,0x0000000797c80000)
 ParOldGen       total 1937408K, used 1647643K [0x0000000646000000, 0x00000006bc400000, 0x0000000742000000)
  object space 1937408K, 85% used [0x0000000646000000,0x00000006aa906cc0,0x00000006bc400000)
 Metaspace       used 258069K, capacity 293104K, committed 293260K, reserved 1288192K
  class space    used 44257K, capacity 53803K, committed 53900K, reserved 1048576K
Event: 1066.843 GC heap after
Heap after GC invocations=205 (full 7):
 PSYoungGen      total 1361920K, used 14640K [0x0000000742000000, 0x0000000797980000, 0x00000007c0000000)
  eden space 1324544K, 0% used [0x0000000742000000,0x0000000742000000,0x0000000792d80000)
  from space 37376K, 39% used [0x0000000795500000,0x000000079634c270,0x0000000797980000)
  to   space 38912K, 0% used [0x0000000792d80000,0x0000000792d80000,0x0000000795380000)
 ParOldGen       total 1937408K, used 1647779K [0x0000000646000000, 0x00000006bc400000, 0x0000000742000000)
  object space 1937408K, 85% used [0x0000000646000000,0x00000006aa928cc0,0x00000006bc400000)
 Metaspace       used 258069K, capacity 293104K, committed 293260K, reserved 1288192K
  class space    used 44257K, capacity 53803K, committed 53900K, reserved 1048576K
}
Event: 1072.497 GC heap before
{Heap before GC invocations=206 (full 7):
 PSYoungGen      total 1361920K, used 1339184K [0x0000000742000000, 0x0000000797980000, 0x00000007c0000000)
  eden space 1324544K, 100% used [0x0000000742000000,0x0000000792d80000,0x0000000792d80000)
  from space 37376K, 39% used [0x0000000795500000,0x000000079634c270,0x0000000797980000)
  to   space 38912K, 0% used [0x0000000792d80000,0x0000000792d80000,0x0000000795380000)
 ParOldGen       total 1937408K, used 1647779K [0x0000000646000000, 0x00000006bc400000, 0x0000000742000000)
  object space 1937408K, 85% used [0x0000000646000000,0x00000006aa928cc0,0x00000006bc400000)
 Metaspace       used 258073K, capacity 293108K, committed 293260K, reserved 1288192K
  class space    used 44257K, capacity 53803K, committed 53900K, reserved 1048576K
Event: 1072.511 GC heap after
Heap after GC invocations=206 (full 7):
 PSYoungGen      total 1363456K, used 14640K [0x0000000742000000, 0x0000000797f00000, 0x00000007c0000000)
  eden space 1324544K, 0% used [0x0000000742000000,0x0000000742000000,0x0000000792d80000)
  from space 38912K, 37% used [0x0000000792d80000,0x0000000793bcc280,0x0000000795380000)
  to   space 37888K, 0% used [0x0000000795a00000,0x0000000795a00000,0x0000000797f00000)
 ParOldGen       total 1937408K, used 1647944K [0x0000000646000000, 0x00000006bc400000, 0x0000000742000000)
  object space 1937408K, 85% used [0x0000000646000000,0x00000006aa952018,0x00000006bc400000)
 Metaspace       used 258073K, capacity 293108K, committed 293260K, reserved 1288192K
  class space    used 44257K, capacity 53803K, committed 53900K, reserved 1048576K
}
Event: 1078.614 GC heap before
{Heap before GC invocations=207 (full 7):
 PSYoungGen      total 1363456K, used 1339184K [0x0000000742000000, 0x0000000797f00000, 0x00000007c0000000)
  eden space 1324544K, 100% used [0x0000000742000000,0x0000000792d80000,0x0000000792d80000)
  from space 38912K, 37% used [0x0000000792d80000,0x0000000793bcc280,0x0000000795380000)
  to   space 37888K, 0% used [0x0000000795a00000,0x0000000795a00000,0x0000000797f00000)
 ParOldGen       total 1937408K, used 1647944K [0x0000000646000000, 0x00000006bc400000, 0x0000000742000000)
  object space 1937408K, 85% used [0x0000000646000000,0x00000006aa952018,0x00000006bc400000)
 Metaspace       used 258074K, capacity 293108K, committed 293260K, reserved 1288192K
  class space    used 44257K, capacity 53803K, committed 53900K, reserved 1048576K
Event: 1078.628 GC heap after
Heap after GC invocations=207 (full 7):
 PSYoungGen      total 1366016K, used 14608K [0x0000000742000000, 0x0000000797b80000, 0x00000007c0000000)
  eden space 1331712K, 0% used [0x0000000742000000,0x0000000742000000,0x0000000793480000)
  from space 34304K, 42% used [0x0000000795a00000,0x0000000796844280,0x0000000797b80000)
  to   space 36352K, 0% used [0x0000000793480000,0x0000000793480000,0x0000000795800000)
 ParOldGen       total 1937408K, used 1648088K [0x0000000646000000, 0x00000006bc400000, 0x0000000742000000)
  object space 1937408K, 85% used [0x0000000646000000,0x00000006aa976018,0x00000006bc400000)
 Metaspace       used 258074K, capacity 293108K, committed 293260K, reserved 1288192K
  class space    used 44257K, capacity 53803K, committed 53900K, reserved 1048576K
}
Event: 1084.540 GC heap before
{Heap before GC invocations=208 (full 7):
 PSYoungGen      total 1366016K, used 1346320K [0x0000000742000000, 0x0000000797b80000, 0x00000007c0000000)
  eden space 1331712K, 100% used [0x0000000742000000,0x0000000793480000,0x0000000793480000)
  from space 34304K, 42% used [0x0000000795a00000,0x0000000796844280,0x0000000797b80000)
  to   space 36352K, 0% used [0x0000000793480000,0x0000000793480000,0x0000000795800000)
 ParOldGen       total 1937408K, used 1648088K [0x0000000646000000, 0x00000006bc400000, 0x0000000742000000)
  object space 1937408K, 85% used [0x0000000646000000,0x00000006aa976018,0x00000006bc400000)
 Metaspace       used 258075K, capacity 293108K, committed 293260K, reserved 1288192K
  class space    used 44257K, capacity 53803K, committed 53900K, reserved 1048576K
Event: 1084.556 GC heap after
Heap after GC invocations=208 (full 7):
 PSYoungGen      total 1368064K, used 14000K [0x0000000742000000, 0x0000000798100000, 0x00000007c0000000)
  eden space 1331712K, 0% used [0x0000000742000000,0x0000000742000000,0x0000000793480000)
  from space 36352K, 38% used [0x0000000793480000,0x000000079422c280,0x0000000795800000)
  to   space 35328K, 0% used [0x0000000795e80000,0x0000000795e80000,0x0000000798100000)
 ParOldGen       total 1937408K, used 1649080K [0x0000000646000000, 0x00000006bc400000, 0x0000000742000000)
  object space 1937408K, 85% used [0x0000000646000000,0x00000006aaa6e018,0x00000006bc400000)
 Metaspace       used 258075K, capacity 293108K, committed 293260K, reserved 1288192K
  class space    used 44257K, capacity 53803K, committed 53900K, reserved 1048576K
}

