# JRE version: Java(TM) SE Runtime Environment (8.0_51-b16) (build 1.8.0_51-b16)
# Java VM: Java HotSpot(TM) 64-Bit Server VM (25.51-b03 mixed mode windows-amd64 compressed oops)
Heap:
 PSYoungGen      total 1698816K, used 316998K [0x0000000742000000, 0x00000007ab180000, 0x00000007c0000000)
  eden space 1676800K, 18% used [0x0000000742000000,0x00000007550798d0,0x00000007a8580000)
  from space 22016K, 23% used [0x00000007a9c00000,0x00000007aa118000,0x00000007ab180000)
  to   space 22528K, 0% used [0x00000007a8580000,0x00000007a8580000,0x00000007a9b80000)
 ParOldGen       total 2525696K, used 2303911K [0x0000000646000000, 0x00000006e0280000, 0x0000000742000000)
  object space 2525696K, 91% used [0x0000000646000000,0x00000006d29e9e58,0x00000006e0280000)
 Metaspace       used 266940K, capacity 304242K, committed 304512K, reserved 1298432K
  class space    used 45284K, capacity 55042K, committed 55168K, reserved 1048576K
GC Heap History (10 events):
Event: 2120.823 GC heap before
{Heap before GC invocations=302 (full 8):
 PSYoungGen      total 1679872K, used 1656352K [0x0000000742000000, 0x00000007aaa80000, 0x00000007c0000000)
  eden space 1652224K, 100% used [0x0000000742000000,0x00000007a6d80000,0x00000007a6d80000)
  from space 27648K, 14% used [0x00000007a6d80000,0x00000007a7188000,0x00000007a8880000)
  to   space 27136K, 0% used [0x00000007a9000000,0x00000007a9000000,0x00000007aaa80000)
 ParOldGen       total 2525696K, used 2303303K [0x0000000646000000, 0x00000006e0280000, 0x0000000742000000)
  object space 2525696K, 91% used [0x0000000646000000,0x00000006d2951e58,0x00000006e0280000)
 Metaspace       used 266837K, capacity 304002K, committed 304128K, reserved 1298432K
  class space    used 45262K, capacity 55008K, committed 55040K, reserved 1048576K
Event: 2120.835 GC heap after
Heap after GC invocations=302 (full 8):
 PSYoungGen      total 1685504K, used 4192K [0x0000000742000000, 0x00000007aa880000, 0x00000007c0000000)
  eden space 1660416K, 0% used [0x0000000742000000,0x0000000742000000,0x00000007a7580000)
  from space 25088K, 16% used [0x00000007a9000000,0x00000007a9418000,0x00000007aa880000)
  to   space 26112K, 0% used [0x00000007a7580000,0x00000007a7580000,0x00000007a8f00000)
 ParOldGen       total 2525696K, used 2303431K [0x0000000646000000, 0x00000006e0280000, 0x0000000742000000)
  object space 2525696K, 91% used [0x0000000646000000,0x00000006d2971e58,0x00000006e0280000)
 Metaspace       used 266837K, capacity 304002K, committed 304128K, reserved 1298432K
  class space    used 45262K, capacity 55008K, committed 55040K, reserved 1048576K
}
Event: 2127.790 GC heap before
{Heap before GC invocations=303 (full 8):
 PSYoungGen      total 1685504K, used 1664608K [0x0000000742000000, 0x00000007aa880000, 0x00000007c0000000)
  eden space 1660416K, 100% used [0x0000000742000000,0x00000007a7580000,0x00000007a7580000)
  from space 25088K, 16% used [0x00000007a9000000,0x00000007a9418000,0x00000007aa880000)
  to   space 26112K, 0% used [0x00000007a7580000,0x00000007a7580000,0x00000007a8f00000)
 ParOldGen       total 2525696K, used 2303431K [0x0000000646000000, 0x00000006e0280000, 0x0000000742000000)
  object space 2525696K, 91% used [0x0000000646000000,0x00000006d2971e58,0x00000006e0280000)
 Metaspace       used 266841K, capacity 304002K, committed 304128K, reserved 1298432K
  class space    used 45262K, capacity 55008K, committed 55040K, reserved 1048576K
Event: 2127.802 GC heap after
Heap after GC invocations=303 (full 8):
 PSYoungGen      total 1686528K, used 5216K [0x0000000742000000, 0x00000007aae80000, 0x00000007c0000000)
  eden space 1660416K, 0% used [0x0000000742000000,0x0000000742000000,0x00000007a7580000)
  from space 26112K, 19% used [0x00000007a7580000,0x00000007a7a98000,0x00000007a8f00000)
  to   space 25088K, 0% used [0x00000007a9600000,0x00000007a9600000,0x00000007aae80000)
 ParOldGen       total 2525696K, used 2303551K [0x0000000646000000, 0x00000006e0280000, 0x0000000742000000)
  object space 2525696K, 91% used [0x0000000646000000,0x00000006d298fe58,0x00000006e0280000)
 Metaspace       used 266841K, capacity 304002K, committed 304128K, reserved 1298432K
  class space    used 45262K, capacity 55008K, committed 55040K, reserved 1048576K
}
Event: 2136.107 GC heap before
{Heap before GC invocations=304 (full 8):
 PSYoungGen      total 1686528K, used 1665632K [0x0000000742000000, 0x00000007aae80000, 0x00000007c0000000)
  eden space 1660416K, 100% used [0x0000000742000000,0x00000007a7580000,0x00000007a7580000)
  from space 26112K, 19% used [0x00000007a7580000,0x00000007a7a98000,0x00000007a8f00000)
  to   space 25088K, 0% used [0x00000007a9600000,0x00000007a9600000,0x00000007aae80000)
 ParOldGen       total 2525696K, used 2303551K [0x0000000646000000, 0x00000006e0280000, 0x0000000742000000)
  object space 2525696K, 91% used [0x0000000646000000,0x00000006d298fe58,0x00000006e0280000)
 Metaspace       used 266841K, capacity 304002K, committed 304128K, reserved 1298432K
  class space    used 45262K, capacity 55008K, committed 55040K, reserved 1048576K
Event: 2136.121 GC heap after
Heap after GC invocations=304 (full 8):
 PSYoungGen      total 1692672K, used 4768K [0x0000000742000000, 0x00000007aad80000, 0x00000007c0000000)
  eden space 1668608K, 0% used [0x0000000742000000,0x0000000742000000,0x00000007a7d80000)
  from space 24064K, 19% used [0x00000007a9600000,0x00000007a9aa8000,0x00000007aad80000)
  to   space 24576K, 0% used [0x00000007a7d80000,0x00000007a7d80000,0x00000007a9580000)
 ParOldGen       total 2525696K, used 2303655K [0x0000000646000000, 0x00000006e0280000, 0x0000000742000000)
  object space 2525696K, 91% used [0x0000000646000000,0x00000006d29a9e58,0x00000006e0280000)
 Metaspace       used 266841K, capacity 304002K, committed 304128K, reserved 1298432K
  class space    used 45262K, capacity 55008K, committed 55040K, reserved 1048576K
}
Event: 2145.643 GC heap before
{Heap before GC invocations=305 (full 8):
 PSYoungGen      total 1692672K, used 1673376K [0x0000000742000000, 0x00000007aad80000, 0x00000007c0000000)
  eden space 1668608K, 100% used [0x0000000742000000,0x00000007a7d80000,0x00000007a7d80000)
  from space 24064K, 19% used [0x00000007a9600000,0x00000007a9aa8000,0x00000007aad80000)
  to   space 24576K, 0% used [0x00000007a7d80000,0x00000007a7d80000,0x00000007a9580000)
 ParOldGen       total 2525696K, used 2303655K [0x0000000646000000, 0x00000006e0280000, 0x0000000742000000)
  object space 2525696K, 91% used [0x0000000646000000,0x00000006d29a9e58,0x00000006e0280000)
 Metaspace       used 266841K, capacity 304002K, committed 304128K, reserved 1298432K
  class space    used 45262K, capacity 55008K, committed 55040K, reserved 1048576K
Event: 2145.655 GC heap after
Heap after GC invocations=305 (full 8):
 PSYoungGen      total 1693184K, used 3968K [0x0000000742000000, 0x00000007ab300000, 0x00000007c0000000)
  eden space 1668608K, 0% used [0x0000000742000000,0x0000000742000000,0x00000007a7d80000)
  from space 24576K, 16% used [0x00000007a7d80000,0x00000007a8160000,0x00000007a9580000)
  to   space 23552K, 0% used [0x00000007a9c00000,0x00000007a9c00000,0x00000007ab300000)
 ParOldGen       total 2525696K, used 2303791K [0x0000000646000000, 0x00000006e0280000, 0x0000000742000000)
  object space 2525696K, 91% used [0x0000000646000000,0x00000006d29cbe58,0x00000006e0280000)
 Metaspace       used 266841K, capacity 304002K, committed 304128K, reserved 1298432K
  class space    used 45262K, capacity 55008K, committed 55040K, reserved 1048576K
}
Event: 2151.792 GC heap before
{Heap before GC invocations=306 (full 8):
 PSYoungGen      total 1693184K, used 1672576K [0x0000000742000000, 0x00000007ab300000, 0x00000007c0000000)
  eden space 1668608K, 100% used [0x0000000742000000,0x00000007a7d80000,0x00000007a7d80000)
  from space 24576K, 16% used [0x00000007a7d80000,0x00000007a8160000,0x00000007a9580000)
  to   space 23552K, 0% used [0x00000007a9c00000,0x00000007a9c00000,0x00000007ab300000)
 ParOldGen       total 2525696K, used 2303791K [0x0000000646000000, 0x00000006e0280000, 0x0000000742000000)
  object space 2525696K, 91% used [0x0000000646000000,0x00000006d29cbe58,0x00000006e0280000)
 Metaspace       used 266845K, capacity 304008K, committed 304128K, reserved 1298432K
  class space    used 45263K, capacity 55009K, committed 55040K, reserved 1048576K
Event: 2151.804 GC heap after
Heap after GC invocations=306 (full 8):
 PSYoungGen      total 1698816K, used 5216K [0x0000000742000000, 0x00000007ab180000, 0x00000007c0000000)
  eden space 1676800K, 0% used [0x0000000742000000,0x0000000742000000,0x00000007a8580000)
  from space 22016K, 23% used [0x00000007a9c00000,0x00000007aa118000,0x00000007ab180000)
  to   space 22528K, 0% used [0x00000007a8580000,0x00000007a8580000,0x00000007a9b80000)
 ParOldGen       total 2525696K, used 2303911K [0x0000000646000000, 0x00000006e0280000, 0x0000000742000000)
  object space 2525696K, 91% used [0x0000000646000000,0x00000006d29e9e58,0x00000006e0280000)
 Metaspace       used 266845K, capacity 304008K, committed 304128K, reserved 1298432K
  class space    used 45263K, capacity 55009K, committed 55040K, reserved 1048576K
}

