# JRE version: Java(TM) SE Runtime Environment (8.0_51-b16) (build 1.8.0_51-b16)
# Java VM: Java HotSpot(TM) 64-Bit Server VM (25.51-b03 mixed mode windows-amd64 compressed oops)
Heap:
 PSYoungGen      total 2039808K, used 527741K [0x0000000742000000, 0x00000007bfe80000, 0x00000007c0000000)
  eden space 2017792K, 26% used [0x0000000742000000,0x000000076235f7b8,0x00000007bd280000)
  from space 22016K, 0% used [0x00000007be900000,0x00000007be900000,0x00000007bfe80000)
  to   space 22528K, 0% used [0x00000007bd280000,0x00000007bd280000,0x00000007be880000)
 ParOldGen       total 2739712K, used 2191140K [0x0000000646000000, 0x00000006ed380000, 0x0000000742000000)
  object space 2739712K, 79% used [0x0000000646000000,0x00000006cbbc9080,0x00000006ed380000)
 Metaspace       used 266136K, capacity 303074K, committed 304748K, reserved 1298432K
  class space    used 45056K, capacity 54660K, committed 55156K, reserved 1048576K
GC Heap History (10 events):
Event: 5065.151 GC heap before
{Heap before GC invocations=599 (full 8):
 PSYoungGen      total 2038272K, used 2029935K [0x0000000742000000, 0x00000007bff00000, 0x00000007c0000000)
  eden space 2014208K, 100% used [0x0000000742000000,0x00000007bcf00000,0x00000007bcf00000)
  from space 24064K, 65% used [0x00000007be780000,0x00000007bf6dbc50,0x00000007bff00000)
  to   space 24576K, 0% used [0x00000007bcf00000,0x00000007bcf00000,0x00000007be700000)
 ParOldGen       total 2269696K, used 2264083K [0x0000000646000000, 0x00000006d0880000, 0x0000000742000000)
  object space 2269696K, 99% used [0x0000000646000000,0x00000006d0304fc0,0x00000006d0880000)
 Metaspace       used 266964K, capacity 304570K, committed 304748K, reserved 1298432K
  class space    used 45282K, capacity 55087K, committed 55156K, reserved 1048576K
Event: 5065.166 GC heap after
Heap after GC invocations=599 (full 8):
 PSYoungGen      total 2038784K, used 15759K [0x0000000742000000, 0x00000007bff80000, 0x00000007c0000000)
  eden space 2014208K, 0% used [0x0000000742000000,0x0000000742000000,0x00000007bcf00000)
  from space 24576K, 64% used [0x00000007bcf00000,0x00000007bde63c50,0x00000007be700000)
  to   space 24064K, 0% used [0x00000007be800000,0x00000007be800000,0x00000007bff80000)
 ParOldGen       total 2269696K, used 2264203K [0x0000000646000000, 0x00000006d0880000, 0x0000000742000000)
  object space 2269696K, 99% used [0x0000000646000000,0x00000006d0322fc0,0x00000006d0880000)
 Metaspace       used 266964K, capacity 304570K, committed 304748K, reserved 1298432K
  class space    used 45282K, capacity 55087K, committed 55156K, reserved 1048576K
}
Event: 5076.723 GC heap before
{Heap before GC invocations=600 (full 8):
 PSYoungGen      total 2038784K, used 2029967K [0x0000000742000000, 0x00000007bff80000, 0x00000007c0000000)
  eden space 2014208K, 100% used [0x0000000742000000,0x00000007bcf00000,0x00000007bcf00000)
  from space 24576K, 64% used [0x00000007bcf00000,0x00000007bde63c50,0x00000007be700000)
  to   space 24064K, 0% used [0x00000007be800000,0x00000007be800000,0x00000007bff80000)
 ParOldGen       total 2269696K, used 2264203K [0x0000000646000000, 0x00000006d0880000, 0x0000000742000000)
  object space 2269696K, 99% used [0x0000000646000000,0x00000006d0322fc0,0x00000006d0880000)
 Metaspace       used 266964K, capacity 304570K, committed 304748K, reserved 1298432K
  class space    used 45282K, capacity 55087K, committed 55156K, reserved 1048576K
Event: 5076.737 GC heap after
Heap after GC invocations=600 (full 8):
 PSYoungGen      total 2038784K, used 15759K [0x0000000742000000, 0x00000007bfe80000, 0x00000007c0000000)
  eden space 2015744K, 0% used [0x0000000742000000,0x0000000742000000,0x00000007bd080000)
  from space 23040K, 68% used [0x00000007be800000,0x00000007bf763c50,0x00000007bfe80000)
  to   space 23552K, 0% used [0x00000007bd080000,0x00000007bd080000,0x00000007be780000)
 ParOldGen       total 2269696K, used 2264387K [0x0000000646000000, 0x00000006d0880000, 0x0000000742000000)
  object space 2269696K, 99% used [0x0000000646000000,0x00000006d0350fc0,0x00000006d0880000)
 Metaspace       used 266964K, capacity 304570K, committed 304748K, reserved 1298432K
  class space    used 45282K, capacity 55087K, committed 55156K, reserved 1048576K
}
Event: 5087.542 GC heap before
{Heap before GC invocations=601 (full 8):
 PSYoungGen      total 2038784K, used 2031503K [0x0000000742000000, 0x00000007bfe80000, 0x00000007c0000000)
  eden space 2015744K, 100% used [0x0000000742000000,0x00000007bd080000,0x00000007bd080000)
  from space 23040K, 68% used [0x00000007be800000,0x00000007bf763c50,0x00000007bfe80000)
  to   space 23552K, 0% used [0x00000007bd080000,0x00000007bd080000,0x00000007be780000)
 ParOldGen       total 2269696K, used 2264387K [0x0000000646000000, 0x00000006d0880000, 0x0000000742000000)
  object space 2269696K, 99% used [0x0000000646000000,0x00000006d0350fc0,0x00000006d0880000)
 Metaspace       used 266980K, capacity 304570K, committed 304748K, reserved 1298432K
  class space    used 45282K, capacity 55087K, committed 55156K, reserved 1048576K
Event: 5087.556 GC heap after
Heap after GC invocations=601 (full 8):
 PSYoungGen      total 2039296K, used 15421K [0x0000000742000000, 0x00000007bff80000, 0x00000007c0000000)
  eden space 2015744K, 0% used [0x0000000742000000,0x0000000742000000,0x00000007bd080000)
  from space 23552K, 65% used [0x00000007bd080000,0x00000007bdf8f440,0x00000007be780000)
  to   space 23040K, 0% used [0x00000007be900000,0x00000007be900000,0x00000007bff80000)
 ParOldGen       total 2269696K, used 2265307K [0x0000000646000000, 0x00000006d0880000, 0x0000000742000000)
  object space 2269696K, 99% used [0x0000000646000000,0x00000006d0436fc0,0x00000006d0880000)
 Metaspace       used 266980K, capacity 304570K, committed 304748K, reserved 1298432K
  class space    used 45282K, capacity 55087K, committed 55156K, reserved 1048576K
}
Event: 5099.026 GC heap before
{Heap before GC invocations=602 (full 8):
 PSYoungGen      total 2039296K, used 2031165K [0x0000000742000000, 0x00000007bff80000, 0x00000007c0000000)
  eden space 2015744K, 100% used [0x0000000742000000,0x00000007bd080000,0x00000007bd080000)
  from space 23552K, 65% used [0x00000007bd080000,0x00000007bdf8f440,0x00000007be780000)
  to   space 23040K, 0% used [0x00000007be900000,0x00000007be900000,0x00000007bff80000)
 ParOldGen       total 2269696K, used 2265307K [0x0000000646000000, 0x00000006d0880000, 0x0000000742000000)
  object space 2269696K, 99% used [0x0000000646000000,0x00000006d0436fc0,0x00000006d0880000)
 Metaspace       used 266980K, capacity 304570K, committed 304748K, reserved 1298432K
  class space    used 45282K, capacity 55087K, committed 55156K, reserved 1048576K
Event: 5099.040 GC heap after
Heap after GC invocations=602 (full 8):
 PSYoungGen      total 2039808K, used 12958K [0x0000000742000000, 0x00000007bfe80000, 0x00000007c0000000)
  eden space 2017792K, 0% used [0x0000000742000000,0x0000000742000000,0x00000007bd280000)
  from space 22016K, 58% used [0x00000007be900000,0x00000007bf5a7a20,0x00000007bfe80000)
  to   space 22528K, 0% used [0x00000007bd280000,0x00000007bd280000,0x00000007be880000)
 ParOldGen       total 2269696K, used 2267322K [0x0000000646000000, 0x00000006d0880000, 0x0000000742000000)
  object space 2269696K, 99% used [0x0000000646000000,0x00000006d062e9e0,0x00000006d0880000)
 Metaspace       used 266980K, capacity 304570K, committed 304748K, reserved 1298432K
  class space    used 45282K, capacity 55087K, committed 55156K, reserved 1048576K
}
Event: 5099.040 GC heap before
{Heap before GC invocations=603 (full 9):
 PSYoungGen      total 2039808K, used 12958K [0x0000000742000000, 0x00000007bfe80000, 0x00000007c0000000)
  eden space 2017792K, 0% used [0x0000000742000000,0x0000000742000000,0x00000007bd280000)
  from space 22016K, 58% used [0x00000007be900000,0x00000007bf5a7a20,0x00000007bfe80000)
  to   space 22528K, 0% used [0x00000007bd280000,0x00000007bd280000,0x00000007be880000)
 ParOldGen       total 2269696K, used 2267322K [0x0000000646000000, 0x00000006d0880000, 0x0000000742000000)
  object space 2269696K, 99% used [0x0000000646000000,0x00000006d062e9e0,0x00000006d0880000)
 Metaspace       used 266980K, capacity 304570K, committed 304748K, reserved 1298432K
  class space    used 45282K, capacity 55087K, committed 55156K, reserved 1048576K
Event: 5103.397 GC heap after
Heap after GC invocations=603 (full 9):
 PSYoungGen      total 2039808K, used 0K [0x0000000742000000, 0x00000007bfe80000, 0x00000007c0000000)
  eden space 2017792K, 0% used [0x0000000742000000,0x0000000742000000,0x00000007bd280000)
  from space 22016K, 0% used [0x00000007be900000,0x00000007be900000,0x00000007bfe80000)
  to   space 22528K, 0% used [0x00000007bd280000,0x00000007bd280000,0x00000007be880000)
 ParOldGen       total 2739712K, used 2191140K [0x0000000646000000, 0x00000006ed380000, 0x0000000742000000)
  object space 2739712K, 79% used [0x0000000646000000,0x00000006cbbc9080,0x00000006ed380000)
 Metaspace       used 266104K, capacity 303036K, committed 304748K, reserved 1298432K
  class space    used 45047K, capacity 54649K, committed 55156K, reserved 1048576K
}

