# JRE version: Java(TM) SE Runtime Environment (8.0_51-b16) (build 1.8.0_51-b16)
# Java VM: Java HotSpot(TM) 64-Bit Server VM (25.51-b03 mixed mode windows-amd64 compressed oops)
Heap:
 PSYoungGen      total 1682944K, used 322234K [0x0000000756b00000, 0x00000007c0000000, 0x00000007c0000000)
  eden space 1646080K, 17% used [0x0000000756b00000,0x00000007684488e8,0x00000007bb280000)
  from space 36864K, 92% used [0x00000007bb280000,0x00000007bd3e6008,0x00000007bd680000)
  to   space 40960K, 0% used [0x00000007bd800000,0x00000007bd800000,0x00000007c0000000)
 ParOldGen       total 2863104K, used 2708343K [0x0000000684000000, 0x0000000732c00000, 0x0000000756b00000)
  object space 2863104K, 94% used [0x0000000684000000,0x00000007294ddc50,0x0000000732c00000)
 Metaspace       used 279927K, capacity 323440K, committed 323756K, reserved 1314816K
  class space    used 47670K, capacity 58731K, committed 58796K, reserved 1048576K
GC Heap History (10 events):
Event: 994.808 GC heap before
{Heap before GC invocations=382 (full 9):
 PSYoungGen      total 1673216K, used 1646337K [0x0000000756b00000, 0x00000007bf980000, 0x00000007c0000000)
  eden space 1628672K, 100% used [0x0000000756b00000,0x00000007ba180000,0x00000007ba180000)
  from space 44544K, 39% used [0x00000007bce00000,0x00000007bdf40510,0x00000007bf980000)
  to   space 45056K, 0% used [0x00000007ba180000,0x00000007ba180000,0x00000007bcd80000)
 ParOldGen       total 2863104K, used 2705320K [0x0000000684000000, 0x0000000732c00000, 0x0000000756b00000)
  object space 2863104K, 94% used [0x0000000684000000,0x00000007291ea170,0x0000000732c00000)
 Metaspace       used 279575K, capacity 322932K, committed 323116K, reserved 1314816K
  class space    used 47610K, capacity 58651K, committed 58668K, reserved 1048576K
Event: 994.821 GC heap after
Heap after GC invocations=382 (full 9):
 PSYoungGen      total 1673728K, used 18945K [0x0000000756b00000, 0x00000007bfb80000, 0x00000007c0000000)
  eden space 1628672K, 0% used [0x0000000756b00000,0x0000000756b00000,0x00000007ba180000)
  from space 45056K, 42% used [0x00000007ba180000,0x00000007bb4005a0,0x00000007bcd80000)
  to   space 42496K, 0% used [0x00000007bd200000,0x00000007bd200000,0x00000007bfb80000)
 ParOldGen       total 2863104K, used 2705856K [0x0000000684000000, 0x0000000732c00000, 0x0000000756b00000)
  object space 2863104K, 94% used [0x0000000684000000,0x0000000729270260,0x0000000732c00000)
 Metaspace       used 279575K, capacity 322932K, committed 323116K, reserved 1314816K
  class space    used 47610K, capacity 58651K, committed 58668K, reserved 1048576K
}
Event: 998.206 GC heap before
{Heap before GC invocations=383 (full 9):
 PSYoungGen      total 1673728K, used 1647617K [0x0000000756b00000, 0x00000007bfb80000, 0x00000007c0000000)
  eden space 1628672K, 100% used [0x0000000756b00000,0x00000007ba180000,0x00000007ba180000)
  from space 45056K, 42% used [0x00000007ba180000,0x00000007bb4005a0,0x00000007bcd80000)
  to   space 42496K, 0% used [0x00000007bd200000,0x00000007bd200000,0x00000007bfb80000)
 ParOldGen       total 2863104K, used 2705856K [0x0000000684000000, 0x0000000732c00000, 0x0000000756b00000)
  object space 2863104K, 94% used [0x0000000684000000,0x0000000729270260,0x0000000732c00000)
 Metaspace       used 279577K, capacity 322932K, committed 323116K, reserved 1314816K
  class space    used 47611K, capacity 58651K, committed 58668K, reserved 1048576K
Event: 998.220 GC heap after
Heap after GC invocations=383 (full 9):
 PSYoungGen      total 1678336K, used 18353K [0x0000000756b00000, 0x00000007bf980000, 0x00000007c0000000)
  eden space 1637888K, 0% used [0x0000000756b00000,0x0000000756b00000,0x00000007baa80000)
  from space 40448K, 45% used [0x00000007bd200000,0x00000007be3ec4f8,0x00000007bf980000)
  to   space 40448K, 0% used [0x00000007baa80000,0x00000007baa80000,0x00000007bd200000)
 ParOldGen       total 2863104K, used 2706620K [0x0000000684000000, 0x0000000732c00000, 0x0000000756b00000)
  object space 2863104K, 94% used [0x0000000684000000,0x000000072932f2d8,0x0000000732c00000)
 Metaspace       used 279577K, capacity 322932K, committed 323116K, reserved 1314816K
  class space    used 47611K, capacity 58651K, committed 58668K, reserved 1048576K
}
Event: 1001.629 GC heap before
{Heap before GC invocations=384 (full 9):
 PSYoungGen      total 1678336K, used 1656241K [0x0000000756b00000, 0x00000007bf980000, 0x00000007c0000000)
  eden space 1637888K, 100% used [0x0000000756b00000,0x00000007baa80000,0x00000007baa80000)
  from space 40448K, 45% used [0x00000007bd200000,0x00000007be3ec4f8,0x00000007bf980000)
  to   space 40448K, 0% used [0x00000007baa80000,0x00000007baa80000,0x00000007bd200000)
 ParOldGen       total 2863104K, used 2706620K [0x0000000684000000, 0x0000000732c00000, 0x0000000756b00000)
  object space 2863104K, 94% used [0x0000000684000000,0x000000072932f310,0x0000000732c00000)
 Metaspace       used 279580K, capacity 322932K, committed 323116K, reserved 1314816K
  class space    used 47611K, capacity 58651K, committed 58668K, reserved 1048576K
Event: 1001.642 GC heap after
Heap after GC invocations=384 (full 9):
 PSYoungGen      total 1678336K, used 18641K [0x0000000756b00000, 0x00000007bfd00000, 0x00000007c0000000)
  eden space 1637888K, 0% used [0x0000000756b00000,0x0000000756b00000,0x00000007baa80000)
  from space 40448K, 46% used [0x00000007baa80000,0x00000007bbcb4468,0x00000007bd200000)
  to   space 38912K, 0% used [0x00000007bd700000,0x00000007bd700000,0x00000007bfd00000)
 ParOldGen       total 2863104K, used 2707349K [0x0000000684000000, 0x0000000732c00000, 0x0000000756b00000)
  object space 2863104K, 94% used [0x0000000684000000,0x00000007293e5490,0x0000000732c00000)
 Metaspace       used 279580K, capacity 322932K, committed 323116K, reserved 1314816K
  class space    used 47611K, capacity 58651K, committed 58668K, reserved 1048576K
}
Event: 1005.000 GC heap before
{Heap before GC invocations=385 (full 9):
 PSYoungGen      total 1678336K, used 1656529K [0x0000000756b00000, 0x00000007bfd00000, 0x00000007c0000000)
  eden space 1637888K, 100% used [0x0000000756b00000,0x00000007baa80000,0x00000007baa80000)
  from space 40448K, 46% used [0x00000007baa80000,0x00000007bbcb4468,0x00000007bd200000)
  to   space 38912K, 0% used [0x00000007bd700000,0x00000007bd700000,0x00000007bfd00000)
 ParOldGen       total 2863104K, used 2707350K [0x0000000684000000, 0x0000000732c00000, 0x0000000756b00000)
  object space 2863104K, 94% used [0x0000000684000000,0x00000007293e5b48,0x0000000732c00000)
 Metaspace       used 279614K, capacity 322932K, committed 323116K, reserved 1314816K
  class space    used 47611K, capacity 58651K, committed 58668K, reserved 1048576K
Event: 1005.014 GC heap after
Heap after GC invocations=385 (full 9):
 PSYoungGen      total 1682432K, used 18400K [0x0000000756b00000, 0x00000007bfa80000, 0x00000007c0000000)
  eden space 1646080K, 0% used [0x0000000756b00000,0x0000000756b00000,0x00000007bb280000)
  from space 36352K, 50% used [0x00000007bd700000,0x00000007be8f83f0,0x00000007bfa80000)
  to   space 36864K, 0% used [0x00000007bb280000,0x00000007bb280000,0x00000007bd680000)
 ParOldGen       total 2863104K, used 2707975K [0x0000000684000000, 0x0000000732c00000, 0x0000000756b00000)
  object space 2863104K, 94% used [0x0000000684000000,0x0000000729481c50,0x0000000732c00000)
 Metaspace       used 279614K, capacity 322932K, committed 323116K, reserved 1314816K
  class space    used 47611K, capacity 58651K, committed 58668K, reserved 1048576K
}
Event: 1007.541 GC heap before
{Heap before GC invocations=386 (full 9):
 PSYoungGen      total 1682432K, used 1664480K [0x0000000756b00000, 0x00000007bfa80000, 0x00000007c0000000)
  eden space 1646080K, 100% used [0x0000000756b00000,0x00000007bb280000,0x00000007bb280000)
  from space 36352K, 50% used [0x00000007bd700000,0x00000007be8f83f0,0x00000007bfa80000)
  to   space 36864K, 0% used [0x00000007bb280000,0x00000007bb280000,0x00000007bd680000)
 ParOldGen       total 2863104K, used 2707975K [0x0000000684000000, 0x0000000732c00000, 0x0000000756b00000)
  object space 2863104K, 94% used [0x0000000684000000,0x0000000729481c50,0x0000000732c00000)
 Metaspace       used 279911K, capacity 323428K, committed 323500K, reserved 1314816K
  class space    used 47670K, capacity 58731K, committed 58796K, reserved 1048576K
Event: 1007.573 GC heap after
Heap after GC invocations=386 (full 9):
 PSYoungGen      total 1682944K, used 34200K [0x0000000756b00000, 0x00000007c0000000, 0x00000007c0000000)
  eden space 1646080K, 0% used [0x0000000756b00000,0x0000000756b00000,0x00000007bb280000)
  from space 36864K, 92% used [0x00000007bb280000,0x00000007bd3e6008,0x00000007bd680000)
  to   space 40960K, 0% used [0x00000007bd800000,0x00000007bd800000,0x00000007c0000000)
 ParOldGen       total 2863104K, used 2708343K [0x0000000684000000, 0x0000000732c00000, 0x0000000756b00000)
  object space 2863104K, 94% used [0x0000000684000000,0x00000007294ddc50,0x0000000732c00000)
 Metaspace       used 279911K, capacity 323428K, committed 323500K, reserved 1314816K
  class space    used 47670K, capacity 58731K, committed 58796K, reserved 1048576K
}

