# JRE version: Java(TM) SE Runtime Environment (8.0_51-b16) (build 1.8.0_51-b16)
# Java VM: Java HotSpot(TM) 64-Bit Server VM (25.51-b03 mixed mode windows-amd64 compressed oops)
Heap:
 PSYoungGen      total 1266688K, used 407411K [0x0000000742000000, 0x0000000794a80000, 0x00000007c0000000)
  eden space 1171968K, 34% used [0x0000000742000000,0x000000075a8fcc90,0x0000000789880000)
  from space 94720K, 5% used [0x0000000789880000,0x0000000789d60010,0x000000078f500000)
  to   space 87552K, 0% used [0x000000078f500000,0x000000078f500000,0x0000000794a80000)
 ParOldGen       total 2036224K, used 1568626K [0x0000000646000000, 0x00000006c2480000, 0x0000000742000000)
  object space 2036224K, 77% used [0x0000000646000000,0x00000006a5bdc938,0x00000006c2480000)
 Metaspace       used 255954K, capacity 290331K, committed 290628K, reserved 1286144K
  class space    used 44054K, capacity 53553K, committed 53632K, reserved 1048576K
GC Heap History (10 events):
Event: 254.198 GC heap before
{Heap before GC invocations=112 (full 7):
 PSYoungGen      total 1274368K, used 1161792K [0x0000000742000000, 0x0000000798180000, 0x00000007c0000000)
  eden space 1157632K, 100% used [0x0000000742000000,0x0000000788a80000,0x0000000788a80000)
  from space 116736K, 3% used [0x0000000790f80000,0x0000000791390010,0x0000000798180000)
  to   space 126464K, 0% used [0x0000000788a80000,0x0000000788a80000,0x0000000790600000)
 ParOldGen       total 2036224K, used 1567842K [0x0000000646000000, 0x00000006c2480000, 0x0000000742000000)
  object space 2036224K, 76% used [0x0000000646000000,0x00000006a5b18848,0x00000006c2480000)
 Metaspace       used 255577K, capacity 289823K, committed 290116K, reserved 1286144K
  class space    used 44035K, capacity 53525K, committed 53632K, reserved 1048576K
Event: 254.211 GC heap after
Heap after GC invocations=112 (full 7):
 PSYoungGen      total 1161728K, used 4064K [0x0000000742000000, 0x0000000797780000, 0x00000007c0000000)
  eden space 1157632K, 0% used [0x0000000742000000,0x0000000742000000,0x0000000788a80000)
  from space 4096K, 99% used [0x0000000788a80000,0x0000000788e78010,0x0000000788e80000)
  to   space 117760K, 0% used [0x0000000790480000,0x0000000790480000,0x0000000797780000)
 ParOldGen       total 2036224K, used 1568058K [0x0000000646000000, 0x00000006c2480000, 0x0000000742000000)
  object space 2036224K, 77% used [0x0000000646000000,0x00000006a5b4e938,0x00000006c2480000)
 Metaspace       used 255577K, capacity 289823K, committed 290116K, reserved 1286144K
  class space    used 44035K, capacity 53525K, committed 53632K, reserved 1048576K
}
Event: 258.108 GC heap before
{Heap before GC invocations=113 (full 7):
 PSYoungGen      total 1161728K, used 1161696K [0x0000000742000000, 0x0000000797780000, 0x00000007c0000000)
  eden space 1157632K, 100% used [0x0000000742000000,0x0000000788a80000,0x0000000788a80000)
  from space 4096K, 99% used [0x0000000788a80000,0x0000000788e78010,0x0000000788e80000)
  to   space 117760K, 0% used [0x0000000790480000,0x0000000790480000,0x0000000797780000)
 ParOldGen       total 2036224K, used 1568058K [0x0000000646000000, 0x00000006c2480000, 0x0000000742000000)
  object space 2036224K, 77% used [0x0000000646000000,0x00000006a5b4e938,0x00000006c2480000)
 Metaspace       used 255583K, capacity 289827K, committed 290116K, reserved 1286144K
  class space    used 44035K, capacity 53525K, committed 53632K, reserved 1048576K
Event: 258.120 GC heap after
Heap after GC invocations=113 (full 7):
 PSYoungGen      total 1266176K, used 4000K [0x0000000742000000, 0x0000000796780000, 0x00000007c0000000)
  eden space 1164800K, 0% used [0x0000000742000000,0x0000000742000000,0x0000000789180000)
  from space 101376K, 3% used [0x0000000790480000,0x0000000790868010,0x0000000796780000)
  to   space 109568K, 0% used [0x0000000789180000,0x0000000789180000,0x000000078fc80000)
 ParOldGen       total 2036224K, used 1568178K [0x0000000646000000, 0x00000006c2480000, 0x0000000742000000)
  object space 2036224K, 77% used [0x0000000646000000,0x00000006a5b6c938,0x00000006c2480000)
 Metaspace       used 255583K, capacity 289827K, committed 290116K, reserved 1286144K
  class space    used 44035K, capacity 53525K, committed 53632K, reserved 1048576K
}
Event: 262.375 GC heap before
{Heap before GC invocations=114 (full 7):
 PSYoungGen      total 1266176K, used 1168800K [0x0000000742000000, 0x0000000796780000, 0x00000007c0000000)
  eden space 1164800K, 100% used [0x0000000742000000,0x0000000789180000,0x0000000789180000)
  from space 101376K, 3% used [0x0000000790480000,0x0000000790868010,0x0000000796780000)
  to   space 109568K, 0% used [0x0000000789180000,0x0000000789180000,0x000000078fc80000)
 ParOldGen       total 2036224K, used 1568178K [0x0000000646000000, 0x00000006c2480000, 0x0000000742000000)
  object space 2036224K, 77% used [0x0000000646000000,0x00000006a5b6c938,0x00000006c2480000)
 Metaspace       used 255585K, capacity 289827K, committed 290116K, reserved 1286144K
  class space    used 44035K, capacity 53525K, committed 53632K, reserved 1048576K
Event: 262.387 GC heap after
Heap after GC invocations=114 (full 7):
 PSYoungGen      total 1168896K, used 4064K [0x0000000742000000, 0x0000000795f80000, 0x00000007c0000000)
  eden space 1164800K, 0% used [0x0000000742000000,0x0000000742000000,0x0000000789180000)
  from space 4096K, 99% used [0x0000000789180000,0x0000000789578010,0x0000000789580000)
  to   space 101888K, 0% used [0x000000078fc00000,0x000000078fc00000,0x0000000795f80000)
 ParOldGen       total 2036224K, used 1568354K [0x0000000646000000, 0x00000006c2480000, 0x0000000742000000)
  object space 2036224K, 77% used [0x0000000646000000,0x00000006a5b98938,0x00000006c2480000)
 Metaspace       used 255585K, capacity 289827K, committed 290116K, reserved 1286144K
  class space    used 44035K, capacity 53525K, committed 53632K, reserved 1048576K
}
Event: 266.529 GC heap before
{Heap before GC invocations=115 (full 7):
 PSYoungGen      total 1168896K, used 1168864K [0x0000000742000000, 0x0000000795f80000, 0x00000007c0000000)
  eden space 1164800K, 100% used [0x0000000742000000,0x0000000789180000,0x0000000789180000)
  from space 4096K, 99% used [0x0000000789180000,0x0000000789578010,0x0000000789580000)
  to   space 101888K, 0% used [0x000000078fc00000,0x000000078fc00000,0x0000000795f80000)
 ParOldGen       total 2036224K, used 1568354K [0x0000000646000000, 0x00000006c2480000, 0x0000000742000000)
  object space 2036224K, 77% used [0x0000000646000000,0x00000006a5b98938,0x00000006c2480000)
 Metaspace       used 255671K, capacity 289891K, committed 290116K, reserved 1286144K
  class space    used 44035K, capacity 53525K, committed 53632K, reserved 1048576K
Event: 266.541 GC heap after
Heap after GC invocations=115 (full 7):
 PSYoungGen      total 1259520K, used 3904K [0x0000000742000000, 0x0000000795180000, 0x00000007c0000000)
  eden space 1171968K, 0% used [0x0000000742000000,0x0000000742000000,0x0000000789880000)
  from space 87552K, 4% used [0x000000078fc00000,0x000000078ffd0000,0x0000000795180000)
  to   space 94720K, 0% used [0x0000000789880000,0x0000000789880000,0x000000078f500000)
 ParOldGen       total 2036224K, used 1568522K [0x0000000646000000, 0x00000006c2480000, 0x0000000742000000)
  object space 2036224K, 77% used [0x0000000646000000,0x00000006a5bc2938,0x00000006c2480000)
 Metaspace       used 255671K, capacity 289891K, committed 290116K, reserved 1286144K
  class space    used 44035K, capacity 53525K, committed 53632K, reserved 1048576K
}
Event: 271.229 GC heap before
{Heap before GC invocations=116 (full 7):
 PSYoungGen      total 1259520K, used 1175872K [0x0000000742000000, 0x0000000795180000, 0x00000007c0000000)
  eden space 1171968K, 100% used [0x0000000742000000,0x0000000789880000,0x0000000789880000)
  from space 87552K, 4% used [0x000000078fc00000,0x000000078ffd0000,0x0000000795180000)
  to   space 94720K, 0% used [0x0000000789880000,0x0000000789880000,0x000000078f500000)
 ParOldGen       total 2036224K, used 1568522K [0x0000000646000000, 0x00000006c2480000, 0x0000000742000000)
  object space 2036224K, 77% used [0x0000000646000000,0x00000006a5bc2938,0x00000006c2480000)
 Metaspace       used 255883K, capacity 290227K, committed 290372K, reserved 1286144K
  class space    used 44039K, capacity 53531K, committed 53632K, reserved 1048576K
Event: 271.242 GC heap after
Heap after GC invocations=116 (full 7):
 PSYoungGen      total 1266688K, used 4992K [0x0000000742000000, 0x0000000794a80000, 0x00000007c0000000)
  eden space 1171968K, 0% used [0x0000000742000000,0x0000000742000000,0x0000000789880000)
  from space 94720K, 5% used [0x0000000789880000,0x0000000789d60010,0x000000078f500000)
  to   space 87552K, 0% used [0x000000078f500000,0x000000078f500000,0x0000000794a80000)
 ParOldGen       total 2036224K, used 1568626K [0x0000000646000000, 0x00000006c2480000, 0x0000000742000000)
  object space 2036224K, 77% used [0x0000000646000000,0x00000006a5bdc938,0x00000006c2480000)
 Metaspace       used 255883K, capacity 290227K, committed 290372K, reserved 1286144K
  class space    used 44039K, capacity 53531K, committed 53632K, reserved 1048576K
}

