# JRE version: Java(TM) SE Runtime Environment (8.0_51-b16) (build 1.8.0_51-b16)
# Java VM: Java HotSpot(TM) 64-Bit Server VM (25.51-b03 mixed mode windows-amd64 compressed oops)
Heap:
 PSYoungGen      total 1996288K, used 271018K [0x0000000742000000, 0x00000007c0000000, 0x00000007c0000000)
  eden space 1929216K, 10% used [0x0000000742000000,0x000000074ee22ed8,0x00000007b7c00000)
  from space 67072K, 89% used [0x00000007b7c00000,0x00000007bb687a20,0x00000007bbd80000)
  to   space 67072K, 0% used [0x00000007bbe80000,0x00000007bbe80000,0x00000007c0000000)
 ParOldGen       total 2237440K, used 2221038K [0x0000000646000000, 0x00000006ce900000, 0x0000000742000000)
  object space 2237440K, 99% used [0x0000000646000000,0x00000006cd8fb880,0x00000006ce900000)
 Metaspace       used 259211K, capacity 294556K, committed 294860K, reserved 1290240K
  class space    used 44370K, capacity 53953K, committed 54016K, reserved 1048576K
GC Heap History (10 events):
Event: 1357.677 GC heap before
{Heap before GC invocations=275 (full 8):
 PSYoungGen      total 1993216K, used 1982840K [0x0000000742000000, 0x00000007bfd80000, 0x00000007c0000000)
  eden space 1924608K, 100% used [0x0000000742000000,0x00000007b7780000,0x00000007b7780000)
  from space 68608K, 84% used [0x00000007bba00000,0x00000007bf2de1a8,0x00000007bfd00000)
  to   space 68096K, 0% used [0x00000007b7780000,0x00000007b7780000,0x00000007bba00000)
 ParOldGen       total 2237440K, used 2202750K [0x0000000646000000, 0x00000006ce900000, 0x0000000742000000)
  object space 2237440K, 98% used [0x0000000646000000,0x00000006cc71f880,0x00000006ce900000)
 Metaspace       used 259096K, capacity 294394K, committed 294604K, reserved 1290240K
  class space    used 44344K, capacity 53916K, committed 54016K, reserved 1048576K
Event: 1357.700 GC heap after
Heap after GC invocations=275 (full 8):
 PSYoungGen      total 1992704K, used 58712K [0x0000000742000000, 0x00000007bfe80000, 0x00000007c0000000)
  eden space 1924608K, 0% used [0x0000000742000000,0x0000000742000000,0x00000007b7780000)
  from space 68096K, 86% used [0x00000007b7780000,0x00000007bb0d61a8,0x00000007bba00000)
  to   space 67584K, 0% used [0x00000007bbc80000,0x00000007bbc80000,0x00000007bfe80000)
 ParOldGen       total 2237440K, used 2206718K [0x0000000646000000, 0x00000006ce900000, 0x0000000742000000)
  object space 2237440K, 98% used [0x0000000646000000,0x00000006ccaff880,0x00000006ce900000)
 Metaspace       used 259096K, capacity 294394K, committed 294604K, reserved 1290240K
  class space    used 44344K, capacity 53916K, committed 54016K, reserved 1048576K
}
Event: 1364.576 GC heap before
{Heap before GC invocations=276 (full 8):
 PSYoungGen      total 1992704K, used 1983320K [0x0000000742000000, 0x00000007bfe80000, 0x00000007c0000000)
  eden space 1924608K, 100% used [0x0000000742000000,0x00000007b7780000,0x00000007b7780000)
  from space 68096K, 86% used [0x00000007b7780000,0x00000007bb0d61a8,0x00000007bba00000)
  to   space 67584K, 0% used [0x00000007bbc80000,0x00000007bbc80000,0x00000007bfe80000)
 ParOldGen       total 2237440K, used 2206718K [0x0000000646000000, 0x00000006ce900000, 0x0000000742000000)
  object space 2237440K, 98% used [0x0000000646000000,0x00000006ccaff880,0x00000006ce900000)
 Metaspace       used 259096K, capacity 294394K, committed 294604K, reserved 1290240K
  class space    used 44344K, capacity 53916K, committed 54016K, reserved 1048576K
Event: 1364.599 GC heap after
Heap after GC invocations=276 (full 8):
 PSYoungGen      total 1995776K, used 59416K [0x0000000742000000, 0x00000007bfe80000, 0x00000007c0000000)
  eden space 1928192K, 0% used [0x0000000742000000,0x0000000742000000,0x00000007b7b00000)
  from space 67584K, 87% used [0x00000007bbc80000,0x00000007bf6861a8,0x00000007bfe80000)
  to   space 67072K, 0% used [0x00000007b7b00000,0x00000007b7b00000,0x00000007bbc80000)
 ParOldGen       total 2237440K, used 2210382K [0x0000000646000000, 0x00000006ce900000, 0x0000000742000000)
  object space 2237440K, 98% used [0x0000000646000000,0x00000006cce93880,0x00000006ce900000)
 Metaspace       used 259096K, capacity 294394K, committed 294604K, reserved 1290240K
  class space    used 44344K, capacity 53916K, committed 54016K, reserved 1048576K
}
Event: 1371.464 GC heap before
{Heap before GC invocations=277 (full 8):
 PSYoungGen      total 1995776K, used 1987608K [0x0000000742000000, 0x00000007bfe80000, 0x00000007c0000000)
  eden space 1928192K, 100% used [0x0000000742000000,0x00000007b7b00000,0x00000007b7b00000)
  from space 67584K, 87% used [0x00000007bbc80000,0x00000007bf6861a8,0x00000007bfe80000)
  to   space 67072K, 0% used [0x00000007b7b00000,0x00000007b7b00000,0x00000007bbc80000)
 ParOldGen       total 2237440K, used 2210382K [0x0000000646000000, 0x00000006ce900000, 0x0000000742000000)
  object space 2237440K, 98% used [0x0000000646000000,0x00000006cce93880,0x00000006ce900000)
 Metaspace       used 259106K, capacity 294412K, committed 294604K, reserved 1290240K
  class space    used 44345K, capacity 53919K, committed 54016K, reserved 1048576K
Event: 1371.489 GC heap after
Heap after GC invocations=277 (full 8):
 PSYoungGen      total 1995264K, used 59448K [0x0000000742000000, 0x00000007bfe80000, 0x00000007c0000000)
  eden space 1928192K, 0% used [0x0000000742000000,0x0000000742000000,0x00000007b7b00000)
  from space 67072K, 88% used [0x00000007b7b00000,0x00000007bb50e1a8,0x00000007bbc80000)
  to   space 66560K, 0% used [0x00000007bbd80000,0x00000007bbd80000,0x00000007bfe80000)
 ParOldGen       total 2237440K, used 2214054K [0x0000000646000000, 0x00000006ce900000, 0x0000000742000000)
  object space 2237440K, 98% used [0x0000000646000000,0x00000006cd229880,0x00000006ce900000)
 Metaspace       used 259106K, capacity 294412K, committed 294604K, reserved 1290240K
  class space    used 44345K, capacity 53919K, committed 54016K, reserved 1048576K
}
Event: 1379.150 GC heap before
{Heap before GC invocations=278 (full 8):
 PSYoungGen      total 1995264K, used 1987640K [0x0000000742000000, 0x00000007bfe80000, 0x00000007c0000000)
  eden space 1928192K, 100% used [0x0000000742000000,0x00000007b7b00000,0x00000007b7b00000)
  from space 67072K, 88% used [0x00000007b7b00000,0x00000007bb50e1a8,0x00000007bbc80000)
  to   space 66560K, 0% used [0x00000007bbd80000,0x00000007bbd80000,0x00000007bfe80000)
 ParOldGen       total 2237440K, used 2214054K [0x0000000646000000, 0x00000006ce900000, 0x0000000742000000)
  object space 2237440K, 98% used [0x0000000646000000,0x00000006cd229880,0x00000006ce900000)
 Metaspace       used 259107K, capacity 294412K, committed 294604K, reserved 1290240K
  class space    used 44345K, capacity 53919K, committed 54016K, reserved 1048576K
Event: 1379.175 GC heap after
Heap after GC invocations=278 (full 8):
 PSYoungGen      total 1995776K, used 61368K [0x0000000742000000, 0x00000007c0000000, 0x00000007c0000000)
  eden space 1929216K, 0% used [0x0000000742000000,0x0000000742000000,0x00000007b7c00000)
  from space 66560K, 92% used [0x00000007bbd80000,0x00000007bf96e1a8,0x00000007bfe80000)
  to   space 67072K, 0% used [0x00000007b7c00000,0x00000007b7c00000,0x00000007bbd80000)
 ParOldGen       total 2237440K, used 2217814K [0x0000000646000000, 0x00000006ce900000, 0x0000000742000000)
  object space 2237440K, 99% used [0x0000000646000000,0x00000006cd5d5880,0x00000006ce900000)
 Metaspace       used 259107K, capacity 294412K, committed 294604K, reserved 1290240K
  class space    used 44345K, capacity 53919K, committed 54016K, reserved 1048576K
}
Event: 1387.125 GC heap before
{Heap before GC invocations=279 (full 8):
 PSYoungGen      total 1995776K, used 1990584K [0x0000000742000000, 0x00000007c0000000, 0x00000007c0000000)
  eden space 1929216K, 100% used [0x0000000742000000,0x00000007b7c00000,0x00000007b7c00000)
  from space 66560K, 92% used [0x00000007bbd80000,0x00000007bf96e1a8,0x00000007bfe80000)
  to   space 67072K, 0% used [0x00000007b7c00000,0x00000007b7c00000,0x00000007bbd80000)
 ParOldGen       total 2237440K, used 2217814K [0x0000000646000000, 0x00000006ce900000, 0x0000000742000000)
  object space 2237440K, 99% used [0x0000000646000000,0x00000006cd5d5880,0x00000006ce900000)
 Metaspace       used 259177K, capacity 294504K, committed 294604K, reserved 1290240K
  class space    used 44360K, capacity 53941K, committed 54016K, reserved 1048576K
Event: 1387.153 GC heap after
Heap after GC invocations=279 (full 8):
 PSYoungGen      total 1996288K, used 59934K [0x0000000742000000, 0x00000007c0000000, 0x00000007c0000000)
  eden space 1929216K, 0% used [0x0000000742000000,0x0000000742000000,0x00000007b7c00000)
  from space 67072K, 89% used [0x00000007b7c00000,0x00000007bb687a20,0x00000007bbd80000)
  to   space 67072K, 0% used [0x00000007bbe80000,0x00000007bbe80000,0x00000007c0000000)
 ParOldGen       total 2237440K, used 2221038K [0x0000000646000000, 0x00000006ce900000, 0x0000000742000000)
  object space 2237440K, 99% used [0x0000000646000000,0x00000006cd8fb880,0x00000006ce900000)
 Metaspace       used 259177K, capacity 294504K, committed 294604K, reserved 1290240K
  class space    used 44360K, capacity 53941K, committed 54016K, reserved 1048576K
}

