# JRE version: Java(TM) SE Runtime Environment (8.0_51-b16) (build 1.8.0_51-b16)
# Java VM: Java HotSpot(TM) 64-Bit Server VM (25.51-b03 mixed mode windows-amd64 compressed oops)
Heap:
 PSYoungGen      total 1713664K, used 613514K [0x0000000756000000, 0x00000007c0000000, 0x00000007c0000000)
  eden space 1697792K, 35% used [0x0000000756000000,0x000000077a7a2a88,0x00000007bda00000)
  from space 15872K, 99% used [0x00000007bf080000,0x00000007bffffd90,0x00000007c0000000)
  to   space 19456K, 0% used [0x00000007bda00000,0x00000007bda00000,0x00000007bed00000)
 ParOldGen       total 3120128K, used 2836041K [0x0000000682000000, 0x0000000740700000, 0x0000000756000000)
  object space 3120128K, 90% used [0x0000000682000000,0x000000072f192438,0x0000000740700000)
 Metaspace       used 289569K, capacity 335902K, committed 336000K, reserved 1325056K
  class space    used 48909K, capacity 60264K, committed 60288K, reserved 1048576K
GC Heap History (10 events):
Event: 2571.755 GC heap before
{Heap before GC invocations=541 (full 9):
 PSYoungGen      total 1724928K, used 1721161K [0x0000000756000000, 0x00000007c0000000, 0x00000007c0000000)
  eden space 1713152K, 100% used [0x0000000756000000,0x00000007be900000,0x00000007be900000)
  from space 11776K, 68% used [0x00000007be900000,0x00000007bf0d2580,0x00000007bf480000)
  to   space 11776K, 0% used [0x00000007bf480000,0x00000007bf480000,0x00000007c0000000)
 ParOldGen       total 3120128K, used 2825145K [0x0000000682000000, 0x0000000740700000, 0x0000000756000000)
  object space 3120128K, 90% used [0x0000000682000000,0x000000072e6ee640,0x0000000740700000)
 Metaspace       used 289295K, capacity 335446K, committed 335744K, reserved 1325056K
  class space    used 48852K, capacity 60188K, committed 60288K, reserved 1048576K
Event: 2571.768 GC heap after
Heap after GC invocations=541 (full 9):
 PSYoungGen      total 1724928K, used 8009K [0x0000000756000000, 0x00000007c0000000, 0x00000007c0000000)
  eden space 1713152K, 0% used [0x0000000756000000,0x0000000756000000,0x00000007be900000)
  from space 11776K, 68% used [0x00000007bf480000,0x00000007bfc52590,0x00000007c0000000)
  to   space 11776K, 0% used [0x00000007be900000,0x00000007be900000,0x00000007bf480000)
 ParOldGen       total 3120128K, used 2825541K [0x0000000682000000, 0x0000000740700000, 0x0000000756000000)
  object space 3120128K, 90% used [0x0000000682000000,0x000000072e7516e8,0x0000000740700000)
 Metaspace       used 289295K, capacity 335446K, committed 335744K, reserved 1325056K
  class space    used 48852K, capacity 60188K, committed 60288K, reserved 1048576K
}
Event: 2577.568 GC heap before
{Heap before GC invocations=542 (full 9):
 PSYoungGen      total 1724928K, used 1721161K [0x0000000756000000, 0x00000007c0000000, 0x00000007c0000000)
  eden space 1713152K, 100% used [0x0000000756000000,0x00000007be900000,0x00000007be900000)
  from space 11776K, 68% used [0x00000007bf480000,0x00000007bfc52590,0x00000007c0000000)
  to   space 11776K, 0% used [0x00000007be900000,0x00000007be900000,0x00000007bf480000)
 ParOldGen       total 3120128K, used 2825541K [0x0000000682000000, 0x0000000740700000, 0x0000000756000000)
  object space 3120128K, 90% used [0x0000000682000000,0x000000072e7516e8,0x0000000740700000)
 Metaspace       used 289296K, capacity 335446K, committed 335744K, reserved 1325056K
  class space    used 48853K, capacity 60188K, committed 60288K, reserved 1048576K
Event: 2577.584 GC heap after
Heap after GC invocations=542 (full 9):
 PSYoungGen      total 1724928K, used 11761K [0x0000000756000000, 0x00000007c0000000, 0x00000007c0000000)
  eden space 1713152K, 0% used [0x0000000756000000,0x0000000756000000,0x00000007be900000)
  from space 11776K, 99% used [0x00000007be900000,0x00000007bf47c6b8,0x00000007bf480000)
  to   space 11776K, 0% used [0x00000007bf480000,0x00000007bf480000,0x00000007c0000000)
 ParOldGen       total 3120128K, used 2830235K [0x0000000682000000, 0x0000000740700000, 0x0000000756000000)
  object space 3120128K, 90% used [0x0000000682000000,0x000000072ebe6d80,0x0000000740700000)
 Metaspace       used 289296K, capacity 335446K, committed 335744K, reserved 1325056K
  class space    used 48853K, capacity 60188K, committed 60288K, reserved 1048576K
}
Event: 2582.563 GC heap before
{Heap before GC invocations=543 (full 9):
 PSYoungGen      total 1724928K, used 1724913K [0x0000000756000000, 0x00000007c0000000, 0x00000007c0000000)
  eden space 1713152K, 100% used [0x0000000756000000,0x00000007be900000,0x00000007be900000)
  from space 11776K, 99% used [0x00000007be900000,0x00000007bf47c6b8,0x00000007bf480000)
  to   space 11776K, 0% used [0x00000007bf480000,0x00000007bf480000,0x00000007c0000000)
 ParOldGen       total 3120128K, used 2830235K [0x0000000682000000, 0x0000000740700000, 0x0000000756000000)
  object space 3120128K, 90% used [0x0000000682000000,0x000000072ebe6d80,0x0000000740700000)
 Metaspace       used 289298K, capacity 335446K, committed 335744K, reserved 1325056K
  class space    used 48853K, capacity 60188K, committed 60288K, reserved 1048576K
Event: 2582.577 GC heap after
Heap after GC invocations=543 (full 9):
 PSYoungGen      total 1716736K, used 11745K [0x0000000756000000, 0x00000007c0000000, 0x00000007c0000000)
  eden space 1704960K, 0% used [0x0000000756000000,0x0000000756000000,0x00000007be100000)
  from space 11776K, 99% used [0x00000007bf480000,0x00000007bfff8600,0x00000007c0000000)
  to   space 15872K, 0% used [0x00000007be100000,0x00000007be100000,0x00000007bf080000)
 ParOldGen       total 3120128K, used 2831383K [0x0000000682000000, 0x0000000740700000, 0x0000000756000000)
  object space 3120128K, 90% used [0x0000000682000000,0x000000072ed05e78,0x0000000740700000)
 Metaspace       used 289298K, capacity 335446K, committed 335744K, reserved 1325056K
  class space    used 48853K, capacity 60188K, committed 60288K, reserved 1048576K
}
Event: 2588.957 GC heap before
{Heap before GC invocations=544 (full 9):
 PSYoungGen      total 1716736K, used 1716705K [0x0000000756000000, 0x00000007c0000000, 0x00000007c0000000)
  eden space 1704960K, 100% used [0x0000000756000000,0x00000007be100000,0x00000007be100000)
  from space 11776K, 99% used [0x00000007bf480000,0x00000007bfff8600,0x00000007c0000000)
  to   space 15872K, 0% used [0x00000007be100000,0x00000007be100000,0x00000007bf080000)
 ParOldGen       total 3120128K, used 2831383K [0x0000000682000000, 0x0000000740700000, 0x0000000756000000)
  object space 3120128K, 90% used [0x0000000682000000,0x000000072ed05e78,0x0000000740700000)
 Metaspace       used 289298K, capacity 335446K, committed 335744K, reserved 1325056K
  class space    used 48853K, capacity 60188K, committed 60288K, reserved 1048576K
Event: 2588.973 GC heap after
Heap after GC invocations=544 (full 9):
 PSYoungGen      total 1720832K, used 11489K [0x0000000756000000, 0x00000007c0000000, 0x00000007c0000000)
  eden space 1704960K, 0% used [0x0000000756000000,0x0000000756000000,0x00000007be100000)
  from space 15872K, 72% used [0x00000007be100000,0x00000007bec385f0,0x00000007bf080000)
  to   space 15872K, 0% used [0x00000007bf080000,0x00000007bf080000,0x00000007c0000000)
 ParOldGen       total 3120128K, used 2831663K [0x0000000682000000, 0x0000000740700000, 0x0000000756000000)
  object space 3120128K, 90% used [0x0000000682000000,0x000000072ed4be78,0x0000000740700000)
 Metaspace       used 289298K, capacity 335446K, committed 335744K, reserved 1325056K
  class space    used 48853K, capacity 60188K, committed 60288K, reserved 1048576K
}
Event: 2595.308 GC heap before
{Heap before GC invocations=545 (full 9):
 PSYoungGen      total 1720832K, used 1716449K [0x0000000756000000, 0x00000007c0000000, 0x00000007c0000000)
  eden space 1704960K, 100% used [0x0000000756000000,0x00000007be100000,0x00000007be100000)
  from space 15872K, 72% used [0x00000007be100000,0x00000007bec385f0,0x00000007bf080000)
  to   space 15872K, 0% used [0x00000007bf080000,0x00000007bf080000,0x00000007c0000000)
 ParOldGen       total 3120128K, used 2831663K [0x0000000682000000, 0x0000000740700000, 0x0000000756000000)
  object space 3120128K, 90% used [0x0000000682000000,0x000000072ed4be78,0x0000000740700000)
 Metaspace       used 289554K, capacity 335890K, committed 336000K, reserved 1325056K
  class space    used 48909K, capacity 60264K, committed 60288K, reserved 1048576K
Event: 2595.325 GC heap after
Heap after GC invocations=545 (full 9):
 PSYoungGen      total 1713664K, used 15871K [0x0000000756000000, 0x00000007c0000000, 0x00000007c0000000)
  eden space 1697792K, 0% used [0x0000000756000000,0x0000000756000000,0x00000007bda00000)
  from space 15872K, 99% used [0x00000007bf080000,0x00000007bffffd90,0x00000007c0000000)
  to   space 19456K, 0% used [0x00000007bda00000,0x00000007bda00000,0x00000007bed00000)
 ParOldGen       total 3120128K, used 2836041K [0x0000000682000000, 0x0000000740700000, 0x0000000756000000)
  object space 3120128K, 90% used [0x0000000682000000,0x000000072f192438,0x0000000740700000)
 Metaspace       used 289554K, capacity 335890K, committed 336000K, reserved 1325056K
  class space    used 48909K, capacity 60264K, committed 60288K, reserved 1048576K
}

