# JRE version: Java(TM) SE Runtime Environment (8.0_51-b16) (build 1.8.0_51-b16)
# Java VM: Java HotSpot(TM) 64-Bit Server VM (25.51-b03 mixed mode windows-amd64 compressed oops)
Heap:
 PSYoungGen      total 2051072K, used 873031K [0x0000000740b00000, 0x00000007bfe80000, 0x00000007c0000000)
  eden space 2022400K, 43% used [0x0000000740b00000,0x0000000775c99c70,0x00000007bc200000)
  from space 28672K, 10% used [0x00000007bc200000,0x00000007bc4f8000,0x00000007bde00000)
  to   space 26624K, 0% used [0x00000007be480000,0x00000007be480000,0x00000007bfe80000)
 ParOldGen       total 4112384K, used 3585103K [0x0000000642000000, 0x000000073d000000, 0x0000000740b00000)
  object space 4112384K, 87% used [0x0000000642000000,0x000000071cd13e30,0x000000073d000000)
 Metaspace       used 260687K, capacity 296266K, committed 296448K, reserved 1292288K
  class space    used 44423K, capacity 53954K, committed 54016K, reserved 1048576K
GC Heap History (10 events):
Event: 3357.856 GC heap before
{Heap before GC invocations=621 (full 10):
 PSYoungGen      total 2037760K, used 2006464K [0x0000000740b00000, 0x00000007bf880000, 0x00000007c0000000)
  eden space 2003456K, 100% used [0x0000000740b00000,0x00000007baf80000,0x00000007baf80000)
  from space 34304K, 8% used [0x00000007bd700000,0x00000007bd9f0000,0x00000007bf880000)
  to   space 37376K, 0% used [0x00000007baf80000,0x00000007baf80000,0x00000007bd400000)
 ParOldGen       total 4112384K, used 3584703K [0x0000000642000000, 0x000000073d000000, 0x0000000740b00000)
  object space 4112384K, 87% used [0x0000000642000000,0x000000071ccafe30,0x000000073d000000)
 Metaspace       used 260609K, capacity 296198K, committed 296448K, reserved 1292288K
  class space    used 44405K, capacity 53930K, committed 54016K, reserved 1048576K
Event: 3357.873 GC heap after
Heap after GC invocations=621 (full 10):
 PSYoungGen      total 2040832K, used 2880K [0x0000000740b00000, 0x00000007bfe00000, 0x00000007c0000000)
  eden space 2003456K, 0% used [0x0000000740b00000,0x0000000740b00000,0x00000007baf80000)
  from space 37376K, 7% used [0x00000007baf80000,0x00000007bb250000,0x00000007bd400000)
  to   space 34816K, 0% used [0x00000007bdc00000,0x00000007bdc00000,0x00000007bfe00000)
 ParOldGen       total 4112384K, used 3584767K [0x0000000642000000, 0x000000073d000000, 0x0000000740b00000)
  object space 4112384K, 87% used [0x0000000642000000,0x000000071ccbfe30,0x000000073d000000)
 Metaspace       used 260609K, capacity 296198K, committed 296448K, reserved 1292288K
  class space    used 44405K, capacity 53930K, committed 54016K, reserved 1048576K
}
Event: 3365.769 GC heap before
{Heap before GC invocations=622 (full 10):
 PSYoungGen      total 2040832K, used 2006336K [0x0000000740b00000, 0x00000007bfe00000, 0x00000007c0000000)
  eden space 2003456K, 100% used [0x0000000740b00000,0x00000007baf80000,0x00000007baf80000)
  from space 37376K, 7% used [0x00000007baf80000,0x00000007bb250000,0x00000007bd400000)
  to   space 34816K, 0% used [0x00000007bdc00000,0x00000007bdc00000,0x00000007bfe00000)
 ParOldGen       total 4112384K, used 3584767K [0x0000000642000000, 0x000000073d000000, 0x0000000740b00000)
  object space 4112384K, 87% used [0x0000000642000000,0x000000071ccbfe30,0x000000073d000000)
 Metaspace       used 260609K, capacity 296198K, committed 296448K, reserved 1292288K
  class space    used 44405K, capacity 53930K, committed 54016K, reserved 1048576K
Event: 3365.787 GC heap after
Heap after GC invocations=622 (full 10):
 PSYoungGen      total 2043904K, used 2944K [0x0000000740b00000, 0x00000007bf980000, 0x00000007c0000000)
  eden space 2013696K, 0% used [0x0000000740b00000,0x0000000740b00000,0x00000007bb980000)
  from space 30208K, 9% used [0x00000007bdc00000,0x00000007bdee0000,0x00000007bf980000)
  to   space 32768K, 0% used [0x00000007bb980000,0x00000007bb980000,0x00000007bd980000)
 ParOldGen       total 4112384K, used 3584831K [0x0000000642000000, 0x000000073d000000, 0x0000000740b00000)
  object space 4112384K, 87% used [0x0000000642000000,0x000000071cccfe30,0x000000073d000000)
 Metaspace       used 260609K, capacity 296198K, committed 296448K, reserved 1292288K
  class space    used 44405K, capacity 53930K, committed 54016K, reserved 1048576K
}
Event: 3376.000 GC heap before
{Heap before GC invocations=623 (full 10):
 PSYoungGen      total 2043904K, used 2016640K [0x0000000740b00000, 0x00000007bf980000, 0x00000007c0000000)
  eden space 2013696K, 100% used [0x0000000740b00000,0x00000007bb980000,0x00000007bb980000)
  from space 30208K, 9% used [0x00000007bdc00000,0x00000007bdee0000,0x00000007bf980000)
  to   space 32768K, 0% used [0x00000007bb980000,0x00000007bb980000,0x00000007bd980000)
 ParOldGen       total 4112384K, used 3584831K [0x0000000642000000, 0x000000073d000000, 0x0000000740b00000)
  object space 4112384K, 87% used [0x0000000642000000,0x000000071cccfe30,0x000000073d000000)
 Metaspace       used 260609K, capacity 296198K, committed 296448K, reserved 1292288K
  class space    used 44405K, capacity 53930K, committed 54016K, reserved 1048576K
Event: 3376.016 GC heap after
Heap after GC invocations=623 (full 10):
 PSYoungGen      total 2046464K, used 3136K [0x0000000740b00000, 0x00000007bfe80000, 0x00000007c0000000)
  eden space 2013696K, 0% used [0x0000000740b00000,0x0000000740b00000,0x00000007bb980000)
  from space 32768K, 9% used [0x00000007bb980000,0x00000007bbc90000,0x00000007bd980000)
  to   space 30720K, 0% used [0x00000007be080000,0x00000007be080000,0x00000007bfe80000)
 ParOldGen       total 4112384K, used 3584911K [0x0000000642000000, 0x000000073d000000, 0x0000000740b00000)
  object space 4112384K, 87% used [0x0000000642000000,0x000000071cce3e30,0x000000073d000000)
 Metaspace       used 260609K, capacity 296198K, committed 296448K, reserved 1292288K
  class space    used 44405K, capacity 53930K, committed 54016K, reserved 1048576K
}
Event: 3389.661 GC heap before
{Heap before GC invocations=624 (full 10):
 PSYoungGen      total 2046464K, used 2016832K [0x0000000740b00000, 0x00000007bfe80000, 0x00000007c0000000)
  eden space 2013696K, 100% used [0x0000000740b00000,0x00000007bb980000,0x00000007bb980000)
  from space 32768K, 9% used [0x00000007bb980000,0x00000007bbc90000,0x00000007bd980000)
  to   space 30720K, 0% used [0x00000007be080000,0x00000007be080000,0x00000007bfe80000)
 ParOldGen       total 4112384K, used 3584911K [0x0000000642000000, 0x000000073d000000, 0x0000000740b00000)
  object space 4112384K, 87% used [0x0000000642000000,0x000000071cce3e30,0x000000073d000000)
 Metaspace       used 260654K, capacity 296222K, committed 296448K, reserved 1292288K
  class space    used 44414K, capacity 53942K, committed 54016K, reserved 1048576K
Event: 3389.678 GC heap after
Heap after GC invocations=624 (full 10):
 PSYoungGen      total 2048512K, used 3936K [0x0000000740b00000, 0x00000007bfa00000, 0x00000007c0000000)
  eden space 2022400K, 0% used [0x0000000740b00000,0x0000000740b00000,0x00000007bc200000)
  from space 26112K, 15% used [0x00000007be080000,0x00000007be458000,0x00000007bfa00000)
  to   space 28672K, 0% used [0x00000007bc200000,0x00000007bc200000,0x00000007bde00000)
 ParOldGen       total 4112384K, used 3585023K [0x0000000642000000, 0x000000073d000000, 0x0000000740b00000)
  object space 4112384K, 87% used [0x0000000642000000,0x000000071ccffe30,0x000000073d000000)
 Metaspace       used 260654K, capacity 296222K, committed 296448K, reserved 1292288K
  class space    used 44414K, capacity 53942K, committed 54016K, reserved 1048576K
}
Event: 3397.257 GC heap before
{Heap before GC invocations=625 (full 10):
 PSYoungGen      total 2048512K, used 2026336K [0x0000000740b00000, 0x00000007bfa00000, 0x00000007c0000000)
  eden space 2022400K, 100% used [0x0000000740b00000,0x00000007bc200000,0x00000007bc200000)
  from space 26112K, 15% used [0x00000007be080000,0x00000007be458000,0x00000007bfa00000)
  to   space 28672K, 0% used [0x00000007bc200000,0x00000007bc200000,0x00000007bde00000)
 ParOldGen       total 4112384K, used 3585023K [0x0000000642000000, 0x000000073d000000, 0x0000000740b00000)
  object space 4112384K, 87% used [0x0000000642000000,0x000000071ccffe30,0x000000073d000000)
 Metaspace       used 260654K, capacity 296222K, committed 296448K, reserved 1292288K
  class space    used 44414K, capacity 53942K, committed 54016K, reserved 1048576K
Event: 3397.275 GC heap after
Heap after GC invocations=625 (full 10):
 PSYoungGen      total 2051072K, used 3040K [0x0000000740b00000, 0x00000007bfe80000, 0x00000007c0000000)
  eden space 2022400K, 0% used [0x0000000740b00000,0x0000000740b00000,0x00000007bc200000)
  from space 28672K, 10% used [0x00000007bc200000,0x00000007bc4f8000,0x00000007bde00000)
  to   space 26624K, 0% used [0x00000007be480000,0x00000007be480000,0x00000007bfe80000)
 ParOldGen       total 4112384K, used 3585103K [0x0000000642000000, 0x000000073d000000, 0x0000000740b00000)
  object space 4112384K, 87% used [0x0000000642000000,0x000000071cd13e30,0x000000073d000000)
 Metaspace       used 260654K, capacity 296222K, committed 296448K, reserved 1292288K
  class space    used 44414K, capacity 53942K, committed 54016K, reserved 1048576K
}

