# JRE version: Java(TM) SE Runtime Environment (8.0_51-b16) (build 1.8.0_51-b16)
# Java VM: Java HotSpot(TM) 64-Bit Server VM (25.51-b03 mixed mode windows-amd64 compressed oops)
Heap:
 PSYoungGen      total 1345024K, used 1030690K [0x0000000756b00000, 0x00000007c0000000, 0x00000007c0000000)
  eden space 1083392K, 70% used [0x0000000756b00000,0x0000000785a0b478,0x0000000798d00000)
  from space 261632K, 99% used [0x00000007b0080000,0x00000007bfffd468,0x00000007c0000000)
  to   space 321024K, 0% used [0x0000000798d00000,0x0000000798d00000,0x00000007ac680000)
 ParOldGen       total 2758656K, used 2667638K [0x0000000684000000, 0x000000072c600000, 0x0000000756b00000)
  object space 2758656K, 96% used [0x0000000684000000,0x0000000726d1db80,0x000000072c600000)
 Metaspace       used 279307K, capacity 322262K, committed 323072K, reserved 1314816K
  class space    used 47467K, capacity 58243K, committed 58624K, reserved 1048576K
GC Heap History (10 events):
Event: 5884.412 GC heap before
{Heap before GC invocations=2629 (full 9):
 PSYoungGen      total 1505792K, used 1393300K [0x0000000756b00000, 0x00000007bef00000, 0x00000007c0000000)
  eden space 1303040K, 100% used [0x0000000756b00000,0x00000007a6380000,0x00000007a6380000)
  from space 202752K, 44% used [0x00000007a6380000,0x00000007abba5380,0x00000007b2980000)
  to   space 192512K, 0% used [0x00000007b3300000,0x00000007b3300000,0x00000007bef00000)
 ParOldGen       total 2758656K, used 2640734K [0x0000000684000000, 0x000000072c600000, 0x0000000756b00000)
  object space 2758656K, 95% used [0x0000000684000000,0x00000007252d7900,0x000000072c600000)
 Metaspace       used 278989K, capacity 321674K, committed 322816K, reserved 1312768K
  class space    used 47434K, capacity 58199K, committed 58624K, reserved 1048576K
Event: 5884.454 GC heap after
Heap after GC invocations=2629 (full 9):
 PSYoungGen      total 1506816K, used 143904K [0x0000000756b00000, 0x00000007c0000000, 0x00000007c0000000)
  eden space 1314304K, 0% used [0x0000000756b00000,0x0000000756b00000,0x00000007a6e80000)
  from space 192512K, 74% used [0x00000007b3300000,0x00000007bbf883e0,0x00000007bef00000)
  to   space 201216K, 0% used [0x00000007a6e80000,0x00000007a6e80000,0x00000007b3300000)
 ParOldGen       total 2758656K, used 2640742K [0x0000000684000000, 0x000000072c600000, 0x0000000756b00000)
  object space 2758656K, 95% used [0x0000000684000000,0x00000007252d9900,0x000000072c600000)
 Metaspace       used 278989K, capacity 321674K, committed 322816K, reserved 1312768K
  class space    used 47434K, capacity 58199K, committed 58624K, reserved 1048576K
}
Event: 5885.711 GC heap before
{Heap before GC invocations=2630 (full 9):
 PSYoungGen      total 1506816K, used 1458208K [0x0000000756b00000, 0x00000007c0000000, 0x00000007c0000000)
  eden space 1314304K, 100% used [0x0000000756b00000,0x00000007a6e80000,0x00000007a6e80000)
  from space 192512K, 74% used [0x00000007b3300000,0x00000007bbf883e0,0x00000007bef00000)
  to   space 201216K, 0% used [0x00000007a6e80000,0x00000007a6e80000,0x00000007b3300000)
 ParOldGen       total 2758656K, used 2640742K [0x0000000684000000, 0x000000072c600000, 0x0000000756b00000)
  object space 2758656K, 95% used [0x0000000684000000,0x00000007252d9900,0x000000072c600000)
 Metaspace       used 279127K, capacity 321906K, committed 322816K, reserved 1312768K
  class space    used 47443K, capacity 58207K, committed 58624K, reserved 1048576K
Event: 5885.760 GC heap after
Heap after GC invocations=2630 (full 9):
 PSYoungGen      total 1508352K, used 193965K [0x0000000756b00000, 0x00000007c0000000, 0x00000007c0000000)
  eden space 1314304K, 0% used [0x0000000756b00000,0x0000000756b00000,0x00000007a6e80000)
  from space 194048K, 99% used [0x00000007a6e80000,0x00000007b2beb6a8,0x00000007b2c00000)
  to   space 217088K, 0% used [0x00000007b2c00000,0x00000007b2c00000,0x00000007c0000000)
 ParOldGen       total 2758656K, used 2640750K [0x0000000684000000, 0x000000072c600000, 0x0000000756b00000)
  object space 2758656K, 95% used [0x0000000684000000,0x00000007252db900,0x000000072c600000)
 Metaspace       used 279127K, capacity 321906K, committed 322816K, reserved 1312768K
  class space    used 47443K, capacity 58207K, committed 58624K, reserved 1048576K
}
Event: 5886.236 GC heap before
{Heap before GC invocations=2631 (full 9):
 PSYoungGen      total 1508352K, used 1508269K [0x0000000756b00000, 0x00000007c0000000, 0x00000007c0000000)
  eden space 1314304K, 100% used [0x0000000756b00000,0x00000007a6e80000,0x00000007a6e80000)
  from space 194048K, 99% used [0x00000007a6e80000,0x00000007b2beb6a8,0x00000007b2c00000)
  to   space 217088K, 0% used [0x00000007b2c00000,0x00000007b2c00000,0x00000007c0000000)
 ParOldGen       total 2758656K, used 2640750K [0x0000000684000000, 0x000000072c600000, 0x0000000756b00000)
  object space 2758656K, 95% used [0x0000000684000000,0x00000007252db900,0x000000072c600000)
 Metaspace       used 279129K, capacity 321906K, committed 322816K, reserved 1312768K
  class space    used 47443K, capacity 58207K, committed 58624K, reserved 1048576K
Event: 5886.282 GC heap after
Heap after GC invocations=2631 (full 9):
 PSYoungGen      total 1448960K, used 193844K [0x0000000756b00000, 0x00000007c0000000, 0x00000007c0000000)
  eden space 1231872K, 0% used [0x0000000756b00000,0x0000000756b00000,0x00000007a1e00000)
  from space 217088K, 89% used [0x00000007b2c00000,0x00000007be94d208,0x00000007c0000000)
  to   space 246784K, 0% used [0x00000007a1e00000,0x00000007a1e00000,0x00000007b0f00000)
 ParOldGen       total 2758656K, used 2640750K [0x0000000684000000, 0x000000072c600000, 0x0000000756b00000)
  object space 2758656K, 95% used [0x0000000684000000,0x00000007252db900,0x000000072c600000)
 Metaspace       used 279129K, capacity 321906K, committed 322816K, reserved 1312768K
  class space    used 47443K, capacity 58207K, committed 58624K, reserved 1048576K
}
Event: 5886.855 GC heap before
{Heap before GC invocations=2632 (full 9):
 PSYoungGen      total 1448960K, used 1425716K [0x0000000756b00000, 0x00000007c0000000, 0x00000007c0000000)
  eden space 1231872K, 100% used [0x0000000756b00000,0x00000007a1e00000,0x00000007a1e00000)
  from space 217088K, 89% used [0x00000007b2c00000,0x00000007be94d208,0x00000007c0000000)
  to   space 246784K, 0% used [0x00000007a1e00000,0x00000007a1e00000,0x00000007b0f00000)
 ParOldGen       total 2758656K, used 2640750K [0x0000000684000000, 0x000000072c600000, 0x0000000756b00000)
  object space 2758656K, 95% used [0x0000000684000000,0x00000007252db900,0x000000072c600000)
 Metaspace       used 279167K, capacity 322034K, committed 323072K, reserved 1314816K
  class space    used 47443K, capacity 58207K, committed 58624K, reserved 1048576K
Event: 5886.912 GC heap after
Heap after GC invocations=2632 (full 9):
 PSYoungGen      total 1463808K, used 231565K [0x0000000756b00000, 0x00000007c0000000, 0x00000007c0000000)
  eden space 1231872K, 0% used [0x0000000756b00000,0x0000000756b00000,0x00000007a1e00000)
  from space 231936K, 99% used [0x00000007a1e00000,0x00000007b0023418,0x00000007b0080000)
  to   space 261632K, 0% used [0x00000007b0080000,0x00000007b0080000,0x00000007c0000000)
 ParOldGen       total 2758656K, used 2640758K [0x0000000684000000, 0x000000072c600000, 0x0000000756b00000)
  object space 2758656K, 95% used [0x0000000684000000,0x00000007252dd900,0x000000072c600000)
 Metaspace       used 279167K, capacity 322034K, committed 323072K, reserved 1314816K
  class space    used 47443K, capacity 58207K, committed 58624K, reserved 1048576K
}
Event: 5888.463 GC heap before
{Heap before GC invocations=2633 (full 9):
 PSYoungGen      total 1463808K, used 1463437K [0x0000000756b00000, 0x00000007c0000000, 0x00000007c0000000)
  eden space 1231872K, 100% used [0x0000000756b00000,0x00000007a1e00000,0x00000007a1e00000)
  from space 231936K, 99% used [0x00000007a1e00000,0x00000007b0023418,0x00000007b0080000)
  to   space 261632K, 0% used [0x00000007b0080000,0x00000007b0080000,0x00000007c0000000)
 ParOldGen       total 2758656K, used 2640758K [0x0000000684000000, 0x000000072c600000, 0x0000000756b00000)
  object space 2758656K, 95% used [0x0000000684000000,0x00000007252dd900,0x000000072c600000)
 Metaspace       used 279187K, capacity 322038K, committed 323072K, reserved 1314816K
  class space    used 47443K, capacity 58207K, committed 58624K, reserved 1048576K
Event: 5888.540 GC heap after
Heap after GC invocations=2633 (full 9):
 PSYoungGen      total 1345024K, used 261621K [0x0000000756b00000, 0x00000007c0000000, 0x00000007c0000000)
  eden space 1083392K, 0% used [0x0000000756b00000,0x0000000756b00000,0x0000000798d00000)
  from space 261632K, 99% used [0x00000007b0080000,0x00000007bfffd468,0x00000007c0000000)
  to   space 321024K, 0% used [0x0000000798d00000,0x0000000798d00000,0x00000007ac680000)
 ParOldGen       total 2758656K, used 2667638K [0x0000000684000000, 0x000000072c600000, 0x0000000756b00000)
  object space 2758656K, 96% used [0x0000000684000000,0x0000000726d1db80,0x000000072c600000)
 Metaspace       used 279187K, capacity 322038K, committed 323072K, reserved 1314816K
  class space    used 47443K, capacity 58207K, committed 58624K, reserved 1048576K
}

