# JRE version: Java(TM) SE Runtime Environment (8.0_51-b16) (build 1.8.0_51-b16)
# Java VM: Java HotSpot(TM) 64-Bit Server VM (25.51-b03 mixed mode windows-amd64 compressed oops)
Heap:
 PSYoungGen      total 2063360K, used 866749K [0x0000000742000000, 0x00000007c0000000, 0x00000007c0000000)
  eden space 2062336K, 42% used [0x0000000742000000,0x0000000776de1df0,0x00000007bfe00000)
  from space 1024K, 56% used [0x00000007bff00000,0x00000007bff90000,0x00000007c0000000)
  to   space 1024K, 0% used [0x00000007bfe00000,0x00000007bfe00000,0x00000007bff00000)
 ParOldGen       total 2747392K, used 2538108K [0x0000000646000000, 0x00000006edb00000, 0x0000000742000000)
  object space 2747392K, 92% used [0x0000000646000000,0x00000006e0e9f360,0x00000006edb00000)
 Metaspace       used 282830K, capacity 327259K, committed 327448K, reserved 1316864K
  class space    used 48019K, capacity 59139K, committed 59160K, reserved 1048576K
GC Heap History (10 events):
Event: 2220.238 GC heap before
{Heap before GC invocations=453 (full 11):
 PSYoungGen      total 2063360K, used 2062944K [0x0000000742000000, 0x00000007c0000000, 0x00000007c0000000)
  eden space 2062336K, 100% used [0x0000000742000000,0x00000007bfe00000,0x00000007bfe00000)
  from space 1024K, 59% used [0x00000007bfe00000,0x00000007bfe98000,0x00000007bff00000)
  to   space 1024K, 0% used [0x00000007bff00000,0x00000007bff00000,0x00000007c0000000)
 ParOldGen       total 2747392K, used 2537796K [0x0000000646000000, 0x00000006edb00000, 0x0000000742000000)
  object space 2747392K, 92% used [0x0000000646000000,0x00000006e0e51360,0x00000006edb00000)
 Metaspace       used 282725K, capacity 326989K, committed 327192K, reserved 1316864K
  class space    used 47992K, capacity 59096K, committed 59160K, reserved 1048576K
Event: 2220.248 GC heap after
Heap after GC invocations=453 (full 11):
 PSYoungGen      total 2063360K, used 608K [0x0000000742000000, 0x00000007c0000000, 0x00000007c0000000)
  eden space 2062336K, 0% used [0x0000000742000000,0x0000000742000000,0x00000007bfe00000)
  from space 1024K, 59% used [0x00000007bff00000,0x00000007bff98000,0x00000007c0000000)
  to   space 1024K, 0% used [0x00000007bfe00000,0x00000007bfe00000,0x00000007bff00000)
 ParOldGen       total 2747392K, used 2537860K [0x0000000646000000, 0x00000006edb00000, 0x0000000742000000)
  object space 2747392K, 92% used [0x0000000646000000,0x00000006e0e61360,0x00000006edb00000)
 Metaspace       used 282725K, capacity 326989K, committed 327192K, reserved 1316864K
  class space    used 47992K, capacity 59096K, committed 59160K, reserved 1048576K
}
Event: 2225.706 GC heap before
{Heap before GC invocations=454 (full 11):
 PSYoungGen      total 2063360K, used 2062944K [0x0000000742000000, 0x00000007c0000000, 0x00000007c0000000)
  eden space 2062336K, 100% used [0x0000000742000000,0x00000007bfe00000,0x00000007bfe00000)
  from space 1024K, 59% used [0x00000007bff00000,0x00000007bff98000,0x00000007c0000000)
  to   space 1024K, 0% used [0x00000007bfe00000,0x00000007bfe00000,0x00000007bff00000)
 ParOldGen       total 2747392K, used 2537860K [0x0000000646000000, 0x00000006edb00000, 0x0000000742000000)
  object space 2747392K, 92% used [0x0000000646000000,0x00000006e0e61360,0x00000006edb00000)
 Metaspace       used 282725K, capacity 326989K, committed 327192K, reserved 1316864K
  class space    used 47992K, capacity 59096K, committed 59160K, reserved 1048576K
Event: 2225.720 GC heap after
Heap after GC invocations=454 (full 11):
 PSYoungGen      total 2063360K, used 576K [0x0000000742000000, 0x00000007c0000000, 0x00000007c0000000)
  eden space 2062336K, 0% used [0x0000000742000000,0x0000000742000000,0x00000007bfe00000)
  from space 1024K, 56% used [0x00000007bfe00000,0x00000007bfe90000,0x00000007bff00000)
  to   space 1024K, 0% used [0x00000007bff00000,0x00000007bff00000,0x00000007c0000000)
 ParOldGen       total 2747392K, used 2537924K [0x0000000646000000, 0x00000006edb00000, 0x0000000742000000)
  object space 2747392K, 92% used [0x0000000646000000,0x00000006e0e71360,0x00000006edb00000)
 Metaspace       used 282725K, capacity 326989K, committed 327192K, reserved 1316864K
  class space    used 47992K, capacity 59096K, committed 59160K, reserved 1048576K
}
Event: 2231.900 GC heap before
{Heap before GC invocations=455 (full 11):
 PSYoungGen      total 2063360K, used 2062912K [0x0000000742000000, 0x00000007c0000000, 0x00000007c0000000)
  eden space 2062336K, 100% used [0x0000000742000000,0x00000007bfe00000,0x00000007bfe00000)
  from space 1024K, 56% used [0x00000007bfe00000,0x00000007bfe90000,0x00000007bff00000)
  to   space 1024K, 0% used [0x00000007bff00000,0x00000007bff00000,0x00000007c0000000)
 ParOldGen       total 2747392K, used 2537924K [0x0000000646000000, 0x00000006edb00000, 0x0000000742000000)
  object space 2747392K, 92% used [0x0000000646000000,0x00000006e0e71360,0x00000006edb00000)
 Metaspace       used 282725K, capacity 326989K, committed 327192K, reserved 1316864K
  class space    used 47992K, capacity 59096K, committed 59160K, reserved 1048576K
Event: 2231.912 GC heap after
Heap after GC invocations=455 (full 11):
 PSYoungGen      total 2063360K, used 544K [0x0000000742000000, 0x00000007c0000000, 0x00000007c0000000)
  eden space 2062336K, 0% used [0x0000000742000000,0x0000000742000000,0x00000007bfe00000)
  from space 1024K, 53% used [0x00000007bff00000,0x00000007bff88000,0x00000007c0000000)
  to   space 1024K, 0% used [0x00000007bfe00000,0x00000007bfe00000,0x00000007bff00000)
 ParOldGen       total 2747392K, used 2537996K [0x0000000646000000, 0x00000006edb00000, 0x0000000742000000)
  object space 2747392K, 92% used [0x0000000646000000,0x00000006e0e83360,0x00000006edb00000)
 Metaspace       used 282725K, capacity 326989K, committed 327192K, reserved 1316864K
  class space    used 47992K, capacity 59096K, committed 59160K, reserved 1048576K
}
Event: 2237.364 GC heap before
{Heap before GC invocations=456 (full 11):
 PSYoungGen      total 2063360K, used 2062880K [0x0000000742000000, 0x00000007c0000000, 0x00000007c0000000)
  eden space 2062336K, 100% used [0x0000000742000000,0x00000007bfe00000,0x00000007bfe00000)
  from space 1024K, 53% used [0x00000007bff00000,0x00000007bff88000,0x00000007c0000000)
  to   space 1024K, 0% used [0x00000007bfe00000,0x00000007bfe00000,0x00000007bff00000)
 ParOldGen       total 2747392K, used 2537996K [0x0000000646000000, 0x00000006edb00000, 0x0000000742000000)
  object space 2747392K, 92% used [0x0000000646000000,0x00000006e0e83360,0x00000006edb00000)
 Metaspace       used 282725K, capacity 326989K, committed 327192K, reserved 1316864K
  class space    used 47992K, capacity 59096K, committed 59160K, reserved 1048576K
Event: 2237.376 GC heap after
Heap after GC invocations=456 (full 11):
 PSYoungGen      total 2063360K, used 576K [0x0000000742000000, 0x00000007c0000000, 0x00000007c0000000)
  eden space 2062336K, 0% used [0x0000000742000000,0x0000000742000000,0x00000007bfe00000)
  from space 1024K, 56% used [0x00000007bfe00000,0x00000007bfe90000,0x00000007bff00000)
  to   space 1024K, 0% used [0x00000007bff00000,0x00000007bff00000,0x00000007c0000000)
 ParOldGen       total 2747392K, used 2538060K [0x0000000646000000, 0x00000006edb00000, 0x0000000742000000)
  object space 2747392K, 92% used [0x0000000646000000,0x00000006e0e93360,0x00000006edb00000)
 Metaspace       used 282725K, capacity 326989K, committed 327192K, reserved 1316864K
  class space    used 47992K, capacity 59096K, committed 59160K, reserved 1048576K
}
Event: 2242.598 GC heap before
{Heap before GC invocations=457 (full 11):
 PSYoungGen      total 2063360K, used 2062912K [0x0000000742000000, 0x00000007c0000000, 0x00000007c0000000)
  eden space 2062336K, 100% used [0x0000000742000000,0x00000007bfe00000,0x00000007bfe00000)
  from space 1024K, 56% used [0x00000007bfe00000,0x00000007bfe90000,0x00000007bff00000)
  to   space 1024K, 0% used [0x00000007bff00000,0x00000007bff00000,0x00000007c0000000)
 ParOldGen       total 2747392K, used 2538060K [0x0000000646000000, 0x00000006edb00000, 0x0000000742000000)
  object space 2747392K, 92% used [0x0000000646000000,0x00000006e0e93360,0x00000006edb00000)
 Metaspace       used 282725K, capacity 326989K, committed 327192K, reserved 1316864K
  class space    used 47992K, capacity 59096K, committed 59160K, reserved 1048576K
Event: 2242.611 GC heap after
Heap after GC invocations=457 (full 11):
 PSYoungGen      total 2063360K, used 576K [0x0000000742000000, 0x00000007c0000000, 0x00000007c0000000)
  eden space 2062336K, 0% used [0x0000000742000000,0x0000000742000000,0x00000007bfe00000)
  from space 1024K, 56% used [0x00000007bff00000,0x00000007bff90000,0x00000007c0000000)
  to   space 1024K, 0% used [0x00000007bfe00000,0x00000007bfe00000,0x00000007bff00000)
 ParOldGen       total 2747392K, used 2538108K [0x0000000646000000, 0x00000006edb00000, 0x0000000742000000)
  object space 2747392K, 92% used [0x0000000646000000,0x00000006e0e9f360,0x00000006edb00000)
 Metaspace       used 282725K, capacity 326989K, committed 327192K, reserved 1316864K
  class space    used 47992K, capacity 59096K, committed 59160K, reserved 1048576K
}

