# JRE version: Java(TM) SE Runtime Environment (8.0_51-b16) (build 1.8.0_51-b16)
# Java VM: Java HotSpot(TM) 64-Bit Server VM (25.51-b03 mixed mode windows-amd64 compressed oops)
Heap:
 PSYoungGen      total 1537536K, used 1332454K [0x0000000740b00000, 0x00000007be900000, 0x00000007c0000000)
  eden space 1283072K, 84% used [0x0000000740b00000,0x0000000782832088,0x000000078f000000)
  from space 254464K, 99% used [0x000000078f000000,0x000000079e807940,0x000000079e880000)
  to   space 389632K, 0% used [0x00000007a6c80000,0x00000007a6c80000,0x00000007be900000)
 ParOldGen       total 1696256K, used 1400397K [0x0000000642000000, 0x00000006a9880000, 0x0000000740b00000)
  object space 1696256K, 82% used [0x0000000642000000,0x0000000697793558,0x00000006a9880000)
 Metaspace       used 257030K, capacity 291436K, committed 291496K, reserved 1288192K
  class space    used 44188K, capacity 53672K, committed 53672K, reserved 1048576K
GC Heap History (10 events):
Event: 462.365 GC heap before
{Heap before GC invocations=84 (full 7):
 PSYoungGen      total 1646080K, used 1587893K [0x0000000740b00000, 0x00000007bc880000, 0x00000007c0000000)
  eden space 1309184K, 100% used [0x0000000740b00000,0x0000000790980000,0x0000000790980000)
  from space 336896K, 82% used [0x00000007a6480000,0x00000007b74ad6c8,0x00000007bad80000)
  to   space 355328K, 0% used [0x0000000790980000,0x0000000790980000,0x00000007a6480000)
 ParOldGen       total 1696256K, used 1314699K [0x0000000642000000, 0x00000006a9880000, 0x0000000740b00000)
  object space 1696256K, 77% used [0x0000000642000000,0x00000006923e2d28,0x00000006a9880000)
 Metaspace       used 253689K, capacity 287570K, committed 287912K, reserved 1284096K
  class space    used 43882K, capacity 53309K, committed 53416K, reserved 1048576K
Event: 462.432 GC heap after
Heap after GC invocations=84 (full 7):
 PSYoungGen      total 1664512K, used 267584K [0x0000000740b00000, 0x00000007c0000000, 0x00000007c0000000)
  eden space 1309184K, 0% used [0x0000000740b00000,0x0000000740b00000,0x0000000790980000)
  from space 355328K, 75% used [0x0000000790980000,0x00000007a0ed0000,0x00000007a6480000)
  to   space 365568K, 0% used [0x00000007a9b00000,0x00000007a9b00000,0x00000007c0000000)
 ParOldGen       total 1696256K, used 1330914K [0x0000000642000000, 0x00000006a9880000, 0x0000000740b00000)
  object space 1696256K, 78% used [0x0000000642000000,0x00000006933b8978,0x00000006a9880000)
 Metaspace       used 253689K, capacity 287570K, committed 287912K, reserved 1284096K
  class space    used 43882K, capacity 53309K, committed 53416K, reserved 1048576K
}
Event: 468.996 GC heap before
{Heap before GC invocations=85 (full 7):
 PSYoungGen      total 1664512K, used 1575825K [0x0000000740b00000, 0x00000007c0000000, 0x00000007c0000000)
  eden space 1309184K, 99% used [0x0000000740b00000,0x00000007908945d8,0x0000000790980000)
  from space 355328K, 75% used [0x0000000790980000,0x00000007a0ed0000,0x00000007a6480000)
  to   space 365568K, 0% used [0x00000007a9b00000,0x00000007a9b00000,0x00000007c0000000)
 ParOldGen       total 1696256K, used 1333094K [0x0000000642000000, 0x00000006a9880000, 0x0000000740b00000)
  object space 1696256K, 78% used [0x0000000642000000,0x00000006935d9988,0x00000006a9880000)
 Metaspace       used 255777K, capacity 289868K, committed 290088K, reserved 1286144K
  class space    used 44071K, capacity 53510K, committed 53544K, reserved 1048576K
Event: 469.074 GC heap after
Heap after GC invocations=85 (full 7):
 PSYoungGen      total 1662976K, used 325950K [0x0000000740b00000, 0x00000007c0000000, 0x00000007c0000000)
  eden space 1297408K, 0% used [0x0000000740b00000,0x0000000740b00000,0x000000078fe00000)
  from space 365568K, 89% used [0x00000007a9b00000,0x00000007bd94fad8,0x00000007c0000000)
  to   space 394240K, 0% used [0x000000078fe00000,0x000000078fe00000,0x00000007a7f00000)
 ParOldGen       total 1696256K, used 1334718K [0x0000000642000000, 0x00000006a9880000, 0x0000000740b00000)
  object space 1696256K, 78% used [0x0000000642000000,0x000000069376f988,0x00000006a9880000)
 Metaspace       used 255777K, capacity 289868K, committed 290088K, reserved 1286144K
  class space    used 44071K, capacity 53510K, committed 53544K, reserved 1048576K
}
Event: 475.552 GC heap before
{Heap before GC invocations=86 (full 7):
 PSYoungGen      total 1662976K, used 1623358K [0x0000000740b00000, 0x00000007c0000000, 0x00000007c0000000)
  eden space 1297408K, 100% used [0x0000000740b00000,0x000000078fe00000,0x000000078fe00000)
  from space 365568K, 89% used [0x00000007a9b00000,0x00000007bd94fad8,0x00000007c0000000)
  to   space 394240K, 0% used [0x000000078fe00000,0x000000078fe00000,0x00000007a7f00000)
 ParOldGen       total 1696256K, used 1334724K [0x0000000642000000, 0x00000006a9880000, 0x0000000740b00000)
  object space 1696256K, 78% used [0x0000000642000000,0x00000006937710f8,0x00000006a9880000)
 Metaspace       used 256118K, capacity 290214K, committed 290344K, reserved 1286144K
  class space    used 44090K, capacity 53527K, committed 53544K, reserved 1048576K
Event: 475.619 GC heap after
Heap after GC invocations=86 (full 7):
 PSYoungGen      total 1594368K, used 296649K [0x0000000740b00000, 0x00000007c0000000, 0x00000007c0000000)
  eden space 1297408K, 0% used [0x0000000740b00000,0x0000000740b00000,0x000000078fe00000)
  from space 296960K, 99% used [0x000000078fe00000,0x00000007a1fb2498,0x00000007a2000000)
  to   space 405504K, 0% used [0x00000007a7400000,0x00000007a7400000,0x00000007c0000000)
 ParOldGen       total 1696256K, used 1339507K [0x0000000642000000, 0x00000006a9880000, 0x0000000740b00000)
  object space 1696256K, 78% used [0x0000000642000000,0x0000000693c1cd98,0x00000006a9880000)
 Metaspace       used 256118K, capacity 290214K, committed 290344K, reserved 1286144K
  class space    used 44090K, capacity 53527K, committed 53544K, reserved 1048576K
}
Event: 481.389 GC heap before
{Heap before GC invocations=87 (full 7):
 PSYoungGen      total 1594368K, used 1594057K [0x0000000740b00000, 0x00000007c0000000, 0x00000007c0000000)
  eden space 1297408K, 100% used [0x0000000740b00000,0x000000078fe00000,0x000000078fe00000)
  from space 296960K, 99% used [0x000000078fe00000,0x00000007a1fb2498,0x00000007a2000000)
  to   space 405504K, 0% used [0x00000007a7400000,0x00000007a7400000,0x00000007c0000000)
 ParOldGen       total 1696256K, used 1339507K [0x0000000642000000, 0x00000006a9880000, 0x0000000740b00000)
  object space 1696256K, 78% used [0x0000000642000000,0x0000000693c1cd98,0x00000006a9880000)
 Metaspace       used 256934K, capacity 291328K, committed 291496K, reserved 1288192K
  class space    used 44176K, capacity 53660K, committed 53672K, reserved 1048576K
Event: 481.466 GC heap after
Heap after GC invocations=87 (full 7):
 PSYoungGen      total 1688576K, used 250504K [0x0000000740b00000, 0x00000007c0000000, 0x00000007c0000000)
  eden space 1283072K, 0% used [0x0000000740b00000,0x0000000740b00000,0x000000078f000000)
  from space 405504K, 61% used [0x00000007a7400000,0x00000007b68a2118,0x00000007c0000000)
  to   space 397312K, 0% used [0x000000078f000000,0x000000078f000000,0x00000007a7400000)
 ParOldGen       total 1696256K, used 1393237K [0x0000000642000000, 0x00000006a9880000, 0x0000000740b00000)
  object space 1696256K, 82% used [0x0000000642000000,0x0000000697095558,0x00000006a9880000)
 Metaspace       used 256934K, capacity 291328K, committed 291496K, reserved 1288192K
  class space    used 44176K, capacity 53660K, committed 53672K, reserved 1048576K
}
Event: 487.597 GC heap before
{Heap before GC invocations=88 (full 7):
 PSYoungGen      total 1688576K, used 1533576K [0x0000000740b00000, 0x00000007c0000000, 0x00000007c0000000)
  eden space 1283072K, 100% used [0x0000000740b00000,0x000000078f000000,0x000000078f000000)
  from space 405504K, 61% used [0x00000007a7400000,0x00000007b68a2118,0x00000007c0000000)
  to   space 397312K, 0% used [0x000000078f000000,0x000000078f000000,0x00000007a7400000)
 ParOldGen       total 1696256K, used 1393237K [0x0000000642000000, 0x00000006a9880000, 0x0000000740b00000)
  object space 1696256K, 82% used [0x0000000642000000,0x0000000697095558,0x00000006a9880000)
 Metaspace       used 256974K, capacity 291392K, committed 291496K, reserved 1288192K
  class space    used 44179K, capacity 53660K, committed 53672K, reserved 1048576K
Event: 487.672 GC heap after
Heap after GC invocations=88 (full 7):
 PSYoungGen      total 1537536K, used 253982K [0x0000000740b00000, 0x00000007be900000, 0x00000007c0000000)
  eden space 1283072K, 0% used [0x0000000740b00000,0x0000000740b00000,0x000000078f000000)
  from space 254464K, 99% used [0x000000078f000000,0x000000079e807940,0x000000079e880000)
  to   space 389632K, 0% used [0x00000007a6c80000,0x00000007a6c80000,0x00000007be900000)
 ParOldGen       total 1696256K, used 1400397K [0x0000000642000000, 0x00000006a9880000, 0x0000000740b00000)
  object space 1696256K, 82% used [0x0000000642000000,0x0000000697793558,0x00000006a9880000)
 Metaspace       used 256974K, capacity 291392K, committed 291496K, reserved 1288192K
  class space    used 44179K, capacity 53660K, committed 53672K, reserved 1048576K
}

