# JRE version: Java(TM) SE Runtime Environment (8.0_51-b16) (build 1.8.0_51-b16)
# Java VM: Java HotSpot(TM) 64-Bit Server VM (25.51-b03 mixed mode windows-amd64 compressed oops)
Heap:
 PSYoungGen      total 1964544K, used 973476K [0x0000000740b00000, 0x00000007bfa00000, 0x00000007c0000000)
  eden space 1855488K, 52% used [0x0000000740b00000,0x000000077c1a9240,0x00000007b1f00000)
  from space 109056K, 0% used [0x00000007b8f80000,0x00000007b8f80000,0x00000007bfa00000)
  to   space 112128K, 0% used [0x00000007b1f00000,0x00000007b1f00000,0x00000007b8c80000)
 ParOldGen       total 4172800K, used 4172798K [0x0000000642000000, 0x0000000740b00000, 0x0000000740b00000)
  object space 4172800K, 99% used [0x0000000642000000,0x0000000740affbc0,0x0000000740b00000)
 Metaspace       used 259816K, capacity 294745K, committed 296408K, reserved 1292288K
  class space    used 44163K, capacity 53487K, committed 54028K, reserved 1048576K
GC Heap History (10 events):
Event: 3174.682 GC heap before
{Heap before GC invocations=722 (full 12):
 PSYoungGen      total 1936384K, used 1936000K [0x0000000740b00000, 0x00000007c0000000, 0x00000007c0000000)
  eden space 1858560K, 100% used [0x0000000740b00000,0x00000007b2200000,0x00000007b2200000)
  from space 77824K, 99% used [0x00000007b2200000,0x00000007b6da0000,0x00000007b6e00000)
  to   space 114176K, 0% used [0x00000007b9080000,0x00000007b9080000,0x00000007c0000000)
 ParOldGen       total 4172800K, used 4147738K [0x0000000642000000, 0x0000000740b00000, 0x0000000740b00000)
  object space 4172800K, 99% used [0x0000000642000000,0x000000073f286868,0x0000000740b00000)
 Metaspace       used 259814K, capacity 294693K, committed 296408K, reserved 1292288K
  class space    used 44158K, capacity 53483K, committed 54028K, reserved 1048576K
Event: 3174.712 GC heap after
Heap after GC invocations=722 (full 12):
 PSYoungGen      total 1968640K, used 81056K [0x0000000740b00000, 0x00000007c0000000, 0x00000007c0000000)
  eden space 1854464K, 0% used [0x0000000740b00000,0x0000000740b00000,0x00000007b1e00000)
  from space 114176K, 70% used [0x00000007b9080000,0x00000007bdfa8000,0x00000007c0000000)
  to   space 115712K, 0% used [0x00000007b1e00000,0x00000007b1e00000,0x00000007b8f00000)
 ParOldGen       total 4172800K, used 4150098K [0x0000000642000000, 0x0000000740b00000, 0x0000000740b00000)
  object space 4172800K, 99% used [0x0000000642000000,0x000000073f4d4868,0x0000000740b00000)
 Metaspace       used 259814K, capacity 294693K, committed 296408K, reserved 1292288K
  class space    used 44158K, capacity 53483K, committed 54028K, reserved 1048576K
}
Event: 3180.146 GC heap before
{Heap before GC invocations=723 (full 12):
 PSYoungGen      total 1968640K, used 1935520K [0x0000000740b00000, 0x00000007c0000000, 0x00000007c0000000)
  eden space 1854464K, 100% used [0x0000000740b00000,0x00000007b1e00000,0x00000007b1e00000)
  from space 114176K, 70% used [0x00000007b9080000,0x00000007bdfa8000,0x00000007c0000000)
  to   space 115712K, 0% used [0x00000007b1e00000,0x00000007b1e00000,0x00000007b8f00000)
 ParOldGen       total 4172800K, used 4150098K [0x0000000642000000, 0x0000000740b00000, 0x0000000740b00000)
  object space 4172800K, 99% used [0x0000000642000000,0x000000073f4d4868,0x0000000740b00000)
 Metaspace       used 259815K, capacity 294693K, committed 296408K, reserved 1292288K
  class space    used 44158K, capacity 53483K, committed 54028K, reserved 1048576K
Event: 3180.176 GC heap after
Heap after GC invocations=723 (full 12):
 PSYoungGen      total 1970176K, used 75136K [0x0000000740b00000, 0x00000007bff80000, 0x00000007c0000000)
  eden space 1854464K, 0% used [0x0000000740b00000,0x0000000740b00000,0x00000007b1e00000)
  from space 115712K, 64% used [0x00000007b1e00000,0x00000007b6760000,0x00000007b8f00000)
  to   space 114688K, 0% used [0x00000007b8f80000,0x00000007b8f80000,0x00000007bff80000)
 ParOldGen       total 4172800K, used 4159554K [0x0000000642000000, 0x0000000740b00000, 0x0000000740b00000)
  object space 4172800K, 99% used [0x0000000642000000,0x000000073fe10868,0x0000000740b00000)
 Metaspace       used 259815K, capacity 294693K, committed 296408K, reserved 1292288K
  class space    used 44158K, capacity 53483K, committed 54028K, reserved 1048576K
}
Event: 3185.697 GC heap before
{Heap before GC invocations=724 (full 12):
 PSYoungGen      total 1970176K, used 1929600K [0x0000000740b00000, 0x00000007bff80000, 0x00000007c0000000)
  eden space 1854464K, 100% used [0x0000000740b00000,0x00000007b1e00000,0x00000007b1e00000)
  from space 115712K, 64% used [0x00000007b1e00000,0x00000007b6760000,0x00000007b8f00000)
  to   space 114688K, 0% used [0x00000007b8f80000,0x00000007b8f80000,0x00000007bff80000)
 ParOldGen       total 4172800K, used 4159554K [0x0000000642000000, 0x0000000740b00000, 0x0000000740b00000)
  object space 4172800K, 99% used [0x0000000642000000,0x000000073fe10868,0x0000000740b00000)
 Metaspace       used 259818K, capacity 294693K, committed 296408K, reserved 1292288K
  class space    used 44158K, capacity 53483K, committed 54028K, reserved 1048576K
Event: 3185.726 GC heap after
Heap after GC invocations=724 (full 12):
 PSYoungGen      total 1964544K, used 72256K [0x0000000740b00000, 0x00000007bfa00000, 0x00000007c0000000)
  eden space 1855488K, 0% used [0x0000000740b00000,0x0000000740b00000,0x00000007b1f00000)
  from space 109056K, 66% used [0x00000007b8f80000,0x00000007bd610000,0x00000007bfa00000)
  to   space 112128K, 0% used [0x00000007b1f00000,0x00000007b1f00000,0x00000007b8c80000)
 ParOldGen       total 4172800K, used 4168018K [0x0000000642000000, 0x0000000740b00000, 0x0000000740b00000)
  object space 4172800K, 99% used [0x0000000642000000,0x0000000740654868,0x0000000740b00000)
 Metaspace       used 259818K, capacity 294693K, committed 296408K, reserved 1292288K
  class space    used 44158K, capacity 53483K, committed 54028K, reserved 1048576K
}
Event: 3185.726 GC heap before
{Heap before GC invocations=725 (full 13):
 PSYoungGen      total 1964544K, used 72256K [0x0000000740b00000, 0x00000007bfa00000, 0x00000007c0000000)
  eden space 1855488K, 0% used [0x0000000740b00000,0x0000000740b00000,0x00000007b1f00000)
  from space 109056K, 66% used [0x00000007b8f80000,0x00000007bd610000,0x00000007bfa00000)
  to   space 112128K, 0% used [0x00000007b1f00000,0x00000007b1f00000,0x00000007b8c80000)
 ParOldGen       total 4172800K, used 4168018K [0x0000000642000000, 0x0000000740b00000, 0x0000000740b00000)
  object space 4172800K, 99% used [0x0000000642000000,0x0000000740654868,0x0000000740b00000)
 Metaspace       used 259818K, capacity 294693K, committed 296408K, reserved 1292288K
  class space    used 44158K, capacity 53483K, committed 54028K, reserved 1048576K
Event: 3195.917 GC heap after
Heap after GC invocations=725 (full 13):
 PSYoungGen      total 1964544K, used 58600K [0x0000000740b00000, 0x00000007bfa00000, 0x00000007c0000000)
  eden space 1855488K, 0% used [0x0000000740b00000,0x0000000740b00000,0x00000007b1f00000)
  from space 109056K, 53% used [0x00000007b8f80000,0x00000007bc8ba190,0x00000007bfa00000)
  to   space 112128K, 0% used [0x00000007b1f00000,0x00000007b1f00000,0x00000007b8c80000)
 ParOldGen       total 4172800K, used 4172738K [0x0000000642000000, 0x0000000740b00000, 0x0000000740b00000)
  object space 4172800K, 99% used [0x0000000642000000,0x0000000740af0888,0x0000000740b00000)
 Metaspace       used 259780K, capacity 294633K, committed 296408K, reserved 1292288K
  class space    used 44152K, capacity 53473K, committed 54028K, reserved 1048576K
}
Event: 3201.697 GC heap before
{Heap before GC invocations=726 (full 14):
 PSYoungGen      total 1964544K, used 1914088K [0x0000000740b00000, 0x00000007bfa00000, 0x00000007c0000000)
  eden space 1855488K, 100% used [0x0000000740b00000,0x00000007b1f00000,0x00000007b1f00000)
  from space 109056K, 53% used [0x00000007b8f80000,0x00000007bc8ba190,0x00000007bfa00000)
  to   space 112128K, 0% used [0x00000007b1f00000,0x00000007b1f00000,0x00000007b8c80000)
 ParOldGen       total 4172800K, used 4172738K [0x0000000642000000, 0x0000000740b00000, 0x0000000740b00000)
  object space 4172800K, 99% used [0x0000000642000000,0x0000000740af0888,0x0000000740b00000)
 Metaspace       used 259780K, capacity 294633K, committed 296408K, reserved 1292288K
  class space    used 44152K, capacity 53473K, committed 54028K, reserved 1048576K
Event: 3211.813 GC heap after
Heap after GC invocations=726 (full 14):
 PSYoungGen      total 1964544K, used 66991K [0x0000000740b00000, 0x00000007bfa00000, 0x00000007c0000000)
  eden space 1855488K, 3% used [0x0000000740b00000,0x0000000744c6bec0,0x00000007b1f00000)
  from space 109056K, 0% used [0x00000007b8f80000,0x00000007b8f80000,0x00000007bfa00000)
  to   space 112128K, 0% used [0x00000007b1f00000,0x00000007b1f00000,0x00000007b8c80000)
 ParOldGen       total 4172800K, used 4172798K [0x0000000642000000, 0x0000000740b00000, 0x0000000740b00000)
  object space 4172800K, 99% used [0x0000000642000000,0x0000000740affbc0,0x0000000740b00000)
 Metaspace       used 259780K, capacity 294633K, committed 296408K, reserved 1292288K
  class space    used 44152K, capacity 53473K, committed 54028K, reserved 1048576K
}

