# JRE version: Java(TM) SE Runtime Environment (8.0_51-b16) (build 1.8.0_51-b16)
# Java VM: Java HotSpot(TM) 64-Bit Server VM (25.51-b03 mixed mode windows-amd64 compressed oops)
Heap:
 PSYoungGen      total 1697792K, used 917626K [0x0000000756000000, 0x00000007bfd00000, 0x00000007c0000000)
  eden space 1662976K, 54% used [0x0000000756000000,0x000000078cf3e990,0x00000007bb800000)
  from space 34816K, 49% used [0x00000007bb800000,0x00000007bc8e00a0,0x00000007bda00000)
  to   space 33792K, 0% used [0x00000007bdc00000,0x00000007bdc00000,0x00000007bfd00000)
 ParOldGen       total 2556928K, used 2442260K [0x0000000682000000, 0x000000071e100000, 0x0000000756000000)
  object space 2556928K, 95% used [0x0000000682000000,0x0000000717105060,0x000000071e100000)
 Metaspace       used 280112K, capacity 323862K, committed 324088K, reserved 1314816K
  class space    used 47739K, capacity 58796K, committed 58872K, reserved 1048576K
GC Heap History (10 events):
Event: 556.262 GC heap before
{Heap before GC invocations=283 (full 8):
 PSYoungGen      total 1693696K, used 1677744K [0x0000000756000000, 0x00000007bfe00000, 0x00000007c0000000)
  eden space 1653248K, 100% used [0x0000000756000000,0x00000007bae80000,0x00000007bae80000)
  from space 40448K, 60% used [0x00000007bd580000,0x00000007bed6c058,0x00000007bfd00000)
  to   space 39936K, 0% used [0x00000007bae80000,0x00000007bae80000,0x00000007bd580000)
 ParOldGen       total 2556928K, used 2439727K [0x0000000682000000, 0x000000071e100000, 0x0000000756000000)
  object space 2556928K, 95% used [0x0000000682000000,0x0000000716e8bfd8,0x000000071e100000)
 Metaspace       used 279877K, capacity 323478K, committed 323704K, reserved 1314816K
  class space    used 47686K, capacity 58724K, committed 58744K, reserved 1048576K
Event: 556.281 GC heap after
Heap after GC invocations=283 (full 8):
 PSYoungGen      total 1693184K, used 21040K [0x0000000756000000, 0x00000007bfb80000, 0x00000007c0000000)
  eden space 1653248K, 0% used [0x0000000756000000,0x0000000756000000,0x00000007bae80000)
  from space 39936K, 52% used [0x00000007bae80000,0x00000007bc30c0b0,0x00000007bd580000)
  to   space 37888K, 0% used [0x00000007bd680000,0x00000007bd680000,0x00000007bfb80000)
 ParOldGen       total 2556928K, used 2440144K [0x0000000682000000, 0x000000071e100000, 0x0000000756000000)
  object space 2556928K, 95% used [0x0000000682000000,0x0000000716ef4008,0x000000071e100000)
 Metaspace       used 279877K, capacity 323478K, committed 323704K, reserved 1314816K
  class space    used 47686K, capacity 58724K, committed 58744K, reserved 1048576K
}
Event: 557.808 GC heap before
{Heap before GC invocations=284 (full 8):
 PSYoungGen      total 1693184K, used 1674288K [0x0000000756000000, 0x00000007bfb80000, 0x00000007c0000000)
  eden space 1653248K, 100% used [0x0000000756000000,0x00000007bae80000,0x00000007bae80000)
  from space 39936K, 52% used [0x00000007bae80000,0x00000007bc30c0b0,0x00000007bd580000)
  to   space 37888K, 0% used [0x00000007bd680000,0x00000007bd680000,0x00000007bfb80000)
 ParOldGen       total 2556928K, used 2440144K [0x0000000682000000, 0x000000071e100000, 0x0000000756000000)
  object space 2556928K, 95% used [0x0000000682000000,0x0000000716ef4008,0x000000071e100000)
 Metaspace       used 279881K, capacity 323478K, committed 323704K, reserved 1314816K
  class space    used 47688K, capacity 58724K, committed 58744K, reserved 1048576K
Event: 557.825 GC heap after
Heap after GC invocations=284 (full 8):
 PSYoungGen      total 1695232K, used 18144K [0x0000000756000000, 0x00000007bfc00000, 0x00000007c0000000)
  eden space 1657344K, 0% used [0x0000000756000000,0x0000000756000000,0x00000007bb280000)
  from space 37888K, 47% used [0x00000007bd680000,0x00000007be8380a0,0x00000007bfb80000)
  to   space 36864K, 0% used [0x00000007bb280000,0x00000007bb280000,0x00000007bd680000)
 ParOldGen       total 2556928K, used 2440464K [0x0000000682000000, 0x000000071e100000, 0x0000000756000000)
  object space 2556928K, 95% used [0x0000000682000000,0x0000000716f44020,0x000000071e100000)
 Metaspace       used 279881K, capacity 323478K, committed 323704K, reserved 1314816K
  class space    used 47688K, capacity 58724K, committed 58744K, reserved 1048576K
}
Event: 559.369 GC heap before
{Heap before GC invocations=285 (full 8):
 PSYoungGen      total 1695232K, used 1675488K [0x0000000756000000, 0x00000007bfc00000, 0x00000007c0000000)
  eden space 1657344K, 100% used [0x0000000756000000,0x00000007bb280000,0x00000007bb280000)
  from space 37888K, 47% used [0x00000007bd680000,0x00000007be8380a0,0x00000007bfb80000)
  to   space 36864K, 0% used [0x00000007bb280000,0x00000007bb280000,0x00000007bd680000)
 ParOldGen       total 2556928K, used 2440464K [0x0000000682000000, 0x000000071e100000, 0x0000000756000000)
  object space 2556928K, 95% used [0x0000000682000000,0x0000000716f44020,0x000000071e100000)
 Metaspace       used 279883K, capacity 323478K, committed 323704K, reserved 1314816K
  class space    used 47688K, capacity 58724K, committed 58744K, reserved 1048576K
Event: 559.386 GC heap after
Heap after GC invocations=285 (full 8):
 PSYoungGen      total 1694208K, used 18912K [0x0000000756000000, 0x00000007bfd00000, 0x00000007c0000000)
  eden space 1657344K, 0% used [0x0000000756000000,0x0000000756000000,0x00000007bb280000)
  from space 36864K, 51% used [0x00000007bb280000,0x00000007bc4f80a0,0x00000007bd680000)
  to   space 35840K, 0% used [0x00000007bda00000,0x00000007bda00000,0x00000007bfd00000)
 ParOldGen       total 2556928K, used 2440844K [0x0000000682000000, 0x000000071e100000, 0x0000000756000000)
  object space 2556928K, 95% used [0x0000000682000000,0x0000000716fa3048,0x000000071e100000)
 Metaspace       used 279883K, capacity 323478K, committed 323704K, reserved 1314816K
  class space    used 47688K, capacity 58724K, committed 58744K, reserved 1048576K
}
Event: 561.241 GC heap before
{Heap before GC invocations=286 (full 8):
 PSYoungGen      total 1694208K, used 1676256K [0x0000000756000000, 0x00000007bfd00000, 0x00000007c0000000)
  eden space 1657344K, 100% used [0x0000000756000000,0x00000007bb280000,0x00000007bb280000)
  from space 36864K, 51% used [0x00000007bb280000,0x00000007bc4f80a0,0x00000007bd680000)
  to   space 35840K, 0% used [0x00000007bda00000,0x00000007bda00000,0x00000007bfd00000)
 ParOldGen       total 2556928K, used 2440844K [0x0000000682000000, 0x000000071e100000, 0x0000000756000000)
  object space 2556928K, 95% used [0x0000000682000000,0x0000000716fa3048,0x000000071e100000)
 Metaspace       used 279883K, capacity 323478K, committed 323704K, reserved 1314816K
  class space    used 47688K, capacity 58724K, committed 58744K, reserved 1048576K
Event: 561.257 GC heap after
Heap after GC invocations=286 (full 8):
 PSYoungGen      total 1698816K, used 17280K [0x0000000756000000, 0x00000007bfd00000, 0x00000007c0000000)
  eden space 1662976K, 0% used [0x0000000756000000,0x0000000756000000,0x00000007bb800000)
  from space 35840K, 48% used [0x00000007bda00000,0x00000007beae00d0,0x00000007bfd00000)
  to   space 34816K, 0% used [0x00000007bb800000,0x00000007bb800000,0x00000007bda00000)
 ParOldGen       total 2556928K, used 2442004K [0x0000000682000000, 0x000000071e100000, 0x0000000756000000)
  object space 2556928K, 95% used [0x0000000682000000,0x00000007170c5060,0x000000071e100000)
 Metaspace       used 279883K, capacity 323478K, committed 323704K, reserved 1314816K
  class space    used 47688K, capacity 58724K, committed 58744K, reserved 1048576K
}
Event: 563.184 GC heap before
{Heap before GC invocations=287 (full 8):
 PSYoungGen      total 1698816K, used 1680256K [0x0000000756000000, 0x00000007bfd00000, 0x00000007c0000000)
  eden space 1662976K, 100% used [0x0000000756000000,0x00000007bb800000,0x00000007bb800000)
  from space 35840K, 48% used [0x00000007bda00000,0x00000007beae00d0,0x00000007bfd00000)
  to   space 34816K, 0% used [0x00000007bb800000,0x00000007bb800000,0x00000007bda00000)
 ParOldGen       total 2556928K, used 2442004K [0x0000000682000000, 0x000000071e100000, 0x0000000756000000)
  object space 2556928K, 95% used [0x0000000682000000,0x00000007170c5060,0x000000071e100000)
 Metaspace       used 279883K, capacity 323478K, committed 323704K, reserved 1314816K
  class space    used 47688K, capacity 58724K, committed 58744K, reserved 1048576K
Event: 563.201 GC heap after
Heap after GC invocations=287 (full 8):
 PSYoungGen      total 1697792K, used 17280K [0x0000000756000000, 0x00000007bfd00000, 0x00000007c0000000)
  eden space 1662976K, 0% used [0x0000000756000000,0x0000000756000000,0x00000007bb800000)
  from space 34816K, 49% used [0x00000007bb800000,0x00000007bc8e00a0,0x00000007bda00000)
  to   space 33792K, 0% used [0x00000007bdc00000,0x00000007bdc00000,0x00000007bfd00000)
 ParOldGen       total 2556928K, used 2442260K [0x0000000682000000, 0x000000071e100000, 0x0000000756000000)
  object space 2556928K, 95% used [0x0000000682000000,0x0000000717105060,0x000000071e100000)
 Metaspace       used 279883K, capacity 323478K, committed 323704K, reserved 1314816K
  class space    used 47688K, capacity 58724K, committed 58744K, reserved 1048576K
}

