# JRE version: Java(TM) SE Runtime Environment (8.0_51-b16) (build 1.8.0_51-b16)
# Java VM: Java HotSpot(TM) 64-Bit Server VM (25.51-b03 mixed mode windows-amd64 compressed oops)
Heap:
 PSYoungGen      total 1583104K, used 817850K [0x0000000756000000, 0x00000007ba600000, 0x00000007c0000000)
  eden space 1521152K, 52% used [0x0000000756000000,0x0000000786b98100,0x00000007b2d80000)
  from space 61952K, 31% used [0x00000007b2d80000,0x00000007b4096708,0x00000007b6a00000)
  to   space 58368K, 0% used [0x00000007b6d00000,0x00000007b6d00000,0x00000007ba600000)
 ParOldGen       total 2569728K, used 2437352K [0x0000000682000000, 0x000000071ed80000, 0x0000000756000000)
  object space 2569728K, 94% used [0x0000000682000000,0x0000000716c3a318,0x000000071ed80000)
 Metaspace       used 286808K, capacity 332765K, committed 333124K, reserved 1323008K
  class space    used 48577K, capacity 59896K, committed 60032K, reserved 1048576K
GC Heap History (10 events):
Event: 546.752 GC heap before
{Heap before GC invocations=197 (full 8):
 PSYoungGen      total 1583616K, used 1520969K [0x0000000756000000, 0x00000007bbb80000, 0x00000007c0000000)
  eden space 1509888K, 100% used [0x0000000756000000,0x00000007b2280000,0x00000007b2280000)
  from space 73728K, 15% used [0x00000007b7380000,0x00000007b7e52690,0x00000007bbb80000)
  to   space 78336K, 0% used [0x00000007b2280000,0x00000007b2280000,0x00000007b6f00000)
 ParOldGen       total 2569728K, used 2435670K [0x0000000682000000, 0x000000071ed80000, 0x0000000756000000)
  object space 2569728K, 94% used [0x0000000682000000,0x0000000716a95880,0x000000071ed80000)
 Metaspace       used 286524K, capacity 332275K, committed 332484K, reserved 1323008K
  class space    used 48522K, capacity 59793K, committed 59904K, reserved 1048576K
Event: 546.768 GC heap after
Heap after GC invocations=197 (full 8):
 PSYoungGen      total 1588224K, used 11321K [0x0000000756000000, 0x00000007bb900000, 0x00000007c0000000)
  eden space 1509888K, 0% used [0x0000000756000000,0x0000000756000000,0x00000007b2280000)
  from space 78336K, 14% used [0x00000007b2280000,0x00000007b2d8e700,0x00000007b6f00000)
  to   space 74240K, 0% used [0x00000007b7080000,0x00000007b7080000,0x00000007bb900000)
 ParOldGen       total 2569728K, used 2436070K [0x0000000682000000, 0x000000071ed80000, 0x0000000756000000)
  object space 2569728K, 94% used [0x0000000682000000,0x0000000716af98e0,0x000000071ed80000)
 Metaspace       used 286524K, capacity 332275K, committed 332484K, reserved 1323008K
  class space    used 48522K, capacity 59793K, committed 59904K, reserved 1048576K
}
Event: 557.504 GC heap before
{Heap before GC invocations=198 (full 8):
 PSYoungGen      total 1588224K, used 1521209K [0x0000000756000000, 0x00000007bb900000, 0x00000007c0000000)
  eden space 1509888K, 100% used [0x0000000756000000,0x00000007b2280000,0x00000007b2280000)
  from space 78336K, 14% used [0x00000007b2280000,0x00000007b2d8e700,0x00000007b6f00000)
  to   space 74240K, 0% used [0x00000007b7080000,0x00000007b7080000,0x00000007bb900000)
 ParOldGen       total 2569728K, used 2436070K [0x0000000682000000, 0x000000071ed80000, 0x0000000756000000)
  object space 2569728K, 94% used [0x0000000682000000,0x0000000716af98e0,0x000000071ed80000)
 Metaspace       used 286530K, capacity 332275K, committed 332484K, reserved 1323008K
  class space    used 48522K, capacity 59793K, committed 59904K, reserved 1048576K
Event: 557.521 GC heap after
Heap after GC invocations=198 (full 8):
 PSYoungGen      total 1581568K, used 11449K [0x0000000756000000, 0x00000007bb100000, 0x00000007c0000000)
  eden space 1515520K, 0% used [0x0000000756000000,0x0000000756000000,0x00000007b2800000)
  from space 66048K, 17% used [0x00000007b7080000,0x00000007b7bae730,0x00000007bb100000)
  to   space 70144K, 0% used [0x00000007b2800000,0x00000007b2800000,0x00000007b6c80000)
 ParOldGen       total 2569728K, used 2436398K [0x0000000682000000, 0x000000071ed80000, 0x0000000756000000)
  object space 2569728K, 94% used [0x0000000682000000,0x0000000716b4b8f8,0x000000071ed80000)
 Metaspace       used 286530K, capacity 332275K, committed 332484K, reserved 1323008K
  class space    used 48522K, capacity 59793K, committed 59904K, reserved 1048576K
}
Event: 567.407 GC heap before
{Heap before GC invocations=199 (full 8):
 PSYoungGen      total 1581568K, used 1526969K [0x0000000756000000, 0x00000007bb100000, 0x00000007c0000000)
  eden space 1515520K, 100% used [0x0000000756000000,0x00000007b2800000,0x00000007b2800000)
  from space 66048K, 17% used [0x00000007b7080000,0x00000007b7bae730,0x00000007bb100000)
  to   space 70144K, 0% used [0x00000007b2800000,0x00000007b2800000,0x00000007b6c80000)
 ParOldGen       total 2569728K, used 2436398K [0x0000000682000000, 0x000000071ed80000, 0x0000000756000000)
  object space 2569728K, 94% used [0x0000000682000000,0x0000000716b4b930,0x000000071ed80000)
 Metaspace       used 286532K, capacity 332275K, committed 332484K, reserved 1323008K
  class space    used 48522K, capacity 59793K, committed 59904K, reserved 1048576K
Event: 567.424 GC heap after
Heap after GC invocations=199 (full 8):
 PSYoungGen      total 1585664K, used 11657K [0x0000000756000000, 0x00000007bae80000, 0x00000007c0000000)
  eden space 1515520K, 0% used [0x0000000756000000,0x0000000756000000,0x00000007b2800000)
  from space 70144K, 16% used [0x00000007b2800000,0x00000007b3362728,0x00000007b6c80000)
  to   space 66048K, 0% used [0x00000007b6e00000,0x00000007b6e00000,0x00000007bae80000)
 ParOldGen       total 2569728K, used 2436622K [0x0000000682000000, 0x000000071ed80000, 0x0000000756000000)
  object space 2569728K, 94% used [0x0000000682000000,0x0000000716b83930,0x000000071ed80000)
 Metaspace       used 286532K, capacity 332275K, committed 332484K, reserved 1323008K
  class space    used 48522K, capacity 59793K, committed 59904K, reserved 1048576K
}
Event: 578.057 GC heap before
{Heap before GC invocations=200 (full 8):
 PSYoungGen      total 1585664K, used 1527177K [0x0000000756000000, 0x00000007bae80000, 0x00000007c0000000)
  eden space 1515520K, 100% used [0x0000000756000000,0x00000007b2800000,0x00000007b2800000)
  from space 70144K, 16% used [0x00000007b2800000,0x00000007b3362728,0x00000007b6c80000)
  to   space 66048K, 0% used [0x00000007b6e00000,0x00000007b6e00000,0x00000007bae80000)
 ParOldGen       total 2569728K, used 2436624K [0x0000000682000000, 0x000000071ed80000, 0x0000000756000000)
  object space 2569728K, 94% used [0x0000000682000000,0x0000000716b84318,0x000000071ed80000)
 Metaspace       used 286542K, capacity 332339K, committed 332484K, reserved 1323008K
  class space    used 48522K, capacity 59793K, committed 59904K, reserved 1048576K
Event: 578.073 GC heap after
Heap after GC invocations=200 (full 8):
 PSYoungGen      total 1579008K, used 11881K [0x0000000756000000, 0x00000007ba680000, 0x00000007c0000000)
  eden space 1521152K, 0% used [0x0000000756000000,0x0000000756000000,0x00000007b2d80000)
  from space 57856K, 20% used [0x00000007b6e00000,0x00000007b799a700,0x00000007ba680000)
  to   space 61952K, 0% used [0x00000007b2d80000,0x00000007b2d80000,0x00000007b6a00000)
 ParOldGen       total 2569728K, used 2436952K [0x0000000682000000, 0x000000071ed80000, 0x0000000756000000)
  object space 2569728K, 94% used [0x0000000682000000,0x0000000716bd6318,0x000000071ed80000)
 Metaspace       used 286542K, capacity 332339K, committed 332484K, reserved 1323008K
  class space    used 48522K, capacity 59793K, committed 59904K, reserved 1048576K
}
Event: 586.539 GC heap before
{Heap before GC invocations=201 (full 8):
 PSYoungGen      total 1579008K, used 1533033K [0x0000000756000000, 0x00000007ba680000, 0x00000007c0000000)
  eden space 1521152K, 100% used [0x0000000756000000,0x00000007b2d80000,0x00000007b2d80000)
  from space 57856K, 20% used [0x00000007b6e00000,0x00000007b799a700,0x00000007ba680000)
  to   space 61952K, 0% used [0x00000007b2d80000,0x00000007b2d80000,0x00000007b6a00000)
 ParOldGen       total 2569728K, used 2436952K [0x0000000682000000, 0x000000071ed80000, 0x0000000756000000)
  object space 2569728K, 94% used [0x0000000682000000,0x0000000716bd6318,0x000000071ed80000)
 Metaspace       used 286723K, capacity 332557K, committed 332740K, reserved 1323008K
  class space    used 48556K, capacity 59864K, committed 59904K, reserved 1048576K
Event: 586.562 GC heap after
Heap after GC invocations=201 (full 8):
 PSYoungGen      total 1583104K, used 19545K [0x0000000756000000, 0x00000007ba600000, 0x00000007c0000000)
  eden space 1521152K, 0% used [0x0000000756000000,0x0000000756000000,0x00000007b2d80000)
  from space 61952K, 31% used [0x00000007b2d80000,0x00000007b4096708,0x00000007b6a00000)
  to   space 58368K, 0% used [0x00000007b6d00000,0x00000007b6d00000,0x00000007ba600000)
 ParOldGen       total 2569728K, used 2437352K [0x0000000682000000, 0x000000071ed80000, 0x0000000756000000)
  object space 2569728K, 94% used [0x0000000682000000,0x0000000716c3a318,0x000000071ed80000)
 Metaspace       used 286723K, capacity 332557K, committed 332740K, reserved 1323008K
  class space    used 48556K, capacity 59864K, committed 59904K, reserved 1048576K
}

