# JRE version: Java(TM) SE Runtime Environment (8.0_51-b16) (build 1.8.0_51-b16)
# Java VM: Java HotSpot(TM) 64-Bit Server VM (25.51-b03 mixed mode windows-amd64 compressed oops)
Heap:
 PSYoungGen      total 1894912K, used 1237053K [0x0000000742000000, 0x00000007bfd80000, 0x00000007c0000000)
  eden space 1771008K, 69% used [0x0000000742000000,0x000000078d80f568,0x00000007ae180000)
  from space 123904K, 0% used [0x00000007ae180000,0x00000007ae180000,0x00000007b5a80000)
  to   space 145408K, 0% used [0x00000007b6f80000,0x00000007b6f80000,0x00000007bfd80000)
 ParOldGen       total 4128768K, used 4128648K [0x0000000646000000, 0x0000000742000000, 0x0000000742000000)
  object space 4128768K, 99% used [0x0000000646000000,0x0000000741fe2120,0x0000000742000000)
 Metaspace       used 258957K, capacity 294032K, committed 295680K, reserved 1290240K
  class space    used 44137K, capacity 53540K, committed 54016K, reserved 1048576K
GC Heap History (10 events):
Event: 3492.111 GC heap before
{Heap before GC invocations=562 (full 83):
 PSYoungGen      total 1894912K, used 1771008K [0x0000000742000000, 0x00000007bfd80000, 0x00000007c0000000)
  eden space 1771008K, 100% used [0x0000000742000000,0x00000007ae180000,0x00000007ae180000)
  from space 123904K, 0% used [0x00000007ae180000,0x00000007ae180000,0x00000007b5a80000)
  to   space 145408K, 0% used [0x00000007b6f80000,0x00000007b6f80000,0x00000007bfd80000)
 ParOldGen       total 4128768K, used 4128320K [0x0000000646000000, 0x0000000742000000, 0x0000000742000000)
  object space 4128768K, 99% used [0x0000000646000000,0x0000000741f90138,0x0000000742000000)
 Metaspace       used 258920K, capacity 293980K, committed 295680K, reserved 1290240K
  class space    used 44126K, capacity 53526K, committed 54016K, reserved 1048576K
Event: 3500.379 GC heap after
Heap after GC invocations=562 (full 83):
 PSYoungGen      total 1894912K, used 543740K [0x0000000742000000, 0x00000007bfd80000, 0x00000007c0000000)
  eden space 1771008K, 30% used [0x0000000742000000,0x00000007632ff3f8,0x00000007ae180000)
  from space 123904K, 0% used [0x00000007ae180000,0x00000007ae180000,0x00000007b5a80000)
  to   space 145408K, 0% used [0x00000007b6f80000,0x00000007b6f80000,0x00000007bfd80000)
 ParOldGen       total 4128768K, used 4128319K [0x0000000646000000, 0x0000000742000000, 0x0000000742000000)
  object space 4128768K, 99% used [0x0000000646000000,0x0000000741f8ff78,0x0000000742000000)
 Metaspace       used 258920K, capacity 293980K, committed 295680K, reserved 1290240K
  class space    used 44126K, capacity 53526K, committed 54016K, reserved 1048576K
}
Event: 3504.624 GC heap before
{Heap before GC invocations=563 (full 84):
 PSYoungGen      total 1894912K, used 1771008K [0x0000000742000000, 0x00000007bfd80000, 0x00000007c0000000)
  eden space 1771008K, 100% used [0x0000000742000000,0x00000007ae180000,0x00000007ae180000)
  from space 123904K, 0% used [0x00000007ae180000,0x00000007ae180000,0x00000007b5a80000)
  to   space 145408K, 0% used [0x00000007b6f80000,0x00000007b6f80000,0x00000007bfd80000)
 ParOldGen       total 4128768K, used 4128319K [0x0000000646000000, 0x0000000742000000, 0x0000000742000000)
  object space 4128768K, 99% used [0x0000000646000000,0x0000000741f8ff78,0x0000000742000000)
 Metaspace       used 258920K, capacity 293980K, committed 295680K, reserved 1290240K
  class space    used 44126K, capacity 53526K, committed 54016K, reserved 1048576K
Event: 3512.850 GC heap after
Heap after GC invocations=563 (full 84):
 PSYoungGen      total 1894912K, used 549570K [0x0000000742000000, 0x00000007bfd80000, 0x00000007c0000000)
  eden space 1771008K, 31% used [0x0000000742000000,0x00000007638b0960,0x00000007ae180000)
  from space 123904K, 0% used [0x00000007ae180000,0x00000007ae180000,0x00000007b5a80000)
  to   space 145408K, 0% used [0x00000007b6f80000,0x00000007b6f80000,0x00000007bfd80000)
 ParOldGen       total 4128768K, used 4128319K [0x0000000646000000, 0x0000000742000000, 0x0000000742000000)
  object space 4128768K, 99% used [0x0000000646000000,0x0000000741f8fd30,0x0000000742000000)
 Metaspace       used 258920K, capacity 293980K, committed 295680K, reserved 1290240K
  class space    used 44126K, capacity 53526K, committed 54016K, reserved 1048576K
}
Event: 3517.016 GC heap before
{Heap before GC invocations=564 (full 85):
 PSYoungGen      total 1894912K, used 1771008K [0x0000000742000000, 0x00000007bfd80000, 0x00000007c0000000)
  eden space 1771008K, 100% used [0x0000000742000000,0x00000007ae180000,0x00000007ae180000)
  from space 123904K, 0% used [0x00000007ae180000,0x00000007ae180000,0x00000007b5a80000)
  to   space 145408K, 0% used [0x00000007b6f80000,0x00000007b6f80000,0x00000007bfd80000)
 ParOldGen       total 4128768K, used 4128319K [0x0000000646000000, 0x0000000742000000, 0x0000000742000000)
  object space 4128768K, 99% used [0x0000000646000000,0x0000000741f8fd30,0x0000000742000000)
 Metaspace       used 258921K, capacity 293984K, committed 295680K, reserved 1290240K
  class space    used 44126K, capacity 53526K, committed 54016K, reserved 1048576K
Event: 3526.882 GC heap after
Heap after GC invocations=564 (full 85):
 PSYoungGen      total 1894912K, used 555229K [0x0000000742000000, 0x00000007bfd80000, 0x00000007c0000000)
  eden space 1771008K, 31% used [0x0000000742000000,0x0000000763e376e8,0x00000007ae180000)
  from space 123904K, 0% used [0x00000007ae180000,0x00000007ae180000,0x00000007b5a80000)
  to   space 145408K, 0% used [0x00000007b6f80000,0x00000007b6f80000,0x00000007bfd80000)
 ParOldGen       total 4128768K, used 4128318K [0x0000000646000000, 0x0000000742000000, 0x0000000742000000)
  object space 4128768K, 99% used [0x0000000646000000,0x0000000741f8fb70,0x0000000742000000)
 Metaspace       used 258921K, capacity 293984K, committed 295680K, reserved 1290240K
  class space    used 44126K, capacity 53526K, committed 54016K, reserved 1048576K
}
Event: 3530.864 GC heap before
{Heap before GC invocations=565 (full 86):
 PSYoungGen      total 1894912K, used 1771008K [0x0000000742000000, 0x00000007bfd80000, 0x00000007c0000000)
  eden space 1771008K, 100% used [0x0000000742000000,0x00000007ae180000,0x00000007ae180000)
  from space 123904K, 0% used [0x00000007ae180000,0x00000007ae180000,0x00000007b5a80000)
  to   space 145408K, 0% used [0x00000007b6f80000,0x00000007b6f80000,0x00000007bfd80000)
 ParOldGen       total 4128768K, used 4128318K [0x0000000646000000, 0x0000000742000000, 0x0000000742000000)
  object space 4128768K, 99% used [0x0000000646000000,0x0000000741f8fb70,0x0000000742000000)
 Metaspace       used 258921K, capacity 293984K, committed 295680K, reserved 1290240K
  class space    used 44126K, capacity 53526K, committed 54016K, reserved 1048576K
Event: 3540.498 GC heap after
Heap after GC invocations=565 (full 86):
 PSYoungGen      total 1894912K, used 560403K [0x0000000742000000, 0x00000007bfd80000, 0x00000007c0000000)
  eden space 1771008K, 31% used [0x0000000742000000,0x0000000764344fd0,0x00000007ae180000)
  from space 123904K, 0% used [0x00000007ae180000,0x00000007ae180000,0x00000007b5a80000)
  to   space 145408K, 0% used [0x00000007b6f80000,0x00000007b6f80000,0x00000007bfd80000)
 ParOldGen       total 4128768K, used 4128706K [0x0000000646000000, 0x0000000742000000, 0x0000000742000000)
  object space 4128768K, 99% used [0x0000000646000000,0x0000000741ff0b38,0x0000000742000000)
 Metaspace       used 258921K, capacity 293984K, committed 295680K, reserved 1290240K
  class space    used 44126K, capacity 53526K, committed 54016K, reserved 1048576K
}
Event: 3544.181 GC heap before
{Heap before GC invocations=566 (full 87):
 PSYoungGen      total 1894912K, used 1771008K [0x0000000742000000, 0x00000007bfd80000, 0x00000007c0000000)
  eden space 1771008K, 100% used [0x0000000742000000,0x00000007ae180000,0x00000007ae180000)
  from space 123904K, 0% used [0x00000007ae180000,0x00000007ae180000,0x00000007b5a80000)
  to   space 145408K, 0% used [0x00000007b6f80000,0x00000007b6f80000,0x00000007bfd80000)
 ParOldGen       total 4128768K, used 4128706K [0x0000000646000000, 0x0000000742000000, 0x0000000742000000)
  object space 4128768K, 99% used [0x0000000646000000,0x0000000741ff0b38,0x0000000742000000)
 Metaspace       used 258921K, capacity 293984K, committed 295680K, reserved 1290240K
  class space    used 44126K, capacity 53526K, committed 54016K, reserved 1048576K
Event: 3553.862 GC heap after
Heap after GC invocations=566 (full 87):
 PSYoungGen      total 1894912K, used 562610K [0x0000000742000000, 0x00000007bfd80000, 0x00000007c0000000)
  eden space 1771008K, 31% used [0x0000000742000000,0x000000076456ca20,0x00000007ae180000)
  from space 123904K, 0% used [0x00000007ae180000,0x00000007ae180000,0x00000007b5a80000)
  to   space 145408K, 0% used [0x00000007b6f80000,0x00000007b6f80000,0x00000007bfd80000)
 ParOldGen       total 4128768K, used 4128648K [0x0000000646000000, 0x0000000742000000, 0x0000000742000000)
  object space 4128768K, 99% used [0x0000000646000000,0x0000000741fe2120,0x0000000742000000)
 Metaspace       used 258921K, capacity 293984K, committed 295680K, reserved 1290240K
  class space    used 44126K, capacity 53526K, committed 54016K, reserved 1048576K
}

