# JRE version: Java(TM) SE Runtime Environment (8.0_51-b16) (build 1.8.0_51-b16)
# Java VM: Java HotSpot(TM) 64-Bit Server VM (25.51-b03 mixed mode windows-amd64 compressed oops)
Heap:
 PSYoungGen      total 1688064K, used 1459205K [0x0000000740b00000, 0x00000007bf700000, 0x00000007c0000000)
  eden space 1385984K, 86% used [0x0000000740b00000,0x000000078a1141c0,0x0000000795480000)
  from space 302080K, 85% used [0x0000000795480000,0x00000007a4f6d310,0x00000007a7b80000)
  to   space 317440K, 0% used [0x00000007ac100000,0x00000007ac100000,0x00000007bf700000)
 ParOldGen       total 1668608K, used 1357991K [0x0000000642000000, 0x00000006a7d80000, 0x0000000740b00000)
  object space 1668608K, 81% used [0x0000000642000000,0x0000000694e29cf8,0x00000006a7d80000)
 Metaspace       used 260743K, capacity 296416K, committed 296748K, reserved 1292288K
  class space    used 44825K, capacity 54471K, committed 54572K, reserved 1048576K
GC Heap History (10 events):
Event: 3002.914 GC heap before
{Heap before GC invocations=84 (full 7):
 PSYoungGen      total 1579520K, used 1401853K [0x0000000740b00000, 0x00000007b6200000, 0x00000007c0000000)
  eden space 1252352K, 100% used [0x0000000740b00000,0x000000078d200000,0x000000078d200000)
  from space 327168K, 45% used [0x00000007a2280000,0x00000007ab47f6a8,0x00000007b6200000)
  to   space 335872K, 0% used [0x000000078d200000,0x000000078d200000,0x00000007a1a00000)
 ParOldGen       total 1668608K, used 1356030K [0x0000000642000000, 0x00000006a7d80000, 0x0000000740b00000)
  object space 1668608K, 81% used [0x0000000642000000,0x0000000694c3f878,0x00000006a7d80000)
 Metaspace       used 247593K, capacity 280550K, committed 280876K, reserved 1277952K
  class space    used 43608K, capacity 52930K, committed 53036K, reserved 1048576K
Event: 3003.026 GC heap after
Heap after GC invocations=84 (full 7):
 PSYoungGen      total 1588224K, used 148560K [0x0000000740b00000, 0x00000007b9100000, 0x00000007c0000000)
  eden space 1252352K, 0% used [0x0000000740b00000,0x0000000740b00000,0x000000078d200000)
  from space 335872K, 44% used [0x000000078d200000,0x0000000796314240,0x00000007a1a00000)
  to   space 326656K, 0% used [0x00000007a5200000,0x00000007a5200000,0x00000007b9100000)
 ParOldGen       total 1668608K, used 1356094K [0x0000000642000000, 0x00000006a7d80000, 0x0000000740b00000)
  object space 1668608K, 81% used [0x0000000642000000,0x0000000694c4f878,0x00000006a7d80000)
 Metaspace       used 247593K, capacity 280550K, committed 280876K, reserved 1277952K
  class space    used 43608K, capacity 52930K, committed 53036K, reserved 1048576K
}
Event: 3005.283 GC heap before
{Heap before GC invocations=85 (full 7):
 PSYoungGen      total 1588224K, used 1400912K [0x0000000740b00000, 0x00000007b9100000, 0x00000007c0000000)
  eden space 1252352K, 100% used [0x0000000740b00000,0x000000078d200000,0x000000078d200000)
  from space 335872K, 44% used [0x000000078d200000,0x0000000796314240,0x00000007a1a00000)
  to   space 326656K, 0% used [0x00000007a5200000,0x00000007a5200000,0x00000007b9100000)
 ParOldGen       total 1668608K, used 1356094K [0x0000000642000000, 0x00000006a7d80000, 0x0000000740b00000)
  object space 1668608K, 81% used [0x0000000642000000,0x0000000694c4f878,0x00000006a7d80000)
 Metaspace       used 248318K, capacity 281482K, committed 281644K, reserved 1277952K
  class space    used 43694K, capacity 53028K, committed 53036K, reserved 1048576K
Event: 3005.396 GC heap after
Heap after GC invocations=85 (full 7):
 PSYoungGen      total 1624064K, used 178696K [0x0000000740b00000, 0x00000007b7880000, 0x00000007c0000000)
  eden space 1322496K, 0% used [0x0000000740b00000,0x0000000740b00000,0x0000000791680000)
  from space 301568K, 59% used [0x00000007a5200000,0x00000007b0082130,0x00000007b7880000)
  to   space 312320K, 0% used [0x0000000791680000,0x0000000791680000,0x00000007a4780000)
 ParOldGen       total 1668608K, used 1356126K [0x0000000642000000, 0x00000006a7d80000, 0x0000000740b00000)
  object space 1668608K, 81% used [0x0000000642000000,0x0000000694c57878,0x00000006a7d80000)
 Metaspace       used 248318K, capacity 281482K, committed 281644K, reserved 1277952K
  class space    used 43694K, capacity 53028K, committed 53036K, reserved 1048576K
}
Event: 3008.712 GC heap before
{Heap before GC invocations=86 (full 7):
 PSYoungGen      total 1624064K, used 1501192K [0x0000000740b00000, 0x00000007b7880000, 0x00000007c0000000)
  eden space 1322496K, 100% used [0x0000000740b00000,0x0000000791680000,0x0000000791680000)
  from space 301568K, 59% used [0x00000007a5200000,0x00000007b0082130,0x00000007b7880000)
  to   space 312320K, 0% used [0x0000000791680000,0x0000000791680000,0x00000007a4780000)
 ParOldGen       total 1668608K, used 1356126K [0x0000000642000000, 0x00000006a7d80000, 0x0000000740b00000)
  object space 1668608K, 81% used [0x0000000642000000,0x0000000694c57878,0x00000006a7d80000)
 Metaspace       used 248338K, capacity 281486K, committed 281644K, reserved 1277952K
  class space    used 43695K, capacity 53028K, committed 53036K, reserved 1048576K
Event: 3008.785 GC heap after
Heap after GC invocations=86 (full 7):
 PSYoungGen      total 1634816K, used 197422K [0x0000000740b00000, 0x00000007bac80000, 0x00000007c0000000)
  eden space 1322496K, 0% used [0x0000000740b00000,0x0000000740b00000,0x0000000791680000)
  from space 312320K, 63% used [0x0000000791680000,0x000000079d74bb20,0x00000007a4780000)
  to   space 305152K, 0% used [0x00000007a8280000,0x00000007a8280000,0x00000007bac80000)
 ParOldGen       total 1668608K, used 1356142K [0x0000000642000000, 0x00000006a7d80000, 0x0000000740b00000)
  object space 1668608K, 81% used [0x0000000642000000,0x0000000694c5b878,0x00000006a7d80000)
 Metaspace       used 248338K, capacity 281486K, committed 281644K, reserved 1277952K
  class space    used 43695K, capacity 53028K, committed 53036K, reserved 1048576K
}
Event: 3013.030 GC heap before
{Heap before GC invocations=87 (full 7):
 PSYoungGen      total 1634816K, used 1519918K [0x0000000740b00000, 0x00000007bac80000, 0x00000007c0000000)
  eden space 1322496K, 100% used [0x0000000740b00000,0x0000000791680000,0x0000000791680000)
  from space 312320K, 63% used [0x0000000791680000,0x000000079d74bb20,0x00000007a4780000)
  to   space 305152K, 0% used [0x00000007a8280000,0x00000007a8280000,0x00000007bac80000)
 ParOldGen       total 1668608K, used 1356142K [0x0000000642000000, 0x00000006a7d80000, 0x0000000740b00000)
  object space 1668608K, 81% used [0x0000000642000000,0x0000000694c5b878,0x00000006a7d80000)
 Metaspace       used 249296K, capacity 282844K, committed 282924K, reserved 1280000K
  class space    used 43839K, capacity 53253K, committed 53292K, reserved 1048576K
Event: 3013.134 GC heap after
Heap after GC invocations=87 (full 7):
 PSYoungGen      total 1680896K, used 206840K [0x0000000740b00000, 0x00000007ba280000, 0x00000007c0000000)
  eden space 1385984K, 0% used [0x0000000740b00000,0x0000000740b00000,0x0000000795480000)
  from space 294912K, 70% used [0x00000007a8280000,0x00000007b4c7e0d8,0x00000007ba280000)
  to   space 302080K, 0% used [0x0000000795480000,0x0000000795480000,0x00000007a7b80000)
 ParOldGen       total 1668608K, used 1356790K [0x0000000642000000, 0x00000006a7d80000, 0x0000000740b00000)
  object space 1668608K, 81% used [0x0000000642000000,0x0000000694cfd9c0,0x00000006a7d80000)
 Metaspace       used 249296K, capacity 282844K, committed 282924K, reserved 1280000K
  class space    used 43839K, capacity 53253K, committed 53292K, reserved 1048576K
}
Event: 3023.996 GC heap before
{Heap before GC invocations=88 (full 7):
 PSYoungGen      total 1680896K, used 1592824K [0x0000000740b00000, 0x00000007ba280000, 0x00000007c0000000)
  eden space 1385984K, 100% used [0x0000000740b00000,0x0000000795480000,0x0000000795480000)
  from space 294912K, 70% used [0x00000007a8280000,0x00000007b4c7e0d8,0x00000007ba280000)
  to   space 302080K, 0% used [0x0000000795480000,0x0000000795480000,0x00000007a7b80000)
 ParOldGen       total 1668608K, used 1356790K [0x0000000642000000, 0x00000006a7d80000, 0x0000000740b00000)
  object space 1668608K, 81% used [0x0000000642000000,0x0000000694cfd9c0,0x00000006a7d80000)
 Metaspace       used 259317K, capacity 294676K, committed 294828K, reserved 1290240K
  class space    used 44796K, capacity 54437K, committed 54444K, reserved 1048576K
Event: 3024.063 GC heap after
Heap after GC invocations=88 (full 7):
 PSYoungGen      total 1688064K, used 256948K [0x0000000740b00000, 0x00000007bf700000, 0x00000007c0000000)
  eden space 1385984K, 0% used [0x0000000740b00000,0x0000000740b00000,0x0000000795480000)
  from space 302080K, 85% used [0x0000000795480000,0x00000007a4f6d310,0x00000007a7b80000)
  to   space 317440K, 0% used [0x00000007ac100000,0x00000007ac100000,0x00000007bf700000)
 ParOldGen       total 1668608K, used 1357991K [0x0000000642000000, 0x00000006a7d80000, 0x0000000740b00000)
  object space 1668608K, 81% used [0x0000000642000000,0x0000000694e29cf8,0x00000006a7d80000)
 Metaspace       used 259317K, capacity 294676K, committed 294828K, reserved 1290240K
  class space    used 44796K, capacity 54437K, committed 54444K, reserved 1048576K
}

