# JRE version: Java(TM) SE Runtime Environment (8.0_51-b16) (build 1.8.0_51-b16)
# Java VM: Java HotSpot(TM) 64-Bit Server VM (25.51-b03 mixed mode windows-amd64 compressed oops)
Heap:
 PSYoungGen      total 1404416K, used 790476K [0x0000000756000000, 0x00000007afb80000, 0x00000007c0000000)
  eden space 1345024K, 55% used [0x0000000756000000,0x000000078394d608,0x00000007a8180000)
  from space 59392K, 73% used [0x00000007abc80000,0x00000007ae725d20,0x00000007af680000)
  to   space 60416K, 0% used [0x00000007a8180000,0x00000007a8180000,0x00000007abc80000)
 ParOldGen       total 2983936K, used 2397129K [0x0000000682000000, 0x0000000738200000, 0x0000000756000000)
  object space 2983936K, 80% used [0x0000000682000000,0x00000007144f2450,0x0000000738200000)
 Metaspace       used 287508K, capacity 333073K, committed 333156K, reserved 1323008K
  class space    used 48674K, capacity 59921K, committed 60004K, reserved 1048576K
GC Heap History (10 events):
Event: 629.361 GC heap before
{Heap before GC invocations=278 (full 10):
 PSYoungGen      total 1380352K, used 1357688K [0x0000000756000000, 0x00000007aea80000, 0x00000007c0000000)
  eden space 1318400K, 100% used [0x0000000756000000,0x00000007a6780000,0x00000007a6780000)
  from space 61952K, 63% used [0x00000007a6780000,0x00000007a8dde3d8,0x00000007aa400000)
  to   space 62464K, 0% used [0x00000007aad80000,0x00000007aad80000,0x00000007aea80000)
 ParOldGen       total 2983936K, used 2385391K [0x0000000682000000, 0x0000000738200000, 0x0000000756000000)
  object space 2983936K, 79% used [0x0000000682000000,0x000000071397bed8,0x0000000738200000)
 Metaspace       used 287109K, capacity 332467K, committed 332516K, reserved 1323008K
  class space    used 48608K, capacity 59838K, committed 59876K, reserved 1048576K
Event: 629.379 GC heap after
Heap after GC invocations=278 (full 10):
 PSYoungGen      total 1388032K, used 38392K [0x0000000756000000, 0x00000007ae900000, 0x00000007c0000000)
  eden space 1327104K, 0% used [0x0000000756000000,0x0000000756000000,0x00000007a7000000)
  from space 60928K, 63% used [0x00000007aad80000,0x00000007ad2fe3a8,0x00000007ae900000)
  to   space 61952K, 0% used [0x00000007a7000000,0x00000007a7000000,0x00000007aac80000)
 ParOldGen       total 2983936K, used 2386723K [0x0000000682000000, 0x0000000738200000, 0x0000000756000000)
  object space 2983936K, 79% used [0x0000000682000000,0x0000000713ac8c38,0x0000000738200000)
 Metaspace       used 287109K, capacity 332467K, committed 332516K, reserved 1323008K
  class space    used 48608K, capacity 59838K, committed 59876K, reserved 1048576K
}
Event: 633.566 GC heap before
{Heap before GC invocations=279 (full 10):
 PSYoungGen      total 1388032K, used 1365496K [0x0000000756000000, 0x00000007ae900000, 0x00000007c0000000)
  eden space 1327104K, 100% used [0x0000000756000000,0x00000007a7000000,0x00000007a7000000)
  from space 60928K, 63% used [0x00000007aad80000,0x00000007ad2fe3a8,0x00000007ae900000)
  to   space 61952K, 0% used [0x00000007a7000000,0x00000007a7000000,0x00000007aac80000)
 ParOldGen       total 2983936K, used 2386725K [0x0000000682000000, 0x0000000738200000, 0x0000000756000000)
  object space 2983936K, 79% used [0x0000000682000000,0x0000000713ac9478,0x0000000738200000)
 Metaspace       used 287173K, capacity 332589K, committed 332772K, reserved 1323008K
  class space    used 48618K, capacity 59847K, committed 59876K, reserved 1048576K
Event: 633.584 GC heap after
Heap after GC invocations=279 (full 10):
 PSYoungGen      total 1389056K, used 34024K [0x0000000756000000, 0x00000007aec80000, 0x00000007c0000000)
  eden space 1327104K, 0% used [0x0000000756000000,0x0000000756000000,0x00000007a7000000)
  from space 61952K, 54% used [0x00000007a7000000,0x00000007a913a3c0,0x00000007aac80000)
  to   space 59392K, 0% used [0x00000007ab280000,0x00000007ab280000,0x00000007aec80000)
 ParOldGen       total 2983936K, used 2391821K [0x0000000682000000, 0x0000000738200000, 0x0000000756000000)
  object space 2983936K, 80% used [0x0000000682000000,0x0000000713fc3478,0x0000000738200000)
 Metaspace       used 287173K, capacity 332589K, committed 332772K, reserved 1323008K
  class space    used 48618K, capacity 59847K, committed 59876K, reserved 1048576K
}
Event: 635.390 GC heap before
{Heap before GC invocations=280 (full 10):
 PSYoungGen      total 1389056K, used 1361128K [0x0000000756000000, 0x00000007aec80000, 0x00000007c0000000)
  eden space 1327104K, 100% used [0x0000000756000000,0x00000007a7000000,0x00000007a7000000)
  from space 61952K, 54% used [0x00000007a7000000,0x00000007a913a3c0,0x00000007aac80000)
  to   space 59392K, 0% used [0x00000007ab280000,0x00000007ab280000,0x00000007aec80000)
 ParOldGen       total 2983936K, used 2391823K [0x0000000682000000, 0x0000000738200000, 0x0000000756000000)
  object space 2983936K, 80% used [0x0000000682000000,0x0000000713fc3f38,0x0000000738200000)
 Metaspace       used 287213K, capacity 332617K, committed 332772K, reserved 1323008K
  class space    used 48618K, capacity 59847K, committed 59876K, reserved 1048576K
Event: 635.409 GC heap after
Heap after GC invocations=280 (full 10):
 PSYoungGen      total 1393664K, used 43936K [0x0000000756000000, 0x00000007af200000, 0x00000007c0000000)
  eden space 1334272K, 0% used [0x0000000756000000,0x0000000756000000,0x00000007a7700000)
  from space 59392K, 73% used [0x00000007ab280000,0x00000007add680d8,0x00000007aec80000)
  to   space 60928K, 0% used [0x00000007a7700000,0x00000007a7700000,0x00000007ab280000)
 ParOldGen       total 2983936K, used 2395902K [0x0000000682000000, 0x0000000738200000, 0x0000000756000000)
  object space 2983936K, 80% used [0x0000000682000000,0x00000007143bfb38,0x0000000738200000)
 Metaspace       used 287213K, capacity 332617K, committed 332772K, reserved 1323008K
  class space    used 48618K, capacity 59847K, committed 59876K, reserved 1048576K
}
Event: 637.530 GC heap before
{Heap before GC invocations=281 (full 10):
 PSYoungGen      total 1393664K, used 1378208K [0x0000000756000000, 0x00000007af200000, 0x00000007c0000000)
  eden space 1334272K, 100% used [0x0000000756000000,0x00000007a7700000,0x00000007a7700000)
  from space 59392K, 73% used [0x00000007ab280000,0x00000007add680d8,0x00000007aec80000)
  to   space 60928K, 0% used [0x00000007a7700000,0x00000007a7700000,0x00000007ab280000)
 ParOldGen       total 2983936K, used 2395904K [0x0000000682000000, 0x0000000738200000, 0x0000000756000000)
  object space 2983936K, 80% used [0x0000000682000000,0x00000007143c0360,0x0000000738200000)
 Metaspace       used 287250K, capacity 332689K, committed 332772K, reserved 1323008K
  class space    used 48619K, capacity 59847K, committed 59876K, reserved 1048576K
Event: 637.547 GC heap after
Heap after GC invocations=281 (full 10):
 PSYoungGen      total 1395200K, used 35888K [0x0000000756000000, 0x00000007af680000, 0x00000007c0000000)
  eden space 1334272K, 0% used [0x0000000756000000,0x0000000756000000,0x00000007a7700000)
  from space 60928K, 58% used [0x00000007a7700000,0x00000007a9a0c0c0,0x00000007ab280000)
  to   space 59392K, 0% used [0x00000007abc80000,0x00000007abc80000,0x00000007af680000)
 ParOldGen       total 2983936K, used 2396632K [0x0000000682000000, 0x0000000738200000, 0x0000000756000000)
  object space 2983936K, 80% used [0x0000000682000000,0x00000007144763d8,0x0000000738200000)
 Metaspace       used 287250K, capacity 332689K, committed 332772K, reserved 1323008K
  class space    used 48619K, capacity 59847K, committed 59876K, reserved 1048576K
}
Event: 639.798 GC heap before
{Heap before GC invocations=282 (full 10):
 PSYoungGen      total 1395200K, used 1370160K [0x0000000756000000, 0x00000007af680000, 0x00000007c0000000)
  eden space 1334272K, 100% used [0x0000000756000000,0x00000007a7700000,0x00000007a7700000)
  from space 60928K, 58% used [0x00000007a7700000,0x00000007a9a0c0c0,0x00000007ab280000)
  to   space 59392K, 0% used [0x00000007abc80000,0x00000007abc80000,0x00000007af680000)
 ParOldGen       total 2983936K, used 2396632K [0x0000000682000000, 0x0000000738200000, 0x0000000756000000)
  object space 2983936K, 80% used [0x0000000682000000,0x00000007144763d8,0x0000000738200000)
 Metaspace       used 287493K, capacity 333061K, committed 333156K, reserved 1323008K
  class space    used 48674K, capacity 59921K, committed 60004K, reserved 1048576K
Event: 639.830 GC heap after
Heap after GC invocations=282 (full 10):
 PSYoungGen      total 1404416K, used 43671K [0x0000000756000000, 0x00000007afb80000, 0x00000007c0000000)
  eden space 1345024K, 0% used [0x0000000756000000,0x0000000756000000,0x00000007a8180000)
  from space 59392K, 73% used [0x00000007abc80000,0x00000007ae725d20,0x00000007af680000)
  to   space 60416K, 0% used [0x00000007a8180000,0x00000007a8180000,0x00000007abc80000)
 ParOldGen       total 2983936K, used 2397129K [0x0000000682000000, 0x0000000738200000, 0x0000000756000000)
  object space 2983936K, 80% used [0x0000000682000000,0x00000007144f2450,0x0000000738200000)
 Metaspace       used 287493K, capacity 333061K, committed 333156K, reserved 1323008K
  class space    used 48674K, capacity 59921K, committed 60004K, reserved 1048576K
}

