# JRE version: Java(TM) SE Runtime Environment (8.0_51-b16) (build 1.8.0_51-b16)
# Java VM: Java HotSpot(TM) 64-Bit Server VM (25.51-b03 mixed mode windows-amd64 compressed oops)
Heap:
 PSYoungGen      total 1472512K, used 392877K [0x0000000756000000, 0x00000007b1800000, 0x00000007c0000000)
  eden space 1446912K, 26% used [0x0000000756000000,0x000000076d1f7a30,0x00000007ae500000)
  from space 25600K, 54% used [0x00000007aff00000,0x00000007b0cb3c30,0x00000007b1800000)
  to   space 26112K, 0% used [0x00000007ae500000,0x00000007ae500000,0x00000007afe80000)
 ParOldGen       total 2200064K, used 1682056K [0x0000000682000000, 0x0000000708480000, 0x0000000756000000)
  object space 2200064K, 76% used [0x0000000682000000,0x00000006e8aa2348,0x0000000708480000)
 Metaspace       used 259171K, capacity 294525K, committed 294656K, reserved 1290240K
  class space    used 44359K, capacity 53936K, committed 54016K, reserved 1048576K
GC Heap History (10 events):
Event: 787.791 GC heap before
{Heap before GC invocations=198 (full 8):
 PSYoungGen      total 1445888K, used 1438225K [0x0000000756000000, 0x00000007b0a00000, 0x00000007c0000000)
  eden space 1417216K, 100% used [0x0000000756000000,0x00000007ac800000,0x00000007ac800000)
  from space 28672K, 73% used [0x00000007ac800000,0x00000007adc84410,0x00000007ae400000)
  to   space 29184K, 0% used [0x00000007aed80000,0x00000007aed80000,0x00000007b0a00000)
 ParOldGen       total 2200064K, used 1677648K [0x0000000682000000, 0x0000000708480000, 0x0000000756000000)
  object space 2200064K, 76% used [0x0000000682000000,0x00000006e8654348,0x0000000708480000)
 Metaspace       used 259125K, capacity 294481K, committed 294656K, reserved 1290240K
  class space    used 44350K, capacity 53924K, committed 54016K, reserved 1048576K
Event: 787.804 GC heap after
Heap after GC invocations=198 (full 8):
 PSYoungGen      total 1455616K, used 18865K [0x0000000756000000, 0x00000007b0900000, 0x00000007c0000000)
  eden space 1427456K, 0% used [0x0000000756000000,0x0000000756000000,0x00000007ad200000)
  from space 28160K, 66% used [0x00000007aed80000,0x00000007affec410,0x00000007b0900000)
  to   space 28160K, 0% used [0x00000007ad200000,0x00000007ad200000,0x00000007aed80000)
 ParOldGen       total 2200064K, used 1677736K [0x0000000682000000, 0x0000000708480000, 0x0000000756000000)
  object space 2200064K, 76% used [0x0000000682000000,0x00000006e866a348,0x0000000708480000)
 Metaspace       used 259125K, capacity 294481K, committed 294656K, reserved 1290240K
  class space    used 44350K, capacity 53924K, committed 54016K, reserved 1048576K
}
Event: 791.181 GC heap before
{Heap before GC invocations=199 (full 8):
 PSYoungGen      total 1455616K, used 1446321K [0x0000000756000000, 0x00000007b0900000, 0x00000007c0000000)
  eden space 1427456K, 100% used [0x0000000756000000,0x00000007ad200000,0x00000007ad200000)
  from space 28160K, 66% used [0x00000007aed80000,0x00000007affec410,0x00000007b0900000)
  to   space 28160K, 0% used [0x00000007ad200000,0x00000007ad200000,0x00000007aed80000)
 ParOldGen       total 2200064K, used 1677736K [0x0000000682000000, 0x0000000708480000, 0x0000000756000000)
  object space 2200064K, 76% used [0x0000000682000000,0x00000006e866a348,0x0000000708480000)
 Metaspace       used 259126K, capacity 294481K, committed 294656K, reserved 1290240K
  class space    used 44350K, capacity 53924K, committed 54016K, reserved 1048576K
Event: 791.193 GC heap after
Heap after GC invocations=199 (full 8):
 PSYoungGen      total 1455616K, used 17966K [0x0000000756000000, 0x00000007b1100000, 0x00000007c0000000)
  eden space 1427456K, 0% used [0x0000000756000000,0x0000000756000000,0x00000007ad200000)
  from space 28160K, 63% used [0x00000007ad200000,0x00000007ae38bbe0,0x00000007aed80000)
  to   space 27136K, 0% used [0x00000007af680000,0x00000007af680000,0x00000007b1100000)
 ParOldGen       total 2200064K, used 1677840K [0x0000000682000000, 0x0000000708480000, 0x0000000756000000)
  object space 2200064K, 76% used [0x0000000682000000,0x00000006e8684348,0x0000000708480000)
 Metaspace       used 259126K, capacity 294481K, committed 294656K, reserved 1290240K
  class space    used 44350K, capacity 53924K, committed 54016K, reserved 1048576K
}
Event: 794.684 GC heap before
{Heap before GC invocations=200 (full 8):
 PSYoungGen      total 1455616K, used 1445422K [0x0000000756000000, 0x00000007b1100000, 0x00000007c0000000)
  eden space 1427456K, 100% used [0x0000000756000000,0x00000007ad200000,0x00000007ad200000)
  from space 28160K, 63% used [0x00000007ad200000,0x00000007ae38bbe0,0x00000007aed80000)
  to   space 27136K, 0% used [0x00000007af680000,0x00000007af680000,0x00000007b1100000)
 ParOldGen       total 2200064K, used 1677840K [0x0000000682000000, 0x0000000708480000, 0x0000000756000000)
  object space 2200064K, 76% used [0x0000000682000000,0x00000006e8684348,0x0000000708480000)
 Metaspace       used 259126K, capacity 294481K, committed 294656K, reserved 1290240K
  class space    used 44350K, capacity 53924K, committed 54016K, reserved 1048576K
Event: 794.700 GC heap after
Heap after GC invocations=200 (full 8):
 PSYoungGen      total 1463808K, used 15537K [0x0000000756000000, 0x00000007b1000000, 0x00000007c0000000)
  eden space 1437696K, 0% used [0x0000000756000000,0x0000000756000000,0x00000007adc00000)
  from space 26112K, 59% used [0x00000007af680000,0x00000007b05ac410,0x00000007b1000000)
  to   space 26624K, 0% used [0x00000007adc00000,0x00000007adc00000,0x00000007af600000)
 ParOldGen       total 2200064K, used 1680312K [0x0000000682000000, 0x0000000708480000, 0x0000000756000000)
  object space 2200064K, 76% used [0x0000000682000000,0x00000006e88ee348,0x0000000708480000)
 Metaspace       used 259126K, capacity 294481K, committed 294656K, reserved 1290240K
  class space    used 44350K, capacity 53924K, committed 54016K, reserved 1048576K
}
Event: 799.015 GC heap before
{Heap before GC invocations=201 (full 8):
 PSYoungGen      total 1463808K, used 1453233K [0x0000000756000000, 0x00000007b1000000, 0x00000007c0000000)
  eden space 1437696K, 100% used [0x0000000756000000,0x00000007adc00000,0x00000007adc00000)
  from space 26112K, 59% used [0x00000007af680000,0x00000007b05ac410,0x00000007b1000000)
  to   space 26624K, 0% used [0x00000007adc00000,0x00000007adc00000,0x00000007af600000)
 ParOldGen       total 2200064K, used 1680312K [0x0000000682000000, 0x0000000708480000, 0x0000000756000000)
  object space 2200064K, 76% used [0x0000000682000000,0x00000006e88ee348,0x0000000708480000)
 Metaspace       used 259138K, capacity 294481K, committed 294656K, reserved 1290240K
  class space    used 44350K, capacity 53924K, committed 54016K, reserved 1048576K
Event: 799.029 GC heap after
Heap after GC invocations=201 (full 8):
 PSYoungGen      total 1464320K, used 15505K [0x0000000756000000, 0x00000007b1880000, 0x00000007c0000000)
  eden space 1437696K, 0% used [0x0000000756000000,0x0000000756000000,0x00000007adc00000)
  from space 26624K, 58% used [0x00000007adc00000,0x00000007aeb24408,0x00000007af600000)
  to   space 26112K, 0% used [0x00000007aff00000,0x00000007aff00000,0x00000007b1880000)
 ParOldGen       total 2200064K, used 1680440K [0x0000000682000000, 0x0000000708480000, 0x0000000756000000)
  object space 2200064K, 76% used [0x0000000682000000,0x00000006e890e348,0x0000000708480000)
 Metaspace       used 259138K, capacity 294481K, committed 294656K, reserved 1290240K
  class space    used 44350K, capacity 53924K, committed 54016K, reserved 1048576K
}
Event: 803.123 GC heap before
{Heap before GC invocations=202 (full 8):
 PSYoungGen      total 1464320K, used 1453201K [0x0000000756000000, 0x00000007b1880000, 0x00000007c0000000)
  eden space 1437696K, 100% used [0x0000000756000000,0x00000007adc00000,0x00000007adc00000)
  from space 26624K, 58% used [0x00000007adc00000,0x00000007aeb24408,0x00000007af600000)
  to   space 26112K, 0% used [0x00000007aff00000,0x00000007aff00000,0x00000007b1880000)
 ParOldGen       total 2200064K, used 1680440K [0x0000000682000000, 0x0000000708480000, 0x0000000756000000)
  object space 2200064K, 76% used [0x0000000682000000,0x00000006e890e348,0x0000000708480000)
 Metaspace       used 259140K, capacity 294481K, committed 294656K, reserved 1290240K
  class space    used 44350K, capacity 53924K, committed 54016K, reserved 1048576K
Event: 803.136 GC heap after
Heap after GC invocations=202 (full 8):
 PSYoungGen      total 1472512K, used 14031K [0x0000000756000000, 0x00000007b1800000, 0x00000007c0000000)
  eden space 1446912K, 0% used [0x0000000756000000,0x0000000756000000,0x00000007ae500000)
  from space 25600K, 54% used [0x00000007aff00000,0x00000007b0cb3c30,0x00000007b1800000)
  to   space 26112K, 0% used [0x00000007ae500000,0x00000007ae500000,0x00000007afe80000)
 ParOldGen       total 2200064K, used 1682056K [0x0000000682000000, 0x0000000708480000, 0x0000000756000000)
  object space 2200064K, 76% used [0x0000000682000000,0x00000006e8aa2348,0x0000000708480000)
 Metaspace       used 259140K, capacity 294481K, committed 294656K, reserved 1290240K
  class space    used 44350K, capacity 53924K, committed 54016K, reserved 1048576K
}

