# JRE version: Java(TM) SE Runtime Environment (8.0_51-b16) (build 1.8.0_51-b16)
# Java VM: Java HotSpot(TM) 64-Bit Server VM (25.51-b03 mixed mode windows-amd64 compressed oops)
Heap:
 PSYoungGen      total 1453568K, used 251947K [0x0000000756000000, 0x00000007be900000, 0x00000007c0000000)
  eden space 1189376K, 18% used [0x0000000756000000,0x0000000763ba3210,0x000000079e980000)
  from space 264192K, 10% used [0x000000079e980000,0x00000007a03e7aa8,0x00000007aeb80000)
  to   space 254464K, 0% used [0x00000007af080000,0x00000007af080000,0x00000007be900000)
 ParOldGen       total 2524672K, used 2101721K [0x0000000682000000, 0x000000071c180000, 0x0000000756000000)
  object space 2524672K, 83% used [0x0000000682000000,0x00000007024764a0,0x000000071c180000)
 Metaspace       used 279309K, capacity 322384K, committed 322528K, reserved 1312768K
  class space    used 47842K, capacity 58831K, committed 58848K, reserved 1048576K
GC Heap History (10 events):
Event: 288.150 GC heap before
{Heap before GC invocations=129 (full 8):
 PSYoungGen      total 1452544K, used 1190976K [0x0000000756000000, 0x00000007c0000000, 0x00000007c0000000)
  eden space 1179136K, 100% used [0x0000000756000000,0x000000079df80000,0x000000079df80000)
  from space 273408K, 4% used [0x00000007aee80000,0x00000007afa10210,0x00000007bf980000)
  to   space 277504K, 0% used [0x000000079df80000,0x000000079df80000,0x00000007aee80000)
 ParOldGen       total 2524672K, used 2101177K [0x0000000682000000, 0x000000071c180000, 0x0000000756000000)
  object space 2524672K, 83% used [0x0000000682000000,0x00000007023ee4a0,0x000000071c180000)
 Metaspace       used 278777K, capacity 321636K, committed 321760K, reserved 1312768K
  class space    used 47762K, capacity 58737K, committed 58848K, reserved 1048576K
Event: 288.165 GC heap after
Heap after GC invocations=129 (full 8):
 PSYoungGen      total 1456640K, used 11984K [0x0000000756000000, 0x00000007c0000000, 0x00000007c0000000)
  eden space 1179136K, 0% used [0x0000000756000000,0x0000000756000000,0x000000079df80000)
  from space 277504K, 4% used [0x000000079df80000,0x000000079eb341f0,0x00000007aee80000)
  to   space 277504K, 0% used [0x00000007af100000,0x00000007af100000,0x00000007c0000000)
 ParOldGen       total 2524672K, used 2101313K [0x0000000682000000, 0x000000071c180000, 0x0000000756000000)
  object space 2524672K, 83% used [0x0000000682000000,0x00000007024104a0,0x000000071c180000)
 Metaspace       used 278777K, capacity 321636K, committed 321760K, reserved 1312768K
  class space    used 47762K, capacity 58737K, committed 58848K, reserved 1048576K
}
Event: 296.087 GC heap before
{Heap before GC invocations=130 (full 8):
 PSYoungGen      total 1456640K, used 1191120K [0x0000000756000000, 0x00000007c0000000, 0x00000007c0000000)
  eden space 1179136K, 100% used [0x0000000756000000,0x000000079df80000,0x000000079df80000)
  from space 277504K, 4% used [0x000000079df80000,0x000000079eb341f0,0x00000007aee80000)
  to   space 277504K, 0% used [0x00000007af100000,0x00000007af100000,0x00000007c0000000)
 ParOldGen       total 2524672K, used 2101313K [0x0000000682000000, 0x000000071c180000, 0x0000000756000000)
  object space 2524672K, 83% used [0x0000000682000000,0x00000007024104a0,0x000000071c180000)
 Metaspace       used 278840K, capacity 321722K, committed 322016K, reserved 1312768K
  class space    used 47766K, capacity 58740K, committed 58848K, reserved 1048576K
Event: 296.104 GC heap after
Heap after GC invocations=130 (full 8):
 PSYoungGen      total 1455104K, used 12496K [0x0000000756000000, 0x00000007bfc00000, 0x00000007c0000000)
  eden space 1181696K, 0% used [0x0000000756000000,0x0000000756000000,0x000000079e200000)
  from space 273408K, 4% used [0x00000007af100000,0x00000007afd34248,0x00000007bfc00000)
  to   space 275456K, 0% used [0x000000079e200000,0x000000079e200000,0x00000007aef00000)
 ParOldGen       total 2524672K, used 2101417K [0x0000000682000000, 0x000000071c180000, 0x0000000756000000)
  object space 2524672K, 83% used [0x0000000682000000,0x000000070242a4a0,0x000000071c180000)
 Metaspace       used 278840K, capacity 321722K, committed 322016K, reserved 1312768K
  class space    used 47766K, capacity 58740K, committed 58848K, reserved 1048576K
}
Event: 303.887 GC heap before
{Heap before GC invocations=131 (full 8):
 PSYoungGen      total 1455104K, used 1194192K [0x0000000756000000, 0x00000007bfc00000, 0x00000007c0000000)
  eden space 1181696K, 100% used [0x0000000756000000,0x000000079e200000,0x000000079e200000)
  from space 273408K, 4% used [0x00000007af100000,0x00000007afd34248,0x00000007bfc00000)
  to   space 275456K, 0% used [0x000000079e200000,0x000000079e200000,0x00000007aef00000)
 ParOldGen       total 2524672K, used 2101417K [0x0000000682000000, 0x000000071c180000, 0x0000000756000000)
  object space 2524672K, 83% used [0x0000000682000000,0x000000070242a4a0,0x000000071c180000)
 Metaspace       used 278849K, capacity 321722K, committed 322016K, reserved 1312768K
  class space    used 47766K, capacity 58740K, committed 58848K, reserved 1048576K
Event: 303.903 GC heap after
Heap after GC invocations=131 (full 8):
 PSYoungGen      total 1457152K, used 12672K [0x0000000756000000, 0x00000007bf900000, 0x00000007c0000000)
  eden space 1181696K, 0% used [0x0000000756000000,0x0000000756000000,0x000000079e200000)
  from space 275456K, 4% used [0x000000079e200000,0x000000079ee60298,0x00000007aef00000)
  to   space 270848K, 0% used [0x00000007af080000,0x00000007af080000,0x00000007bf900000)
 ParOldGen       total 2524672K, used 2101529K [0x0000000682000000, 0x000000071c180000, 0x0000000756000000)
  object space 2524672K, 83% used [0x0000000682000000,0x00000007024464a0,0x000000071c180000)
 Metaspace       used 278849K, capacity 321722K, committed 322016K, reserved 1312768K
  class space    used 47766K, capacity 58740K, committed 58848K, reserved 1048576K
}
Event: 311.684 GC heap before
{Heap before GC invocations=132 (full 8):
 PSYoungGen      total 1457152K, used 1194368K [0x0000000756000000, 0x00000007bf900000, 0x00000007c0000000)
  eden space 1181696K, 100% used [0x0000000756000000,0x000000079e200000,0x000000079e200000)
  from space 275456K, 4% used [0x000000079e200000,0x000000079ee60298,0x00000007aef00000)
  to   space 270848K, 0% used [0x00000007af080000,0x00000007af080000,0x00000007bf900000)
 ParOldGen       total 2524672K, used 2101529K [0x0000000682000000, 0x000000071c180000, 0x0000000756000000)
  object space 2524672K, 83% used [0x0000000682000000,0x00000007024464a0,0x000000071c180000)
 Metaspace       used 278929K, capacity 321820K, committed 322016K, reserved 1312768K
  class space    used 47778K, capacity 58745K, committed 58848K, reserved 1048576K
Event: 311.700 GC heap after
Heap after GC invocations=132 (full 8):
 PSYoungGen      total 1448448K, used 13296K [0x0000000756000000, 0x00000007bed80000, 0x00000007c0000000)
  eden space 1189376K, 0% used [0x0000000756000000,0x0000000756000000,0x000000079e980000)
  from space 259072K, 5% used [0x00000007af080000,0x00000007afd7c2e8,0x00000007bed80000)
  to   space 264192K, 0% used [0x000000079e980000,0x000000079e980000,0x00000007aeb80000)
 ParOldGen       total 2524672K, used 2101633K [0x0000000682000000, 0x000000071c180000, 0x0000000756000000)
  object space 2524672K, 83% used [0x0000000682000000,0x00000007024604a0,0x000000071c180000)
 Metaspace       used 278929K, capacity 321820K, committed 322016K, reserved 1312768K
  class space    used 47778K, capacity 58745K, committed 58848K, reserved 1048576K
}
Event: 313.924 GC heap before
{Heap before GC invocations=133 (full 8):
 PSYoungGen      total 1448448K, used 1202672K [0x0000000756000000, 0x00000007bed80000, 0x00000007c0000000)
  eden space 1189376K, 100% used [0x0000000756000000,0x000000079e980000,0x000000079e980000)
  from space 259072K, 5% used [0x00000007af080000,0x00000007afd7c2e8,0x00000007bed80000)
  to   space 264192K, 0% used [0x000000079e980000,0x000000079e980000,0x00000007aeb80000)
 ParOldGen       total 2524672K, used 2101633K [0x0000000682000000, 0x000000071c180000, 0x0000000756000000)
  object space 2524672K, 83% used [0x0000000682000000,0x00000007024604a0,0x000000071c180000)
 Metaspace       used 279288K, capacity 322348K, committed 322528K, reserved 1312768K
  class space    used 47842K, capacity 58831K, committed 58848K, reserved 1048576K
Event: 313.958 GC heap after
Heap after GC invocations=133 (full 8):
 PSYoungGen      total 1453568K, used 27038K [0x0000000756000000, 0x00000007be900000, 0x00000007c0000000)
  eden space 1189376K, 0% used [0x0000000756000000,0x0000000756000000,0x000000079e980000)
  from space 264192K, 10% used [0x000000079e980000,0x00000007a03e7aa8,0x00000007aeb80000)
  to   space 254464K, 0% used [0x00000007af080000,0x00000007af080000,0x00000007be900000)
 ParOldGen       total 2524672K, used 2101721K [0x0000000682000000, 0x000000071c180000, 0x0000000756000000)
  object space 2524672K, 83% used [0x0000000682000000,0x00000007024764a0,0x000000071c180000)
 Metaspace       used 279288K, capacity 322348K, committed 322528K, reserved 1312768K
  class space    used 47842K, capacity 58831K, committed 58848K, reserved 1048576K
}

