# JRE version: Java(TM) SE Runtime Environment (8.0_51-b16) (build 1.8.0_51-b16)
# Java VM: Java HotSpot(TM) 64-Bit Server VM (25.51-b03 mixed mode windows-amd64 compressed oops)
Heap:
 PSYoungGen      total 1880576K, used 770144K [0x0000000740b00000, 0x00000007bf880000, 0x00000007c0000000)
  eden space 1682432K, 45% used [0x0000000740b00000,0x000000076fb18000,0x00000007a7600000)
  from space 198144K, 0% used [0x00000007b3700000,0x00000007b3700000,0x00000007bf880000)
  to   space 197632K, 0% used [0x00000007a7600000,0x00000007a7600000,0x00000007b3700000)
 ParOldGen       total 4172800K, used 4172797K [0x0000000642000000, 0x0000000740b00000, 0x0000000740b00000)
  object space 4172800K, 99% used [0x0000000642000000,0x0000000740aff780,0x0000000740b00000)
 Metaspace       used 257677K, capacity 292210K, committed 293828K, reserved 1290240K
  class space    used 43944K, capacity 53245K, committed 53760K, reserved 1048576K
GC Heap History (10 events):
Event: 2955.627 GC heap before
{Heap before GC invocations=598 (full 10):
 PSYoungGen      total 1872384K, used 1740383K [0x0000000740b00000, 0x00000007bfd80000, 0x00000007c0000000)
  eden space 1667584K, 100% used [0x0000000740b00000,0x00000007a6780000,0x00000007a6780000)
  from space 204800K, 35% used [0x00000007a6780000,0x00000007aae97d10,0x00000007b2f80000)
  to   space 204288K, 0% used [0x00000007b3600000,0x00000007b3600000,0x00000007bfd80000)
 ParOldGen       total 4172800K, used 4132536K [0x0000000642000000, 0x0000000740b00000, 0x0000000740b00000)
  object space 4172800K, 99% used [0x0000000642000000,0x000000073e3ae098,0x0000000740b00000)
 Metaspace       used 258399K, capacity 293564K, committed 293828K, reserved 1290240K
  class space    used 44158K, capacity 53661K, committed 53760K, reserved 1048576K
Event: 2955.661 GC heap after
Heap after GC invocations=598 (full 10):
 PSYoungGen      total 1879552K, used 71423K [0x0000000740b00000, 0x00000007bfc80000, 0x00000007c0000000)
  eden space 1676288K, 0% used [0x0000000740b00000,0x0000000740b00000,0x00000007a7000000)
  from space 203264K, 35% used [0x00000007b3600000,0x00000007b7bbfd10,0x00000007bfc80000)
  to   space 202752K, 0% used [0x00000007a7000000,0x00000007a7000000,0x00000007b3600000)
 ParOldGen       total 4172800K, used 4140592K [0x0000000642000000, 0x0000000740b00000, 0x0000000740b00000)
  object space 4172800K, 99% used [0x0000000642000000,0x000000073eb8c098,0x0000000740b00000)
 Metaspace       used 258399K, capacity 293564K, committed 293828K, reserved 1290240K
  class space    used 44158K, capacity 53661K, committed 53760K, reserved 1048576K
}
Event: 2961.358 GC heap before
{Heap before GC invocations=599 (full 10):
 PSYoungGen      total 1879552K, used 1747711K [0x0000000740b00000, 0x00000007bfc80000, 0x00000007c0000000)
  eden space 1676288K, 100% used [0x0000000740b00000,0x00000007a7000000,0x00000007a7000000)
  from space 203264K, 35% used [0x00000007b3600000,0x00000007b7bbfd10,0x00000007bfc80000)
  to   space 202752K, 0% used [0x00000007a7000000,0x00000007a7000000,0x00000007b3600000)
 ParOldGen       total 4172800K, used 4140592K [0x0000000642000000, 0x0000000740b00000, 0x0000000740b00000)
  object space 4172800K, 99% used [0x0000000642000000,0x000000073eb8c098,0x0000000740b00000)
 Metaspace       used 258490K, capacity 293706K, committed 293828K, reserved 1290240K
  class space    used 44170K, capacity 53674K, committed 53760K, reserved 1048576K
Event: 2961.392 GC heap after
Heap after GC invocations=599 (full 10):
 PSYoungGen      total 1879040K, used 68286K [0x0000000740b00000, 0x00000007bfa80000, 0x00000007c0000000)
  eden space 1676288K, 0% used [0x0000000740b00000,0x0000000740b00000,0x00000007a7000000)
  from space 202752K, 33% used [0x00000007a7000000,0x00000007ab2afa20,0x00000007b3600000)
  to   space 200192K, 0% used [0x00000007b3700000,0x00000007b3700000,0x00000007bfa80000)
 ParOldGen       total 4172800K, used 4149656K [0x0000000642000000, 0x0000000740b00000, 0x0000000740b00000)
  object space 4172800K, 99% used [0x0000000642000000,0x000000073f466098,0x0000000740b00000)
 Metaspace       used 258490K, capacity 293706K, committed 293828K, reserved 1290240K
  class space    used 44170K, capacity 53674K, committed 53760K, reserved 1048576K
}
Event: 2968.076 GC heap before
{Heap before GC invocations=600 (full 10):
 PSYoungGen      total 1879040K, used 1744574K [0x0000000740b00000, 0x00000007bfa80000, 0x00000007c0000000)
  eden space 1676288K, 100% used [0x0000000740b00000,0x00000007a7000000,0x00000007a7000000)
  from space 202752K, 33% used [0x00000007a7000000,0x00000007ab2afa20,0x00000007b3600000)
  to   space 200192K, 0% used [0x00000007b3700000,0x00000007b3700000,0x00000007bfa80000)
 ParOldGen       total 4172800K, used 4149656K [0x0000000642000000, 0x0000000740b00000, 0x0000000740b00000)
  object space 4172800K, 99% used [0x0000000642000000,0x000000073f466098,0x0000000740b00000)
 Metaspace       used 258511K, capacity 293710K, committed 293828K, reserved 1290240K
  class space    used 44171K, capacity 53674K, committed 53760K, reserved 1048576K
Event: 2968.108 GC heap after
Heap after GC invocations=600 (full 10):
 PSYoungGen      total 1880576K, used 67838K [0x0000000740b00000, 0x00000007bf880000, 0x00000007c0000000)
  eden space 1682432K, 0% used [0x0000000740b00000,0x0000000740b00000,0x00000007a7600000)
  from space 198144K, 34% used [0x00000007b3700000,0x00000007b793fa20,0x00000007bf880000)
  to   space 197632K, 0% used [0x00000007a7600000,0x00000007a7600000,0x00000007b3700000)
 ParOldGen       total 4172800K, used 4157224K [0x0000000642000000, 0x0000000740b00000, 0x0000000740b00000)
  object space 4172800K, 99% used [0x0000000642000000,0x000000073fbca098,0x0000000740b00000)
 Metaspace       used 258511K, capacity 293710K, committed 293828K, reserved 1290240K
  class space    used 44171K, capacity 53674K, committed 53760K, reserved 1048576K
}
Event: 2968.109 GC heap before
{Heap before GC invocations=601 (full 11):
 PSYoungGen      total 1880576K, used 67838K [0x0000000740b00000, 0x00000007bf880000, 0x00000007c0000000)
  eden space 1682432K, 0% used [0x0000000740b00000,0x0000000740b00000,0x00000007a7600000)
  from space 198144K, 34% used [0x00000007b3700000,0x00000007b793fa20,0x00000007bf880000)
  to   space 197632K, 0% used [0x00000007a7600000,0x00000007a7600000,0x00000007b3700000)
 ParOldGen       total 4172800K, used 4157224K [0x0000000642000000, 0x0000000740b00000, 0x0000000740b00000)
  object space 4172800K, 99% used [0x0000000642000000,0x000000073fbca098,0x0000000740b00000)
 Metaspace       used 258511K, capacity 293710K, committed 293828K, reserved 1290240K
  class space    used 44171K, capacity 53674K, committed 53760K, reserved 1048576K
Event: 2976.390 GC heap after
Heap after GC invocations=601 (full 11):
 PSYoungGen      total 1880576K, used 4997K [0x0000000740b00000, 0x00000007bf880000, 0x00000007c0000000)
  eden space 1682432K, 0% used [0x0000000740b00000,0x0000000740b00000,0x00000007a7600000)
  from space 198144K, 2% used [0x00000007b3700000,0x00000007b3be1438,0x00000007bf880000)
  to   space 197632K, 0% used [0x00000007a7600000,0x00000007a7600000,0x00000007b3700000)
 ParOldGen       total 4172800K, used 4172721K [0x0000000642000000, 0x0000000740b00000, 0x0000000740b00000)
  object space 4172800K, 99% used [0x0000000642000000,0x0000000740aec4e0,0x0000000740b00000)
 Metaspace       used 257628K, capacity 292164K, committed 293828K, reserved 1290240K
  class space    used 43934K, capacity 53232K, committed 53760K, reserved 1048576K
}
Event: 2981.750 GC heap before
{Heap before GC invocations=602 (full 12):
 PSYoungGen      total 1880576K, used 1687429K [0x0000000740b00000, 0x00000007bf880000, 0x00000007c0000000)
  eden space 1682432K, 100% used [0x0000000740b00000,0x00000007a7600000,0x00000007a7600000)
  from space 198144K, 2% used [0x00000007b3700000,0x00000007b3be1438,0x00000007bf880000)
  to   space 197632K, 0% used [0x00000007a7600000,0x00000007a7600000,0x00000007b3700000)
 ParOldGen       total 4172800K, used 4172721K [0x0000000642000000, 0x0000000740b00000, 0x0000000740b00000)
  object space 4172800K, 99% used [0x0000000642000000,0x0000000740aec4e0,0x0000000740b00000)
 Metaspace       used 257638K, capacity 292164K, committed 293828K, reserved 1290240K
  class space    used 43934K, capacity 53232K, committed 53760K, reserved 1048576K
Event: 2992.422 GC heap after
Heap after GC invocations=602 (full 12):
 PSYoungGen      total 1880576K, used 10795K [0x0000000740b00000, 0x00000007bf880000, 0x00000007c0000000)
  eden space 1682432K, 0% used [0x0000000740b00000,0x000000074158af30,0x00000007a7600000)
  from space 198144K, 0% used [0x00000007b3700000,0x00000007b3700000,0x00000007bf880000)
  to   space 197632K, 0% used [0x00000007a7600000,0x00000007a7600000,0x00000007b3700000)
 ParOldGen       total 4172800K, used 4172797K [0x0000000642000000, 0x0000000740b00000, 0x0000000740b00000)
  object space 4172800K, 99% used [0x0000000642000000,0x0000000740aff780,0x0000000740b00000)
 Metaspace       used 257638K, capacity 292164K, committed 293828K, reserved 1290240K
  class space    used 43934K, capacity 53232K, committed 53760K, reserved 1048576K
}

