# JRE version: Java(TM) SE Runtime Environment (8.0_51-b16) (build 1.8.0_51-b16)
# Java VM: Java HotSpot(TM) 64-Bit Server VM (25.51-b03 mixed mode windows-amd64 compressed oops)
Heap:
 PSYoungGen      total 1566720K, used 1219523K [0x0000000756000000, 0x00000007bca80000, 0x00000007c0000000)
  eden space 1455616K, 81% used [0x0000000756000000,0x000000079e62a7b8,0x00000007aed80000)
  from space 111104K, 30% used [0x00000007aed80000,0x00000007b0e46588,0x00000007b5a00000)
  to   space 107008K, 0% used [0x00000007b6200000,0x00000007b6200000,0x00000007bca80000)
 ParOldGen       total 3123712K, used 2811092K [0x0000000682000000, 0x0000000740a80000, 0x0000000756000000)
  object space 3123712K, 89% used [0x0000000682000000,0x000000072d935010,0x0000000740a80000)
 Metaspace       used 291225K, capacity 337818K, committed 337920K, reserved 1327104K
  class space    used 49179K, capacity 60578K, committed 60672K, reserved 1048576K
GC Heap History (10 events):
Event: 376.016 GC heap before
{Heap before GC invocations=224 (full 9):
 PSYoungGen      total 1546752K, used 1456872K [0x0000000756000000, 0x00000007bbd00000, 0x00000007c0000000)
  eden space 1428480K, 100% used [0x0000000756000000,0x00000007ad300000,0x00000007ad300000)
  from space 118272K, 24% used [0x00000007b4980000,0x00000007b653a2e8,0x00000007bbd00000)
  to   space 119808K, 0% used [0x00000007ad300000,0x00000007ad300000,0x00000007b4800000)
 ParOldGen       total 3123712K, used 2805590K [0x0000000682000000, 0x0000000740a80000, 0x0000000756000000)
  object space 3123712K, 89% used [0x0000000682000000,0x000000072d3d5bb0,0x0000000740a80000)
 Metaspace       used 290896K, capacity 337222K, committed 337280K, reserved 1327104K
  class space    used 49117K, capacity 60492K, committed 60544K, reserved 1048576K
Event: 376.035 GC heap after
Heap after GC invocations=224 (full 9):
 PSYoungGen      total 1548288K, used 26832K [0x0000000756000000, 0x00000007bca00000, 0x00000007c0000000)
  eden space 1428480K, 0% used [0x0000000756000000,0x0000000756000000,0x00000007ad300000)
  from space 119808K, 22% used [0x00000007ad300000,0x00000007aed34080,0x00000007b4800000)
  to   space 118784K, 0% used [0x00000007b5600000,0x00000007b5600000,0x00000007bca00000)
 ParOldGen       total 3123712K, used 2808531K [0x0000000682000000, 0x0000000740a80000, 0x0000000756000000)
  object space 3123712K, 89% used [0x0000000682000000,0x000000072d6b4e88,0x0000000740a80000)
 Metaspace       used 290896K, capacity 337222K, committed 337280K, reserved 1327104K
  class space    used 49117K, capacity 60492K, committed 60544K, reserved 1048576K
}
Event: 381.839 GC heap before
{Heap before GC invocations=225 (full 9):
 PSYoungGen      total 1548288K, used 1455312K [0x0000000756000000, 0x00000007bca00000, 0x00000007c0000000)
  eden space 1428480K, 100% used [0x0000000756000000,0x00000007ad300000,0x00000007ad300000)
  from space 119808K, 22% used [0x00000007ad300000,0x00000007aed34080,0x00000007b4800000)
  to   space 118784K, 0% used [0x00000007b5600000,0x00000007b5600000,0x00000007bca00000)
 ParOldGen       total 3123712K, used 2808531K [0x0000000682000000, 0x0000000740a80000, 0x0000000756000000)
  object space 3123712K, 89% used [0x0000000682000000,0x000000072d6b4e88,0x0000000740a80000)
 Metaspace       used 290899K, capacity 337222K, committed 337280K, reserved 1327104K
  class space    used 49117K, capacity 60492K, committed 60544K, reserved 1048576K
Event: 381.858 GC heap after
Heap after GC invocations=225 (full 9):
 PSYoungGen      total 1556480K, used 27216K [0x0000000756000000, 0x00000007bc500000, 0x00000007c0000000)
  eden space 1442816K, 0% used [0x0000000756000000,0x0000000756000000,0x00000007ae100000)
  from space 113664K, 23% used [0x00000007b5600000,0x00000007b70940e0,0x00000007bc500000)
  to   space 116736K, 0% used [0x00000007ae100000,0x00000007ae100000,0x00000007b5300000)
 ParOldGen       total 3123712K, used 2809467K [0x0000000682000000, 0x0000000740a80000, 0x0000000756000000)
  object space 3123712K, 89% used [0x0000000682000000,0x000000072d79ef30,0x0000000740a80000)
 Metaspace       used 290899K, capacity 337222K, committed 337280K, reserved 1327104K
  class space    used 49117K, capacity 60492K, committed 60544K, reserved 1048576K
}
Event: 388.947 GC heap before
{Heap before GC invocations=226 (full 9):
 PSYoungGen      total 1556480K, used 1470032K [0x0000000756000000, 0x00000007bc500000, 0x00000007c0000000)
  eden space 1442816K, 100% used [0x0000000756000000,0x00000007ae100000,0x00000007ae100000)
  from space 113664K, 23% used [0x00000007b5600000,0x00000007b70940e0,0x00000007bc500000)
  to   space 116736K, 0% used [0x00000007ae100000,0x00000007ae100000,0x00000007b5300000)
 ParOldGen       total 3123712K, used 2809467K [0x0000000682000000, 0x0000000740a80000, 0x0000000756000000)
  object space 3123712K, 89% used [0x0000000682000000,0x000000072d79ef30,0x0000000740a80000)
 Metaspace       used 290910K, capacity 337222K, committed 337280K, reserved 1327104K
  class space    used 49117K, capacity 60492K, committed 60544K, reserved 1048576K
Event: 388.970 GC heap after
Heap after GC invocations=226 (full 9):
 PSYoungGen      total 1559552K, used 25776K [0x0000000756000000, 0x00000007bcd80000, 0x00000007c0000000)
  eden space 1442816K, 0% used [0x0000000756000000,0x0000000756000000,0x00000007ae100000)
  from space 116736K, 22% used [0x00000007ae100000,0x00000007afa2c0b0,0x00000007b5300000)
  to   space 114176K, 0% used [0x00000007b5e00000,0x00000007b5e00000,0x00000007bcd80000)
 ParOldGen       total 3123712K, used 2810343K [0x0000000682000000, 0x0000000740a80000, 0x0000000756000000)
  object space 3123712K, 89% used [0x0000000682000000,0x000000072d879fd8,0x0000000740a80000)
 Metaspace       used 290910K, capacity 337222K, committed 337280K, reserved 1327104K
  class space    used 49117K, capacity 60492K, committed 60544K, reserved 1048576K
}
Event: 396.405 GC heap before
{Heap before GC invocations=227 (full 9):
 PSYoungGen      total 1559552K, used 1468592K [0x0000000756000000, 0x00000007bcd80000, 0x00000007c0000000)
  eden space 1442816K, 100% used [0x0000000756000000,0x00000007ae100000,0x00000007ae100000)
  from space 116736K, 22% used [0x00000007ae100000,0x00000007afa2c0b0,0x00000007b5300000)
  to   space 114176K, 0% used [0x00000007b5e00000,0x00000007b5e00000,0x00000007bcd80000)
 ParOldGen       total 3123712K, used 2810343K [0x0000000682000000, 0x0000000740a80000, 0x0000000756000000)
  object space 3123712K, 89% used [0x0000000682000000,0x000000072d879fd8,0x0000000740a80000)
 Metaspace       used 290929K, capacity 337238K, committed 337536K, reserved 1327104K
  class space    used 49118K, capacity 60494K, committed 60544K, reserved 1048576K
Event: 396.424 GC heap after
Heap after GC invocations=227 (full 9):
 PSYoungGen      total 1562624K, used 26976K [0x0000000756000000, 0x00000007bc680000, 0x00000007c0000000)
  eden space 1455616K, 0% used [0x0000000756000000,0x0000000756000000,0x00000007aed80000)
  from space 107008K, 25% used [0x00000007b5e00000,0x00000007b78580d0,0x00000007bc680000)
  to   space 111104K, 0% used [0x00000007aed80000,0x00000007aed80000,0x00000007b5a00000)
 ParOldGen       total 3123712K, used 2810764K [0x0000000682000000, 0x0000000740a80000, 0x0000000756000000)
  object space 3123712K, 89% used [0x0000000682000000,0x000000072d8e3010,0x0000000740a80000)
 Metaspace       used 290929K, capacity 337238K, committed 337536K, reserved 1327104K
  class space    used 49118K, capacity 60494K, committed 60544K, reserved 1048576K
}
Event: 403.615 GC heap before
{Heap before GC invocations=228 (full 9):
 PSYoungGen      total 1562624K, used 1482592K [0x0000000756000000, 0x00000007bc680000, 0x00000007c0000000)
  eden space 1455616K, 100% used [0x0000000756000000,0x00000007aed80000,0x00000007aed80000)
  from space 107008K, 25% used [0x00000007b5e00000,0x00000007b78580d0,0x00000007bc680000)
  to   space 111104K, 0% used [0x00000007aed80000,0x00000007aed80000,0x00000007b5a00000)
 ParOldGen       total 3123712K, used 2810764K [0x0000000682000000, 0x0000000740a80000, 0x0000000756000000)
  object space 3123712K, 89% used [0x0000000682000000,0x000000072d8e3010,0x0000000740a80000)
 Metaspace       used 291116K, capacity 337542K, committed 337920K, reserved 1327104K
  class space    used 49156K, capacity 60544K, committed 60672K, reserved 1048576K
Event: 403.637 GC heap after
Heap after GC invocations=228 (full 9):
 PSYoungGen      total 1566720K, used 33561K [0x0000000756000000, 0x00000007bca80000, 0x00000007c0000000)
  eden space 1455616K, 0% used [0x0000000756000000,0x0000000756000000,0x00000007aed80000)
  from space 111104K, 30% used [0x00000007aed80000,0x00000007b0e46588,0x00000007b5a00000)
  to   space 107008K, 0% used [0x00000007b6200000,0x00000007b6200000,0x00000007bca80000)
 ParOldGen       total 3123712K, used 2811092K [0x0000000682000000, 0x0000000740a80000, 0x0000000756000000)
  object space 3123712K, 89% used [0x0000000682000000,0x000000072d935010,0x0000000740a80000)
 Metaspace       used 291116K, capacity 337542K, committed 337920K, reserved 1327104K
  class space    used 49156K, capacity 60544K, committed 60672K, reserved 1048576K
}

