# JRE version: Java(TM) SE Runtime Environment (8.0_51-b16) (build 1.8.0_51-b16)
# Java VM: Java HotSpot(TM) 64-Bit Server VM (25.51-b03 mixed mode windows-amd64 compressed oops)
Heap:
 PSYoungGen      total 1632256K, used 297870K [0x0000000740b00000, 0x00000007a8180000, 0x00000007c0000000)
  eden space 1593344K, 16% used [0x0000000740b00000,0x00000007507e40c8,0x00000007a1f00000)
  from space 38912K, 99% used [0x00000007a1f00000,0x00000007a44ffa48,0x00000007a4500000)
  to   space 44544K, 0% used [0x00000007a5600000,0x00000007a5600000,0x00000007a8180000)
 ParOldGen       total 1826816K, used 1647484K [0x0000000642000000, 0x00000006b1800000, 0x0000000740b00000)
  object space 1826816K, 90% used [0x0000000642000000,0x00000006a68df310,0x00000006b1800000)
 Metaspace       used 258257K, capacity 293595K, committed 293760K, reserved 1290240K
  class space    used 44238K, capacity 53797K, committed 53888K, reserved 1048576K
GC Heap History (10 events):
Event: 638.875 GC heap before
{Heap before GC invocations=180 (full 7):
 PSYoungGen      total 1600512K, used 1599134K [0x0000000740b00000, 0x00000007a3c80000, 0x00000007c0000000)
  eden space 1582080K, 100% used [0x0000000740b00000,0x00000007a1400000,0x00000007a1400000)
  from space 18432K, 92% used [0x00000007a2780000,0x00000007a3827a20,0x00000007a3980000)
  to   space 19968K, 0% used [0x00000007a1400000,0x00000007a1400000,0x00000007a2780000)
 ParOldGen       total 1826816K, used 1633790K [0x0000000642000000, 0x00000006b1800000, 0x0000000740b00000)
  object space 1826816K, 89% used [0x0000000642000000,0x00000006a5b7fb40,0x00000006b1800000)
 Metaspace       used 257622K, capacity 292635K, committed 292864K, reserved 1288192K
  class space    used 44167K, capacity 53695K, committed 53760K, reserved 1048576K
Event: 638.890 GC heap after
Heap after GC invocations=180 (full 7):
 PSYoungGen      total 1602048K, used 19966K [0x0000000740b00000, 0x00000007a4b80000, 0x00000007c0000000)
  eden space 1582080K, 0% used [0x0000000740b00000,0x0000000740b00000,0x00000007a1400000)
  from space 19968K, 99% used [0x00000007a1400000,0x00000007a277fa30,0x00000007a2780000)
  to   space 23040K, 0% used [0x00000007a3500000,0x00000007a3500000,0x00000007a4b80000)
 ParOldGen       total 1826816K, used 1635700K [0x0000000642000000, 0x00000006b1800000, 0x0000000740b00000)
  object space 1826816K, 89% used [0x0000000642000000,0x00000006a5d5d310,0x00000006b1800000)
 Metaspace       used 257622K, capacity 292635K, committed 292864K, reserved 1288192K
  class space    used 44167K, capacity 53695K, committed 53760K, reserved 1048576K
}
Event: 643.983 GC heap before
{Heap before GC invocations=181 (full 7):
 PSYoungGen      total 1602048K, used 1602046K [0x0000000740b00000, 0x00000007a4b80000, 0x00000007c0000000)
  eden space 1582080K, 100% used [0x0000000740b00000,0x00000007a1400000,0x00000007a1400000)
  from space 19968K, 99% used [0x00000007a1400000,0x00000007a277fa30,0x00000007a2780000)
  to   space 23040K, 0% used [0x00000007a3500000,0x00000007a3500000,0x00000007a4b80000)
 ParOldGen       total 1826816K, used 1635700K [0x0000000642000000, 0x00000006b1800000, 0x0000000740b00000)
  object space 1826816K, 89% used [0x0000000642000000,0x00000006a5d5d310,0x00000006b1800000)
 Metaspace       used 257633K, capacity 292635K, committed 292864K, reserved 1288192K
  class space    used 44167K, capacity 53695K, committed 53760K, reserved 1048576K
Event: 643.999 GC heap after
Heap after GC invocations=181 (full 7):
 PSYoungGen      total 1610240K, used 23024K [0x0000000740b00000, 0x00000007a5700000, 0x00000007c0000000)
  eden space 1587200K, 0% used [0x0000000740b00000,0x0000000740b00000,0x00000007a1900000)
  from space 23040K, 99% used [0x00000007a3500000,0x00000007a4b7c388,0x00000007a4b80000)
  to   space 28672K, 0% used [0x00000007a1900000,0x00000007a1900000,0x00000007a3500000)
 ParOldGen       total 1826816K, used 1642972K [0x0000000642000000, 0x00000006b1800000, 0x0000000740b00000)
  object space 1826816K, 89% used [0x0000000642000000,0x00000006a6477310,0x00000006b1800000)
 Metaspace       used 257633K, capacity 292635K, committed 292864K, reserved 1288192K
  class space    used 44167K, capacity 53695K, committed 53760K, reserved 1048576K
}
Event: 649.220 GC heap before
{Heap before GC invocations=182 (full 7):
 PSYoungGen      total 1610240K, used 1610224K [0x0000000740b00000, 0x00000007a5700000, 0x00000007c0000000)
  eden space 1587200K, 100% used [0x0000000740b00000,0x00000007a1900000,0x00000007a1900000)
  from space 23040K, 99% used [0x00000007a3500000,0x00000007a4b7c388,0x00000007a4b80000)
  to   space 28672K, 0% used [0x00000007a1900000,0x00000007a1900000,0x00000007a3500000)
 ParOldGen       total 1826816K, used 1642972K [0x0000000642000000, 0x00000006b1800000, 0x0000000740b00000)
  object space 1826816K, 89% used [0x0000000642000000,0x00000006a6477310,0x00000006b1800000)
 Metaspace       used 258001K, capacity 293115K, committed 293376K, reserved 1288192K
  class space    used 44200K, capacity 53717K, committed 53760K, reserved 1048576K
Event: 649.236 GC heap after
Heap after GC invocations=182 (full 7):
 PSYoungGen      total 1615872K, used 28670K [0x0000000740b00000, 0x00000007a6580000, 0x00000007c0000000)
  eden space 1587200K, 0% used [0x0000000740b00000,0x0000000740b00000,0x00000007a1900000)
  from space 28672K, 99% used [0x00000007a1900000,0x00000007a34ffa30,0x00000007a3500000)
  to   space 33280K, 0% used [0x00000007a4500000,0x00000007a4500000,0x00000007a6580000)
 ParOldGen       total 1826816K, used 1644308K [0x0000000642000000, 0x00000006b1800000, 0x0000000740b00000)
  object space 1826816K, 90% used [0x0000000642000000,0x00000006a65c5310,0x00000006b1800000)
 Metaspace       used 258001K, capacity 293115K, committed 293376K, reserved 1288192K
  class space    used 44200K, capacity 53717K, committed 53760K, reserved 1048576K
}
Event: 654.637 GC heap before
{Heap before GC invocations=183 (full 7):
 PSYoungGen      total 1615872K, used 1615870K [0x0000000740b00000, 0x00000007a6580000, 0x00000007c0000000)
  eden space 1587200K, 100% used [0x0000000740b00000,0x00000007a1900000,0x00000007a1900000)
  from space 28672K, 99% used [0x00000007a1900000,0x00000007a34ffa30,0x00000007a3500000)
  to   space 33280K, 0% used [0x00000007a4500000,0x00000007a4500000,0x00000007a6580000)
 ParOldGen       total 1826816K, used 1644308K [0x0000000642000000, 0x00000006b1800000, 0x0000000740b00000)
  object space 1826816K, 90% used [0x0000000642000000,0x00000006a65c5310,0x00000006b1800000)
 Metaspace       used 258031K, capacity 293149K, committed 293376K, reserved 1288192K
  class space    used 44203K, capacity 53720K, committed 53760K, reserved 1048576K
Event: 654.655 GC heap after
Heap after GC invocations=183 (full 7):
 PSYoungGen      total 1626624K, used 33278K [0x0000000740b00000, 0x00000007a7100000, 0x00000007c0000000)
  eden space 1593344K, 0% used [0x0000000740b00000,0x0000000740b00000,0x00000007a1f00000)
  from space 33280K, 99% used [0x00000007a4500000,0x00000007a657fa48,0x00000007a6580000)
  to   space 38912K, 0% used [0x00000007a1f00000,0x00000007a1f00000,0x00000007a4500000)
 ParOldGen       total 1826816K, used 1647276K [0x0000000642000000, 0x00000006b1800000, 0x0000000740b00000)
  object space 1826816K, 90% used [0x0000000642000000,0x00000006a68ab310,0x00000006b1800000)
 Metaspace       used 258031K, capacity 293149K, committed 293376K, reserved 1288192K
  class space    used 44203K, capacity 53720K, committed 53760K, reserved 1048576K
}
Event: 661.561 GC heap before
{Heap before GC invocations=184 (full 7):
 PSYoungGen      total 1626624K, used 1626622K [0x0000000740b00000, 0x00000007a7100000, 0x00000007c0000000)
  eden space 1593344K, 100% used [0x0000000740b00000,0x00000007a1f00000,0x00000007a1f00000)
  from space 33280K, 99% used [0x00000007a4500000,0x00000007a657fa48,0x00000007a6580000)
  to   space 38912K, 0% used [0x00000007a1f00000,0x00000007a1f00000,0x00000007a4500000)
 ParOldGen       total 1826816K, used 1647276K [0x0000000642000000, 0x00000006b1800000, 0x0000000740b00000)
  object space 1826816K, 90% used [0x0000000642000000,0x00000006a68ab310,0x00000006b1800000)
 Metaspace       used 258071K, capacity 293213K, committed 293376K, reserved 1288192K
  class space    used 44203K, capacity 53720K, committed 53760K, reserved 1048576K
Event: 661.579 GC heap after
Heap after GC invocations=184 (full 7):
 PSYoungGen      total 1632256K, used 38910K [0x0000000740b00000, 0x00000007a8180000, 0x00000007c0000000)
  eden space 1593344K, 0% used [0x0000000740b00000,0x0000000740b00000,0x00000007a1f00000)
  from space 38912K, 99% used [0x00000007a1f00000,0x00000007a44ffa48,0x00000007a4500000)
  to   space 44544K, 0% used [0x00000007a5600000,0x00000007a5600000,0x00000007a8180000)
 ParOldGen       total 1826816K, used 1647484K [0x0000000642000000, 0x00000006b1800000, 0x0000000740b00000)
  object space 1826816K, 90% used [0x0000000642000000,0x00000006a68df310,0x00000006b1800000)
 Metaspace       used 258071K, capacity 293213K, committed 293376K, reserved 1288192K
  class space    used 44203K, capacity 53720K, committed 53760K, reserved 1048576K
}

