# JRE version: Java(TM) SE Runtime Environment (8.0_51-b16) (build 1.8.0_51-b16)
# Java VM: Java HotSpot(TM) 64-Bit Server VM (25.51-b03 mixed mode windows-amd64 compressed oops)
Heap:
 PSYoungGen      total 1938944K, used 703741K [0x0000000740b00000, 0x00000007bfe00000, 0x00000007c0000000)
  eden space 1795584K, 39% used [0x0000000740b00000,0x000000076ba3f730,0x00000007ae480000)
  from space 143360K, 0% used [0x00000007b7000000,0x00000007b7000000,0x00000007bfc00000)
  to   space 142848K, 0% used [0x00000007ae480000,0x00000007ae480000,0x00000007b7000000)
 ParOldGen       total 4172800K, used 4172797K [0x0000000642000000, 0x0000000740b00000, 0x0000000740b00000)
  object space 4172800K, 99% used [0x0000000642000000,0x0000000740aff730,0x0000000740b00000)
 Metaspace       used 258869K, capacity 293995K, committed 295576K, reserved 1290240K
  class space    used 44085K, capacity 53460K, committed 53964K, reserved 1048576K
GC Heap History (10 events):
Event: 2137.849 GC heap before
{Heap before GC invocations=424 (full 11):
 PSYoungGen      total 1935360K, used 1914368K [0x0000000740b00000, 0x00000007bfa00000, 0x00000007c0000000)
  eden space 1788928K, 100% used [0x0000000740b00000,0x00000007ade00000,0x00000007ade00000)
  from space 146432K, 85% used [0x00000007b6b00000,0x00000007be580000,0x00000007bfa00000)
  to   space 144384K, 0% used [0x00000007ade00000,0x00000007ade00000,0x00000007b6b00000)
 ParOldGen       total 4172800K, used 4147863K [0x0000000642000000, 0x0000000740b00000, 0x0000000740b00000)
  object space 4172800K, 99% used [0x0000000642000000,0x000000073f2a5d48,0x0000000740b00000)
 Metaspace       used 259643K, capacity 295315K, committed 295576K, reserved 1290240K
  class space    used 44299K, capacity 53869K, committed 53964K, reserved 1048576K
Event: 2137.898 GC heap after
Heap after GC invocations=424 (full 11):
 PSYoungGen      total 1933312K, used 128096K [0x0000000740b00000, 0x00000007bfc00000, 0x00000007c0000000)
  eden space 1788928K, 0% used [0x0000000740b00000,0x0000000740b00000,0x00000007ade00000)
  from space 144384K, 88% used [0x00000007ade00000,0x00000007b5b18000,0x00000007b6b00000)
  to   space 143360K, 0% used [0x00000007b7000000,0x00000007b7000000,0x00000007bfc00000)
 ParOldGen       total 4172800K, used 4155351K [0x0000000642000000, 0x0000000740b00000, 0x0000000740b00000)
  object space 4172800K, 99% used [0x0000000642000000,0x000000073f9f5d48,0x0000000740b00000)
 Metaspace       used 259643K, capacity 295315K, committed 295576K, reserved 1290240K
  class space    used 44299K, capacity 53869K, committed 53964K, reserved 1048576K
}
Event: 2143.553 GC heap before
{Heap before GC invocations=425 (full 11):
 PSYoungGen      total 1933312K, used 1917024K [0x0000000740b00000, 0x00000007bfc00000, 0x00000007c0000000)
  eden space 1788928K, 100% used [0x0000000740b00000,0x00000007ade00000,0x00000007ade00000)
  from space 144384K, 88% used [0x00000007ade00000,0x00000007b5b18000,0x00000007b6b00000)
  to   space 143360K, 0% used [0x00000007b7000000,0x00000007b7000000,0x00000007bfc00000)
 ParOldGen       total 4172800K, used 4155351K [0x0000000642000000, 0x0000000740b00000, 0x0000000740b00000)
  object space 4172800K, 99% used [0x0000000642000000,0x000000073f9f5d48,0x0000000740b00000)
 Metaspace       used 259643K, capacity 295315K, committed 295576K, reserved 1290240K
  class space    used 44299K, capacity 53869K, committed 53964K, reserved 1048576K
Event: 2143.602 GC heap after
Heap after GC invocations=425 (full 11):
 PSYoungGen      total 1938944K, used 128384K [0x0000000740b00000, 0x00000007bfe00000, 0x00000007c0000000)
  eden space 1795584K, 0% used [0x0000000740b00000,0x0000000740b00000,0x00000007ae480000)
  from space 143360K, 89% used [0x00000007b7000000,0x00000007bed60000,0x00000007bfc00000)
  to   space 142848K, 0% used [0x00000007ae480000,0x00000007ae480000,0x00000007b7000000)
 ParOldGen       total 4172800K, used 4163735K [0x0000000642000000, 0x0000000740b00000, 0x0000000740b00000)
  object space 4172800K, 99% used [0x0000000642000000,0x0000000740225d48,0x0000000740b00000)
 Metaspace       used 259643K, capacity 295315K, committed 295576K, reserved 1290240K
  class space    used 44299K, capacity 53869K, committed 53964K, reserved 1048576K
}
Event: 2143.602 GC heap before
{Heap before GC invocations=426 (full 12):
 PSYoungGen      total 1938944K, used 128384K [0x0000000740b00000, 0x00000007bfe00000, 0x00000007c0000000)
  eden space 1795584K, 0% used [0x0000000740b00000,0x0000000740b00000,0x00000007ae480000)
  from space 143360K, 89% used [0x00000007b7000000,0x00000007bed60000,0x00000007bfc00000)
  to   space 142848K, 0% used [0x00000007ae480000,0x00000007ae480000,0x00000007b7000000)
 ParOldGen       total 4172800K, used 4163735K [0x0000000642000000, 0x0000000740b00000, 0x0000000740b00000)
  object space 4172800K, 99% used [0x0000000642000000,0x0000000740225d48,0x0000000740b00000)
 Metaspace       used 259643K, capacity 295315K, committed 295576K, reserved 1290240K
  class space    used 44299K, capacity 53869K, committed 53964K, reserved 1048576K
Event: 2153.512 GC heap after
Heap after GC invocations=426 (full 12):
 PSYoungGen      total 1938944K, used 73830K [0x0000000740b00000, 0x00000007bfe00000, 0x00000007c0000000)
  eden space 1795584K, 0% used [0x0000000740b00000,0x0000000740b00000,0x00000007ae480000)
  from space 143360K, 51% used [0x00000007b7000000,0x00000007bb8199f8,0x00000007bfc00000)
  to   space 142848K, 0% used [0x00000007ae480000,0x00000007ae480000,0x00000007b7000000)
 ParOldGen       total 4172800K, used 4172545K [0x0000000642000000, 0x0000000740b00000, 0x0000000740b00000)
  object space 4172800K, 99% used [0x0000000642000000,0x0000000740ac0438,0x0000000740b00000)
 Metaspace       used 259643K, capacity 295315K, committed 295576K, reserved 1290240K
  class space    used 44299K, capacity 53869K, committed 53964K, reserved 1048576K
}
Event: 2158.836 GC heap before
{Heap before GC invocations=427 (full 13):
 PSYoungGen      total 1938944K, used 1869414K [0x0000000740b00000, 0x00000007bfe00000, 0x00000007c0000000)
  eden space 1795584K, 100% used [0x0000000740b00000,0x00000007ae480000,0x00000007ae480000)
  from space 143360K, 51% used [0x00000007b7000000,0x00000007bb8199f8,0x00000007bfc00000)
  to   space 142848K, 0% used [0x00000007ae480000,0x00000007ae480000,0x00000007b7000000)
 ParOldGen       total 4172800K, used 4172545K [0x0000000642000000, 0x0000000740b00000, 0x0000000740b00000)
  object space 4172800K, 99% used [0x0000000642000000,0x0000000740ac0438,0x0000000740b00000)
 Metaspace       used 259648K, capacity 295315K, committed 295576K, reserved 1290240K
  class space    used 44299K, capacity 53869K, committed 53964K, reserved 1048576K
Event: 2166.079 GC heap after
Heap after GC invocations=427 (full 13):
 PSYoungGen      total 1938944K, used 63582K [0x0000000740b00000, 0x00000007bfe00000, 0x00000007c0000000)
  eden space 1795584K, 0% used [0x0000000740b00000,0x0000000740b00000,0x00000007ae480000)
  from space 143360K, 44% used [0x00000007b7000000,0x00000007bae17be8,0x00000007bfc00000)
  to   space 142848K, 0% used [0x00000007ae480000,0x00000007ae480000,0x00000007b7000000)
 ParOldGen       total 4172800K, used 4172731K [0x0000000642000000, 0x0000000740b00000, 0x0000000740b00000)
  object space 4172800K, 99% used [0x0000000642000000,0x0000000740aeee68,0x0000000740b00000)
 Metaspace       used 258803K, capacity 293829K, committed 295576K, reserved 1290240K
  class space    used 44068K, capacity 53437K, committed 53964K, reserved 1048576K
}
Event: 2171.789 GC heap before
{Heap before GC invocations=428 (full 14):
 PSYoungGen      total 1938944K, used 1859166K [0x0000000740b00000, 0x00000007bfe00000, 0x00000007c0000000)
  eden space 1795584K, 100% used [0x0000000740b00000,0x00000007ae480000,0x00000007ae480000)
  from space 143360K, 44% used [0x00000007b7000000,0x00000007bae17be8,0x00000007bfc00000)
  to   space 142848K, 0% used [0x00000007ae480000,0x00000007ae480000,0x00000007b7000000)
 ParOldGen       total 4172800K, used 4172731K [0x0000000642000000, 0x0000000740b00000, 0x0000000740b00000)
  object space 4172800K, 99% used [0x0000000642000000,0x0000000740aeee68,0x0000000740b00000)
 Metaspace       used 258803K, capacity 293829K, committed 295576K, reserved 1290240K
  class space    used 44068K, capacity 53437K, committed 53964K, reserved 1048576K
Event: 2181.722 GC heap after
Heap after GC invocations=428 (full 14):
 PSYoungGen      total 1938944K, used 72593K [0x0000000740b00000, 0x00000007bfe00000, 0x00000007c0000000)
  eden space 1795584K, 4% used [0x0000000740b00000,0x00000007451e4520,0x00000007ae480000)
  from space 143360K, 0% used [0x00000007b7000000,0x00000007b7000000,0x00000007bfc00000)
  to   space 142848K, 0% used [0x00000007ae480000,0x00000007ae480000,0x00000007b7000000)
 ParOldGen       total 4172800K, used 4172797K [0x0000000642000000, 0x0000000740b00000, 0x0000000740b00000)
  object space 4172800K, 99% used [0x0000000642000000,0x0000000740aff730,0x0000000740b00000)
 Metaspace       used 258803K, capacity 293829K, committed 295576K, reserved 1290240K
  class space    used 44068K, capacity 53437K, committed 53964K, reserved 1048576K
}

